30-Dec-2020 00:07:23.669 INFO [Thread-5] org.apache.coyote.AbstractProtocol.pause Pausing ProtocolHandler ["http-nio-8080"]
30-Dec-2020 00:07:43.989 INFO [main] org.apache.catalina.startup.VersionLoggerListener.log Server version name:   Apache Tomcat/8.5.60
30-Dec-2020 00:07:43.992 INFO [main] org.apache.catalina.startup.VersionLoggerListener.log Server built:          Nov 12 2020 17:31:55 UTC
30-Dec-2020 00:07:43.992 INFO [main] org.apache.catalina.startup.VersionLoggerListener.log Server version number: 8.5.60.0
30-Dec-2020 00:07:43.992 INFO [main] org.apache.catalina.startup.VersionLoggerListener.log OS Name:               Windows 10
30-Dec-2020 00:07:43.993 INFO [main] org.apache.catalina.startup.VersionLoggerListener.log OS Version:            10.0
30-Dec-2020 00:07:43.993 INFO [main] org.apache.catalina.startup.VersionLoggerListener.log Architecture:          amd64
30-Dec-2020 00:07:43.993 INFO [main] org.apache.catalina.startup.VersionLoggerListener.log Java Home:             C:\Program Files\Java\jre1.8.0_271
30-Dec-2020 00:07:43.993 INFO [main] org.apache.catalina.startup.VersionLoggerListener.log JVM Version:           1.8.0_271-b09
30-Dec-2020 00:07:43.993 INFO [main] org.apache.catalina.startup.VersionLoggerListener.log JVM Vendor:            Oracle Corporation
30-Dec-2020 00:07:43.993 INFO [main] org.apache.catalina.startup.VersionLoggerListener.log CATALINA_BASE:         C:\Program Files\Apache Software Foundation\Tomcat 8.5
30-Dec-2020 00:07:43.993 INFO [main] org.apache.catalina.startup.VersionLoggerListener.log CATALINA_HOME:         C:\Program Files\Apache Software Foundation\Tomcat 8.5
30-Dec-2020 00:07:43.994 INFO [main] org.apache.catalina.startup.VersionLoggerListener.log Command line argument: -Dcatalina.home=C:\Program Files\Apache Software Foundation\Tomcat 8.5
30-Dec-2020 00:07:43.994 INFO [main] org.apache.catalina.startup.VersionLoggerListener.log Command line argument: -Dcatalina.base=C:\Program Files\Apache Software Foundation\Tomcat 8.5
30-Dec-2020 00:07:43.994 INFO [main] org.apache.catalina.startup.VersionLoggerListener.log Command line argument: -Djava.io.tmpdir=C:\Program Files\Apache Software Foundation\Tomcat 8.5\temp
30-Dec-2020 00:07:43.994 INFO [main] org.apache.catalina.startup.VersionLoggerListener.log Command line argument: -Djava.util.logging.manager=org.apache.juli.ClassLoaderLogManager
30-Dec-2020 00:07:43.994 INFO [main] org.apache.catalina.startup.VersionLoggerListener.log Command line argument: -Djava.util.logging.config.file=C:\Program Files\Apache Software Foundation\Tomcat 8.5\conf\logging.properties
30-Dec-2020 00:07:43.994 INFO [main] org.apache.catalina.startup.VersionLoggerListener.log Command line argument: -Djava.security.auth.login.config=C:\Program Files\Apache Software Foundation\Tomcat 8.5\conf\jaas.conf
30-Dec-2020 00:07:43.995 INFO [main] org.apache.catalina.startup.VersionLoggerListener.log Command line argument: exit
30-Dec-2020 00:07:43.996 INFO [main] org.apache.catalina.startup.VersionLoggerListener.log Command line argument: abort
30-Dec-2020 00:07:43.996 INFO [main] org.apache.catalina.startup.VersionLoggerListener.log Command line argument: -Xms128m
30-Dec-2020 00:07:43.997 INFO [main] org.apache.catalina.startup.VersionLoggerListener.log Command line argument: -Xmx256m
30-Dec-2020 00:07:43.997 INFO [main] org.apache.catalina.core.AprLifecycleListener.lifecycleEvent The Apache Tomcat Native library which allows using OpenSSL was not found on the java.library.path: [C:\Program Files\Apache Software Foundation\Tomcat 8.5\bin;C:\WINDOWS\Sun\Java\bin;C:\WINDOWS\system32;C:\WINDOWS;C:\Program Files\Java\jre1.8.0_271\bin;C:\WINDOWS\system32;C:\WINDOWS;C:\WINDOWS\System32\Wbem;C:\WINDOWS\System32\WindowsPowerShell\v1.0\;C:\WINDOWS\System32\OpenSSH\;C:\Program Files (x86)\Geth;C:\Program Files\PuTTY\;H:\flutter\bin;C:\Program Files\nodejs\;C:\Program Files\Git\cmd;C:\Program Files\MySQL\MySQL Shell 8.0\bin;C:\Program Files\Java\jdk1.8.0_271\bin;C:\Program Files\MySQL\MySQL Shell 8.0\bin\;C:\Users\prave\AppData\Local\Microsoft\WindowsApps;C:\Users\prave\AppData\Local\Programs\Microsoft VS Code\bin;C:\Users\prave\AppData\Roaming\npm;.]
30-Dec-2020 00:07:44.268 INFO [main] org.apache.coyote.AbstractProtocol.init Initializing ProtocolHandler ["http-nio-8080"]
30-Dec-2020 00:07:44.664 INFO [main] org.apache.tomcat.util.net.NioSelectorPool.getSharedSelector Using a shared selector for servlet write/read
30-Dec-2020 00:07:44.717 INFO [main] org.apache.catalina.startup.Catalina.load Initialization processed in 1553 ms
30-Dec-2020 00:07:44.795 INFO [main] org.apache.catalina.core.StandardService.startInternal Starting service [Catalina]
30-Dec-2020 00:07:44.798 INFO [main] org.apache.catalina.core.StandardEngine.startInternal Starting Servlet Engine: Apache Tomcat/8.5.60
30-Dec-2020 00:07:46.246 WARNING [localhost-startStop-1] org.apache.catalina.startup.ContextConfig.validateSecurityRoles Security role name [user] used in an <auth-constraint> without being defined in a <security-role>
30-Dec-2020 00:07:46.247 WARNING [localhost-startStop-1] org.apache.catalina.startup.ContextConfig.validateSecurityRoles Security role name [admin] used in an <auth-constraint> without being defined in a <security-role>
30-Dec-2020 00:07:46.288 INFO [localhost-startStop-1] org.apache.jasper.servlet.TldScanner.scanJars At least one JAR was scanned for TLDs yet contained no TLDs. Enable debug logging for this logger for a complete list of JARs that were scanned but no TLDs were found in them. Skipping unneeded JARs during scanning can improve startup time and JSP compilation time.
30-Dec-2020 00:07:46.341 INFO [main] org.apache.coyote.AbstractProtocol.start Starting ProtocolHandler ["http-nio-8080"]
30-Dec-2020 00:07:46.358 INFO [main] org.apache.catalina.startup.Catalina.start Server startup in 1632 ms
30-Dec-2020 00:16:59.246 INFO [Thread-5] org.apache.coyote.AbstractProtocol.pause Pausing ProtocolHandler ["http-nio-8080"]
30-Dec-2020 15:08:58.052 INFO [main] org.apache.catalina.startup.VersionLoggerListener.log Server version name:   Apache Tomcat/8.5.60
30-Dec-2020 15:08:58.133 INFO [main] org.apache.catalina.startup.VersionLoggerListener.log Server built:          Nov 12 2020 17:31:55 UTC
30-Dec-2020 15:08:58.138 INFO [main] org.apache.catalina.startup.VersionLoggerListener.log Server version number: 8.5.60.0
30-Dec-2020 15:08:58.138 INFO [main] org.apache.catalina.startup.VersionLoggerListener.log OS Name:               Windows 10
30-Dec-2020 15:08:58.139 INFO [main] org.apache.catalina.startup.VersionLoggerListener.log OS Version:            10.0
30-Dec-2020 15:08:58.139 INFO [main] org.apache.catalina.startup.VersionLoggerListener.log Architecture:          amd64
30-Dec-2020 15:08:58.139 INFO [main] org.apache.catalina.startup.VersionLoggerListener.log Java Home:             C:\Program Files\Java\jre1.8.0_271
30-Dec-2020 15:08:58.140 INFO [main] org.apache.catalina.startup.VersionLoggerListener.log JVM Version:           1.8.0_271-b09
30-Dec-2020 15:08:58.140 INFO [main] org.apache.catalina.startup.VersionLoggerListener.log JVM Vendor:            Oracle Corporation
30-Dec-2020 15:08:58.140 INFO [main] org.apache.catalina.startup.VersionLoggerListener.log CATALINA_BASE:         C:\Program Files\Apache Software Foundation\Tomcat 8.5
30-Dec-2020 15:08:58.141 INFO [main] org.apache.catalina.startup.VersionLoggerListener.log CATALINA_HOME:         C:\Program Files\Apache Software Foundation\Tomcat 8.5
30-Dec-2020 15:08:58.141 INFO [main] org.apache.catalina.startup.VersionLoggerListener.log Command line argument: -Dcatalina.home=C:\Program Files\Apache Software Foundation\Tomcat 8.5
30-Dec-2020 15:08:58.142 INFO [main] org.apache.catalina.startup.VersionLoggerListener.log Command line argument: -Dcatalina.base=C:\Program Files\Apache Software Foundation\Tomcat 8.5
30-Dec-2020 15:08:58.144 INFO [main] org.apache.catalina.startup.VersionLoggerListener.log Command line argument: -Djava.io.tmpdir=C:\Program Files\Apache Software Foundation\Tomcat 8.5\temp
30-Dec-2020 15:08:58.144 INFO [main] org.apache.catalina.startup.VersionLoggerListener.log Command line argument: -Djava.util.logging.manager=org.apache.juli.ClassLoaderLogManager
30-Dec-2020 15:08:58.144 INFO [main] org.apache.catalina.startup.VersionLoggerListener.log Command line argument: -Djava.util.logging.config.file=C:\Program Files\Apache Software Foundation\Tomcat 8.5\conf\logging.properties
30-Dec-2020 15:08:58.145 INFO [main] org.apache.catalina.startup.VersionLoggerListener.log Command line argument: -Djava.security.auth.login.config=C:\Program Files\Apache Software Foundation\Tomcat 8.5\conf\jaas.conf
30-Dec-2020 15:08:58.146 INFO [main] org.apache.catalina.startup.VersionLoggerListener.log Command line argument: exit
30-Dec-2020 15:08:58.159 INFO [main] org.apache.catalina.startup.VersionLoggerListener.log Command line argument: abort
30-Dec-2020 15:08:58.161 INFO [main] org.apache.catalina.startup.VersionLoggerListener.log Command line argument: -Xms128m
30-Dec-2020 15:08:58.162 INFO [main] org.apache.catalina.startup.VersionLoggerListener.log Command line argument: -Xmx256m
30-Dec-2020 15:08:58.163 INFO [main] org.apache.catalina.core.AprLifecycleListener.lifecycleEvent The Apache Tomcat Native library which allows using OpenSSL was not found on the java.library.path: [C:\Program Files\Apache Software Foundation\Tomcat 8.5\bin;C:\WINDOWS\Sun\Java\bin;C:\WINDOWS\system32;C:\WINDOWS;C:\Program Files\Java\jre1.8.0_271\bin;C:\WINDOWS\system32;C:\WINDOWS;C:\WINDOWS\System32\Wbem;C:\WINDOWS\System32\WindowsPowerShell\v1.0\;C:\WINDOWS\System32\OpenSSH\;C:\Program Files (x86)\Geth;C:\Program Files\PuTTY\;H:\flutter\bin;C:\Program Files\nodejs\;C:\Program Files\Git\cmd;C:\Program Files\MySQL\MySQL Shell 8.0\bin;C:\Program Files\Java\jdk1.8.0_271\bin;C:\Program Files\MySQL\MySQL Shell 8.0\bin\;C:\Users\prave\AppData\Local\Microsoft\WindowsApps;C:\Users\prave\AppData\Local\Programs\Microsoft VS Code\bin;C:\Users\prave\AppData\Roaming\npm;.]
30-Dec-2020 15:08:59.605 INFO [main] org.apache.coyote.AbstractProtocol.init Initializing ProtocolHandler ["http-nio-8080"]
30-Dec-2020 15:08:59.965 INFO [main] org.apache.tomcat.util.net.NioSelectorPool.getSharedSelector Using a shared selector for servlet write/read
30-Dec-2020 15:09:00.026 INFO [main] org.apache.catalina.startup.Catalina.load Initialization processed in 2462 ms
30-Dec-2020 15:09:00.116 INFO [main] org.apache.catalina.core.StandardService.startInternal Starting service [Catalina]
30-Dec-2020 15:09:00.116 INFO [main] org.apache.catalina.core.StandardEngine.startInternal Starting Servlet Engine: Apache Tomcat/8.5.60
30-Dec-2020 15:09:02.399 WARNING [localhost-startStop-1] org.apache.catalina.startup.ContextConfig.validateSecurityRoles Security role name [user] used in an <auth-constraint> without being defined in a <security-role>
30-Dec-2020 15:09:02.400 WARNING [localhost-startStop-1] org.apache.catalina.startup.ContextConfig.validateSecurityRoles Security role name [admin] used in an <auth-constraint> without being defined in a <security-role>
30-Dec-2020 15:09:02.446 INFO [localhost-startStop-1] org.apache.jasper.servlet.TldScanner.scanJars At least one JAR was scanned for TLDs yet contained no TLDs. Enable debug logging for this logger for a complete list of JARs that were scanned but no TLDs were found in them. Skipping unneeded JARs during scanning can improve startup time and JSP compilation time.
30-Dec-2020 15:09:02.503 INFO [main] org.apache.coyote.AbstractProtocol.start Starting ProtocolHandler ["http-nio-8080"]
30-Dec-2020 15:09:02.515 INFO [main] org.apache.catalina.startup.Catalina.start Server startup in 2453 ms
30-Dec-2020 15:09:18.861 INFO [Thread-5] org.apache.coyote.AbstractProtocol.pause Pausing ProtocolHandler ["http-nio-8080"]
30-Dec-2020 15:09:19.081 INFO [Thread-5] org.apache.catalina.core.StandardService.stopInternal Stopping service [Catalina]
30-Dec-2020 15:09:19.108 INFO [Thread-5] org.apache.coyote.AbstractProtocol.stop Stopping ProtocolHandler ["http-nio-8080"]
30-Dec-2020 15:09:19.112 INFO [Thread-5] org.apache.coyote.AbstractProtocol.destroy Destroying ProtocolHandler ["http-nio-8080"]
30-Dec-2020 15:09:24.065 INFO [main] org.apache.catalina.startup.VersionLoggerListener.log Server version name:   Apache Tomcat/8.5.60
30-Dec-2020 15:09:24.068 INFO [main] org.apache.catalina.startup.VersionLoggerListener.log Server built:          Nov 12 2020 17:31:55 UTC
30-Dec-2020 15:09:24.069 INFO [main] org.apache.catalina.startup.VersionLoggerListener.log Server version number: 8.5.60.0
30-Dec-2020 15:09:24.069 INFO [main] org.apache.catalina.startup.VersionLoggerListener.log OS Name:               Windows 10
30-Dec-2020 15:09:24.069 INFO [main] org.apache.catalina.startup.VersionLoggerListener.log OS Version:            10.0
30-Dec-2020 15:09:24.069 INFO [main] org.apache.catalina.startup.VersionLoggerListener.log Architecture:          amd64
30-Dec-2020 15:09:24.069 INFO [main] org.apache.catalina.startup.VersionLoggerListener.log Java Home:             C:\Program Files\Java\jre1.8.0_271
30-Dec-2020 15:09:24.069 INFO [main] org.apache.catalina.startup.VersionLoggerListener.log JVM Version:           1.8.0_271-b09
30-Dec-2020 15:09:24.070 INFO [main] org.apache.catalina.startup.VersionLoggerListener.log JVM Vendor:            Oracle Corporation
30-Dec-2020 15:09:24.070 INFO [main] org.apache.catalina.startup.VersionLoggerListener.log CATALINA_BASE:         C:\Program Files\Apache Software Foundation\Tomcat 8.5
30-Dec-2020 15:09:24.070 INFO [main] org.apache.catalina.startup.VersionLoggerListener.log CATALINA_HOME:         C:\Program Files\Apache Software Foundation\Tomcat 8.5
30-Dec-2020 15:09:24.070 INFO [main] org.apache.catalina.startup.VersionLoggerListener.log Command line argument: -Dcatalina.home=C:\Program Files\Apache Software Foundation\Tomcat 8.5
30-Dec-2020 15:09:24.070 INFO [main] org.apache.catalina.startup.VersionLoggerListener.log Command line argument: -Dcatalina.base=C:\Program Files\Apache Software Foundation\Tomcat 8.5
30-Dec-2020 15:09:24.071 INFO [main] org.apache.catalina.startup.VersionLoggerListener.log Command line argument: -Djava.io.tmpdir=C:\Program Files\Apache Software Foundation\Tomcat 8.5\temp
30-Dec-2020 15:09:24.071 INFO [main] org.apache.catalina.startup.VersionLoggerListener.log Command line argument: -Djava.util.logging.manager=org.apache.juli.ClassLoaderLogManager
30-Dec-2020 15:09:24.071 INFO [main] org.apache.catalina.startup.VersionLoggerListener.log Command line argument: -Djava.util.logging.config.file=C:\Program Files\Apache Software Foundation\Tomcat 8.5\conf\logging.properties
30-Dec-2020 15:09:24.071 INFO [main] org.apache.catalina.startup.VersionLoggerListener.log Command line argument: -Djava.security.auth.login.config=C:\Program Files\Apache Software Foundation\Tomcat 8.5\conf\jaas.conf
30-Dec-2020 15:09:24.072 INFO [main] org.apache.catalina.startup.VersionLoggerListener.log Command line argument: exit
30-Dec-2020 15:09:24.072 INFO [main] org.apache.catalina.startup.VersionLoggerListener.log Command line argument: abort
30-Dec-2020 15:09:24.073 INFO [main] org.apache.catalina.startup.VersionLoggerListener.log Command line argument: -Xms128m
30-Dec-2020 15:09:24.074 INFO [main] org.apache.catalina.startup.VersionLoggerListener.log Command line argument: -Xmx256m
30-Dec-2020 15:09:24.074 INFO [main] org.apache.catalina.core.AprLifecycleListener.lifecycleEvent The Apache Tomcat Native library which allows using OpenSSL was not found on the java.library.path: [C:\Program Files\Apache Software Foundation\Tomcat 8.5\bin;C:\WINDOWS\Sun\Java\bin;C:\WINDOWS\system32;C:\WINDOWS;C:\Program Files\Java\jre1.8.0_271\bin;C:\WINDOWS\system32;C:\WINDOWS;C:\WINDOWS\System32\Wbem;C:\WINDOWS\System32\WindowsPowerShell\v1.0\;C:\WINDOWS\System32\OpenSSH\;C:\Program Files (x86)\Geth;C:\Program Files\PuTTY\;H:\flutter\bin;C:\Program Files\nodejs\;C:\Program Files\Git\cmd;C:\Program Files\MySQL\MySQL Shell 8.0\bin;C:\Program Files\Java\jdk1.8.0_271\bin;C:\Program Files\MySQL\MySQL Shell 8.0\bin\;C:\Users\prave\AppData\Local\Microsoft\WindowsApps;C:\Users\prave\AppData\Local\Programs\Microsoft VS Code\bin;C:\Users\prave\AppData\Roaming\npm;.]
30-Dec-2020 15:09:24.335 INFO [main] org.apache.coyote.AbstractProtocol.init Initializing ProtocolHandler ["http-nio-8080"]
30-Dec-2020 15:09:24.691 INFO [main] org.apache.tomcat.util.net.NioSelectorPool.getSharedSelector Using a shared selector for servlet write/read
30-Dec-2020 15:09:24.722 INFO [main] org.apache.catalina.startup.Catalina.load Initialization processed in 1190 ms
30-Dec-2020 15:09:24.767 INFO [main] org.apache.catalina.core.StandardService.startInternal Starting service [Catalina]
30-Dec-2020 15:09:24.769 INFO [main] org.apache.catalina.core.StandardEngine.startInternal Starting Servlet Engine: Apache Tomcat/8.5.60
30-Dec-2020 15:09:25.634 WARNING [localhost-startStop-1] org.apache.catalina.startup.ContextConfig.validateSecurityRoles Security role name [user] used in an <auth-constraint> without being defined in a <security-role>
30-Dec-2020 15:09:25.634 WARNING [localhost-startStop-1] org.apache.catalina.startup.ContextConfig.validateSecurityRoles Security role name [admin] used in an <auth-constraint> without being defined in a <security-role>
30-Dec-2020 15:09:25.674 INFO [localhost-startStop-1] org.apache.jasper.servlet.TldScanner.scanJars At least one JAR was scanned for TLDs yet contained no TLDs. Enable debug logging for this logger for a complete list of JARs that were scanned but no TLDs were found in them. Skipping unneeded JARs during scanning can improve startup time and JSP compilation time.
30-Dec-2020 15:09:25.851 INFO [main] org.apache.coyote.AbstractProtocol.start Starting ProtocolHandler ["http-nio-8080"]
30-Dec-2020 15:09:25.870 INFO [main] org.apache.catalina.startup.Catalina.start Server startup in 1146 ms
30-Dec-2020 22:20:31.271 INFO [Thread-5] org.apache.coyote.AbstractProtocol.pause Pausing ProtocolHandler ["http-nio-8080"]
30-Dec-2020 22:20:31.556 INFO [Thread-5] org.apache.catalina.core.StandardService.stopInternal Stopping service [Catalina]
30-Dec-2020 22:20:31.575 INFO [Thread-5] org.apache.coyote.AbstractProtocol.stop Stopping ProtocolHandler ["http-nio-8080"]
30-Dec-2020 22:20:31.579 INFO [Thread-5] org.apache.coyote.AbstractProtocol.destroy Destroying ProtocolHandler ["http-nio-8080"]
