[2021-01-08 08:12:41] [info]  [11024] Apache Commons Daemon procrun (1.2.3.0 64-bit) started.
[2021-01-08 08:12:41] [info]  [11024] Debugging 'Tomcat8' service...
[2021-01-08 08:12:41] [info]  [11024] Starting service...
[2021-01-08 08:12:42] [info]  [11024] Service started in 1428 milliseconds.
[2021-01-08 08:16:20] [info]  [ 6776] Console CTRL+CLOSE event signaled.
[2021-01-08 08:16:20] [info]  [ 6776] Stopping service...
[2021-01-08 08:16:21] [info]  [ 6776] Service stop thread completed.
[2021-01-08 08:16:24] [info]  [ 4684] Apache Commons Daemon procrun (1.2.3.0 64-bit) started.
[2021-01-08 08:16:24] [info]  [ 4684] Debugging 'Tomcat8' service...
[2021-01-08 08:16:24] [info]  [ 4684] Starting service...
[2021-01-08 08:16:25] [info]  [ 4684] Service started in 1223 milliseconds.
[2021-01-08 08:20:51] [info]  [ 3620] Console CTRL+CLOSE event signaled.
[2021-01-08 08:20:51] [info]  [ 3620] Stopping service...
[2021-01-08 08:21:15] [info]  [ 1964] Apache Commons Daemon procrun (1.2.3.0 64-bit) started.
[2021-01-08 08:21:15] [info]  [ 1964] Debugging 'Tomcat8' service...
[2021-01-08 08:21:15] [info]  [ 1964] Starting service...
[2021-01-08 08:21:16] [info]  [ 1964] Service started in 1183 milliseconds.
[2021-01-08 08:38:26] [info]  [14304] Console CTRL+CLOSE event signaled.
[2021-01-08 08:38:26] [info]  [14304] Stopping service...
[2021-01-08 08:38:27] [info]  [14304] Service stop thread completed.
[2021-01-08 08:38:34] [info]  [ 9044] Apache Commons Daemon procrun (1.2.3.0 64-bit) started.
[2021-01-08 08:38:34] [info]  [ 9044] Debugging 'Tomcat8' service...
[2021-01-08 08:38:34] [info]  [ 9044] Starting service...
[2021-01-08 08:38:36] [info]  [ 9044] Service started in 1196 milliseconds.
[2021-01-08 11:46:06] [info]  [ 4988] Console CTRL+CLOSE event signaled.
[2021-01-08 11:46:06] [info]  [ 4988] Stopping service...
[2021-01-08 11:46:07] [info]  [ 4988] Service stop thread completed.
[2021-01-08 11:46:21] [info]  [14288] Apache Commons Daemon procrun (1.2.3.0 64-bit) started.
[2021-01-08 11:46:21] [info]  [14288] Debugging 'Tomcat8' service...
[2021-01-08 11:46:21] [info]  [14288] Starting service...
[2021-01-08 11:46:23] [info]  [14288] Service started in 1180 milliseconds.
[2021-01-08 11:48:04] [info]  [11112] Console CTRL+CLOSE event signaled.
[2021-01-08 11:48:04] [info]  [11112] Stopping service...
[2021-01-08 11:48:05] [info]  [11112] Service stop thread completed.
[2021-01-08 11:50:54] [info]  [10572] Apache Commons Daemon procrun (1.2.3.0 64-bit) started.
[2021-01-08 11:50:54] [info]  [10572] Debugging 'Tomcat8' service...
[2021-01-08 11:50:54] [info]  [10572] Starting service...
[2021-01-08 11:50:55] [info]  [10572] Service started in 1187 milliseconds.
[2021-01-08 11:55:52] [info]  [14484] Console CTRL+CLOSE event signaled.
[2021-01-08 11:55:52] [info]  [14484] Stopping service...
[2021-01-08 11:55:53] [info]  [14484] Service stop thread completed.
[2021-01-08 11:56:01] [info]  [ 3068] Apache Commons Daemon procrun (1.2.3.0 64-bit) started.
[2021-01-08 11:56:01] [info]  [ 3068] Debugging 'Tomcat8' service...
[2021-01-08 11:56:01] [info]  [ 3068] Starting service...
[2021-01-08 11:56:02] [info]  [ 3068] Service started in 1397 milliseconds.
[2021-01-08 12:01:22] [info]  [ 3752] Console CTRL+CLOSE event signaled.
[2021-01-08 12:01:22] [info]  [ 3752] Stopping service...
[2021-01-08 12:01:23] [info]  [ 3752] Service stop thread completed.
[2021-01-08 12:01:26] [info]  [14932] Apache Commons Daemon procrun (1.2.3.0 64-bit) started.
[2021-01-08 12:01:26] [info]  [14932] Debugging 'Tomcat8' service...
[2021-01-08 12:01:26] [info]  [14932] Starting service...
[2021-01-08 12:01:27] [info]  [14932] Service started in 1183 milliseconds.
[2021-01-08 12:04:56] [info]  [ 4020] Console CTRL+CLOSE event signaled.
[2021-01-08 12:04:56] [info]  [ 4020] Stopping service...
[2021-01-08 12:05:05] [info]  [11272] Apache Commons Daemon procrun (1.2.3.0 64-bit) started.
[2021-01-08 12:05:05] [info]  [11272] Debugging 'Tomcat8' service...
[2021-01-08 12:05:05] [info]  [11272] Starting service...
[2021-01-08 12:05:07] [info]  [11272] Service started in 1181 milliseconds.
[2021-01-08 12:06:45] [info]  [ 9456] Console CTRL+CLOSE event signaled.
[2021-01-08 12:06:45] [info]  [ 9456] Stopping service...
[2021-01-08 12:06:46] [info]  [ 9456] Service stop thread completed.
[2021-01-08 12:06:49] [info]  [ 8800] Apache Commons Daemon procrun (1.2.3.0 64-bit) started.
[2021-01-08 12:06:49] [info]  [ 8800] Debugging 'Tomcat8' service...
[2021-01-08 12:06:49] [info]  [ 8800] Starting service...
[2021-01-08 12:06:50] [info]  [ 8800] Service started in 1181 milliseconds.
[2021-01-08 12:18:29] [info]  [14268] Console CTRL+CLOSE event signaled.
[2021-01-08 12:18:29] [info]  [14268] Stopping service...
[2021-01-08 12:18:30] [info]  [14268] Service stop thread completed.
[2021-01-08 12:18:33] [info]  [ 4432] Apache Commons Daemon procrun (1.2.3.0 64-bit) started.
[2021-01-08 12:18:33] [info]  [ 4432] Debugging 'Tomcat8' service...
[2021-01-08 12:18:33] [info]  [ 4432] Starting service...
[2021-01-08 12:18:34] [info]  [ 4432] Service started in 1171 milliseconds.
[2021-01-08 12:25:54] [info]  [10196] Console CTRL+CLOSE event signaled.
[2021-01-08 12:25:54] [info]  [10196] Stopping service...
[2021-01-08 12:25:55] [info]  [10196] Service stop thread completed.
[2021-01-08 12:26:04] [info]  [ 1148] Apache Commons Daemon procrun (1.2.3.0 64-bit) started.
[2021-01-08 12:26:04] [info]  [ 1148] Debugging 'Tomcat8' service...
[2021-01-08 12:26:04] [info]  [ 1148] Starting service...
[2021-01-08 12:26:06] [info]  [ 1148] Service started in 1184 milliseconds.
[2021-01-08 12:27:45] [info]  [ 8076] Console CTRL+CLOSE event signaled.
[2021-01-08 12:27:45] [info]  [ 8076] Stopping service...
[2021-01-08 12:27:46] [info]  [ 8076] Service stop thread completed.
[2021-01-08 12:28:01] [info]  [14480] Apache Commons Daemon procrun (1.2.3.0 64-bit) started.
[2021-01-08 12:28:01] [info]  [14480] Debugging 'Tomcat8' service...
[2021-01-08 12:28:01] [info]  [14480] Starting service...
[2021-01-08 12:28:02] [info]  [14480] Service started in 1210 milliseconds.
[2021-01-08 12:30:02] [info]  [ 6120] Console CTRL+CLOSE event signaled.
[2021-01-08 12:30:02] [info]  [ 6120] Stopping service...
[2021-01-08 12:30:28] [info]  [15156] Apache Commons Daemon procrun (1.2.3.0 64-bit) started.
[2021-01-08 12:30:28] [info]  [15156] Debugging 'Tomcat8' service...
[2021-01-08 12:30:28] [info]  [15156] Starting service...
[2021-01-08 12:30:29] [info]  [15156] Service started in 1173 milliseconds.
[2021-01-08 12:33:25] [info]  [ 4948] Console CTRL+CLOSE event signaled.
[2021-01-08 12:33:25] [info]  [ 4948] Stopping service...
[2021-01-08 12:33:26] [info]  [ 4948] Service stop thread completed.
[2021-01-08 12:33:37] [info]  [12544] Apache Commons Daemon procrun (1.2.3.0 64-bit) started.
[2021-01-08 12:33:37] [info]  [12544] Debugging 'Tomcat8' service...
[2021-01-08 12:33:37] [info]  [12544] Starting service...
[2021-01-08 12:33:38] [info]  [12544] Service started in 1178 milliseconds.
[2021-01-08 13:00:34] [info]  [11224] Console CTRL+CLOSE event signaled.
[2021-01-08 13:00:34] [info]  [11224] Stopping service...
[2021-01-08 13:00:35] [info]  [11224] Service stop thread completed.
[2021-01-08 13:00:39] [info]  [13096] Apache Commons Daemon procrun (1.2.3.0 64-bit) started.
[2021-01-08 13:00:39] [info]  [13096] Debugging 'Tomcat8' service...
[2021-01-08 13:00:39] [info]  [13096] Starting service...
[2021-01-08 13:00:40] [info]  [13096] Service started in 1255 milliseconds.
[2021-01-08 13:05:51] [info]  [ 7828] Console CTRL+CLOSE event signaled.
[2021-01-08 13:05:51] [info]  [ 7828] Stopping service...
[2021-01-08 13:05:52] [info]  [ 7828] Service stop thread completed.
[2021-01-08 13:05:56] [info]  [14316] Apache Commons Daemon procrun (1.2.3.0 64-bit) started.
[2021-01-08 13:05:56] [info]  [14316] Debugging 'Tomcat8' service...
[2021-01-08 13:05:56] [info]  [14316] Starting service...
[2021-01-08 13:05:57] [info]  [14316] Service started in 1206 milliseconds.
[2021-01-08 13:09:15] [info]  [14564] Console CTRL+CLOSE event signaled.
[2021-01-08 13:09:15] [info]  [14564] Stopping service...
[2021-01-08 13:09:24] [info]  [13852] Apache Commons Daemon procrun (1.2.3.0 64-bit) started.
[2021-01-08 13:09:24] [info]  [13852] Debugging 'Tomcat8' service...
[2021-01-08 13:09:24] [info]  [13852] Starting service...
[2021-01-08 13:09:25] [info]  [13852] Service started in 1226 milliseconds.
[2021-01-08 13:12:10] [info]  [11136] Console CTRL+CLOSE event signaled.
[2021-01-08 13:12:10] [info]  [11136] Stopping service...
[2021-01-08 13:12:11] [info]  [11136] Service stop thread completed.
[2021-01-08 13:12:14] [info]  [ 7876] Apache Commons Daemon procrun (1.2.3.0 64-bit) started.
[2021-01-08 13:12:14] [info]  [ 7876] Debugging 'Tomcat8' service...
[2021-01-08 13:12:14] [info]  [ 7876] Starting service...
[2021-01-08 13:12:16] [info]  [ 7876] Service started in 1258 milliseconds.
[2021-01-08 13:17:02] [info]  [10508] Console CTRL+CLOSE event signaled.
[2021-01-08 13:17:02] [info]  [10508] Stopping service...
[2021-01-08 13:17:03] [info]  [10508] Service stop thread completed.
[2021-01-08 13:17:12] [info]  [12488] Apache Commons Daemon procrun (1.2.3.0 64-bit) started.
[2021-01-08 13:17:12] [info]  [12488] Debugging 'Tomcat8' service...
[2021-01-08 13:17:12] [info]  [12488] Starting service...
[2021-01-08 13:17:13] [info]  [12488] Service started in 1326 milliseconds.
[2021-01-08 13:22:11] [info]  [11700] Console CTRL+CLOSE event signaled.
[2021-01-08 13:22:11] [info]  [11700] Stopping service...
[2021-01-08 13:22:12] [info]  [11700] Service stop thread completed.
[2021-01-08 13:22:16] [info]  [  120] Apache Commons Daemon procrun (1.2.3.0 64-bit) started.
[2021-01-08 13:22:16] [info]  [  120] Debugging 'Tomcat8' service...
[2021-01-08 13:22:16] [info]  [  120] Starting service...
[2021-01-08 13:22:17] [info]  [  120] Service started in 1244 milliseconds.
[2021-01-08 13:25:43] [info]  [ 3120] Console CTRL+CLOSE event signaled.
[2021-01-08 13:25:43] [info]  [ 3120] Stopping service...
[2021-01-08 13:25:44] [info]  [ 3120] Service stop thread completed.
[2021-01-08 13:25:48] [info]  [14316] Apache Commons Daemon procrun (1.2.3.0 64-bit) started.
[2021-01-08 13:25:48] [info]  [14316] Debugging 'Tomcat8' service...
[2021-01-08 13:25:48] [info]  [14316] Starting service...
[2021-01-08 13:25:49] [info]  [14316] Service started in 1224 milliseconds.
[2021-01-08 13:28:38] [info]  [14664] Console CTRL+CLOSE event signaled.
[2021-01-08 13:28:38] [info]  [14664] Stopping service...
[2021-01-08 13:28:39] [info]  [14664] Service stop thread completed.
[2021-01-08 13:28:53] [info]  [ 8888] Apache Commons Daemon procrun (1.2.3.0 64-bit) started.
[2021-01-08 13:28:53] [info]  [ 8888] Debugging 'Tomcat8' service...
[2021-01-08 13:28:53] [info]  [ 8888] Starting service...
[2021-01-08 13:28:55] [info]  [ 8888] Service started in 1198 milliseconds.
[2021-01-08 13:31:30] [info]  [10056] Console CTRL+CLOSE event signaled.
[2021-01-08 13:31:30] [info]  [10056] Stopping service...
[2021-01-08 13:31:31] [info]  [10056] Service stop thread completed.
[2021-01-08 13:31:35] [info]  [ 6020] Apache Commons Daemon procrun (1.2.3.0 64-bit) started.
[2021-01-08 13:31:35] [info]  [ 6020] Debugging 'Tomcat8' service...
[2021-01-08 13:31:35] [info]  [ 6020] Starting service...
[2021-01-08 13:31:36] [info]  [ 6020] Service started in 1338 milliseconds.
[2021-01-08 13:36:38] [info]  [ 8744] Console CTRL+CLOSE event signaled.
[2021-01-08 13:36:38] [info]  [ 8744] Stopping service...
[2021-01-08 13:36:39] [info]  [ 8744] Service stop thread completed.
[2021-01-08 13:36:47] [info]  [  748] Apache Commons Daemon procrun (1.2.3.0 64-bit) started.
[2021-01-08 13:36:47] [info]  [  748] Debugging 'Tomcat8' service...
[2021-01-08 13:36:47] [info]  [  748] Starting service...
[2021-01-08 13:36:48] [info]  [  748] Service started in 1313 milliseconds.
[2021-01-08 13:37:52] [info]  [ 1308] Console CTRL+CLOSE event signaled.
[2021-01-08 13:37:52] [info]  [ 1308] Stopping service...
[2021-01-08 13:38:22] [info]  [14412] Apache Commons Daemon procrun (1.2.3.0 64-bit) started.
[2021-01-08 13:38:22] [info]  [14412] Debugging 'Tomcat8' service...
[2021-01-08 13:38:22] [info]  [14412] Starting service...
[2021-01-08 13:38:24] [info]  [14412] Service started in 1370 milliseconds.
[2021-01-08 13:43:34] [info]  [ 8284] Console CTRL+CLOSE event signaled.
[2021-01-08 13:43:34] [info]  [ 8284] Stopping service...
[2021-01-08 13:43:35] [info]  [ 8284] Service stop thread completed.
[2021-01-08 13:43:38] [info]  [16248] Apache Commons Daemon procrun (1.2.3.0 64-bit) started.
[2021-01-08 13:43:38] [info]  [16248] Debugging 'Tomcat8' service...
[2021-01-08 13:43:38] [info]  [16248] Starting service...
[2021-01-08 13:43:39] [info]  [16248] Service started in 1234 milliseconds.
[2021-01-08 13:44:22] [info]  [ 8080] Console CTRL+CLOSE event signaled.
[2021-01-08 13:44:22] [info]  [ 8080] Stopping service...
[2021-01-08 13:44:23] [info]  [ 8080] Service stop thread completed.
[2021-01-08 13:44:40] [info]  [13112] Apache Commons Daemon procrun (1.2.3.0 64-bit) started.
[2021-01-08 13:44:40] [info]  [13112] Debugging 'Tomcat8' service...
[2021-01-08 13:44:40] [info]  [13112] Starting service...
[2021-01-08 13:44:42] [info]  [13112] Service started in 1210 milliseconds.
[2021-01-08 13:49:50] [info]  [ 5968] Console CTRL+CLOSE event signaled.
[2021-01-08 13:49:50] [info]  [ 5968] Stopping service...
[2021-01-08 13:49:51] [info]  [ 5968] Service stop thread completed.
[2021-01-08 13:49:54] [info]  [14272] Apache Commons Daemon procrun (1.2.3.0 64-bit) started.
[2021-01-08 13:49:54] [info]  [14272] Debugging 'Tomcat8' service...
[2021-01-08 13:49:54] [info]  [14272] Starting service...
[2021-01-08 13:49:55] [info]  [14272] Service started in 1233 milliseconds.
[2021-01-08 13:52:16] [info]  [11464] Console CTRL+CLOSE event signaled.
[2021-01-08 13:52:16] [info]  [11464] Stopping service...
[2021-01-08 13:52:25] [info]  [12112] Apache Commons Daemon procrun (1.2.3.0 64-bit) started.
[2021-01-08 13:52:25] [info]  [12112] Debugging 'Tomcat8' service...
[2021-01-08 13:52:25] [info]  [12112] Starting service...
[2021-01-08 13:52:26] [info]  [12112] Service started in 1253 milliseconds.
[2021-01-08 13:53:48] [info]  [14972] Console CTRL+CLOSE event signaled.
[2021-01-08 13:53:48] [info]  [14972] Stopping service...
[2021-01-08 13:53:57] [info]  [10660] Apache Commons Daemon procrun (1.2.3.0 64-bit) started.
[2021-01-08 13:53:57] [info]  [10660] Debugging 'Tomcat8' service...
[2021-01-08 13:53:57] [info]  [10660] Starting service...
[2021-01-08 13:53:58] [info]  [10660] Service started in 1226 milliseconds.
[2021-01-08 13:55:52] [info]  [ 9736] Console CTRL+CLOSE event signaled.
[2021-01-08 13:55:52] [info]  [ 9736] Stopping service...
[2021-01-08 13:56:12] [info]  [13404] Apache Commons Daemon procrun (1.2.3.0 64-bit) started.
[2021-01-08 13:56:12] [info]  [13404] Debugging 'Tomcat8' service...
[2021-01-08 13:56:12] [info]  [13404] Starting service...
[2021-01-08 13:56:13] [info]  [13404] Service started in 1259 milliseconds.
[2021-01-08 13:57:56] [info]  [11636] Console CTRL+CLOSE event signaled.
[2021-01-08 13:57:56] [info]  [11636] Stopping service...
[2021-01-08 13:57:57] [info]  [11636] Service stop thread completed.
[2021-01-08 13:58:00] [info]  [12456] Apache Commons Daemon procrun (1.2.3.0 64-bit) started.
[2021-01-08 13:58:00] [info]  [12456] Debugging 'Tomcat8' service...
[2021-01-08 13:58:00] [info]  [12456] Starting service...
[2021-01-08 13:58:01] [info]  [12456] Service started in 1232 milliseconds.
[2021-01-08 14:00:58] [info]  [ 7424] Console CTRL+CLOSE event signaled.
[2021-01-08 14:00:58] [info]  [ 7424] Stopping service...
[2021-01-08 14:00:59] [info]  [ 7424] Service stop thread completed.
[2021-01-08 14:01:04] [info]  [ 8276] Apache Commons Daemon procrun (1.2.3.0 64-bit) started.
[2021-01-08 14:01:04] [info]  [ 8276] Debugging 'Tomcat8' service...
[2021-01-08 14:01:04] [info]  [ 8276] Starting service...
[2021-01-08 14:01:06] [info]  [ 8276] Service started in 1371 milliseconds.
[2021-01-08 14:01:44] [info]  [ 9980] Console CTRL+CLOSE event signaled.
[2021-01-08 14:01:44] [info]  [ 9980] Stopping service...
[2021-01-08 14:01:45] [info]  [ 9980] Service stop thread completed.
[2021-01-08 14:02:19] [info]  [16048] Apache Commons Daemon procrun (1.2.3.0 64-bit) started.
[2021-01-08 14:02:19] [info]  [16048] Debugging 'Tomcat8' service...
[2021-01-08 14:02:19] [info]  [16048] Starting service...
[2021-01-08 14:02:20] [info]  [16048] Service started in 1256 milliseconds.
[2021-01-08 14:03:58] [info]  [ 2956] Console CTRL+CLOSE event signaled.
[2021-01-08 14:03:58] [info]  [ 2956] Stopping service...
[2021-01-08 14:03:59] [info]  [ 2956] Service stop thread completed.
[2021-01-08 14:04:03] [info]  [ 3444] Apache Commons Daemon procrun (1.2.3.0 64-bit) started.
[2021-01-08 14:04:03] [info]  [ 3444] Debugging 'Tomcat8' service...
[2021-01-08 14:04:03] [info]  [ 3444] Starting service...
[2021-01-08 14:04:04] [info]  [ 3444] Service started in 1424 milliseconds.
[2021-01-08 14:05:17] [info]  [16208] Console CTRL+CLOSE event signaled.
[2021-01-08 14:05:17] [info]  [16208] Stopping service...
[2021-01-08 14:05:18] [info]  [16208] Service stop thread completed.
[2021-01-08 14:05:22] [info]  [  540] Apache Commons Daemon procrun (1.2.3.0 64-bit) started.
[2021-01-08 14:05:22] [info]  [  540] Debugging 'Tomcat8' service...
[2021-01-08 14:05:22] [info]  [  540] Starting service...
[2021-01-08 14:05:23] [info]  [  540] Service started in 1209 milliseconds.
[2021-01-08 14:06:04] [info]  [ 4460] Console CTRL+CLOSE event signaled.
[2021-01-08 14:06:04] [info]  [ 4460] Stopping service...
[2021-01-08 14:06:05] [info]  [ 4460] Service stop thread completed.
[2021-01-08 14:06:16] [info]  [11956] Apache Commons Daemon procrun (1.2.3.0 64-bit) started.
[2021-01-08 14:06:16] [info]  [11956] Debugging 'Tomcat8' service...
[2021-01-08 14:06:16] [info]  [11956] Starting service...
[2021-01-08 14:06:17] [info]  [11956] Service started in 1208 milliseconds.
[2021-01-08 14:07:32] [info]  [14208] Console CTRL+CLOSE event signaled.
[2021-01-08 14:07:32] [info]  [14208] Stopping service...
[2021-01-08 14:07:33] [info]  [14208] Service stop thread completed.
[2021-01-08 14:07:39] [info]  [ 8120] Apache Commons Daemon procrun (1.2.3.0 64-bit) started.
[2021-01-08 14:07:39] [info]  [ 8120] Debugging 'Tomcat8' service...
[2021-01-08 14:07:39] [info]  [ 8120] Starting service...
[2021-01-08 14:07:41] [info]  [ 8120] Service started in 1243 milliseconds.
[2021-01-08 14:08:53] [info]  [11468] Console CTRL+CLOSE event signaled.
[2021-01-08 14:08:53] [info]  [11468] Stopping service...
[2021-01-08 14:08:54] [info]  [11468] Service stop thread completed.
[2021-01-08 14:09:05] [info]  [ 6784] Apache Commons Daemon procrun (1.2.3.0 64-bit) started.
[2021-01-08 14:09:05] [info]  [ 6784] Debugging 'Tomcat8' service...
[2021-01-08 14:09:05] [info]  [ 6784] Starting service...
[2021-01-08 14:09:06] [info]  [ 6784] Service started in 1222 milliseconds.
[2021-01-08 14:11:02] [info]  [15184] Console CTRL+CLOSE event signaled.
[2021-01-08 14:11:02] [info]  [15184] Stopping service...
[2021-01-08 14:11:03] [info]  [15184] Service stop thread completed.
[2021-01-08 14:11:40] [info]  [15604] Apache Commons Daemon procrun (1.2.3.0 64-bit) started.
[2021-01-08 14:11:40] [info]  [15604] Debugging 'Tomcat8' service...
[2021-01-08 14:11:40] [info]  [15604] Starting service...
[2021-01-08 14:11:41] [info]  [15604] Service started in 1240 milliseconds.
[2021-01-08 14:13:08] [info]  [ 5904] Console CTRL+CLOSE event signaled.
[2021-01-08 14:13:08] [info]  [ 5904] Stopping service...
[2021-01-08 14:13:17] [info]  [15596] Apache Commons Daemon procrun (1.2.3.0 64-bit) started.
[2021-01-08 14:13:17] [info]  [15596] Debugging 'Tomcat8' service...
[2021-01-08 14:13:17] [info]  [15596] Starting service...
[2021-01-08 14:13:18] [info]  [15596] Service started in 1215 milliseconds.
[2021-01-08 14:14:15] [info]  [ 7244] Console CTRL+CLOSE event signaled.
[2021-01-08 14:14:15] [info]  [ 7244] Stopping service...
[2021-01-08 14:14:16] [info]  [ 7244] Service stop thread completed.
[2021-01-08 14:14:20] [info]  [12216] Apache Commons Daemon procrun (1.2.3.0 64-bit) started.
[2021-01-08 14:14:20] [info]  [12216] Debugging 'Tomcat8' service...
[2021-01-08 14:14:20] [info]  [12216] Starting service...
[2021-01-08 14:14:21] [info]  [12216] Service started in 1190 milliseconds.
[2021-01-08 14:16:44] [info]  [16380] Console CTRL+CLOSE event signaled.
[2021-01-08 14:16:44] [info]  [16380] Stopping service...
[2021-01-08 14:16:45] [info]  [16380] Service stop thread completed.
[2021-01-08 14:16:53] [info]  [11252] Apache Commons Daemon procrun (1.2.3.0 64-bit) started.
[2021-01-08 14:16:53] [info]  [11252] Debugging 'Tomcat8' service...
[2021-01-08 14:16:53] [info]  [11252] Starting service...
[2021-01-08 14:16:54] [info]  [11252] Service started in 1195 milliseconds.
[2021-01-08 16:19:30] [info]  [ 3880] Console CTRL+CLOSE event signaled.
[2021-01-08 16:19:30] [info]  [ 3880] Stopping service...
[2021-01-08 16:19:39] [info]  [11880] Apache Commons Daemon procrun (1.2.3.0 64-bit) started.
[2021-01-08 16:19:39] [info]  [11880] Debugging 'Tomcat8' service...
[2021-01-08 16:19:39] [info]  [11880] Starting service...
[2021-01-08 16:19:40] [info]  [11880] Service started in 1208 milliseconds.
[2021-01-08 16:20:20] [info]  [ 2192] Console CTRL+CLOSE event signaled.
[2021-01-08 16:20:20] [info]  [ 2192] Stopping service...
[2021-01-08 16:20:21] [info]  [ 2192] Service stop thread completed.
[2021-01-08 16:22:32] [info]  [14668] Apache Commons Daemon procrun (1.2.3.0 64-bit) started.
[2021-01-08 16:22:32] [info]  [14668] Debugging 'Tomcat8' service...
[2021-01-08 16:22:32] [info]  [14668] Starting service...
[2021-01-08 16:22:33] [info]  [14668] Service started in 1184 milliseconds.
[2021-01-08 16:24:34] [info]  [15624] Console CTRL+CLOSE event signaled.
[2021-01-08 16:24:34] [info]  [15624] Stopping service...
[2021-01-08 16:24:35] [info]  [15624] Service stop thread completed.
[2021-01-08 16:25:07] [info]  [16292] Apache Commons Daemon procrun (1.2.3.0 64-bit) started.
[2021-01-08 16:25:07] [info]  [16292] Debugging 'Tomcat8' service...
[2021-01-08 16:25:07] [info]  [16292] Starting service...
[2021-01-08 16:25:08] [info]  [16292] Service started in 1223 milliseconds.
[2021-01-08 16:26:27] [info]  [10428] Console CTRL+CLOSE event signaled.
[2021-01-08 16:26:27] [info]  [10428] Stopping service...
[2021-01-08 16:26:28] [info]  [10428] Service stop thread completed.
[2021-01-08 16:26:50] [info]  [ 9240] Apache Commons Daemon procrun (1.2.3.0 64-bit) started.
[2021-01-08 16:26:50] [info]  [ 9240] Debugging 'Tomcat8' service...
[2021-01-08 16:26:50] [info]  [ 9240] Starting service...
[2021-01-08 16:26:52] [info]  [ 9240] Service started in 1195 milliseconds.
[2021-01-08 16:29:33] [info]  [16088] Console CTRL+CLOSE event signaled.
[2021-01-08 16:29:33] [info]  [16088] Stopping service...
[2021-01-08 16:29:34] [info]  [16088] Service stop thread completed.
[2021-01-08 16:29:37] [info]  [15284] Apache Commons Daemon procrun (1.2.3.0 64-bit) started.
[2021-01-08 16:29:37] [info]  [15284] Debugging 'Tomcat8' service...
[2021-01-08 16:29:37] [info]  [15284] Starting service...
[2021-01-08 16:29:39] [info]  [15284] Service started in 1263 milliseconds.
[2021-01-08 16:32:08] [info]  [ 9736] Console CTRL+CLOSE event signaled.
[2021-01-08 16:32:08] [info]  [ 9736] Stopping service...
[2021-01-08 16:32:09] [info]  [ 9736] Service stop thread completed.
[2021-01-08 16:32:12] [info]  [ 9220] Apache Commons Daemon procrun (1.2.3.0 64-bit) started.
[2021-01-08 16:32:12] [info]  [ 9220] Debugging 'Tomcat8' service...
[2021-01-08 16:32:12] [info]  [ 9220] Starting service...
[2021-01-08 16:32:14] [info]  [ 9220] Service started in 1234 milliseconds.
[2021-01-08 16:33:15] [info]  [10460] Console CTRL+CLOSE event signaled.
[2021-01-08 16:33:15] [info]  [10460] Stopping service...
[2021-01-08 16:33:16] [info]  [10460] Service stop thread completed.
[2021-01-08 16:33:32] [info]  [12136] Apache Commons Daemon procrun (1.2.3.0 64-bit) started.
[2021-01-08 16:33:32] [info]  [12136] Debugging 'Tomcat8' service...
[2021-01-08 16:33:32] [info]  [12136] Starting service...
[2021-01-08 16:33:34] [info]  [12136] Service started in 1272 milliseconds.
[2021-01-08 16:34:21] [info]  [14164] Console CTRL+CLOSE event signaled.
[2021-01-08 16:34:21] [info]  [14164] Stopping service...
[2021-01-08 16:34:22] [info]  [14164] Service stop thread completed.
[2021-01-08 16:34:48] [info]  [ 7972] Apache Commons Daemon procrun (1.2.3.0 64-bit) started.
[2021-01-08 16:34:48] [info]  [ 7972] Debugging 'Tomcat8' service...
[2021-01-08 16:34:48] [info]  [ 7972] Starting service...
[2021-01-08 16:34:49] [info]  [ 7972] Service started in 1199 milliseconds.
[2021-01-08 16:36:26] [info]  [10508] Console CTRL+CLOSE event signaled.
[2021-01-08 16:36:26] [info]  [10508] Stopping service...
[2021-01-08 16:36:27] [info]  [10508] Service stop thread completed.
[2021-01-08 16:36:30] [info]  [ 2388] Apache Commons Daemon procrun (1.2.3.0 64-bit) started.
[2021-01-08 16:36:30] [info]  [ 2388] Debugging 'Tomcat8' service...
[2021-01-08 16:36:30] [info]  [ 2388] Starting service...
[2021-01-08 16:36:32] [info]  [ 2388] Service started in 1204 milliseconds.
[2021-01-08 16:38:21] [info]  [ 6772] Console CTRL+CLOSE event signaled.
[2021-01-08 16:38:21] [info]  [ 6772] Stopping service...
[2021-01-08 16:38:22] [info]  [ 6772] Service stop thread completed.
[2021-01-08 16:38:55] [info]  [15948] Apache Commons Daemon procrun (1.2.3.0 64-bit) started.
[2021-01-08 16:38:55] [info]  [15948] Debugging 'Tomcat8' service...
[2021-01-08 16:38:55] [info]  [15948] Starting service...
[2021-01-08 16:38:56] [info]  [15948] Service started in 1204 milliseconds.
[2021-01-08 16:59:59] [info]  [ 9104] Console CTRL+CLOSE event signaled.
[2021-01-08 16:59:59] [info]  [ 9104] Stopping service...
[2021-01-08 17:00:09] [info]  [17148] Apache Commons Daemon procrun (1.2.3.0 64-bit) started.
[2021-01-08 17:00:09] [info]  [17148] Debugging 'Tomcat8' service...
[2021-01-08 17:00:09] [info]  [17148] Starting service...
[2021-01-08 17:00:10] [info]  [17148] Service started in 1196 milliseconds.
[2021-01-08 17:07:00] [info]  [16444] Console CTRL+CLOSE event signaled.
[2021-01-08 17:07:00] [info]  [16444] Stopping service...
[2021-01-08 17:07:01] [info]  [16444] Service stop thread completed.
[2021-01-08 17:07:07] [info]  [ 2548] Apache Commons Daemon procrun (1.2.3.0 64-bit) started.
[2021-01-08 17:07:07] [info]  [ 2548] Debugging 'Tomcat8' service...
[2021-01-08 17:07:07] [info]  [ 2548] Starting service...
[2021-01-08 17:07:08] [info]  [ 2548] Service started in 1209 milliseconds.
[2021-01-08 17:15:45] [info]  [12292] Console CTRL+CLOSE event signaled.
[2021-01-08 17:15:45] [info]  [12292] Stopping service...
[2021-01-08 17:15:54] [info]  [ 6536] Apache Commons Daemon procrun (1.2.3.0 64-bit) started.
[2021-01-08 17:15:54] [info]  [ 6536] Debugging 'Tomcat8' service...
[2021-01-08 17:15:54] [info]  [ 6536] Starting service...
[2021-01-08 17:15:55] [info]  [ 6536] Service started in 1201 milliseconds.
[2021-01-08 17:16:15] [info]  [ 7964] Console CTRL+CLOSE event signaled.
[2021-01-08 17:16:15] [info]  [ 7964] Stopping service...
[2021-01-08 17:16:16] [info]  [ 7964] Service stop thread completed.
[2021-01-08 17:16:19] [info]  [15972] Apache Commons Daemon procrun (1.2.3.0 64-bit) started.
[2021-01-08 17:16:19] [info]  [15972] Debugging 'Tomcat8' service...
[2021-01-08 17:16:19] [info]  [15972] Starting service...
[2021-01-08 17:16:20] [info]  [15972] Service started in 1218 milliseconds.
[2021-01-08 17:20:22] [info]  [17428] Console CTRL+CLOSE event signaled.
[2021-01-08 17:20:22] [info]  [17428] Stopping service...
[2021-01-08 17:20:30] [info]  [15808] Apache Commons Daemon procrun (1.2.3.0 64-bit) started.
[2021-01-08 17:20:30] [info]  [15808] Debugging 'Tomcat8' service...
[2021-01-08 17:20:30] [info]  [15808] Starting service...
[2021-01-08 17:20:31] [info]  [15808] Service started in 1209 milliseconds.
[2021-01-08 17:23:07] [info]  [15812] Console CTRL+CLOSE event signaled.
[2021-01-08 17:23:07] [info]  [15812] Stopping service...
[2021-01-08 17:23:08] [info]  [15812] Service stop thread completed.
[2021-01-08 17:23:12] [info]  [ 4440] Apache Commons Daemon procrun (1.2.3.0 64-bit) started.
[2021-01-08 17:23:12] [info]  [ 4440] Debugging 'Tomcat8' service...
[2021-01-08 17:23:12] [info]  [ 4440] Starting service...
[2021-01-08 17:23:13] [info]  [ 4440] Service started in 1229 milliseconds.
[2021-01-08 17:24:27] [info]  [ 9128] Console CTRL+CLOSE event signaled.
[2021-01-08 17:24:27] [info]  [ 9128] Stopping service...
[2021-01-08 17:24:28] [info]  [ 9128] Service stop thread completed.
[2021-01-08 17:24:49] [info]  [18272] Apache Commons Daemon procrun (1.2.3.0 64-bit) started.
[2021-01-08 17:24:49] [info]  [18272] Debugging 'Tomcat8' service...
[2021-01-08 17:24:49] [info]  [18272] Starting service...
[2021-01-08 17:24:50] [info]  [18272] Service started in 1252 milliseconds.
[2021-01-08 17:32:31] [info]  [ 5340] Console CTRL+CLOSE event signaled.
[2021-01-08 17:32:31] [info]  [ 5340] Stopping service...
[2021-01-08 17:32:32] [info]  [ 5340] Service stop thread completed.
[2021-01-08 17:32:37] [info]  [14180] Apache Commons Daemon procrun (1.2.3.0 64-bit) started.
[2021-01-08 17:32:37] [info]  [14180] Debugging 'Tomcat8' service...
[2021-01-08 17:32:37] [info]  [14180] Starting service...
[2021-01-08 17:32:38] [info]  [14180] Service started in 1211 milliseconds.
[2021-01-08 17:38:16] [info]  [16952] Console CTRL+CLOSE event signaled.
[2021-01-08 17:38:16] [info]  [16952] Stopping service...
[2021-01-08 17:38:17] [info]  [16952] Service stop thread completed.
[2021-01-08 17:38:27] [info]  [17120] Apache Commons Daemon procrun (1.2.3.0 64-bit) started.
[2021-01-08 17:38:27] [info]  [17120] Debugging 'Tomcat8' service...
[2021-01-08 17:38:27] [info]  [17120] Starting service...
[2021-01-08 17:38:29] [info]  [17120] Service started in 1200 milliseconds.
[2021-01-08 17:38:51] [info]  [15732] Console CTRL+CLOSE event signaled.
[2021-01-08 17:38:51] [info]  [15732] Stopping service...
[2021-01-08 17:38:52] [info]  [15732] Service stop thread completed.
[2021-01-08 17:40:01] [info]  [18076] Apache Commons Daemon procrun (1.2.3.0 64-bit) started.
[2021-01-08 17:40:01] [info]  [18076] Debugging 'Tomcat8' service...
[2021-01-08 17:40:01] [info]  [18076] Starting service...
[2021-01-08 17:40:03] [info]  [18076] Service started in 1214 milliseconds.
[2021-01-08 17:43:50] [info]  [12392] Console CTRL+CLOSE event signaled.
[2021-01-08 17:43:50] [info]  [12392] Stopping service...
[2021-01-08 17:43:58] [info]  [16140] Apache Commons Daemon procrun (1.2.3.0 64-bit) started.
[2021-01-08 17:43:58] [info]  [16140] Debugging 'Tomcat8' service...
[2021-01-08 17:43:58] [info]  [16140] Starting service...
[2021-01-08 17:43:59] [info]  [16140] Service started in 1202 milliseconds.
[2021-01-08 17:44:42] [info]  [17756] Console CTRL+CLOSE event signaled.
[2021-01-08 17:44:42] [info]  [17756] Stopping service...
[2021-01-08 17:44:43] [info]  [17756] Service stop thread completed.
[2021-01-08 17:45:15] [info]  [ 5304] Apache Commons Daemon procrun (1.2.3.0 64-bit) started.
[2021-01-08 17:45:15] [info]  [ 5304] Debugging 'Tomcat8' service...
[2021-01-08 17:45:15] [info]  [ 5304] Starting service...
[2021-01-08 17:45:16] [info]  [ 5304] Service started in 1178 milliseconds.
[2021-01-08 17:47:39] [info]  [18268] Console CTRL+CLOSE event signaled.
[2021-01-08 17:47:39] [info]  [18268] Stopping service...
[2021-01-08 17:47:48] [info]  [ 4220] Apache Commons Daemon procrun (1.2.3.0 64-bit) started.
[2021-01-08 17:47:48] [info]  [ 4220] Debugging 'Tomcat8' service...
[2021-01-08 17:47:48] [info]  [ 4220] Starting service...
[2021-01-08 17:47:49] [info]  [ 4220] Service started in 1199 milliseconds.
[2021-01-08 17:51:26] [info]  [ 5088] Console CTRL+CLOSE event signaled.
[2021-01-08 17:51:26] [info]  [ 5088] Stopping service...
[2021-01-08 17:51:27] [info]  [ 5088] Service stop thread completed.
[2021-01-08 17:51:31] [info]  [  408] Apache Commons Daemon procrun (1.2.3.0 64-bit) started.
[2021-01-08 17:51:31] [info]  [  408] Debugging 'Tomcat8' service...
[2021-01-08 17:51:31] [info]  [  408] Starting service...
[2021-01-08 17:51:32] [info]  [  408] Service started in 1181 milliseconds.
[2021-01-08 17:53:05] [info]  [18164] Console CTRL+CLOSE event signaled.
[2021-01-08 17:53:05] [info]  [18164] Stopping service...
[2021-01-08 17:53:06] [info]  [18164] Service stop thread completed.
[2021-01-08 17:53:23] [info]  [14788] Apache Commons Daemon procrun (1.2.3.0 64-bit) started.
[2021-01-08 17:53:23] [info]  [14788] Debugging 'Tomcat8' service...
[2021-01-08 17:53:23] [info]  [14788] Starting service...
[2021-01-08 17:53:24] [info]  [14788] Service started in 1186 milliseconds.
[2021-01-08 17:57:32] [info]  [ 1860] Console CTRL+CLOSE event signaled.
[2021-01-08 17:57:32] [info]  [ 1860] Stopping service...
[2021-01-08 17:57:33] [info]  [ 1860] Service stop thread completed.
[2021-01-08 17:57:39] [info]  [18340] Apache Commons Daemon procrun (1.2.3.0 64-bit) started.
[2021-01-08 17:57:39] [info]  [18340] Debugging 'Tomcat8' service...
[2021-01-08 17:57:39] [info]  [18340] Starting service...
[2021-01-08 17:57:40] [info]  [18340] Service started in 1175 milliseconds.
[2021-01-08 17:58:42] [info]  [ 5104] Console CTRL+CLOSE event signaled.
[2021-01-08 17:58:42] [info]  [ 5104] Stopping service...
[2021-01-08 17:58:51] [info]  [17764] Apache Commons Daemon procrun (1.2.3.0 64-bit) started.
[2021-01-08 17:58:51] [info]  [17764] Debugging 'Tomcat8' service...
[2021-01-08 17:58:51] [info]  [17764] Starting service...
[2021-01-08 17:58:53] [info]  [17764] Service started in 1174 milliseconds.
[2021-01-08 17:59:45] [info]  [11788] Console CTRL+CLOSE event signaled.
[2021-01-08 17:59:45] [info]  [11788] Stopping service...
[2021-01-08 17:59:46] [info]  [11788] Service stop thread completed.
[2021-01-08 17:59:48] [info]  [11652] Apache Commons Daemon procrun (1.2.3.0 64-bit) started.
[2021-01-08 17:59:48] [info]  [11652] Debugging 'Tomcat8' service...
[2021-01-08 17:59:48] [info]  [11652] Starting service...
[2021-01-08 17:59:50] [info]  [11652] Service started in 1190 milliseconds.
[2021-01-08 18:13:25] [info]  [14480] Console CTRL+CLOSE event signaled.
[2021-01-08 18:13:25] [info]  [14480] Stopping service...
[2021-01-08 18:14:03] [info]  [13344] Apache Commons Daemon procrun (1.2.3.0 64-bit) started.
[2021-01-08 18:14:03] [info]  [13344] Debugging 'Tomcat8' service...
[2021-01-08 18:14:03] [info]  [13344] Starting service...
[2021-01-08 18:14:04] [info]  [13344] Service started in 1415 milliseconds.
[2021-01-08 18:15:49] [info]  [ 4432] Console CTRL+CLOSE event signaled.
[2021-01-08 18:15:49] [info]  [ 4432] Stopping service...
[2021-01-08 18:15:50] [info]  [ 4432] Service stop thread completed.
[2021-01-08 18:15:53] [info]  [14000] Apache Commons Daemon procrun (1.2.3.0 64-bit) started.
[2021-01-08 18:15:53] [info]  [14000] Debugging 'Tomcat8' service...
[2021-01-08 18:15:53] [info]  [14000] Starting service...
[2021-01-08 18:15:54] [info]  [14000] Service started in 1172 milliseconds.
[2021-01-08 18:22:45] [info]  [ 2144] Console CTRL+CLOSE event signaled.
[2021-01-08 18:22:45] [info]  [ 2144] Stopping service...
[2021-01-08 18:23:00] [info]  [17368] Apache Commons Daemon procrun (1.2.3.0 64-bit) started.
[2021-01-08 18:23:00] [info]  [17368] Debugging 'Tomcat8' service...
[2021-01-08 18:23:00] [info]  [17368] Starting service...
[2021-01-08 18:23:02] [info]  [17368] Service started in 1319 milliseconds.
[2021-01-08 18:27:50] [info]  [18404] Console CTRL+CLOSE event signaled.
[2021-01-08 18:27:50] [info]  [18404] Stopping service...
[2021-01-08 18:28:07] [info]  [ 2544] Apache Commons Daemon procrun (1.2.3.0 64-bit) started.
[2021-01-08 18:28:07] [info]  [ 2544] Debugging 'Tomcat8' service...
[2021-01-08 18:28:07] [info]  [ 2544] Starting service...
[2021-01-08 18:28:08] [info]  [ 2544] Service started in 1263 milliseconds.
[2021-01-08 18:44:04] [info]  [17032] Console CTRL+CLOSE event signaled.
[2021-01-08 18:44:04] [info]  [17032] Stopping service...
[2021-01-08 18:44:05] [info]  [17032] Service stop thread completed.
[2021-01-08 18:44:51] [info]  [17480] Apache Commons Daemon procrun (1.2.3.0 64-bit) started.
[2021-01-08 18:44:51] [info]  [17480] Debugging 'Tomcat8' service...
[2021-01-08 18:44:51] [info]  [17480] Starting service...
[2021-01-08 18:44:52] [info]  [17480] Service started in 1267 milliseconds.
[2021-01-08 18:45:59] [info]  [ 1532] Console CTRL+CLOSE event signaled.
[2021-01-08 18:45:59] [info]  [ 1532] Stopping service...
[2021-01-08 18:46:00] [info]  [ 1532] Service stop thread completed.
[2021-01-08 18:46:08] [info]  [12820] Apache Commons Daemon procrun (1.2.3.0 64-bit) started.
[2021-01-08 18:46:08] [info]  [12820] Debugging 'Tomcat8' service...
[2021-01-08 18:46:08] [info]  [12820] Starting service...
[2021-01-08 18:46:10] [info]  [12820] Service started in 1303 milliseconds.
[2021-01-08 18:47:13] [info]  [ 6276] Console CTRL+CLOSE event signaled.
[2021-01-08 18:47:13] [info]  [ 6276] Stopping service...
[2021-01-08 18:47:14] [info]  [ 6276] Service stop thread completed.
[2021-01-08 18:47:45] [info]  [15236] Apache Commons Daemon procrun (1.2.3.0 64-bit) started.
[2021-01-08 18:47:45] [info]  [15236] Debugging 'Tomcat8' service...
[2021-01-08 18:47:45] [info]  [15236] Starting service...
[2021-01-08 18:47:47] [info]  [15236] Service started in 1250 milliseconds.
[2021-01-08 18:49:34] [info]  [ 7820] Console CTRL+CLOSE event signaled.
[2021-01-08 18:49:34] [info]  [ 7820] Stopping service...
[2021-01-08 18:49:54] [info]  [ 8452] Apache Commons Daemon procrun (1.2.3.0 64-bit) started.
[2021-01-08 18:49:54] [info]  [ 8452] Debugging 'Tomcat8' service...
[2021-01-08 18:49:54] [info]  [ 8452] Starting service...
[2021-01-08 18:49:55] [info]  [ 8452] Service started in 1281 milliseconds.
[2021-01-08 18:53:43] [info]  [17084] Console CTRL+CLOSE event signaled.
[2021-01-08 18:53:43] [info]  [17084] Stopping service...
[2021-01-08 18:53:53] [info]  [ 6276] Apache Commons Daemon procrun (1.2.3.0 64-bit) started.
[2021-01-08 18:53:53] [info]  [ 6276] Debugging 'Tomcat8' service...
[2021-01-08 18:53:53] [info]  [ 6276] Starting service...
[2021-01-08 18:53:55] [info]  [ 6276] Service started in 1443 milliseconds.
[2021-01-08 18:55:10] [info]  [18316] Console CTRL+CLOSE event signaled.
[2021-01-08 18:55:10] [info]  [18316] Stopping service...
[2021-01-08 18:55:11] [info]  [18316] Service stop thread completed.
[2021-01-08 19:06:36] [info]  [17596] Apache Commons Daemon procrun (1.2.3.0 64-bit) started.
[2021-01-08 19:06:36] [info]  [17596] Debugging 'Tomcat8' service...
[2021-01-08 19:06:36] [info]  [17596] Starting service...
[2021-01-08 19:06:37] [info]  [17596] Service started in 1295 milliseconds.
[2021-01-08 19:08:44] [info]  [13696] Console CTRL+CLOSE event signaled.
[2021-01-08 19:08:44] [info]  [13696] Stopping service...
[2021-01-08 19:08:45] [info]  [13696] Service stop thread completed.
[2021-01-08 19:08:48] [info]  [ 9100] Apache Commons Daemon procrun (1.2.3.0 64-bit) started.
[2021-01-08 19:08:48] [info]  [ 9100] Debugging 'Tomcat8' service...
[2021-01-08 19:08:48] [info]  [ 9100] Starting service...
[2021-01-08 19:08:49] [info]  [ 9100] Service started in 1253 milliseconds.
[2021-01-08 19:09:39] [info]  [15020] Console CTRL+CLOSE event signaled.
[2021-01-08 19:09:39] [info]  [15020] Stopping service...
[2021-01-08 19:09:40] [info]  [15020] Service stop thread completed.
[2021-01-08 19:10:06] [info]  [13892] Apache Commons Daemon procrun (1.2.3.0 64-bit) started.
[2021-01-08 19:10:06] [info]  [13892] Debugging 'Tomcat8' service...
[2021-01-08 19:10:06] [info]  [13892] Starting service...
[2021-01-08 19:10:07] [info]  [13892] Service started in 1410 milliseconds.
[2021-01-08 19:13:20] [info]  [ 3616] Console CTRL+CLOSE event signaled.
[2021-01-08 19:13:20] [info]  [ 3616] Stopping service...
[2021-01-08 19:13:21] [info]  [ 3616] Service stop thread completed.
[2021-01-08 19:13:26] [info]  [17688] Apache Commons Daemon procrun (1.2.3.0 64-bit) started.
[2021-01-08 19:13:26] [info]  [17688] Debugging 'Tomcat8' service...
[2021-01-08 19:13:26] [info]  [17688] Starting service...
[2021-01-08 19:13:27] [info]  [17688] Service started in 1230 milliseconds.
[2021-01-08 19:14:33] [info]  [17388] Console CTRL+CLOSE event signaled.
[2021-01-08 19:14:33] [info]  [17388] Stopping service...
[2021-01-08 19:14:34] [info]  [17388] Service stop thread completed.
[2021-01-08 19:15:30] [info]  [12268] Apache Commons Daemon procrun (1.2.3.0 64-bit) started.
[2021-01-08 19:15:30] [info]  [12268] Debugging 'Tomcat8' service...
[2021-01-08 19:15:30] [info]  [12268] Starting service...
[2021-01-08 19:15:31] [info]  [12268] Service started in 1299 milliseconds.
[2021-01-08 19:16:34] [info]  [16504] Console CTRL+CLOSE event signaled.
[2021-01-08 19:16:34] [info]  [16504] Stopping service...
[2021-01-08 19:16:35] [info]  [16504] Service stop thread completed.
[2021-01-08 19:17:32] [info]  [14056] Apache Commons Daemon procrun (1.2.3.0 64-bit) started.
[2021-01-08 19:17:32] [info]  [14056] Debugging 'Tomcat8' service...
[2021-01-08 19:17:32] [info]  [14056] Starting service...
[2021-01-08 19:17:34] [info]  [14056] Service started in 1272 milliseconds.
[2021-01-08 19:23:34] [info]  [17084] Console CTRL+CLOSE event signaled.
[2021-01-08 19:23:34] [info]  [17084] Stopping service...
[2021-01-08 19:24:17] [info]  [14980] Apache Commons Daemon procrun (1.2.3.0 64-bit) started.
[2021-01-08 19:24:17] [info]  [14980] Debugging 'Tomcat8' service...
[2021-01-08 19:24:17] [info]  [14980] Starting service...
[2021-01-08 19:24:19] [info]  [14980] Service started in 1356 milliseconds.
[2021-01-08 19:26:25] [info]  [17260] Console CTRL+CLOSE event signaled.
[2021-01-08 19:26:25] [info]  [17260] Stopping service...
[2021-01-08 19:26:34] [info]  [13980] Apache Commons Daemon procrun (1.2.3.0 64-bit) started.
[2021-01-08 19:26:34] [info]  [13980] Debugging 'Tomcat8' service...
[2021-01-08 19:26:34] [info]  [13980] Starting service...
[2021-01-08 19:26:35] [info]  [13980] Service started in 1237 milliseconds.
[2021-01-08 19:28:24] [info]  [18172] Console CTRL+CLOSE event signaled.
[2021-01-08 19:28:24] [info]  [18172] Stopping service...
[2021-01-08 19:28:32] [info]  [12132] Apache Commons Daemon procrun (1.2.3.0 64-bit) started.
[2021-01-08 19:28:32] [info]  [12132] Debugging 'Tomcat8' service...
[2021-01-08 19:28:32] [info]  [12132] Starting service...
[2021-01-08 19:28:33] [info]  [12132] Service started in 1328 milliseconds.
[2021-01-08 19:30:13] [info]  [ 4196] Console CTRL+CLOSE event signaled.
[2021-01-08 19:30:13] [info]  [ 4196] Stopping service...
[2021-01-08 19:30:23] [info]  [ 2144] Apache Commons Daemon procrun (1.2.3.0 64-bit) started.
[2021-01-08 19:30:23] [info]  [ 2144] Debugging 'Tomcat8' service...
[2021-01-08 19:30:23] [info]  [ 2144] Starting service...
[2021-01-08 19:30:24] [info]  [ 2144] Service started in 1251 milliseconds.
[2021-01-08 19:32:37] [info]  [18324] Console CTRL+CLOSE event signaled.
[2021-01-08 19:32:37] [info]  [18324] Stopping service...
[2021-01-08 19:32:38] [info]  [18324] Service stop thread completed.
[2021-01-08 19:32:41] [info]  [17168] Apache Commons Daemon procrun (1.2.3.0 64-bit) started.
[2021-01-08 19:32:41] [info]  [17168] Debugging 'Tomcat8' service...
[2021-01-08 19:32:41] [info]  [17168] Starting service...
[2021-01-08 19:32:42] [info]  [17168] Service started in 1291 milliseconds.
[2021-01-08 19:33:35] [info]  [ 1532] Console CTRL+CLOSE event signaled.
[2021-01-08 19:33:35] [info]  [ 1532] Stopping service...
[2021-01-08 19:33:36] [info]  [ 1532] Service stop thread completed.
[2021-01-08 19:33:41] [info]  [16680] Apache Commons Daemon procrun (1.2.3.0 64-bit) started.
[2021-01-08 19:33:41] [info]  [16680] Debugging 'Tomcat8' service...
[2021-01-08 19:33:41] [info]  [16680] Starting service...
[2021-01-08 19:33:42] [info]  [16680] Service started in 1289 milliseconds.
[2021-01-08 19:34:23] [info]  [ 4144] Console CTRL+CLOSE event signaled.
[2021-01-08 19:34:23] [info]  [ 4144] Stopping service...
[2021-01-08 19:34:24] [info]  [ 4144] Service stop thread completed.
[2021-01-08 19:34:49] [info]  [12004] Apache Commons Daemon procrun (1.2.3.0 64-bit) started.
[2021-01-08 19:34:49] [info]  [12004] Debugging 'Tomcat8' service...
[2021-01-08 19:34:49] [info]  [12004] Starting service...
[2021-01-08 19:34:50] [info]  [12004] Service started in 1271 milliseconds.
[2021-01-08 19:36:41] [info]  [17808] Console CTRL+CLOSE event signaled.
[2021-01-08 19:36:41] [info]  [17808] Stopping service...
[2021-01-08 19:36:42] [info]  [17808] Service stop thread completed.
[2021-01-08 19:37:06] [info]  [ 2748] Apache Commons Daemon procrun (1.2.3.0 64-bit) started.
[2021-01-08 19:37:06] [info]  [ 2748] Debugging 'Tomcat8' service...
[2021-01-08 19:37:06] [info]  [ 2748] Starting service...
[2021-01-08 19:37:07] [info]  [ 2748] Service started in 1432 milliseconds.
[2021-01-08 19:38:19] [info]  [16532] Console CTRL+CLOSE event signaled.
[2021-01-08 19:38:19] [info]  [16532] Stopping service...
[2021-01-08 19:38:28] [info]  [  256] Apache Commons Daemon procrun (1.2.3.0 64-bit) started.
[2021-01-08 19:38:28] [info]  [  256] Debugging 'Tomcat8' service...
[2021-01-08 19:38:28] [info]  [  256] Starting service...
[2021-01-08 19:38:29] [info]  [  256] Service started in 1284 milliseconds.
[2021-01-08 19:39:18] [info]  [16680] Console CTRL+CLOSE event signaled.
[2021-01-08 19:39:18] [info]  [16680] Stopping service...
[2021-01-08 19:39:53] [info]  [14000] Apache Commons Daemon procrun (1.2.3.0 64-bit) started.
[2021-01-08 19:39:53] [info]  [14000] Debugging 'Tomcat8' service...
[2021-01-08 19:39:53] [info]  [14000] Starting service...
[2021-01-08 19:39:54] [info]  [14000] Service started in 1288 milliseconds.
[2021-01-08 19:48:02] [info]  [18184] Console CTRL+CLOSE event signaled.
[2021-01-08 19:48:02] [info]  [18184] Stopping service...
[2021-01-08 19:48:03] [info]  [18184] Service stop thread completed.
[2021-01-08 19:48:09] [info]  [18332] Apache Commons Daemon procrun (1.2.3.0 64-bit) started.
[2021-01-08 19:48:09] [info]  [18332] Debugging 'Tomcat8' service...
[2021-01-08 19:48:09] [info]  [18332] Starting service...
[2021-01-08 19:48:10] [info]  [18332] Service started in 1275 milliseconds.
[2021-01-08 19:52:33] [info]  [15464] Console CTRL+CLOSE event signaled.
[2021-01-08 19:52:33] [info]  [15464] Stopping service...
[2021-01-08 19:52:44] [info]  [ 8980] Apache Commons Daemon procrun (1.2.3.0 64-bit) started.
[2021-01-08 19:52:44] [info]  [ 8980] Debugging 'Tomcat8' service...
[2021-01-08 19:52:44] [info]  [ 8980] Starting service...
[2021-01-08 19:52:45] [info]  [ 8980] Service started in 1280 milliseconds.
[2021-01-08 19:56:14] [info]  [18412] Console CTRL+CLOSE event signaled.
[2021-01-08 19:56:14] [info]  [18412] Stopping service...
[2021-01-08 19:56:23] [info]  [15472] Apache Commons Daemon procrun (1.2.3.0 64-bit) started.
[2021-01-08 19:56:23] [info]  [15472] Debugging 'Tomcat8' service...
[2021-01-08 19:56:23] [info]  [15472] Starting service...
[2021-01-08 19:56:24] [info]  [15472] Service started in 1259 milliseconds.
[2021-01-08 19:59:59] [info]  [17736] Console CTRL+CLOSE event signaled.
[2021-01-08 19:59:59] [info]  [17736] Stopping service...
[2021-01-08 20:00:00] [info]  [17736] Service stop thread completed.
[2021-01-08 20:00:06] [info]  [ 4668] Apache Commons Daemon procrun (1.2.3.0 64-bit) started.
[2021-01-08 20:00:06] [info]  [ 4668] Debugging 'Tomcat8' service...
[2021-01-08 20:00:06] [info]  [ 4668] Starting service...
[2021-01-08 20:00:07] [info]  [ 4668] Service started in 1323 milliseconds.
[2021-01-08 20:01:19] [info]  [11652] Console CTRL+CLOSE event signaled.
[2021-01-08 20:01:19] [info]  [11652] Stopping service...
[2021-01-08 20:01:20] [info]  [11652] Service stop thread completed.
[2021-01-08 20:01:24] [info]  [  608] Apache Commons Daemon procrun (1.2.3.0 64-bit) started.
[2021-01-08 20:01:24] [info]  [  608] Debugging 'Tomcat8' service...
[2021-01-08 20:01:24] [info]  [  608] Starting service...
[2021-01-08 20:01:25] [info]  [  608] Service started in 1288 milliseconds.
[2021-01-08 20:02:22] [info]  [17012] Console CTRL+CLOSE event signaled.
[2021-01-08 20:02:22] [info]  [17012] Stopping service...
[2021-01-08 20:02:23] [info]  [17012] Service stop thread completed.
[2021-01-08 20:04:30] [info]  [14276] Apache Commons Daemon procrun (1.2.3.0 64-bit) started.
[2021-01-08 20:04:30] [info]  [14276] Debugging 'Tomcat8' service...
[2021-01-08 20:04:30] [info]  [14276] Starting service...
[2021-01-08 20:04:31] [info]  [14276] Service started in 1263 milliseconds.
[2021-01-08 20:06:41] [info]  [14136] Console CTRL+CLOSE event signaled.
[2021-01-08 20:06:41] [info]  [14136] Stopping service...
[2021-01-08 20:06:42] [info]  [14136] Service stop thread completed.
[2021-01-08 20:06:47] [info]  [15216] Apache Commons Daemon procrun (1.2.3.0 64-bit) started.
[2021-01-08 20:06:47] [info]  [15216] Debugging 'Tomcat8' service...
[2021-01-08 20:06:47] [info]  [15216] Starting service...
[2021-01-08 20:06:48] [info]  [15216] Service started in 1196 milliseconds.
[2021-01-08 20:09:50] [info]  [ 2184] Console CTRL+CLOSE event signaled.
[2021-01-08 20:09:50] [info]  [ 2184] Stopping service...
[2021-01-08 20:09:51] [info]  [ 2184] Service stop thread completed.
[2021-01-08 20:09:55] [info]  [ 9108] Apache Commons Daemon procrun (1.2.3.0 64-bit) started.
[2021-01-08 20:09:55] [info]  [ 9108] Debugging 'Tomcat8' service...
[2021-01-08 20:09:55] [info]  [ 9108] Starting service...
[2021-01-08 20:09:56] [info]  [ 9108] Service started in 1210 milliseconds.
[2021-01-08 20:12:12] [info]  [ 8976] Console CTRL+CLOSE event signaled.
[2021-01-08 20:12:12] [info]  [ 8976] Stopping service...
[2021-01-08 20:12:13] [info]  [ 8976] Service stop thread completed.
[2021-01-08 20:12:17] [info]  [  252] Apache Commons Daemon procrun (1.2.3.0 64-bit) started.
[2021-01-08 20:12:17] [info]  [  252] Debugging 'Tomcat8' service...
[2021-01-08 20:12:17] [info]  [  252] Starting service...
[2021-01-08 20:12:18] [info]  [  252] Service started in 1228 milliseconds.
[2021-01-08 20:18:22] [info]  [ 1468] Console CTRL+CLOSE event signaled.
[2021-01-08 20:18:22] [info]  [ 1468] Stopping service...
[2021-01-08 20:18:33] [info]  [13776] Apache Commons Daemon procrun (1.2.3.0 64-bit) started.
[2021-01-08 20:18:33] [info]  [13776] Debugging 'Tomcat8' service...
[2021-01-08 20:18:33] [info]  [13776] Starting service...
[2021-01-08 20:18:34] [info]  [13776] Service started in 1235 milliseconds.
[2021-01-08 20:19:24] [info]  [18256] Console CTRL+CLOSE event signaled.
[2021-01-08 20:19:24] [info]  [18256] Stopping service...
[2021-01-08 20:19:25] [info]  [18256] Service stop thread completed.
[2021-01-08 20:19:54] [info]  [16096] Apache Commons Daemon procrun (1.2.3.0 64-bit) started.
[2021-01-08 20:19:54] [info]  [16096] Debugging 'Tomcat8' service...
[2021-01-08 20:19:54] [info]  [16096] Starting service...
[2021-01-08 20:19:55] [info]  [16096] Service started in 1251 milliseconds.
[2021-01-08 20:21:23] [info]  [11548] Console CTRL+CLOSE event signaled.
[2021-01-08 20:21:23] [info]  [11548] Stopping service...
[2021-01-08 20:21:24] [info]  [11548] Service stop thread completed.
[2021-01-08 20:21:28] [info]  [15488] Apache Commons Daemon procrun (1.2.3.0 64-bit) started.
[2021-01-08 20:21:28] [info]  [15488] Debugging 'Tomcat8' service...
[2021-01-08 20:21:28] [info]  [15488] Starting service...
[2021-01-08 20:21:29] [info]  [15488] Service started in 1207 milliseconds.
[2021-01-08 20:22:05] [info]  [16836] Console CTRL+CLOSE event signaled.
[2021-01-08 20:22:05] [info]  [16836] Stopping service...
[2021-01-08 20:22:06] [info]  [16836] Service stop thread completed.
[2021-01-08 20:22:12] [info]  [ 1356] Apache Commons Daemon procrun (1.2.3.0 64-bit) started.
[2021-01-08 20:22:12] [info]  [ 1356] Debugging 'Tomcat8' service...
[2021-01-08 20:22:12] [info]  [ 1356] Starting service...
[2021-01-08 20:22:14] [info]  [ 1356] Service started in 1295 milliseconds.
[2021-01-08 20:22:51] [info]  [17340] Console CTRL+CLOSE event signaled.
[2021-01-08 20:22:51] [info]  [17340] Stopping service...
[2021-01-08 20:22:52] [info]  [17340] Service stop thread completed.
[2021-01-08 20:23:00] [info]  [10672] Apache Commons Daemon procrun (1.2.3.0 64-bit) started.
[2021-01-08 20:23:00] [info]  [10672] Debugging 'Tomcat8' service...
[2021-01-08 20:23:00] [info]  [10672] Starting service...
[2021-01-08 20:23:01] [info]  [10672] Service started in 1278 milliseconds.
[2021-01-08 20:43:40] [info]  [16740] Console CTRL+CLOSE event signaled.
[2021-01-08 20:43:40] [info]  [16740] Stopping service...
[2021-01-08 20:43:41] [info]  [16740] Service stop thread completed.
[2021-01-08 20:43:45] [info]  [ 9584] Apache Commons Daemon procrun (1.2.3.0 64-bit) started.
[2021-01-08 20:43:45] [info]  [ 9584] Debugging 'Tomcat8' service...
[2021-01-08 20:43:45] [info]  [ 9584] Starting service...
[2021-01-08 20:43:46] [info]  [ 9584] Service started in 1260 milliseconds.
[2021-01-08 20:44:49] [info]  [15016] Console CTRL+C event signaled.
[2021-01-08 20:44:49] [info]  [15016] Stopping service...
[2021-01-08 20:44:50] [info]  [15016] Service stop thread completed.
[2021-01-08 20:44:50] [info]  [ 9584] Debug service finished with exit code 0.
[2021-01-08 20:44:50] [info]  [ 9584] Apache Commons Daemon procrun finished.
[2021-01-08 20:44:54] [info]  [12176] Apache Commons Daemon procrun (1.2.3.0 64-bit) started.
[2021-01-08 20:44:54] [info]  [12176] Debugging 'Tomcat8' service...
[2021-01-08 20:44:54] [info]  [12176] Starting service...
[2021-01-08 20:44:56] [info]  [12176] Service started in 1307 milliseconds.
[2021-01-08 20:47:31] [info]  [16204] Console CTRL+CLOSE event signaled.
[2021-01-08 20:47:31] [info]  [16204] Stopping service...
[2021-01-08 20:47:32] [info]  [16204] Service stop thread completed.
[2021-01-08 20:47:36] [info]  [10508] Apache Commons Daemon procrun (1.2.3.0 64-bit) started.
[2021-01-08 20:47:36] [info]  [10508] Debugging 'Tomcat8' service...
[2021-01-08 20:47:36] [info]  [10508] Starting service...
[2021-01-08 20:47:38] [info]  [10508] Service started in 1233 milliseconds.
[2021-01-08 20:52:32] [info]  [12788] Console CTRL+CLOSE event signaled.
[2021-01-08 20:52:32] [info]  [12788] Stopping service...
[2021-01-08 20:52:33] [info]  [12788] Service stop thread completed.
[2021-01-08 20:52:37] [info]  [ 6104] Apache Commons Daemon procrun (1.2.3.0 64-bit) started.
[2021-01-08 20:52:37] [info]  [ 6104] Debugging 'Tomcat8' service...
[2021-01-08 20:52:37] [info]  [ 6104] Starting service...
[2021-01-08 20:52:38] [info]  [ 6104] Service started in 1231 milliseconds.
[2021-01-08 20:56:49] [info]  [15568] Console CTRL+CLOSE event signaled.
[2021-01-08 20:56:49] [info]  [15568] Stopping service...
[2021-01-08 20:56:59] [info]  [ 6552] Apache Commons Daemon procrun (1.2.3.0 64-bit) started.
[2021-01-08 20:56:59] [info]  [ 6552] Debugging 'Tomcat8' service...
[2021-01-08 20:56:59] [info]  [ 6552] Starting service...
[2021-01-08 20:57:00] [info]  [ 6552] Service started in 1344 milliseconds.
[2021-01-08 21:00:10] [info]  [18816] Console CTRL+CLOSE event signaled.
[2021-01-08 21:00:10] [info]  [18816] Stopping service...
[2021-01-08 21:00:34] [info]  [16456] Apache Commons Daemon procrun (1.2.3.0 64-bit) started.
[2021-01-08 21:00:34] [info]  [16456] Debugging 'Tomcat8' service...
[2021-01-08 21:00:34] [info]  [16456] Starting service...
[2021-01-08 21:00:35] [info]  [16456] Service started in 1251 milliseconds.
[2021-01-08 21:09:19] [info]  [15016] Console CTRL+CLOSE event signaled.
[2021-01-08 21:09:19] [info]  [15016] Stopping service...
[2021-01-08 21:09:20] [info]  [15016] Service stop thread completed.
[2021-01-08 21:09:24] [info]  [15828] Apache Commons Daemon procrun (1.2.3.0 64-bit) started.
[2021-01-08 21:09:24] [info]  [15828] Debugging 'Tomcat8' service...
[2021-01-08 21:09:24] [info]  [15828] Starting service...
[2021-01-08 21:09:26] [info]  [15828] Service started in 1296 milliseconds.
[2021-01-08 21:11:09] [info]  [15664] Console CTRL+CLOSE event signaled.
[2021-01-08 21:11:09] [info]  [15664] Stopping service...
[2021-01-08 21:11:10] [info]  [15664] Service stop thread completed.
[2021-01-08 21:11:15] [info]  [19092] Apache Commons Daemon procrun (1.2.3.0 64-bit) started.
[2021-01-08 21:11:15] [info]  [19092] Debugging 'Tomcat8' service...
[2021-01-08 21:11:15] [info]  [19092] Starting service...
[2021-01-08 21:11:16] [info]  [19092] Service started in 1274 milliseconds.
[2021-01-08 21:12:07] [info]  [11544] Console CTRL+CLOSE event signaled.
[2021-01-08 21:12:07] [info]  [11544] Stopping service...
[2021-01-08 21:13:39] [info]  [ 3376] Apache Commons Daemon procrun (1.2.3.0 64-bit) started.
[2021-01-08 21:13:39] [info]  [ 3376] Debugging 'Tomcat8' service...
[2021-01-08 21:13:39] [info]  [ 3376] Starting service...
[2021-01-08 21:13:40] [info]  [ 3376] Service started in 1376 milliseconds.
[2021-01-08 21:14:46] [info]  [18588] Console CTRL+CLOSE event signaled.
[2021-01-08 21:14:46] [info]  [18588] Stopping service...
[2021-01-08 21:14:47] [info]  [18588] Service stop thread completed.
[2021-01-08 21:15:25] [info]  [15620] Apache Commons Daemon procrun (1.2.3.0 64-bit) started.
[2021-01-08 21:15:25] [info]  [15620] Debugging 'Tomcat8' service...
[2021-01-08 21:15:25] [info]  [15620] Starting service...
[2021-01-08 21:15:27] [info]  [15620] Service started in 1337 milliseconds.
[2021-01-08 21:25:29] [info]  [  256] Console CTRL+CLOSE event signaled.
[2021-01-08 21:25:29] [info]  [  256] Stopping service...
[2021-01-08 21:25:39] [info]  [18240] Apache Commons Daemon procrun (1.2.3.0 64-bit) started.
[2021-01-08 21:25:39] [info]  [18240] Debugging 'Tomcat8' service...
[2021-01-08 21:25:39] [info]  [18240] Starting service...
[2021-01-08 21:25:41] [info]  [18240] Service started in 1422 milliseconds.
[2021-01-08 21:27:25] [info]  [12296] Console CTRL+CLOSE event signaled.
[2021-01-08 21:27:25] [info]  [12296] Stopping service...
[2021-01-08 21:27:51] [info]  [13640] Apache Commons Daemon procrun (1.2.3.0 64-bit) started.
[2021-01-08 21:27:51] [info]  [13640] Debugging 'Tomcat8' service...
[2021-01-08 21:27:51] [info]  [13640] Starting service...
[2021-01-08 21:27:53] [info]  [13640] Service started in 1496 milliseconds.
[2021-01-08 21:34:30] [info]  [ 2688] Console CTRL+CLOSE event signaled.
[2021-01-08 21:34:30] [info]  [ 2688] Stopping service...
[2021-01-08 21:34:31] [info]  [ 2688] Service stop thread completed.
[2021-01-08 21:34:35] [info]  [18988] Apache Commons Daemon procrun (1.2.3.0 64-bit) started.
[2021-01-08 21:34:35] [info]  [18988] Debugging 'Tomcat8' service...
[2021-01-08 21:34:35] [info]  [18988] Starting service...
[2021-01-08 21:34:36] [info]  [18988] Service started in 1399 milliseconds.
[2021-01-08 21:36:53] [info]  [ 9812] Console CTRL+CLOSE event signaled.
[2021-01-08 21:36:53] [info]  [ 9812] Stopping service...
[2021-01-08 21:38:58] [info]  [16368] Apache Commons Daemon procrun (1.2.3.0 64-bit) started.
[2021-01-08 21:38:58] [info]  [16368] Debugging 'Tomcat8' service...
[2021-01-08 21:38:58] [info]  [16368] Starting service...
[2021-01-08 21:39:00] [info]  [16368] Service started in 1358 milliseconds.
[2021-01-08 21:40:40] [info]  [19036] Console CTRL+CLOSE event signaled.
[2021-01-08 21:40:40] [info]  [19036] Stopping service...
[2021-01-08 21:41:12] [info]  [18140] Apache Commons Daemon procrun (1.2.3.0 64-bit) started.
[2021-01-08 21:41:12] [info]  [18140] Debugging 'Tomcat8' service...
[2021-01-08 21:41:12] [info]  [18140] Starting service...
[2021-01-08 21:41:13] [info]  [18140] Service started in 1282 milliseconds.
[2021-01-08 21:49:00] [info]  [ 9336] Console CTRL+CLOSE event signaled.
[2021-01-08 21:49:00] [info]  [ 9336] Stopping service...
[2021-01-08 21:49:10] [info]  [13776] Apache Commons Daemon procrun (1.2.3.0 64-bit) started.
[2021-01-08 21:49:10] [info]  [13776] Debugging 'Tomcat8' service...
[2021-01-08 21:49:10] [info]  [13776] Starting service...
[2021-01-08 21:49:11] [info]  [13776] Service started in 1287 milliseconds.
[2021-01-08 21:50:22] [info]  [ 7376] Console CTRL+CLOSE event signaled.
[2021-01-08 21:50:22] [info]  [ 7376] Stopping service...
[2021-01-08 21:50:23] [info]  [ 7376] Service stop thread completed.
[2021-01-08 21:50:28] [info]  [18648] Apache Commons Daemon procrun (1.2.3.0 64-bit) started.
[2021-01-08 21:50:28] [info]  [18648] Debugging 'Tomcat8' service...
[2021-01-08 21:50:28] [info]  [18648] Starting service...
[2021-01-08 21:50:29] [info]  [18648] Service started in 1422 milliseconds.
[2021-01-08 21:53:11] [info]  [ 3532] Console CTRL+CLOSE event signaled.
[2021-01-08 21:53:11] [info]  [ 3532] Stopping service...
[2021-01-08 21:53:20] [info]  [ 9204] Apache Commons Daemon procrun (1.2.3.0 64-bit) started.
[2021-01-08 21:53:20] [info]  [ 9204] Debugging 'Tomcat8' service...
[2021-01-08 21:53:20] [info]  [ 9204] Starting service...
[2021-01-08 21:53:22] [info]  [ 9204] Service started in 1274 milliseconds.
[2021-01-08 21:56:36] [info]  [ 9128] Console CTRL+CLOSE event signaled.
[2021-01-08 21:56:36] [info]  [ 9128] Stopping service...
[2021-01-08 21:56:54] [info]  [17108] Apache Commons Daemon procrun (1.2.3.0 64-bit) started.
[2021-01-08 21:56:54] [info]  [17108] Debugging 'Tomcat8' service...
[2021-01-08 21:56:54] [info]  [17108] Starting service...
[2021-01-08 21:56:55] [info]  [17108] Service started in 1218 milliseconds.
[2021-01-08 21:58:53] [info]  [ 5076] Console CTRL+CLOSE event signaled.
[2021-01-08 21:58:53] [info]  [ 5076] Stopping service...
[2021-01-08 21:58:54] [info]  [ 5076] Service stop thread completed.
[2021-01-08 21:58:59] [info]  [17928] Apache Commons Daemon procrun (1.2.3.0 64-bit) started.
[2021-01-08 21:58:59] [info]  [17928] Debugging 'Tomcat8' service...
[2021-01-08 21:58:59] [info]  [17928] Starting service...
[2021-01-08 21:59:00] [info]  [17928] Service started in 1210 milliseconds.
[2021-01-08 21:59:41] [info]  [ 5004] Console CTRL+CLOSE event signaled.
[2021-01-08 21:59:41] [info]  [ 5004] Stopping service...
[2021-01-08 21:59:42] [info]  [ 5004] Service stop thread completed.
[2021-01-08 21:59:48] [info]  [18552] Apache Commons Daemon procrun (1.2.3.0 64-bit) started.
[2021-01-08 21:59:48] [info]  [18552] Debugging 'Tomcat8' service...
[2021-01-08 21:59:48] [info]  [18552] Starting service...
[2021-01-08 21:59:49] [info]  [18552] Service started in 1304 milliseconds.
[2021-01-08 22:01:13] [info]  [ 9780] Console CTRL+CLOSE event signaled.
[2021-01-08 22:01:13] [info]  [ 9780] Stopping service...
[2021-01-08 22:01:14] [info]  [ 9780] Service stop thread completed.
[2021-01-08 22:01:18] [info]  [13220] Apache Commons Daemon procrun (1.2.3.0 64-bit) started.
[2021-01-08 22:01:18] [info]  [13220] Debugging 'Tomcat8' service...
[2021-01-08 22:01:18] [info]  [13220] Starting service...
[2021-01-08 22:01:20] [info]  [13220] Service started in 1352 milliseconds.
[2021-01-08 22:07:19] [info]  [11552] Console CTRL+CLOSE event signaled.
[2021-01-08 22:07:19] [info]  [11552] Stopping service...
[2021-01-08 22:07:20] [info]  [11552] Service stop thread completed.
[2021-01-08 22:07:25] [info]  [18916] Apache Commons Daemon procrun (1.2.3.0 64-bit) started.
[2021-01-08 22:07:25] [info]  [18916] Debugging 'Tomcat8' service...
[2021-01-08 22:07:25] [info]  [18916] Starting service...
[2021-01-08 22:07:26] [info]  [18916] Service started in 1223 milliseconds.
[2021-01-08 22:39:43] [info]  [18864] Console CTRL+CLOSE event signaled.
[2021-01-08 22:39:43] [info]  [18864] Stopping service...
[2021-01-08 22:39:44] [info]  [18864] Service stop thread completed.
[2021-01-08 22:40:30] [info]  [13264] Apache Commons Daemon procrun (1.2.3.0 64-bit) started.
[2021-01-08 22:40:30] [info]  [13264] Debugging 'Tomcat8' service...
[2021-01-08 22:40:30] [info]  [13264] Starting service...
[2021-01-08 22:40:31] [info]  [13264] Service started in 1304 milliseconds.
[2021-01-08 22:41:25] [info]  [18800] Console CTRL+CLOSE event signaled.
[2021-01-08 22:41:25] [info]  [18800] Stopping service...
[2021-01-08 22:41:26] [info]  [18800] Service stop thread completed.
[2021-01-08 22:41:58] [info]  [ 1692] Apache Commons Daemon procrun (1.2.3.0 64-bit) started.
[2021-01-08 22:41:58] [info]  [ 1692] Debugging 'Tomcat8' service...
[2021-01-08 22:41:58] [info]  [ 1692] Starting service...
[2021-01-08 22:41:59] [info]  [ 1692] Service started in 1327 milliseconds.
[2021-01-08 22:49:48] [info]  [18796] Console CTRL+CLOSE event signaled.
[2021-01-08 22:49:48] [info]  [18796] Stopping service...
[2021-01-08 22:49:49] [info]  [18796] Service stop thread completed.
[2021-01-08 22:50:19] [info]  [16712] Apache Commons Daemon procrun (1.2.3.0 64-bit) started.
[2021-01-08 22:50:19] [info]  [16712] Debugging 'Tomcat8' service...
[2021-01-08 22:50:19] [info]  [16712] Starting service...
[2021-01-08 22:50:20] [info]  [16712] Service started in 1327 milliseconds.
