[2020-12-20 00:02:27] [info]  [17188] Apache Commons Daemon procrun (1.2.3.0 64-bit) started.
[2020-12-20 00:02:27] [info]  [17188] Debugging 'Tomcat8' service...
[2020-12-20 00:02:27] [info]  [17188] Starting service...
[2020-12-20 00:02:28] [info]  [17188] Service started in 1284 milliseconds.
[2020-12-20 00:13:28] [info]  [17984] Console CTRL+CLOSE event signaled.
[2020-12-20 00:13:28] [info]  [17984] Stopping service...
[2020-12-20 00:13:56] [info]  [11992] Apache Commons Daemon procrun (1.2.3.0 64-bit) started.
[2020-12-20 00:13:56] [info]  [11992] Debugging 'Tomcat8' service...
[2020-12-20 00:13:56] [info]  [11992] Starting service...
[2020-12-20 00:13:58] [info]  [11992] Service started in 1284 milliseconds.
[2020-12-20 00:18:10] [info]  [16240] Console CTRL+CLOSE event signaled.
[2020-12-20 00:18:10] [info]  [16240] Stopping service...
[2020-12-20 00:20:58] [info]  [17832] Apache Commons Daemon procrun (1.2.3.0 64-bit) started.
[2020-12-20 00:20:58] [info]  [17832] Debugging 'Tomcat8' service...
[2020-12-20 00:20:58] [info]  [17832] Starting service...
[2020-12-20 00:20:59] [info]  [17832] Service started in 1293 milliseconds.
[2020-12-20 00:22:07] [info]  [16800] Console CTRL+CLOSE event signaled.
[2020-12-20 00:22:07] [info]  [16800] Stopping service...
[2020-12-20 00:22:08] [info]  [16800] Service stop thread completed.
[2020-12-20 00:30:33] [info]  [13384] Apache Commons Daemon procrun (1.2.3.0 64-bit) started.
[2020-12-20 00:30:33] [info]  [13384] Debugging 'Tomcat8' service...
[2020-12-20 00:30:33] [info]  [13384] Starting service...
[2020-12-20 00:30:34] [info]  [13384] Service started in 1274 milliseconds.
[2020-12-20 00:44:24] [info]  [ 3540] Console CTRL+CLOSE event signaled.
[2020-12-20 00:44:24] [info]  [ 3540] Stopping service...
[2020-12-20 00:44:25] [info]  [ 3540] Service stop thread completed.
[2020-12-20 00:44:57] [info]  [16360] Apache Commons Daemon procrun (1.2.3.0 64-bit) started.
[2020-12-20 00:44:57] [info]  [16360] Debugging 'Tomcat8' service...
[2020-12-20 00:44:57] [info]  [16360] Starting service...
[2020-12-20 00:44:58] [info]  [16360] Service started in 1346 milliseconds.
[2020-12-20 00:49:39] [info]  [10288] Console CTRL+CLOSE event signaled.
[2020-12-20 00:49:39] [info]  [10288] Stopping service...
[2020-12-20 00:49:40] [info]  [10288] Service stop thread completed.
[2020-12-20 08:21:05] [info]  [15084] Apache Commons Daemon procrun (1.2.3.0 64-bit) started.
[2020-12-20 08:21:05] [info]  [15084] Debugging 'Tomcat8' service...
[2020-12-20 08:21:05] [info]  [15084] Starting service...
[2020-12-20 08:21:06] [info]  [15084] Service started in 1437 milliseconds.
[2020-12-20 08:21:47] [info]  [ 3340] Console CTRL+BREAK event signaled.
[2020-12-20 08:24:44] [info]  [16748] Console CTRL+BREAK event signaled.
[2020-12-20 08:28:46] [info]  [15012] Console CTRL+CLOSE event signaled.
[2020-12-20 08:28:46] [info]  [15012] Stopping service...
[2020-12-20 08:28:47] [info]  [15012] Service stop thread completed.
[2020-12-20 08:29:34] [info]  [18244] Apache Commons Daemon procrun (1.2.3.0 64-bit) started.
[2020-12-20 08:29:34] [info]  [18244] Debugging 'Tomcat8' service...
[2020-12-20 08:29:34] [info]  [18244] Starting service...
[2020-12-20 08:29:35] [info]  [18244] Service started in 1275 milliseconds.
[2020-12-20 08:29:43] [info]  [ 1032] Console CTRL+BREAK event signaled.
[2020-12-20 08:35:48] [info]  [12224] Console CTRL+CLOSE event signaled.
[2020-12-20 08:35:48] [info]  [12224] Stopping service...
[2020-12-20 08:35:49] [info]  [12224] Service stop thread completed.
[2020-12-20 08:36:05] [info]  [ 3632] Apache Commons Daemon procrun (1.2.3.0 64-bit) started.
[2020-12-20 08:36:05] [info]  [ 3632] Debugging 'Tomcat8' service...
[2020-12-20 08:36:05] [info]  [ 3632] Starting service...
[2020-12-20 08:36:07] [info]  [ 3632] Service started in 1278 milliseconds.
[2020-12-20 08:39:13] [info]  [13584] Console CTRL+CLOSE event signaled.
[2020-12-20 08:39:13] [info]  [13584] Stopping service...
[2020-12-20 08:39:14] [info]  [13584] Service stop thread completed.
[2020-12-20 08:40:43] [info]  [ 9100] Apache Commons Daemon procrun (1.2.3.0 64-bit) started.
[2020-12-20 08:40:43] [info]  [ 9100] Debugging 'Tomcat8' service...
[2020-12-20 08:40:43] [info]  [ 9100] Starting service...
[2020-12-20 08:40:44] [info]  [ 9100] Service started in 1259 milliseconds.
[2020-12-20 08:48:11] [info]  [12456] Console CTRL+CLOSE event signaled.
[2020-12-20 08:48:11] [info]  [12456] Stopping service...
[2020-12-20 08:48:30] [info]  [ 4788] Apache Commons Daemon procrun (1.2.3.0 64-bit) started.
[2020-12-20 08:48:30] [info]  [ 4788] Debugging 'Tomcat8' service...
[2020-12-20 08:48:30] [info]  [ 4788] Starting service...
[2020-12-20 08:48:32] [info]  [ 4788] Service started in 1358 milliseconds.
[2020-12-20 09:00:27] [info]  [17040] Console CTRL+CLOSE event signaled.
[2020-12-20 09:00:27] [info]  [17040] Stopping service...
[2020-12-20 09:00:28] [info]  [17040] Service stop thread completed.
[2020-12-20 09:04:23] [info]  [16520] Apache Commons Daemon procrun (1.2.3.0 64-bit) started.
[2020-12-20 09:04:23] [info]  [16520] Debugging 'Tomcat8' service...
[2020-12-20 09:04:23] [info]  [16520] Starting service...
[2020-12-20 09:04:24] [info]  [16520] Service started in 1276 milliseconds.
[2020-12-20 09:09:16] [info]  [ 9784] Console CTRL+CLOSE event signaled.
[2020-12-20 09:09:16] [info]  [ 9784] Stopping service...
[2020-12-20 09:09:17] [info]  [ 9784] Service stop thread completed.
[2020-12-20 09:09:26] [info]  [14472] Apache Commons Daemon procrun (1.2.3.0 64-bit) started.
[2020-12-20 09:09:26] [info]  [14472] Debugging 'Tomcat8' service...
[2020-12-20 09:09:26] [info]  [14472] Starting service...
[2020-12-20 09:09:27] [info]  [14472] Service started in 1275 milliseconds.
[2020-12-20 09:10:26] [info]  [ 5384] Console CTRL+CLOSE event signaled.
[2020-12-20 09:10:26] [info]  [ 5384] Stopping service...
[2020-12-20 09:10:27] [info]  [ 5384] Service stop thread completed.
[2020-12-20 09:10:42] [info]  [17208] Apache Commons Daemon procrun (1.2.3.0 64-bit) started.
[2020-12-20 09:10:42] [info]  [17208] Debugging 'Tomcat8' service...
[2020-12-20 09:10:42] [info]  [17208] Starting service...
[2020-12-20 09:10:44] [info]  [17208] Service started in 1266 milliseconds.
[2020-12-20 09:11:55] [info]  [11908] Console CTRL+CLOSE event signaled.
[2020-12-20 09:11:55] [info]  [11908] Stopping service...
[2020-12-20 09:11:56] [info]  [11908] Service stop thread completed.
[2020-12-20 09:12:11] [info]  [10640] Apache Commons Daemon procrun (1.2.3.0 64-bit) started.
[2020-12-20 09:12:11] [info]  [10640] Debugging 'Tomcat8' service...
[2020-12-20 09:12:11] [info]  [10640] Starting service...
[2020-12-20 09:12:12] [info]  [10640] Service started in 1260 milliseconds.
[2020-12-20 09:13:17] [info]  [ 9328] Console CTRL+CLOSE event signaled.
[2020-12-20 09:13:17] [info]  [ 9328] Stopping service...
[2020-12-20 09:13:18] [info]  [ 9328] Service stop thread completed.
[2020-12-20 09:13:32] [info]  [18384] Apache Commons Daemon procrun (1.2.3.0 64-bit) started.
[2020-12-20 09:13:32] [info]  [18384] Debugging 'Tomcat8' service...
[2020-12-20 09:13:32] [info]  [18384] Starting service...
[2020-12-20 09:13:34] [info]  [18384] Service started in 1260 milliseconds.
[2020-12-20 09:13:57] [info]  [13704] Console CTRL+CLOSE event signaled.
[2020-12-20 09:13:57] [info]  [13704] Stopping service...
[2020-12-20 09:13:58] [info]  [13704] Service stop thread completed.
