[2020-12-29 11:25:16] [info]  [23260] Apache Commons Daemon procrun (1.2.3.0 64-bit) started.
[2020-12-29 11:25:16] [info]  [23260] Debugging 'Tomcat8' service...
[2020-12-29 11:25:16] [info]  [23260] Starting service...
[2020-12-29 11:25:18] [info]  [23260] Service started in 1871 milliseconds.
[2020-12-29 11:30:52] [info]  [ 2828] Console CTRL+CLOSE event signaled.
[2020-12-29 11:30:52] [info]  [ 2828] Stopping service...
[2020-12-29 11:30:53] [info]  [ 2828] Service stop thread completed.
[2020-12-29 11:31:09] [info]  [18388] Apache Commons Daemon procrun (1.2.3.0 64-bit) started.
[2020-12-29 11:31:09] [info]  [18388] Debugging 'Tomcat8' service...
[2020-12-29 11:31:09] [info]  [18388] Starting service...
[2020-12-29 11:31:10] [info]  [18388] Service started in 1355 milliseconds.
[2020-12-29 11:36:11] [info]  [ 5100] Console CTRL+CLOSE event signaled.
[2020-12-29 11:36:11] [info]  [ 5100] Stopping service...
[2020-12-29 11:36:12] [info]  [ 5100] Service stop thread completed.
[2020-12-29 11:36:22] [info]  [ 2760] Apache Commons Daemon procrun (1.2.3.0 64-bit) started.
[2020-12-29 11:36:22] [info]  [ 2760] Debugging 'Tomcat8' service...
[2020-12-29 11:36:22] [info]  [ 2760] Starting service...
[2020-12-29 11:36:23] [info]  [ 2760] Service started in 1379 milliseconds.
[2020-12-29 11:38:33] [info]  [20304] Console CTRL+CLOSE event signaled.
[2020-12-29 11:38:33] [info]  [20304] Stopping service...
[2020-12-29 11:38:34] [info]  [20304] Service stop thread completed.
[2020-12-29 11:39:17] [info]  [23484] Apache Commons Daemon procrun (1.2.3.0 64-bit) started.
[2020-12-29 11:39:17] [info]  [23484] Debugging 'Tomcat8' service...
[2020-12-29 11:39:17] [info]  [23484] Starting service...
[2020-12-29 11:39:19] [info]  [23484] Service started in 1349 milliseconds.
[2020-12-29 11:42:30] [info]  [12152] Console CTRL+CLOSE event signaled.
[2020-12-29 11:42:30] [info]  [12152] Stopping service...
[2020-12-29 11:42:31] [info]  [12152] Service stop thread completed.
[2020-12-29 11:42:45] [info]  [21816] Apache Commons Daemon procrun (1.2.3.0 64-bit) started.
[2020-12-29 11:42:45] [info]  [21816] Debugging 'Tomcat8' service...
[2020-12-29 11:42:45] [info]  [21816] Starting service...
[2020-12-29 11:42:47] [info]  [21816] Service started in 1328 milliseconds.
[2020-12-29 11:48:43] [info]  [21424] Console CTRL+CLOSE event signaled.
[2020-12-29 11:48:43] [info]  [21424] Stopping service...
[2020-12-29 11:48:44] [info]  [21424] Service stop thread completed.
[2020-12-29 11:48:50] [info]  [22288] Apache Commons Daemon procrun (1.2.3.0 64-bit) started.
[2020-12-29 11:48:50] [info]  [22288] Debugging 'Tomcat8' service...
[2020-12-29 11:48:50] [info]  [22288] Starting service...
[2020-12-29 11:48:52] [info]  [22288] Service started in 1373 milliseconds.
[2020-12-29 11:52:11] [info]  [12132] Console CTRL+CLOSE event signaled.
[2020-12-29 11:52:11] [info]  [12132] Stopping service...
[2020-12-29 11:52:12] [info]  [12132] Service stop thread completed.
[2020-12-29 11:52:23] [info]  [20916] Apache Commons Daemon procrun (1.2.3.0 64-bit) started.
[2020-12-29 11:52:23] [info]  [20916] Debugging 'Tomcat8' service...
[2020-12-29 11:52:23] [info]  [20916] Starting service...
[2020-12-29 11:52:25] [info]  [20916] Service started in 1338 milliseconds.
[2020-12-29 12:11:13] [info]  [23400] Console CTRL+CLOSE event signaled.
[2020-12-29 12:11:13] [info]  [23400] Stopping service...
[2020-12-29 12:11:42] [info]  [18188] Apache Commons Daemon procrun (1.2.3.0 64-bit) started.
[2020-12-29 12:11:42] [info]  [18188] Debugging 'Tomcat8' service...
[2020-12-29 12:11:42] [info]  [18188] Starting service...
[2020-12-29 12:11:43] [info]  [18188] Service started in 1416 milliseconds.
[2020-12-29 12:14:13] [info]  [22792] Console CTRL+CLOSE event signaled.
[2020-12-29 12:14:13] [info]  [22792] Stopping service...
[2020-12-29 12:14:28] [info]  [ 7308] Apache Commons Daemon procrun (1.2.3.0 64-bit) started.
[2020-12-29 12:14:28] [info]  [ 7308] Debugging 'Tomcat8' service...
[2020-12-29 12:14:28] [info]  [ 7308] Starting service...
[2020-12-29 12:14:29] [info]  [ 7308] Service started in 1416 milliseconds.
[2020-12-29 12:22:31] [info]  [ 6292] Console CTRL+CLOSE event signaled.
[2020-12-29 12:22:31] [info]  [ 6292] Stopping service...
[2020-12-29 12:22:32] [info]  [ 6292] Service stop thread completed.
[2020-12-29 12:22:45] [info]  [21160] Apache Commons Daemon procrun (1.2.3.0 64-bit) started.
[2020-12-29 12:22:45] [info]  [21160] Debugging 'Tomcat8' service...
[2020-12-29 12:22:45] [info]  [21160] Starting service...
[2020-12-29 12:22:47] [info]  [21160] Service started in 1593 milliseconds.
[2020-12-29 12:23:55] [info]  [11404] Console CTRL+CLOSE event signaled.
[2020-12-29 12:23:55] [info]  [11404] Stopping service...
[2020-12-29 12:24:10] [info]  [10388] Apache Commons Daemon procrun (1.2.3.0 64-bit) started.
[2020-12-29 12:24:10] [info]  [10388] Debugging 'Tomcat8' service...
[2020-12-29 12:24:10] [info]  [10388] Starting service...
[2020-12-29 12:24:12] [info]  [10388] Service started in 1454 milliseconds.
[2020-12-29 12:26:48] [info]  [16176] Apache Commons Daemon procrun (1.2.3.0 64-bit) started.
[2020-12-29 12:26:48] [info]  [16176] Debugging 'Tomcat8' service...
[2020-12-29 12:26:48] [info]  [16176] Starting service...
[2020-12-29 12:26:49] [info]  [16176] Service started in 1444 milliseconds.
[2020-12-29 12:26:49] [info]  [14160] Console CTRL+CLOSE event signaled.
[2020-12-29 12:26:49] [info]  [14160] Stopping service...
[2020-12-29 12:26:51] [info]  [14160] Service stop thread completed.
[2020-12-29 12:26:51] [info]  [21848] Console CTRL+BREAK event signaled.
[2020-12-29 12:26:58] [info]  [ 2548] Apache Commons Daemon procrun (1.2.3.0 64-bit) started.
[2020-12-29 12:26:58] [info]  [ 2548] Debugging 'Tomcat8' service...
[2020-12-29 12:26:58] [info]  [ 2548] Starting service...
[2020-12-29 12:27:00] [info]  [ 2548] Service started in 1423 milliseconds.
[2020-12-29 12:27:02] [info]  [20576] Console CTRL+CLOSE event signaled.
[2020-12-29 12:27:02] [info]  [20576] Stopping service...
[2020-12-29 12:27:06] [info]  [21020] Console CTRL+BREAK event signaled.
[2020-12-29 12:27:06] [info]  [20576] Service stop thread completed.
[2020-12-29 12:27:09] [info]  [22908] Console CTRL+CLOSE event signaled.
[2020-12-29 12:27:09] [info]  [22908] Stopping service...
[2020-12-29 12:27:10] [info]  [22908] Service stop thread completed.
[2020-12-29 12:27:17] [info]  [13896] Apache Commons Daemon procrun (1.2.3.0 64-bit) started.
[2020-12-29 12:27:17] [info]  [13896] Debugging 'Tomcat8' service...
[2020-12-29 12:27:17] [info]  [13896] Starting service...
[2020-12-29 12:27:18] [info]  [13896] Service started in 1438 milliseconds.
[2020-12-29 12:30:27] [info]  [19888] Console CTRL+CLOSE event signaled.
[2020-12-29 12:30:27] [info]  [19888] Stopping service...
[2020-12-29 12:30:28] [info]  [19888] Service stop thread completed.
[2020-12-29 12:30:51] [info]  [21420] Apache Commons Daemon procrun (1.2.3.0 64-bit) started.
[2020-12-29 12:30:51] [info]  [21420] Debugging 'Tomcat8' service...
[2020-12-29 12:30:51] [info]  [21420] Starting service...
[2020-12-29 12:30:53] [info]  [21420] Service started in 1465 milliseconds.
[2020-12-29 12:34:50] [info]  [20964] Console CTRL+CLOSE event signaled.
[2020-12-29 12:34:50] [info]  [20964] Stopping service...
[2020-12-29 12:34:51] [info]  [20964] Service stop thread completed.
[2020-12-29 12:35:07] [info]  [ 4328] Apache Commons Daemon procrun (1.2.3.0 64-bit) started.
[2020-12-29 12:35:07] [info]  [ 4328] Debugging 'Tomcat8' service...
[2020-12-29 12:35:07] [info]  [ 4328] Starting service...
[2020-12-29 12:35:08] [info]  [ 4328] Service started in 1315 milliseconds.
[2020-12-29 12:39:32] [info]  [ 9936] Console CTRL+CLOSE event signaled.
[2020-12-29 12:39:32] [info]  [ 9936] Stopping service...
[2020-12-29 12:39:33] [info]  [ 9936] Service stop thread completed.
[2020-12-29 12:39:36] [info]  [19712] Apache Commons Daemon procrun (1.2.3.0 64-bit) started.
[2020-12-29 12:39:36] [info]  [19712] Debugging 'Tomcat8' service...
[2020-12-29 12:39:36] [info]  [19712] Starting service...
[2020-12-29 12:39:38] [info]  [19712] Service started in 1291 milliseconds.
[2020-12-29 12:44:57] [info]  [ 8404] Console CTRL+CLOSE event signaled.
[2020-12-29 12:44:57] [info]  [ 8404] Stopping service...
[2020-12-29 12:44:58] [info]  [ 8404] Service stop thread completed.
[2020-12-29 12:45:03] [info]  [23448] Apache Commons Daemon procrun (1.2.3.0 64-bit) started.
[2020-12-29 12:45:03] [info]  [23448] Debugging 'Tomcat8' service...
[2020-12-29 12:45:03] [info]  [23448] Starting service...
[2020-12-29 12:45:05] [info]  [23448] Service started in 1827 milliseconds.
[2020-12-29 12:46:20] [info]  [ 3224] Console CTRL+CLOSE event signaled.
[2020-12-29 12:46:20] [info]  [ 3224] Stopping service...
[2020-12-29 12:46:21] [info]  [ 3224] Service stop thread completed.
[2020-12-29 12:46:28] [info]  [14016] Apache Commons Daemon procrun (1.2.3.0 64-bit) started.
[2020-12-29 12:46:28] [info]  [14016] Debugging 'Tomcat8' service...
[2020-12-29 12:46:28] [info]  [14016] Starting service...
[2020-12-29 12:46:30] [info]  [14016] Service started in 1374 milliseconds.
[2020-12-29 13:31:08] [info]  [23396] Console CTRL+CLOSE event signaled.
[2020-12-29 13:31:08] [info]  [23396] Stopping service...
[2020-12-29 13:31:09] [info]  [23396] Service stop thread completed.
[2020-12-29 13:31:17] [info]  [22872] Apache Commons Daemon procrun (1.2.3.0 64-bit) started.
[2020-12-29 13:31:17] [info]  [22872] Debugging 'Tomcat8' service...
[2020-12-29 13:31:17] [info]  [22872] Starting service...
[2020-12-29 13:31:18] [info]  [22872] Service started in 1342 milliseconds.
[2020-12-29 13:32:36] [info]  [18256] Console CTRL+CLOSE event signaled.
[2020-12-29 13:32:36] [info]  [18256] Stopping service...
[2020-12-29 13:32:47] [info]  [16904] Apache Commons Daemon procrun (1.2.3.0 64-bit) started.
[2020-12-29 13:32:47] [info]  [16904] Debugging 'Tomcat8' service...
[2020-12-29 13:32:47] [info]  [16904] Starting service...
[2020-12-29 13:32:48] [info]  [16904] Service started in 1362 milliseconds.
[2020-12-29 16:20:26] [info]  [21292] Console CTRL+CLOSE event signaled.
[2020-12-29 16:20:26] [info]  [21292] Stopping service...
[2020-12-29 16:20:28] [info]  [21292] Service stop thread completed.
[2020-12-29 16:20:33] [info]  [ 2032] Apache Commons Daemon procrun (1.2.3.0 64-bit) started.
[2020-12-29 16:20:33] [info]  [ 2032] Debugging 'Tomcat8' service...
[2020-12-29 16:20:33] [info]  [ 2032] Starting service...
[2020-12-29 16:20:36] [info]  [ 2032] Service started in 3599 milliseconds.
[2020-12-29 16:33:46] [info]  [19564] Console CTRL+CLOSE event signaled.
[2020-12-29 16:33:46] [info]  [19564] Stopping service...
[2020-12-29 16:34:10] [info]  [15032] Apache Commons Daemon procrun (1.2.3.0 64-bit) started.
[2020-12-29 16:34:10] [info]  [15032] Debugging 'Tomcat8' service...
[2020-12-29 16:34:10] [info]  [15032] Starting service...
[2020-12-29 16:34:11] [info]  [15032] Service started in 1231 milliseconds.
[2020-12-29 17:10:57] [info]  [17720] Console CTRL+CLOSE event signaled.
[2020-12-29 17:10:57] [info]  [17720] Stopping service...
[2020-12-29 17:11:13] [info]  [ 2076] Apache Commons Daemon procrun (1.2.3.0 64-bit) started.
[2020-12-29 17:11:13] [info]  [ 2076] Debugging 'Tomcat8' service...
[2020-12-29 17:11:13] [info]  [ 2076] Starting service...
[2020-12-29 17:11:14] [info]  [ 2076] Service started in 1240 milliseconds.
[2020-12-29 22:58:56] [info]  [17288] Console CTRL+CLOSE event signaled.
[2020-12-29 22:58:56] [info]  [17288] Stopping service...
[2020-12-29 22:58:58] [info]  [17288] Service stop thread completed.
[2020-12-29 22:59:03] [info]  [23496] Apache Commons Daemon procrun (1.2.3.0 64-bit) started.
[2020-12-29 22:59:03] [info]  [23496] Debugging 'Tomcat8' service...
[2020-12-29 22:59:03] [info]  [23496] Starting service...
[2020-12-29 22:59:05] [info]  [23496] Service started in 1684 milliseconds.
[2020-12-29 23:42:16] [info]  [15264] Console CTRL+CLOSE event signaled.
[2020-12-29 23:42:16] [info]  [15264] Stopping service...
[2020-12-29 23:42:25] [info]  [ 8792] Apache Commons Daemon procrun (1.2.3.0 64-bit) started.
[2020-12-29 23:42:25] [info]  [ 8792] Debugging 'Tomcat8' service...
[2020-12-29 23:42:25] [info]  [ 8792] Starting service...
[2020-12-29 23:42:26] [info]  [ 8792] Service started in 1286 milliseconds.
[2020-12-29 23:50:57] [info]  [20332] Console CTRL+CLOSE event signaled.
[2020-12-29 23:50:57] [info]  [20332] Stopping service...
[2020-12-29 23:51:06] [info]  [18972] Apache Commons Daemon procrun (1.2.3.0 64-bit) started.
[2020-12-29 23:51:06] [info]  [18972] Debugging 'Tomcat8' service...
[2020-12-29 23:51:06] [info]  [18972] Starting service...
[2020-12-29 23:51:08] [info]  [18972] Service started in 1552 milliseconds.
[2020-12-30 00:07:23] [info]  [ 4176] Console CTRL+CLOSE event signaled.
[2020-12-30 00:07:23] [info]  [ 4176] Stopping service...
