[2021-01-07 14:36:17] [info]  [12580] Apache Commons Daemon procrun (1.2.3.0 64-bit) started.
[2021-01-07 14:36:17] [info]  [12580] Debugging 'Tomcat8' service...
[2021-01-07 14:36:17] [info]  [12580] Starting service...
[2021-01-07 14:36:19] [info]  [12580] Service started in 1269 milliseconds.
[2021-01-07 15:15:40] [info]  [15628] Console CTRL+CLOSE event signaled.
[2021-01-07 15:15:40] [info]  [15628] Stopping service...
[2021-01-07 15:15:41] [info]  [15628] Service stop thread completed.
[2021-01-07 15:15:45] [info]  [15504] Apache Commons Daemon procrun (1.2.3.0 64-bit) started.
[2021-01-07 15:15:45] [info]  [15504] Debugging 'Tomcat8' service...
[2021-01-07 15:15:45] [info]  [15504] Starting service...
[2021-01-07 15:15:47] [info]  [15504] Service started in 1186 milliseconds.
[2021-01-07 15:34:46] [info]  [ 5620] Console CTRL+CLOSE event signaled.
[2021-01-07 15:34:46] [info]  [ 5620] Stopping service...
[2021-01-07 15:34:47] [info]  [ 5620] Service stop thread completed.
[2021-01-07 15:34:51] [info]  [ 2600] Apache Commons Daemon procrun (1.2.3.0 64-bit) started.
[2021-01-07 15:34:51] [info]  [ 2600] Debugging 'Tomcat8' service...
[2021-01-07 15:34:51] [info]  [ 2600] Starting service...
[2021-01-07 15:34:52] [info]  [ 2600] Service started in 1238 milliseconds.
[2021-01-07 15:35:24] [info]  [15764] Console CTRL+CLOSE event signaled.
[2021-01-07 15:35:24] [info]  [15764] Stopping service...
[2021-01-07 15:35:25] [info]  [15764] Service stop thread completed.
[2021-01-07 15:35:28] [info]  [18096] Apache Commons Daemon procrun (1.2.3.0 64-bit) started.
[2021-01-07 15:35:28] [info]  [18096] Debugging 'Tomcat8' service...
[2021-01-07 15:35:28] [info]  [18096] Starting service...
[2021-01-07 15:35:29] [info]  [18096] Service started in 1215 milliseconds.
[2021-01-07 15:38:08] [info]  [ 4980] Console CTRL+CLOSE event signaled.
[2021-01-07 15:38:08] [info]  [ 4980] Stopping service...
[2021-01-07 15:38:09] [info]  [ 4980] Service stop thread completed.
[2021-01-07 15:38:11] [info]  [ 7016] Apache Commons Daemon procrun (1.2.3.0 64-bit) started.
[2021-01-07 15:38:11] [info]  [ 7016] Debugging 'Tomcat8' service...
[2021-01-07 15:38:11] [info]  [ 7016] Starting service...
[2021-01-07 15:38:12] [info]  [ 7016] Service started in 1228 milliseconds.
[2021-01-07 15:39:51] [info]  [ 3472] Console CTRL+CLOSE event signaled.
[2021-01-07 15:39:51] [info]  [ 3472] Stopping service...
[2021-01-07 15:40:03] [info]  [ 8672] Apache Commons Daemon procrun (1.2.3.0 64-bit) started.
[2021-01-07 15:40:03] [info]  [ 8672] Debugging 'Tomcat8' service...
[2021-01-07 15:40:03] [info]  [ 8672] Starting service...
[2021-01-07 15:40:04] [info]  [ 8672] Service started in 1522 milliseconds.
[2021-01-07 15:42:36] [info]  [ 1464] Console CTRL+CLOSE event signaled.
[2021-01-07 15:42:36] [info]  [ 1464] Stopping service...
[2021-01-07 15:42:37] [info]  [ 1464] Service stop thread completed.
[2021-01-07 15:42:41] [info]  [  864] Apache Commons Daemon procrun (1.2.3.0 64-bit) started.
[2021-01-07 15:42:41] [info]  [  864] Debugging 'Tomcat8' service...
[2021-01-07 15:42:41] [info]  [  864] Starting service...
[2021-01-07 15:42:42] [info]  [  864] Service started in 1212 milliseconds.
[2021-01-07 15:46:06] [info]  [12996] Console CTRL+CLOSE event signaled.
[2021-01-07 15:46:06] [info]  [12996] Stopping service...
[2021-01-07 15:46:07] [info]  [12996] Service stop thread completed.
[2021-01-07 15:46:11] [info]  [13528] Apache Commons Daemon procrun (1.2.3.0 64-bit) started.
[2021-01-07 15:46:11] [info]  [13528] Debugging 'Tomcat8' service...
[2021-01-07 15:46:11] [info]  [13528] Starting service...
[2021-01-07 15:46:12] [info]  [13528] Service started in 1213 milliseconds.
[2021-01-07 15:46:53] [info]  [17496] Console CTRL+CLOSE event signaled.
[2021-01-07 15:46:53] [info]  [17496] Stopping service...
[2021-01-07 15:48:41] [info]  [11508] Apache Commons Daemon procrun (1.2.3.0 64-bit) started.
[2021-01-07 15:48:41] [info]  [11508] Debugging 'Tomcat8' service...
[2021-01-07 15:48:41] [info]  [11508] Starting service...
[2021-01-07 15:48:43] [info]  [11508] Service started in 1241 milliseconds.
[2021-01-07 15:51:31] [info]  [15456] Console CTRL+CLOSE event signaled.
[2021-01-07 15:51:31] [info]  [15456] Stopping service...
[2021-01-07 15:51:32] [info]  [15456] Service stop thread completed.
[2021-01-07 15:51:36] [info]  [16212] Apache Commons Daemon procrun (1.2.3.0 64-bit) started.
[2021-01-07 15:51:36] [info]  [16212] Debugging 'Tomcat8' service...
[2021-01-07 15:51:36] [info]  [16212] Starting service...
[2021-01-07 15:51:37] [info]  [16212] Service started in 1188 milliseconds.
[2021-01-07 15:54:51] [info]  [13452] Console CTRL+CLOSE event signaled.
[2021-01-07 15:54:51] [info]  [13452] Stopping service...
[2021-01-07 15:54:52] [info]  [13452] Service stop thread completed.
[2021-01-07 15:54:55] [info]  [12448] Apache Commons Daemon procrun (1.2.3.0 64-bit) started.
[2021-01-07 15:54:55] [info]  [12448] Debugging 'Tomcat8' service...
[2021-01-07 15:54:55] [info]  [12448] Starting service...
[2021-01-07 15:54:56] [info]  [12448] Service started in 1226 milliseconds.
[2021-01-07 15:57:46] [info]  [16812] Console CTRL+CLOSE event signaled.
[2021-01-07 15:57:46] [info]  [16812] Stopping service...
[2021-01-07 15:57:55] [info]  [15364] Apache Commons Daemon procrun (1.2.3.0 64-bit) started.
[2021-01-07 15:57:55] [info]  [15364] Debugging 'Tomcat8' service...
[2021-01-07 15:57:55] [info]  [15364] Starting service...
[2021-01-07 15:57:56] [info]  [15364] Service started in 1236 milliseconds.
[2021-01-07 16:12:09] [info]  [12048] Console CTRL+CLOSE event signaled.
[2021-01-07 16:12:09] [info]  [12048] Stopping service...
[2021-01-07 16:12:10] [info]  [12048] Service stop thread completed.
[2021-01-07 16:12:14] [info]  [ 2936] Apache Commons Daemon procrun (1.2.3.0 64-bit) started.
[2021-01-07 16:12:14] [info]  [ 2936] Debugging 'Tomcat8' service...
[2021-01-07 16:12:14] [info]  [ 2936] Starting service...
[2021-01-07 16:12:15] [info]  [ 2936] Service started in 1233 milliseconds.
[2021-01-07 16:22:28] [info]  [10748] Console CTRL+CLOSE event signaled.
[2021-01-07 16:22:28] [info]  [10748] Stopping service...
[2021-01-07 16:22:37] [info]  [13596] Apache Commons Daemon procrun (1.2.3.0 64-bit) started.
[2021-01-07 16:22:37] [info]  [13596] Debugging 'Tomcat8' service...
[2021-01-07 16:22:37] [info]  [13596] Starting service...
[2021-01-07 16:22:38] [info]  [13596] Service started in 1187 milliseconds.
[2021-01-07 16:27:47] [info]  [ 1740] Console CTRL+CLOSE event signaled.
[2021-01-07 16:27:47] [info]  [ 1740] Stopping service...
[2021-01-07 16:28:28] [info]  [16216] Apache Commons Daemon procrun (1.2.3.0 64-bit) started.
[2021-01-07 16:28:28] [info]  [16216] Debugging 'Tomcat8' service...
[2021-01-07 16:28:28] [info]  [16216] Starting service...
[2021-01-07 16:28:29] [info]  [16216] Service started in 1227 milliseconds.
[2021-01-07 16:32:04] [info]  [19412] Console CTRL+CLOSE event signaled.
[2021-01-07 16:32:04] [info]  [19412] Stopping service...
[2021-01-07 16:32:13] [info]  [ 3644] Apache Commons Daemon procrun (1.2.3.0 64-bit) started.
[2021-01-07 16:32:13] [info]  [ 3644] Debugging 'Tomcat8' service...
[2021-01-07 16:32:13] [info]  [ 3644] Starting service...
[2021-01-07 16:32:14] [info]  [ 3644] Service started in 1215 milliseconds.
[2021-01-07 16:36:05] [info]  [19076] Console CTRL+CLOSE event signaled.
[2021-01-07 16:36:05] [info]  [19076] Stopping service...
[2021-01-07 16:36:06] [info]  [19076] Service stop thread completed.
[2021-01-07 16:36:16] [info]  [12164] Apache Commons Daemon procrun (1.2.3.0 64-bit) started.
[2021-01-07 16:36:16] [info]  [12164] Debugging 'Tomcat8' service...
[2021-01-07 16:36:16] [info]  [12164] Starting service...
[2021-01-07 16:36:17] [info]  [12164] Service started in 1211 milliseconds.
[2021-01-07 16:56:25] [info]  [19032] Console CTRL+CLOSE event signaled.
[2021-01-07 16:56:25] [info]  [19032] Stopping service...
[2021-01-07 16:56:35] [info]  [11328] Apache Commons Daemon procrun (1.2.3.0 64-bit) started.
[2021-01-07 16:56:35] [info]  [11328] Debugging 'Tomcat8' service...
[2021-01-07 16:56:35] [info]  [11328] Starting service...
[2021-01-07 16:56:37] [info]  [11328] Service started in 1201 milliseconds.
[2021-01-07 16:59:10] [info]  [11164] Console CTRL+CLOSE event signaled.
[2021-01-07 16:59:10] [info]  [11164] Stopping service...
[2021-01-07 16:59:19] [info]  [14728] Apache Commons Daemon procrun (1.2.3.0 64-bit) started.
[2021-01-07 16:59:19] [info]  [14728] Debugging 'Tomcat8' service...
[2021-01-07 16:59:19] [info]  [14728] Starting service...
[2021-01-07 16:59:20] [info]  [14728] Service started in 1226 milliseconds.
[2021-01-07 17:10:31] [info]  [17308] Console CTRL+CLOSE event signaled.
[2021-01-07 17:10:31] [info]  [17308] Stopping service...
[2021-01-07 17:10:40] [info]  [ 4060] Apache Commons Daemon procrun (1.2.3.0 64-bit) started.
[2021-01-07 17:10:40] [info]  [ 4060] Debugging 'Tomcat8' service...
[2021-01-07 17:10:40] [info]  [ 4060] Starting service...
[2021-01-07 17:10:41] [info]  [ 4060] Service started in 1209 milliseconds.
[2021-01-07 17:13:39] [info]  [ 2152] Console CTRL+CLOSE event signaled.
[2021-01-07 17:13:39] [info]  [ 2152] Stopping service...
[2021-01-07 17:13:40] [info]  [ 2152] Service stop thread completed.
[2021-01-07 17:15:43] [info]  [17804] Apache Commons Daemon procrun (1.2.3.0 64-bit) started.
[2021-01-07 17:15:43] [info]  [17804] Debugging 'Tomcat8' service...
[2021-01-07 17:15:43] [info]  [17804] Starting service...
[2021-01-07 17:15:45] [info]  [17804] Service started in 1297 milliseconds.
[2021-01-07 17:18:00] [info]  [11080] Console CTRL+CLOSE event signaled.
[2021-01-07 17:18:00] [info]  [11080] Stopping service...
[2021-01-07 17:18:01] [info]  [11080] Service stop thread completed.
[2021-01-07 17:18:08] [info]  [15320] Apache Commons Daemon procrun (1.2.3.0 64-bit) started.
[2021-01-07 17:18:08] [info]  [15320] Debugging 'Tomcat8' service...
[2021-01-07 17:18:08] [info]  [15320] Starting service...
[2021-01-07 17:18:10] [info]  [15320] Service started in 1611 milliseconds.
[2021-01-07 17:20:31] [info]  [ 2732] Console CTRL+CLOSE event signaled.
[2021-01-07 17:20:31] [info]  [ 2732] Stopping service...
[2021-01-07 17:20:32] [info]  [ 2732] Service stop thread completed.
[2021-01-07 17:20:35] [info]  [ 1748] Apache Commons Daemon procrun (1.2.3.0 64-bit) started.
[2021-01-07 17:20:35] [info]  [ 1748] Debugging 'Tomcat8' service...
[2021-01-07 17:20:35] [info]  [ 1748] Starting service...
[2021-01-07 17:20:37] [info]  [ 1748] Service started in 1248 milliseconds.
[2021-01-07 17:25:31] [info]  [16680] Console CTRL+CLOSE event signaled.
[2021-01-07 17:25:31] [info]  [16680] Stopping service...
[2021-01-07 17:25:32] [info]  [16680] Service stop thread completed.
[2021-01-07 17:25:36] [info]  [16264] Apache Commons Daemon procrun (1.2.3.0 64-bit) started.
[2021-01-07 17:25:36] [info]  [16264] Debugging 'Tomcat8' service...
[2021-01-07 17:25:36] [info]  [16264] Starting service...
[2021-01-07 17:25:37] [info]  [16264] Service started in 1228 milliseconds.
[2021-01-07 17:36:55] [info]  [15560] Console CTRL+CLOSE event signaled.
[2021-01-07 17:36:55] [info]  [15560] Stopping service...
[2021-01-07 17:37:05] [info]  [19324] Apache Commons Daemon procrun (1.2.3.0 64-bit) started.
[2021-01-07 17:37:05] [info]  [19324] Debugging 'Tomcat8' service...
[2021-01-07 17:37:05] [info]  [19324] Starting service...
[2021-01-07 17:37:06] [info]  [19324] Service started in 1380 milliseconds.
[2021-01-07 17:42:07] [info]  [ 4060] Console CTRL+CLOSE event signaled.
[2021-01-07 17:42:07] [info]  [ 4060] Stopping service...
[2021-01-07 17:42:16] [info]  [16680] Apache Commons Daemon procrun (1.2.3.0 64-bit) started.
[2021-01-07 17:42:16] [info]  [16680] Debugging 'Tomcat8' service...
[2021-01-07 17:42:16] [info]  [16680] Starting service...
[2021-01-07 17:42:17] [info]  [16680] Service started in 1229 milliseconds.
[2021-01-07 17:46:44] [info]  [14484] Console CTRL+CLOSE event signaled.
[2021-01-07 17:46:44] [info]  [14484] Stopping service...
[2021-01-07 17:46:55] [info]  [15732] Apache Commons Daemon procrun (1.2.3.0 64-bit) started.
[2021-01-07 17:46:55] [info]  [15732] Debugging 'Tomcat8' service...
[2021-01-07 17:46:55] [info]  [15732] Starting service...
[2021-01-07 17:46:56] [info]  [15732] Service started in 1446 milliseconds.
[2021-01-07 17:52:41] [info]  [  336] Console CTRL+CLOSE event signaled.
[2021-01-07 17:52:41] [info]  [  336] Stopping service...
[2021-01-07 17:52:42] [info]  [  336] Service stop thread completed.
[2021-01-07 17:52:46] [info]  [17484] Apache Commons Daemon procrun (1.2.3.0 64-bit) started.
[2021-01-07 17:52:46] [info]  [17484] Debugging 'Tomcat8' service...
[2021-01-07 17:52:46] [info]  [17484] Starting service...
[2021-01-07 17:52:47] [info]  [17484] Service started in 1211 milliseconds.
[2021-01-07 17:57:28] [info]  [18844] Console CTRL+CLOSE event signaled.
[2021-01-07 17:57:28] [info]  [18844] Stopping service...
[2021-01-07 17:57:29] [info]  [18844] Service stop thread completed.
[2021-01-07 17:58:03] [info]  [11488] Apache Commons Daemon procrun (1.2.3.0 64-bit) started.
[2021-01-07 17:58:03] [info]  [11488] Debugging 'Tomcat8' service...
[2021-01-07 17:58:03] [info]  [11488] Starting service...
[2021-01-07 17:58:04] [info]  [11488] Service started in 1416 milliseconds.
[2021-01-07 17:59:58] [info]  [11572] Console CTRL+CLOSE event signaled.
[2021-01-07 17:59:58] [info]  [11572] Stopping service...
[2021-01-07 17:59:59] [info]  [11572] Service stop thread completed.
[2021-01-07 18:00:42] [info]  [14468] Apache Commons Daemon procrun (1.2.3.0 64-bit) started.
[2021-01-07 18:00:42] [info]  [14468] Debugging 'Tomcat8' service...
[2021-01-07 18:00:42] [info]  [14468] Starting service...
[2021-01-07 18:00:43] [info]  [14468] Service started in 1212 milliseconds.
[2021-01-07 18:09:37] [info]  [15228] Console CTRL+CLOSE event signaled.
[2021-01-07 18:09:37] [info]  [15228] Stopping service...
[2021-01-07 18:09:38] [info]  [15228] Service stop thread completed.
[2021-01-07 18:09:42] [info]  [ 1960] Apache Commons Daemon procrun (1.2.3.0 64-bit) started.
[2021-01-07 18:09:42] [info]  [ 1960] Debugging 'Tomcat8' service...
[2021-01-07 18:09:42] [info]  [ 1960] Starting service...
[2021-01-07 18:09:43] [info]  [ 1960] Service started in 1203 milliseconds.
[2021-01-07 18:11:28] [info]  [11256] Console CTRL+CLOSE event signaled.
[2021-01-07 18:11:28] [info]  [11256] Stopping service...
[2021-01-07 18:11:29] [info]  [11256] Service stop thread completed.
[2021-01-07 18:11:33] [info]  [15648] Apache Commons Daemon procrun (1.2.3.0 64-bit) started.
[2021-01-07 18:11:33] [info]  [15648] Debugging 'Tomcat8' service...
[2021-01-07 18:11:33] [info]  [15648] Starting service...
[2021-01-07 18:11:34] [info]  [15648] Service started in 1223 milliseconds.
[2021-01-07 18:13:23] [info]  [16740] Console CTRL+CLOSE event signaled.
[2021-01-07 18:13:23] [info]  [16740] Stopping service...
[2021-01-07 18:13:24] [info]  [16740] Service stop thread completed.
[2021-01-07 18:13:27] [info]  [ 9368] Apache Commons Daemon procrun (1.2.3.0 64-bit) started.
[2021-01-07 18:13:27] [info]  [ 9368] Debugging 'Tomcat8' service...
[2021-01-07 18:13:27] [info]  [ 9368] Starting service...
[2021-01-07 18:13:28] [info]  [ 9368] Service started in 1206 milliseconds.
[2021-01-07 18:14:59] [info]  [ 7516] Console CTRL+CLOSE event signaled.
[2021-01-07 18:14:59] [info]  [ 7516] Stopping service...
[2021-01-07 18:15:00] [info]  [ 7516] Service stop thread completed.
[2021-01-07 18:15:31] [info]  [14536] Apache Commons Daemon procrun (1.2.3.0 64-bit) started.
[2021-01-07 18:15:31] [info]  [14536] Debugging 'Tomcat8' service...
[2021-01-07 18:15:31] [info]  [14536] Starting service...
[2021-01-07 18:15:32] [info]  [14536] Service started in 1182 milliseconds.
[2021-01-07 18:22:31] [info]  [15040] Console CTRL+CLOSE event signaled.
[2021-01-07 18:22:31] [info]  [15040] Stopping service...
[2021-01-07 18:22:32] [info]  [15040] Service stop thread completed.
[2021-01-07 18:22:35] [info]  [15004] Apache Commons Daemon procrun (1.2.3.0 64-bit) started.
[2021-01-07 18:22:35] [info]  [15004] Debugging 'Tomcat8' service...
[2021-01-07 18:22:35] [info]  [15004] Starting service...
[2021-01-07 18:22:36] [info]  [15004] Service started in 1210 milliseconds.
[2021-01-07 18:27:19] [info]  [14624] Console CTRL+CLOSE event signaled.
[2021-01-07 18:27:19] [info]  [14624] Stopping service...
[2021-01-07 18:27:28] [info]  [17472] Apache Commons Daemon procrun (1.2.3.0 64-bit) started.
[2021-01-07 18:27:28] [info]  [17472] Debugging 'Tomcat8' service...
[2021-01-07 18:27:28] [info]  [17472] Starting service...
[2021-01-07 18:27:30] [info]  [17472] Service started in 1228 milliseconds.
[2021-01-07 18:29:12] [info]  [18924] Console CTRL+CLOSE event signaled.
[2021-01-07 18:29:12] [info]  [18924] Stopping service...
[2021-01-07 18:30:16] [info]  [ 9516] Apache Commons Daemon procrun (1.2.3.0 64-bit) started.
[2021-01-07 18:30:16] [info]  [ 9516] Debugging 'Tomcat8' service...
[2021-01-07 18:30:16] [info]  [ 9516] Starting service...
[2021-01-07 18:30:17] [info]  [ 9516] Service started in 1220 milliseconds.
[2021-01-07 18:32:21] [info]  [  528] Console CTRL+CLOSE event signaled.
[2021-01-07 18:32:21] [info]  [  528] Stopping service...
[2021-01-07 18:33:04] [info]  [ 8652] Apache Commons Daemon procrun (1.2.3.0 64-bit) started.
[2021-01-07 18:33:04] [info]  [ 8652] Debugging 'Tomcat8' service...
[2021-01-07 18:33:04] [info]  [ 8652] Starting service...
[2021-01-07 18:33:05] [info]  [ 8652] Service started in 1439 milliseconds.
[2021-01-07 18:35:00] [info]  [ 6372] Console CTRL+CLOSE event signaled.
[2021-01-07 18:35:00] [info]  [ 6372] Stopping service...
[2021-01-07 18:35:01] [info]  [ 6372] Service stop thread completed.
[2021-01-07 18:35:45] [info]  [ 3776] Apache Commons Daemon procrun (1.2.3.0 64-bit) started.
[2021-01-07 18:35:45] [info]  [ 3776] Debugging 'Tomcat8' service...
[2021-01-07 18:35:45] [info]  [ 3776] Starting service...
[2021-01-07 18:35:46] [info]  [ 3776] Service started in 1218 milliseconds.
[2021-01-07 18:35:49] [info]  [14212] Apache Commons Daemon procrun (1.2.3.0 64-bit) started.
[2021-01-07 18:35:49] [info]  [14212] Debugging 'Tomcat8' service...
[2021-01-07 18:35:49] [info]  [14212] Starting service...
[2021-01-07 18:35:50] [info]  [14212] Service started in 1398 milliseconds.
[2021-01-07 18:35:50] [info]  [10588] Console CTRL+CLOSE event signaled.
[2021-01-07 18:35:50] [info]  [10588] Stopping service...
[2021-01-07 18:35:52] [info]  [10588] Service stop thread completed.
[2021-01-07 18:35:52] [info]  [10368] Console CTRL+BREAK event signaled.
[2021-01-07 18:35:55] [info]  [ 2396] Console CTRL+CLOSE event signaled.
[2021-01-07 18:35:55] [info]  [ 2396] Stopping service...
[2021-01-07 18:35:56] [info]  [ 2396] Service stop thread completed.
[2021-01-07 18:36:00] [info]  [13488] Apache Commons Daemon procrun (1.2.3.0 64-bit) started.
[2021-01-07 18:36:00] [info]  [13488] Debugging 'Tomcat8' service...
[2021-01-07 18:36:00] [info]  [13488] Starting service...
[2021-01-07 18:36:01] [info]  [13488] Service started in 1303 milliseconds.
[2021-01-07 18:37:56] [info]  [13672] Console CTRL+CLOSE event signaled.
[2021-01-07 18:37:56] [info]  [13672] Stopping service...
[2021-01-07 18:38:10] [info]  [16400] Apache Commons Daemon procrun (1.2.3.0 64-bit) started.
[2021-01-07 18:38:10] [info]  [16400] Debugging 'Tomcat8' service...
[2021-01-07 18:38:10] [info]  [16400] Starting service...
[2021-01-07 18:38:11] [info]  [16400] Service started in 1199 milliseconds.
[2021-01-07 18:42:04] [info]  [ 2296] Console CTRL+CLOSE event signaled.
[2021-01-07 18:42:04] [info]  [ 2296] Stopping service...
[2021-01-07 18:42:05] [info]  [ 2296] Service stop thread completed.
[2021-01-07 18:42:09] [info]  [ 3000] Apache Commons Daemon procrun (1.2.3.0 64-bit) started.
[2021-01-07 18:42:09] [info]  [ 3000] Debugging 'Tomcat8' service...
[2021-01-07 18:42:09] [info]  [ 3000] Starting service...
[2021-01-07 18:42:10] [info]  [ 3000] Service started in 1223 milliseconds.
[2021-01-07 18:43:51] [info]  [ 1724] Console CTRL+CLOSE event signaled.
[2021-01-07 18:43:51] [info]  [ 1724] Stopping service...
[2021-01-07 18:43:52] [info]  [ 1724] Service stop thread completed.
[2021-01-07 18:44:32] [info]  [ 6152] Apache Commons Daemon procrun (1.2.3.0 64-bit) started.
[2021-01-07 18:44:32] [info]  [ 6152] Debugging 'Tomcat8' service...
[2021-01-07 18:44:32] [info]  [ 6152] Starting service...
[2021-01-07 18:44:33] [info]  [ 6152] Service started in 1197 milliseconds.
[2021-01-07 18:46:06] [info]  [ 6940] Console CTRL+CLOSE event signaled.
[2021-01-07 18:46:06] [info]  [ 6940] Stopping service...
[2021-01-07 18:46:38] [info]  [19024] Apache Commons Daemon procrun (1.2.3.0 64-bit) started.
[2021-01-07 18:46:38] [info]  [19024] Debugging 'Tomcat8' service...
[2021-01-07 18:46:38] [info]  [19024] Starting service...
[2021-01-07 18:46:39] [info]  [19024] Service started in 1220 milliseconds.
[2021-01-07 18:49:13] [info]  [12060] Console CTRL+CLOSE event signaled.
[2021-01-07 18:49:13] [info]  [12060] Stopping service...
[2021-01-07 18:49:14] [info]  [12060] Service stop thread completed.
[2021-01-07 18:49:54] [info]  [17968] Apache Commons Daemon procrun (1.2.3.0 64-bit) started.
[2021-01-07 18:49:54] [info]  [17968] Debugging 'Tomcat8' service...
[2021-01-07 18:49:54] [info]  [17968] Starting service...
[2021-01-07 18:49:55] [info]  [17968] Service started in 1200 milliseconds.
[2021-01-07 18:51:46] [info]  [ 8536] Console CTRL+CLOSE event signaled.
[2021-01-07 18:51:46] [info]  [ 8536] Stopping service...
[2021-01-07 18:51:47] [info]  [ 8536] Service stop thread completed.
[2021-01-07 18:51:50] [info]  [ 9212] Apache Commons Daemon procrun (1.2.3.0 64-bit) started.
[2021-01-07 18:51:50] [info]  [ 9212] Debugging 'Tomcat8' service...
[2021-01-07 18:51:50] [info]  [ 9212] Starting service...
[2021-01-07 18:51:51] [info]  [ 9212] Service started in 1203 milliseconds.
[2021-01-07 18:53:33] [info]  [16752] Console CTRL+CLOSE event signaled.
[2021-01-07 18:53:33] [info]  [16752] Stopping service...
[2021-01-07 18:53:34] [info]  [16752] Service stop thread completed.
[2021-01-07 18:53:38] [info]  [19248] Apache Commons Daemon procrun (1.2.3.0 64-bit) started.
[2021-01-07 18:53:38] [info]  [19248] Debugging 'Tomcat8' service...
[2021-01-07 18:53:38] [info]  [19248] Starting service...
[2021-01-07 18:53:39] [info]  [19248] Service started in 1239 milliseconds.
[2021-01-07 19:04:22] [info]  [15888] Console CTRL+CLOSE event signaled.
[2021-01-07 19:04:22] [info]  [15888] Stopping service...
[2021-01-07 19:04:31] [info]  [12708] Apache Commons Daemon procrun (1.2.3.0 64-bit) started.
[2021-01-07 19:04:31] [info]  [12708] Debugging 'Tomcat8' service...
[2021-01-07 19:04:31] [info]  [12708] Starting service...
[2021-01-07 19:04:33] [info]  [12708] Service started in 1422 milliseconds.
[2021-01-07 19:06:35] [info]  [16172] Console CTRL+CLOSE event signaled.
[2021-01-07 19:06:35] [info]  [16172] Stopping service...
[2021-01-07 19:06:44] [info]  [14628] Apache Commons Daemon procrun (1.2.3.0 64-bit) started.
[2021-01-07 19:06:44] [info]  [14628] Debugging 'Tomcat8' service...
[2021-01-07 19:06:44] [info]  [14628] Starting service...
[2021-01-07 19:06:45] [info]  [14628] Service started in 1352 milliseconds.
[2021-01-07 19:13:59] [info]  [13172] Console CTRL+CLOSE event signaled.
[2021-01-07 19:13:59] [info]  [13172] Stopping service...
[2021-01-07 19:14:08] [info]  [10356] Apache Commons Daemon procrun (1.2.3.0 64-bit) started.
[2021-01-07 19:14:08] [info]  [10356] Debugging 'Tomcat8' service...
[2021-01-07 19:14:08] [info]  [10356] Starting service...
[2021-01-07 19:14:09] [info]  [10356] Service started in 1251 milliseconds.
[2021-01-07 19:15:59] [info]  [13340] Console CTRL+CLOSE event signaled.
[2021-01-07 19:15:59] [info]  [13340] Stopping service...
[2021-01-07 19:16:00] [info]  [13340] Service stop thread completed.
[2021-01-07 19:17:12] [info]  [11796] Apache Commons Daemon procrun (1.2.3.0 64-bit) started.
[2021-01-07 19:17:12] [info]  [11796] Debugging 'Tomcat8' service...
[2021-01-07 19:17:12] [info]  [11796] Starting service...
[2021-01-07 19:17:13] [info]  [11796] Service started in 1299 milliseconds.
[2021-01-07 19:47:17] [info]  [12032] Console CTRL+CLOSE event signaled.
[2021-01-07 19:47:17] [info]  [12032] Stopping service...
[2021-01-07 19:47:26] [info]  [ 8864] Apache Commons Daemon procrun (1.2.3.0 64-bit) started.
[2021-01-07 19:47:26] [info]  [ 8864] Debugging 'Tomcat8' service...
[2021-01-07 19:47:26] [info]  [ 8864] Starting service...
[2021-01-07 19:47:28] [info]  [ 8864] Service started in 1276 milliseconds.
[2021-01-07 19:52:23] [info]  [16104] Console CTRL+CLOSE event signaled.
[2021-01-07 19:52:23] [info]  [16104] Stopping service...
[2021-01-07 19:52:32] [info]  [14136] Apache Commons Daemon procrun (1.2.3.0 64-bit) started.
[2021-01-07 19:52:32] [info]  [14136] Debugging 'Tomcat8' service...
[2021-01-07 19:52:32] [info]  [14136] Starting service...
[2021-01-07 19:52:34] [info]  [14136] Service started in 1254 milliseconds.
[2021-01-07 19:59:35] [info]  [ 8412] Console CTRL+CLOSE event signaled.
[2021-01-07 19:59:35] [info]  [ 8412] Stopping service...
[2021-01-07 19:59:45] [info]  [13224] Apache Commons Daemon procrun (1.2.3.0 64-bit) started.
[2021-01-07 19:59:45] [info]  [13224] Debugging 'Tomcat8' service...
[2021-01-07 19:59:45] [info]  [13224] Starting service...
[2021-01-07 19:59:46] [info]  [13224] Service started in 1403 milliseconds.
[2021-01-07 20:01:07] [info]  [17084] Console CTRL+CLOSE event signaled.
[2021-01-07 20:01:07] [info]  [17084] Stopping service...
[2021-01-07 20:01:08] [info]  [17084] Service stop thread completed.
[2021-01-07 20:01:12] [info]  [19024] Apache Commons Daemon procrun (1.2.3.0 64-bit) started.
[2021-01-07 20:01:12] [info]  [19024] Debugging 'Tomcat8' service...
[2021-01-07 20:01:12] [info]  [19024] Starting service...
[2021-01-07 20:01:14] [info]  [19024] Service started in 1463 milliseconds.
[2021-01-07 20:12:06] [info]  [  452] Console CTRL+CLOSE event signaled.
[2021-01-07 20:12:06] [info]  [  452] Stopping service...
[2021-01-07 20:12:16] [info]  [ 4040] Apache Commons Daemon procrun (1.2.3.0 64-bit) started.
[2021-01-07 20:12:16] [info]  [ 4040] Debugging 'Tomcat8' service...
[2021-01-07 20:12:16] [info]  [ 4040] Starting service...
[2021-01-07 20:12:17] [info]  [ 4040] Service started in 1393 milliseconds.
[2021-01-07 20:15:49] [info]  [ 2296] Console CTRL+CLOSE event signaled.
[2021-01-07 20:15:49] [info]  [ 2296] Stopping service...
[2021-01-07 20:15:58] [info]  [13540] Apache Commons Daemon procrun (1.2.3.0 64-bit) started.
[2021-01-07 20:15:58] [info]  [13540] Debugging 'Tomcat8' service...
[2021-01-07 20:15:58] [info]  [13540] Starting service...
[2021-01-07 20:16:00] [info]  [13540] Service started in 1409 milliseconds.
[2021-01-07 20:18:22] [info]  [18228] Console CTRL+CLOSE event signaled.
[2021-01-07 20:18:22] [info]  [18228] Stopping service...
[2021-01-07 20:19:00] [info]  [14564] Apache Commons Daemon procrun (1.2.3.0 64-bit) started.
[2021-01-07 20:19:00] [info]  [14564] Debugging 'Tomcat8' service...
[2021-01-07 20:19:00] [info]  [14564] Starting service...
[2021-01-07 20:19:02] [info]  [14564] Service started in 1542 milliseconds.
[2021-01-07 20:21:15] [info]  [ 7192] Console CTRL+CLOSE event signaled.
[2021-01-07 20:21:15] [info]  [ 7192] Stopping service...
[2021-01-07 20:21:26] [info]  [14180] Apache Commons Daemon procrun (1.2.3.0 64-bit) started.
[2021-01-07 20:21:26] [info]  [14180] Debugging 'Tomcat8' service...
[2021-01-07 20:21:26] [info]  [14180] Starting service...
[2021-01-07 20:21:27] [info]  [14180] Service started in 1400 milliseconds.
[2021-01-07 20:29:30] [info]  [11676] Console CTRL+CLOSE event signaled.
[2021-01-07 20:29:30] [info]  [11676] Stopping service...
[2021-01-07 20:32:07] [info]  [ 8212] Apache Commons Daemon procrun (1.2.3.0 64-bit) started.
[2021-01-07 20:32:07] [info]  [ 8212] Debugging 'Tomcat8' service...
[2021-01-07 20:32:07] [info]  [ 8212] Starting service...
[2021-01-07 20:32:09] [info]  [ 8212] Service started in 1655 milliseconds.
[2021-01-07 20:34:36] [info]  [13740] Console CTRL+CLOSE event signaled.
[2021-01-07 20:34:36] [info]  [13740] Stopping service...
[2021-01-07 20:35:33] [info]  [ 8672] Apache Commons Daemon procrun (1.2.3.0 64-bit) started.
[2021-01-07 20:35:33] [info]  [ 8672] Debugging 'Tomcat8' service...
[2021-01-07 20:35:33] [info]  [ 8672] Starting service...
[2021-01-07 20:35:34] [info]  [ 8672] Service started in 1502 milliseconds.
[2021-01-07 20:41:06] [info]  [19412] Console CTRL+CLOSE event signaled.
[2021-01-07 20:41:06] [info]  [19412] Stopping service...
[2021-01-07 20:41:24] [info]  [ 9812] Apache Commons Daemon procrun (1.2.3.0 64-bit) started.
[2021-01-07 20:41:24] [info]  [ 9812] Debugging 'Tomcat8' service...
[2021-01-07 20:41:24] [info]  [ 9812] Starting service...
[2021-01-07 20:41:25] [info]  [ 9812] Service started in 1409 milliseconds.
[2021-01-07 20:57:25] [info]  [ 1160] Console CTRL+CLOSE event signaled.
[2021-01-07 20:57:25] [info]  [ 1160] Stopping service...
[2021-01-07 20:57:34] [info]  [15564] Apache Commons Daemon procrun (1.2.3.0 64-bit) started.
[2021-01-07 20:57:34] [info]  [15564] Debugging 'Tomcat8' service...
[2021-01-07 20:57:34] [info]  [15564] Starting service...
[2021-01-07 20:57:36] [info]  [15564] Service started in 1353 milliseconds.
[2021-01-07 21:00:16] [info]  [19428] Console CTRL+CLOSE event signaled.
[2021-01-07 21:00:16] [info]  [19428] Stopping service...
[2021-01-07 21:00:25] [info]  [ 6548] Apache Commons Daemon procrun (1.2.3.0 64-bit) started.
[2021-01-07 21:00:25] [info]  [ 6548] Debugging 'Tomcat8' service...
[2021-01-07 21:00:25] [info]  [ 6548] Starting service...
[2021-01-07 21:00:26] [info]  [ 6548] Service started in 1294 milliseconds.
[2021-01-07 21:04:06] [info]  [10792] Console CTRL+CLOSE event signaled.
[2021-01-07 21:04:06] [info]  [10792] Stopping service...
[2021-01-07 21:04:15] [info]  [10740] Apache Commons Daemon procrun (1.2.3.0 64-bit) started.
[2021-01-07 21:04:15] [info]  [10740] Debugging 'Tomcat8' service...
[2021-01-07 21:04:15] [info]  [10740] Starting service...
[2021-01-07 21:04:16] [info]  [10740] Service started in 1337 milliseconds.
[2021-01-07 21:07:31] [info]  [12680] Console CTRL+CLOSE event signaled.
[2021-01-07 21:07:31] [info]  [12680] Stopping service...
[2021-01-07 21:07:41] [info]  [  104] Apache Commons Daemon procrun (1.2.3.0 64-bit) started.
[2021-01-07 21:07:41] [info]  [  104] Debugging 'Tomcat8' service...
[2021-01-07 21:07:41] [info]  [  104] Starting service...
[2021-01-07 21:07:42] [info]  [  104] Service started in 1345 milliseconds.
[2021-01-07 21:13:34] [info]  [11160] Console CTRL+CLOSE event signaled.
[2021-01-07 21:13:34] [info]  [11160] Stopping service...
[2021-01-07 21:13:35] [info]  [11160] Service stop thread completed.
[2021-01-07 21:13:41] [info]  [ 1716] Apache Commons Daemon procrun (1.2.3.0 64-bit) started.
[2021-01-07 21:13:41] [info]  [ 1716] Debugging 'Tomcat8' service...
[2021-01-07 21:13:41] [info]  [ 1716] Starting service...
[2021-01-07 21:13:42] [info]  [ 1716] Service started in 1310 milliseconds.
[2021-01-07 21:21:46] [info]  [ 5036] Console CTRL+CLOSE event signaled.
[2021-01-07 21:21:46] [info]  [ 5036] Stopping service...
[2021-01-07 21:21:55] [info]  [17000] Apache Commons Daemon procrun (1.2.3.0 64-bit) started.
[2021-01-07 21:21:55] [info]  [17000] Debugging 'Tomcat8' service...
[2021-01-07 21:21:55] [info]  [17000] Starting service...
[2021-01-07 21:21:56] [info]  [17000] Service started in 1299 milliseconds.
[2021-01-07 21:26:25] [info]  [13152] Console CTRL+CLOSE event signaled.
[2021-01-07 21:26:25] [info]  [13152] Stopping service...
[2021-01-07 21:26:37] [info]  [12308] Apache Commons Daemon procrun (1.2.3.0 64-bit) started.
[2021-01-07 21:26:37] [info]  [12308] Debugging 'Tomcat8' service...
[2021-01-07 21:26:37] [info]  [12308] Starting service...
[2021-01-07 21:26:38] [info]  [12308] Service started in 1365 milliseconds.
[2021-01-07 21:37:20] [info]  [14380] Console CTRL+CLOSE event signaled.
[2021-01-07 21:37:20] [info]  [14380] Stopping service...
[2021-01-07 21:37:31] [info]  [ 2144] Apache Commons Daemon procrun (1.2.3.0 64-bit) started.
[2021-01-07 21:37:31] [info]  [ 2144] Debugging 'Tomcat8' service...
[2021-01-07 21:37:31] [info]  [ 2144] Starting service...
[2021-01-07 21:37:33] [info]  [ 2144] Service started in 1286 milliseconds.
[2021-01-07 21:53:25] [info]  [  244] Console CTRL+CLOSE event signaled.
[2021-01-07 21:53:25] [info]  [  244] Stopping service...
[2021-01-07 21:53:34] [info]  [14884] Apache Commons Daemon procrun (1.2.3.0 64-bit) started.
[2021-01-07 21:53:34] [info]  [14884] Debugging 'Tomcat8' service...
[2021-01-07 21:53:34] [info]  [14884] Starting service...
[2021-01-07 21:53:35] [info]  [14884] Service started in 1297 milliseconds.
[2021-01-07 22:31:00] [info]  [11760] Console CTRL+CLOSE event signaled.
[2021-01-07 22:31:00] [info]  [11760] Stopping service...
[2021-01-07 22:31:16] [info]  [18716] Apache Commons Daemon procrun (1.2.3.0 64-bit) started.
[2021-01-07 22:31:16] [info]  [18716] Debugging 'Tomcat8' service...
[2021-01-07 22:31:16] [info]  [18716] Starting service...
[2021-01-07 22:31:17] [info]  [18716] Service started in 1342 milliseconds.
[2021-01-07 22:35:54] [info]  [  424] Console CTRL+CLOSE event signaled.
[2021-01-07 22:35:54] [info]  [  424] Stopping service...
[2021-01-07 22:36:04] [info]  [ 3904] Apache Commons Daemon procrun (1.2.3.0 64-bit) started.
[2021-01-07 22:36:04] [info]  [ 3904] Debugging 'Tomcat8' service...
[2021-01-07 22:36:04] [info]  [ 3904] Starting service...
[2021-01-07 22:36:06] [info]  [ 3904] Service started in 1642 milliseconds.
[2021-01-08 00:33:07] [info]  [ 6324] Console CTRL+CLOSE event signaled.
[2021-01-08 00:33:07] [info]  [ 6324] Stopping service...
