[2021-01-04 09:29:38] [info]  [ 8456] Apache Commons Daemon procrun (1.2.3.0 64-bit) started.
[2021-01-04 09:29:38] [info]  [ 8456] Debugging 'Tomcat8' service...
[2021-01-04 09:29:38] [info]  [ 8456] Starting service...
[2021-01-04 09:29:40] [info]  [ 8456] Service started in 2387 milliseconds.
[2021-01-04 09:32:27] [info]  [15396] Console CTRL+CLOSE event signaled.
[2021-01-04 09:32:27] [info]  [15396] Stopping service...
[2021-01-04 09:32:29] [info]  [15396] Service stop thread completed.
[2021-01-04 09:32:33] [info]  [11764] Apache Commons Daemon procrun (1.2.3.0 64-bit) started.
[2021-01-04 09:32:33] [info]  [11764] Debugging 'Tomcat8' service...
[2021-01-04 09:32:33] [info]  [11764] Starting service...
[2021-01-04 09:32:34] [info]  [11764] Service started in 1283 milliseconds.
[2021-01-04 10:03:37] [info]  [17228] Console CTRL+CLOSE event signaled.
[2021-01-04 10:03:37] [info]  [17228] Stopping service...
[2021-01-04 10:03:38] [info]  [17228] Service stop thread completed.
[2021-01-04 10:03:43] [info]  [ 2244] Apache Commons Daemon procrun (1.2.3.0 64-bit) started.
[2021-01-04 10:03:43] [info]  [ 2244] Debugging 'Tomcat8' service...
[2021-01-04 10:03:43] [info]  [ 2244] Starting service...
[2021-01-04 10:03:44] [info]  [ 2244] Service started in 1269 milliseconds.
[2021-01-04 10:32:46] [info]  [ 9844] Console CTRL+CLOSE event signaled.
[2021-01-04 10:32:46] [info]  [ 9844] Stopping service...
[2021-01-04 10:32:47] [info]  [ 9844] Service stop thread completed.
[2021-01-04 10:32:51] [info]  [12196] Apache Commons Daemon procrun (1.2.3.0 64-bit) started.
[2021-01-04 10:32:51] [info]  [12196] Debugging 'Tomcat8' service...
[2021-01-04 10:32:51] [info]  [12196] Starting service...
[2021-01-04 10:32:52] [info]  [12196] Service started in 1210 milliseconds.
[2021-01-04 10:33:43] [info]  [16324] Console CTRL+CLOSE event signaled.
[2021-01-04 10:33:43] [info]  [16324] Stopping service...
[2021-01-04 10:33:44] [info]  [16324] Service stop thread completed.
[2021-01-04 10:33:54] [info]  [ 8444] Apache Commons Daemon procrun (1.2.3.0 64-bit) started.
[2021-01-04 10:33:54] [info]  [ 8444] Debugging 'Tomcat8' service...
[2021-01-04 10:33:54] [info]  [ 8444] Starting service...
[2021-01-04 10:33:56] [info]  [ 8444] Service started in 1247 milliseconds.
[2021-01-04 10:34:55] [info]  [10960] Console CTRL+CLOSE event signaled.
[2021-01-04 10:34:55] [info]  [10960] Stopping service...
[2021-01-04 10:34:56] [info]  [10960] Service stop thread completed.
[2021-01-04 10:35:14] [info]  [16060] Apache Commons Daemon procrun (1.2.3.0 64-bit) started.
[2021-01-04 10:35:14] [info]  [16060] Debugging 'Tomcat8' service...
[2021-01-04 10:35:14] [info]  [16060] Starting service...
[2021-01-04 10:35:15] [info]  [16060] Service started in 1269 milliseconds.
[2021-01-04 10:36:52] [info]  [14340] Console CTRL+CLOSE event signaled.
[2021-01-04 10:36:52] [info]  [14340] Stopping service...
[2021-01-04 10:37:01] [info]  [ 3644] Apache Commons Daemon procrun (1.2.3.0 64-bit) started.
[2021-01-04 10:37:01] [info]  [ 3644] Debugging 'Tomcat8' service...
[2021-01-04 10:37:01] [info]  [ 3644] Starting service...
[2021-01-04 10:37:03] [info]  [ 3644] Service started in 1696 milliseconds.
[2021-01-04 10:38:32] [info]  [16144] Console CTRL+CLOSE event signaled.
[2021-01-04 10:38:32] [info]  [16144] Stopping service...
[2021-01-04 10:38:41] [info]  [ 3488] Apache Commons Daemon procrun (1.2.3.0 64-bit) started.
[2021-01-04 10:38:41] [info]  [ 3488] Debugging 'Tomcat8' service...
[2021-01-04 10:38:41] [info]  [ 3488] Starting service...
[2021-01-04 10:38:42] [info]  [ 3488] Service started in 1235 milliseconds.
[2021-01-04 10:44:47] [info]  [ 5104] Console CTRL+CLOSE event signaled.
[2021-01-04 10:44:47] [info]  [ 5104] Stopping service...
[2021-01-04 10:44:48] [info]  [ 5104] Service stop thread completed.
[2021-01-04 10:44:53] [info]  [ 5244] Apache Commons Daemon procrun (1.2.3.0 64-bit) started.
[2021-01-04 10:44:53] [info]  [ 5244] Debugging 'Tomcat8' service...
[2021-01-04 10:44:53] [info]  [ 5244] Starting service...
[2021-01-04 10:44:54] [info]  [ 5244] Service started in 1229 milliseconds.
[2021-01-04 10:47:36] [info]  [14748] Console CTRL+CLOSE event signaled.
[2021-01-04 10:47:36] [info]  [14748] Stopping service...
[2021-01-04 10:47:37] [info]  [14748] Service stop thread completed.
[2021-01-04 10:47:45] [info]  [ 5664] Apache Commons Daemon procrun (1.2.3.0 64-bit) started.
[2021-01-04 10:47:45] [info]  [ 5664] Debugging 'Tomcat8' service...
[2021-01-04 10:47:45] [info]  [ 5664] Starting service...
[2021-01-04 10:47:46] [info]  [ 5664] Service started in 1244 milliseconds.
[2021-01-04 11:22:31] [info]  [ 2156] Console CTRL+CLOSE event signaled.
[2021-01-04 11:22:31] [info]  [ 2156] Stopping service...
[2021-01-04 11:22:32] [info]  [ 2156] Service stop thread completed.
[2021-01-04 11:22:36] [info]  [15188] Apache Commons Daemon procrun (1.2.3.0 64-bit) started.
[2021-01-04 11:22:36] [info]  [15188] Debugging 'Tomcat8' service...
[2021-01-04 11:22:36] [info]  [15188] Starting service...
[2021-01-04 11:22:37] [info]  [15188] Service started in 1281 milliseconds.
[2021-01-04 11:23:39] [info]  [ 2168] Console CTRL+CLOSE event signaled.
[2021-01-04 11:23:39] [info]  [ 2168] Stopping service...
[2021-01-04 11:23:40] [info]  [ 2168] Service stop thread completed.
[2021-01-04 11:23:45] [info]  [14360] Apache Commons Daemon procrun (1.2.3.0 64-bit) started.
[2021-01-04 11:23:45] [info]  [14360] Debugging 'Tomcat8' service...
[2021-01-04 11:23:45] [info]  [14360] Starting service...
[2021-01-04 11:23:47] [info]  [14360] Service started in 1276 milliseconds.
[2021-01-04 11:29:27] [info]  [ 4276] Console CTRL+CLOSE event signaled.
[2021-01-04 11:29:27] [info]  [ 4276] Stopping service...
[2021-01-04 11:29:28] [info]  [ 4276] Service stop thread completed.
[2021-01-04 11:29:32] [info]  [ 9256] Apache Commons Daemon procrun (1.2.3.0 64-bit) started.
[2021-01-04 11:29:32] [info]  [ 9256] Debugging 'Tomcat8' service...
[2021-01-04 11:29:32] [info]  [ 9256] Starting service...
[2021-01-04 11:29:34] [info]  [ 9256] Service started in 1273 milliseconds.
[2021-01-04 11:30:54] [info]  [15972] Console CTRL+CLOSE event signaled.
[2021-01-04 11:30:54] [info]  [15972] Stopping service...
[2021-01-04 11:30:55] [info]  [15972] Service stop thread completed.
[2021-01-04 11:47:19] [info]  [ 7464] Apache Commons Daemon procrun (1.2.3.0 64-bit) started.
[2021-01-04 11:47:19] [info]  [ 7464] Debugging 'Tomcat8' service...
[2021-01-04 11:47:19] [info]  [ 7464] Starting service...
[2021-01-04 11:47:20] [info]  [ 7464] Service started in 1254 milliseconds.
[2021-01-04 11:48:46] [info]  [16192] Console CTRL+CLOSE event signaled.
[2021-01-04 11:48:46] [info]  [16192] Stopping service...
[2021-01-04 11:48:47] [info]  [16192] Service stop thread completed.
[2021-01-04 11:49:14] [info]  [15780] Apache Commons Daemon procrun (1.2.3.0 64-bit) started.
[2021-01-04 11:49:14] [info]  [15780] Debugging 'Tomcat8' service...
[2021-01-04 11:49:14] [info]  [15780] Starting service...
[2021-01-04 11:49:15] [info]  [15780] Service started in 1256 milliseconds.
[2021-01-04 11:50:11] [info]  [ 6352] Console CTRL+CLOSE event signaled.
[2021-01-04 11:50:11] [info]  [ 6352] Stopping service...
[2021-01-04 11:50:12] [info]  [ 6352] Service stop thread completed.
[2021-01-04 11:50:17] [info]  [17084] Apache Commons Daemon procrun (1.2.3.0 64-bit) started.
[2021-01-04 11:50:17] [info]  [17084] Debugging 'Tomcat8' service...
[2021-01-04 11:50:17] [info]  [17084] Starting service...
[2021-01-04 11:50:18] [info]  [17084] Service started in 1289 milliseconds.
[2021-01-04 11:51:08] [info]  [ 5804] Console CTRL+CLOSE event signaled.
[2021-01-04 11:51:08] [info]  [ 5804] Stopping service...
[2021-01-04 11:51:10] [info]  [ 5804] Service stop thread completed.
[2021-01-04 11:51:13] [info]  [ 6236] Apache Commons Daemon procrun (1.2.3.0 64-bit) started.
[2021-01-04 11:51:13] [info]  [ 6236] Debugging 'Tomcat8' service...
[2021-01-04 11:51:13] [info]  [ 6236] Starting service...
[2021-01-04 11:51:14] [info]  [ 6236] Service started in 1233 milliseconds.
[2021-01-04 11:53:40] [info]  [ 7700] Console CTRL+CLOSE event signaled.
[2021-01-04 11:53:40] [info]  [ 7700] Stopping service...
[2021-01-04 11:53:41] [info]  [ 7700] Service stop thread completed.
[2021-01-04 11:53:45] [info]  [11112] Apache Commons Daemon procrun (1.2.3.0 64-bit) started.
[2021-01-04 11:53:45] [info]  [11112] Debugging 'Tomcat8' service...
[2021-01-04 11:53:45] [info]  [11112] Starting service...
[2021-01-04 11:53:46] [info]  [11112] Service started in 1286 milliseconds.
[2021-01-04 11:55:50] [info]  [ 5664] Console CTRL+CLOSE event signaled.
[2021-01-04 11:55:50] [info]  [ 5664] Stopping service...
[2021-01-04 11:55:51] [info]  [ 5664] Service stop thread completed.
[2021-01-04 11:55:56] [info]  [14900] Apache Commons Daemon procrun (1.2.3.0 64-bit) started.
[2021-01-04 11:55:56] [info]  [14900] Debugging 'Tomcat8' service...
[2021-01-04 11:55:56] [info]  [14900] Starting service...
[2021-01-04 11:55:57] [info]  [14900] Service started in 1291 milliseconds.
[2021-01-04 11:57:37] [info]  [13880] Console CTRL+CLOSE event signaled.
[2021-01-04 11:57:37] [info]  [13880] Stopping service...
[2021-01-04 11:57:38] [info]  [13880] Service stop thread completed.
[2021-01-04 11:57:42] [info]  [ 2672] Apache Commons Daemon procrun (1.2.3.0 64-bit) started.
[2021-01-04 11:57:42] [info]  [ 2672] Debugging 'Tomcat8' service...
[2021-01-04 11:57:42] [info]  [ 2672] Starting service...
[2021-01-04 11:57:44] [info]  [ 2672] Service started in 1251 milliseconds.
[2021-01-04 11:59:43] [info]  [12980] Console CTRL+CLOSE event signaled.
[2021-01-04 11:59:43] [info]  [12980] Stopping service...
[2021-01-04 11:59:44] [info]  [12980] Service stop thread completed.
[2021-01-04 11:59:47] [info]  [16840] Apache Commons Daemon procrun (1.2.3.0 64-bit) started.
[2021-01-04 11:59:47] [info]  [16840] Debugging 'Tomcat8' service...
[2021-01-04 11:59:47] [info]  [16840] Starting service...
[2021-01-04 11:59:48] [info]  [16840] Service started in 1281 milliseconds.
[2021-01-04 12:01:37] [info]  [12500] Console CTRL+CLOSE event signaled.
[2021-01-04 12:01:37] [info]  [12500] Stopping service...
[2021-01-04 12:01:46] [info]  [ 9860] Apache Commons Daemon procrun (1.2.3.0 64-bit) started.
[2021-01-04 12:01:46] [info]  [ 9860] Debugging 'Tomcat8' service...
[2021-01-04 12:01:46] [info]  [ 9860] Starting service...
[2021-01-04 12:01:47] [info]  [ 9860] Service started in 1321 milliseconds.
[2021-01-04 12:03:26] [info]  [ 4412] Console CTRL+CLOSE event signaled.
[2021-01-04 12:03:26] [info]  [ 4412] Stopping service...
[2021-01-04 12:03:41] [info]  [ 2080] Apache Commons Daemon procrun (1.2.3.0 64-bit) started.
[2021-01-04 12:03:41] [info]  [ 2080] Debugging 'Tomcat8' service...
[2021-01-04 12:03:41] [info]  [ 2080] Starting service...
[2021-01-04 12:03:42] [info]  [ 2080] Service started in 1246 milliseconds.
[2021-01-04 12:05:43] [info]  [14532] Console CTRL+CLOSE event signaled.
[2021-01-04 12:05:43] [info]  [14532] Stopping service...
[2021-01-04 12:05:54] [info]  [ 5676] Apache Commons Daemon procrun (1.2.3.0 64-bit) started.
[2021-01-04 12:05:54] [info]  [ 5676] Debugging 'Tomcat8' service...
[2021-01-04 12:05:54] [info]  [ 5676] Starting service...
[2021-01-04 12:05:55] [info]  [ 5676] Service started in 1270 milliseconds.
[2021-01-04 12:07:24] [info]  [10092] Console CTRL+CLOSE event signaled.
[2021-01-04 12:07:24] [info]  [10092] Stopping service...
[2021-01-04 12:07:25] [info]  [10092] Service stop thread completed.
[2021-01-04 12:07:35] [info]  [17060] Apache Commons Daemon procrun (1.2.3.0 64-bit) started.
[2021-01-04 12:07:35] [info]  [17060] Debugging 'Tomcat8' service...
[2021-01-04 12:07:35] [info]  [17060] Starting service...
[2021-01-04 12:07:37] [info]  [17060] Service started in 1260 milliseconds.
[2021-01-04 12:08:12] [info]  [16100] Console CTRL+CLOSE event signaled.
[2021-01-04 12:08:12] [info]  [16100] Stopping service...
[2021-01-04 12:08:13] [info]  [16100] Service stop thread completed.
[2021-01-04 12:08:18] [info]  [14196] Apache Commons Daemon procrun (1.2.3.0 64-bit) started.
[2021-01-04 12:08:18] [info]  [14196] Debugging 'Tomcat8' service...
[2021-01-04 12:08:18] [info]  [14196] Starting service...
[2021-01-04 12:08:19] [info]  [14196] Service started in 1261 milliseconds.
[2021-01-04 12:34:40] [info]  [ 2612] Console CTRL+CLOSE event signaled.
[2021-01-04 12:34:40] [info]  [ 2612] Stopping service...
[2021-01-04 12:34:49] [info]  [11948] Apache Commons Daemon procrun (1.2.3.0 64-bit) started.
[2021-01-04 12:34:49] [info]  [11948] Debugging 'Tomcat8' service...
[2021-01-04 12:34:49] [info]  [11948] Starting service...
[2021-01-04 12:34:50] [info]  [11948] Service started in 1301 milliseconds.
[2021-01-04 12:48:35] [info]  [10488] Console CTRL+CLOSE event signaled.
[2021-01-04 12:48:35] [info]  [10488] Stopping service...
[2021-01-04 12:48:36] [info]  [10488] Service stop thread completed.
[2021-01-04 12:48:44] [info]  [10068] Apache Commons Daemon procrun (1.2.3.0 64-bit) started.
[2021-01-04 12:48:44] [info]  [10068] Debugging 'Tomcat8' service...
[2021-01-04 12:48:44] [info]  [10068] Starting service...
[2021-01-04 12:48:46] [info]  [10068] Service started in 1284 milliseconds.
[2021-01-04 12:50:39] [info]  [ 9708] Console CTRL+CLOSE event signaled.
[2021-01-04 12:50:39] [info]  [ 9708] Stopping service...
[2021-01-04 12:50:40] [info]  [ 9708] Service stop thread completed.
[2021-01-04 12:50:44] [info]  [13520] Apache Commons Daemon procrun (1.2.3.0 64-bit) started.
[2021-01-04 12:50:44] [info]  [13520] Debugging 'Tomcat8' service...
[2021-01-04 12:50:44] [info]  [13520] Starting service...
[2021-01-04 12:50:45] [info]  [13520] Service started in 1269 milliseconds.
[2021-01-04 12:54:23] [info]  [11516] Console CTRL+CLOSE event signaled.
[2021-01-04 12:54:23] [info]  [11516] Stopping service...
[2021-01-04 12:54:24] [info]  [11516] Service stop thread completed.
[2021-01-04 12:54:30] [info]  [ 3184] Apache Commons Daemon procrun (1.2.3.0 64-bit) started.
[2021-01-04 12:54:30] [info]  [ 3184] Debugging 'Tomcat8' service...
[2021-01-04 12:54:30] [info]  [ 3184] Starting service...
[2021-01-04 12:54:31] [info]  [ 3184] Service started in 1315 milliseconds.
[2021-01-04 12:58:40] [info]  [16480] Console CTRL+CLOSE event signaled.
[2021-01-04 12:58:40] [info]  [16480] Stopping service...
[2021-01-04 12:58:41] [info]  [16480] Service stop thread completed.
[2021-01-04 12:58:48] [info]  [ 7992] Apache Commons Daemon procrun (1.2.3.0 64-bit) started.
[2021-01-04 12:58:48] [info]  [ 7992] Debugging 'Tomcat8' service...
[2021-01-04 12:58:48] [info]  [ 7992] Starting service...
[2021-01-04 12:58:49] [info]  [ 7992] Service started in 1294 milliseconds.
[2021-01-04 12:59:40] [info]  [ 5388] Console CTRL+CLOSE event signaled.
[2021-01-04 12:59:40] [info]  [ 5388] Stopping service...
[2021-01-04 12:59:41] [info]  [ 5388] Service stop thread completed.
[2021-01-04 12:59:45] [info]  [  604] Apache Commons Daemon procrun (1.2.3.0 64-bit) started.
[2021-01-04 12:59:45] [info]  [  604] Debugging 'Tomcat8' service...
[2021-01-04 12:59:45] [info]  [  604] Starting service...
[2021-01-04 12:59:47] [info]  [  604] Service started in 1287 milliseconds.
[2021-01-04 13:03:30] [info]  [ 4960] Console CTRL+CLOSE event signaled.
[2021-01-04 13:03:30] [info]  [ 4960] Stopping service...
[2021-01-04 13:03:31] [info]  [ 4960] Service stop thread completed.
[2021-01-04 13:03:35] [info]  [10932] Apache Commons Daemon procrun (1.2.3.0 64-bit) started.
[2021-01-04 13:03:35] [info]  [10932] Debugging 'Tomcat8' service...
[2021-01-04 13:03:35] [info]  [10932] Starting service...
[2021-01-04 13:03:36] [info]  [10932] Service started in 1258 milliseconds.
[2021-01-04 13:07:29] [info]  [ 8172] Console CTRL+CLOSE event signaled.
[2021-01-04 13:07:29] [info]  [ 8172] Stopping service...
[2021-01-04 13:07:30] [info]  [ 8172] Service stop thread completed.
[2021-01-04 13:07:33] [info]  [  728] Apache Commons Daemon procrun (1.2.3.0 64-bit) started.
[2021-01-04 13:07:33] [info]  [  728] Debugging 'Tomcat8' service...
[2021-01-04 13:07:33] [info]  [  728] Starting service...
[2021-01-04 13:07:35] [info]  [  728] Service started in 1338 milliseconds.
[2021-01-04 13:09:11] [info]  [ 8492] Console CTRL+CLOSE event signaled.
[2021-01-04 13:09:11] [info]  [ 8492] Stopping service...
[2021-01-04 13:09:12] [info]  [ 8492] Service stop thread completed.
[2021-01-04 13:09:17] [info]  [12588] Apache Commons Daemon procrun (1.2.3.0 64-bit) started.
[2021-01-04 13:09:17] [info]  [12588] Debugging 'Tomcat8' service...
[2021-01-04 13:09:17] [info]  [12588] Starting service...
[2021-01-04 13:09:19] [info]  [12588] Service started in 1286 milliseconds.
[2021-01-04 13:16:08] [info]  [12628] Console CTRL+CLOSE event signaled.
[2021-01-04 13:16:08] [info]  [12628] Stopping service...
[2021-01-04 13:16:09] [info]  [12628] Service stop thread completed.
[2021-01-04 13:16:40] [info]  [ 5268] Apache Commons Daemon procrun (1.2.3.0 64-bit) started.
[2021-01-04 13:16:40] [info]  [ 5268] Debugging 'Tomcat8' service...
[2021-01-04 13:16:40] [info]  [ 5268] Starting service...
[2021-01-04 13:16:41] [info]  [ 5268] Service started in 1314 milliseconds.
[2021-01-04 13:19:21] [info]  [11064] Console CTRL+CLOSE event signaled.
[2021-01-04 13:19:21] [info]  [11064] Stopping service...
[2021-01-04 13:19:22] [info]  [11064] Service stop thread completed.
[2021-01-04 13:19:27] [info]  [10736] Apache Commons Daemon procrun (1.2.3.0 64-bit) started.
[2021-01-04 13:19:27] [info]  [10736] Debugging 'Tomcat8' service...
[2021-01-04 13:19:27] [info]  [10736] Starting service...
[2021-01-04 13:19:28] [info]  [10736] Service started in 1290 milliseconds.
[2021-01-04 13:26:23] [info]  [15808] Console CTRL+CLOSE event signaled.
[2021-01-04 13:26:23] [info]  [15808] Stopping service...
[2021-01-04 13:26:24] [info]  [15808] Service stop thread completed.
[2021-01-04 18:21:38] [info]  [11440] Apache Commons Daemon procrun (1.2.3.0 64-bit) started.
[2021-01-04 18:21:38] [info]  [11440] Debugging 'Tomcat8' service...
[2021-01-04 18:21:38] [info]  [11440] Starting service...
[2021-01-04 18:21:39] [info]  [11440] Service started in 1350 milliseconds.
[2021-01-04 18:32:56] [info]  [ 2900] Console CTRL+CLOSE event signaled.
[2021-01-04 18:32:56] [info]  [ 2900] Stopping service...
[2021-01-04 18:33:51] [info]  [11072] Apache Commons Daemon procrun (1.2.3.0 64-bit) started.
[2021-01-04 18:33:51] [info]  [11072] Debugging 'Tomcat8' service...
[2021-01-04 18:33:51] [info]  [11072] Starting service...
[2021-01-04 18:33:52] [info]  [11072] Service started in 1171 milliseconds.
[2021-01-04 18:36:54] [info]  [ 7988] Console CTRL+CLOSE event signaled.
[2021-01-04 18:36:54] [info]  [ 7988] Stopping service...
[2021-01-04 18:37:05] [info]  [10968] Apache Commons Daemon procrun (1.2.3.0 64-bit) started.
[2021-01-04 18:37:05] [info]  [10968] Debugging 'Tomcat8' service...
[2021-01-04 18:37:05] [info]  [10968] Starting service...
[2021-01-04 18:37:06] [info]  [10968] Service started in 1165 milliseconds.
[2021-01-04 18:37:44] [info]  [ 1068] Console CTRL+CLOSE event signaled.
[2021-01-04 18:37:44] [info]  [ 1068] Stopping service...
[2021-01-04 18:37:45] [info]  [ 1068] Service stop thread completed.
[2021-01-04 18:37:49] [info]  [13056] Apache Commons Daemon procrun (1.2.3.0 64-bit) started.
[2021-01-04 18:37:49] [info]  [13056] Debugging 'Tomcat8' service...
[2021-01-04 18:37:49] [info]  [13056] Starting service...
[2021-01-04 18:37:50] [info]  [13056] Service started in 1155 milliseconds.
[2021-01-04 18:39:03] [info]  [13796] Console CTRL+CLOSE event signaled.
[2021-01-04 18:39:03] [info]  [13796] Stopping service...
[2021-01-04 18:39:04] [info]  [13796] Service stop thread completed.
[2021-01-04 18:39:10] [info]  [ 8408] Apache Commons Daemon procrun (1.2.3.0 64-bit) started.
[2021-01-04 18:39:10] [info]  [ 8408] Debugging 'Tomcat8' service...
[2021-01-04 18:39:10] [info]  [ 8408] Starting service...
[2021-01-04 18:39:11] [info]  [ 8408] Service started in 1175 milliseconds.
[2021-01-04 19:12:30] [info]  [ 3884] Console CTRL+CLOSE event signaled.
[2021-01-04 19:12:30] [info]  [ 3884] Stopping service...
[2021-01-04 19:12:31] [info]  [ 3884] Service stop thread completed.
[2021-01-04 19:12:35] [info]  [10180] Apache Commons Daemon procrun (1.2.3.0 64-bit) started.
[2021-01-04 19:12:35] [info]  [10180] Debugging 'Tomcat8' service...
[2021-01-04 19:12:35] [info]  [10180] Starting service...
[2021-01-04 19:12:37] [info]  [10180] Service started in 1179 milliseconds.
[2021-01-04 19:12:58] [info]  [14444] Console CTRL+CLOSE event signaled.
[2021-01-04 19:12:58] [info]  [14444] Stopping service...
[2021-01-04 19:12:59] [info]  [14444] Service stop thread completed.
[2021-01-04 19:13:02] [info]  [ 8960] Apache Commons Daemon procrun (1.2.3.0 64-bit) started.
[2021-01-04 19:13:02] [info]  [ 8960] Debugging 'Tomcat8' service...
[2021-01-04 19:13:02] [info]  [ 8960] Starting service...
[2021-01-04 19:13:04] [info]  [ 8960] Service started in 1226 milliseconds.
[2021-01-04 19:13:34] [info]  [12620] Console CTRL+CLOSE event signaled.
[2021-01-04 19:13:34] [info]  [12620] Stopping service...
[2021-01-04 19:13:35] [info]  [12620] Service stop thread completed.
[2021-01-04 19:13:37] [info]  [13896] Apache Commons Daemon procrun (1.2.3.0 64-bit) started.
[2021-01-04 19:13:37] [info]  [13896] Debugging 'Tomcat8' service...
[2021-01-04 19:13:37] [info]  [13896] Starting service...
[2021-01-04 19:13:39] [info]  [13896] Service started in 1168 milliseconds.
[2021-01-04 19:18:18] [info]  [14464] Console CTRL+CLOSE event signaled.
[2021-01-04 19:18:18] [info]  [14464] Stopping service...
[2021-01-04 19:18:19] [info]  [14464] Service stop thread completed.
[2021-01-04 19:18:23] [info]  [15236] Apache Commons Daemon procrun (1.2.3.0 64-bit) started.
[2021-01-04 19:18:23] [info]  [15236] Debugging 'Tomcat8' service...
[2021-01-04 19:18:23] [info]  [15236] Starting service...
[2021-01-04 19:18:25] [info]  [15236] Service started in 1435 milliseconds.
[2021-01-04 19:26:48] [info]  [10716] Console CTRL+CLOSE event signaled.
[2021-01-04 19:26:48] [info]  [10716] Stopping service...
[2021-01-04 19:26:49] [info]  [10716] Service stop thread completed.
[2021-01-04 19:26:54] [info]  [13048] Apache Commons Daemon procrun (1.2.3.0 64-bit) started.
[2021-01-04 19:26:54] [info]  [13048] Debugging 'Tomcat8' service...
[2021-01-04 19:26:54] [info]  [13048] Starting service...
[2021-01-04 19:26:55] [info]  [13048] Service started in 1176 milliseconds.
[2021-01-04 19:28:36] [info]  [10496] Console CTRL+CLOSE event signaled.
[2021-01-04 19:28:36] [info]  [10496] Stopping service...
[2021-01-04 19:28:37] [info]  [10496] Service stop thread completed.
[2021-01-04 19:28:42] [info]  [ 6124] Apache Commons Daemon procrun (1.2.3.0 64-bit) started.
[2021-01-04 19:28:42] [info]  [ 6124] Debugging 'Tomcat8' service...
[2021-01-04 19:28:42] [info]  [ 6124] Starting service...
[2021-01-04 19:28:43] [info]  [ 6124] Service started in 1177 milliseconds.
[2021-01-04 19:29:30] [info]  [  912] Console CTRL+CLOSE event signaled.
[2021-01-04 19:29:30] [info]  [  912] Stopping service...
[2021-01-04 19:29:31] [info]  [  912] Service stop thread completed.
[2021-01-04 19:29:35] [info]  [13316] Apache Commons Daemon procrun (1.2.3.0 64-bit) started.
[2021-01-04 19:29:35] [info]  [13316] Debugging 'Tomcat8' service...
[2021-01-04 19:29:35] [info]  [13316] Starting service...
[2021-01-04 19:29:36] [info]  [13316] Service started in 1174 milliseconds.
[2021-01-04 19:33:26] [info]  [11364] Console CTRL+CLOSE event signaled.
[2021-01-04 19:33:26] [info]  [11364] Stopping service...
[2021-01-04 19:33:27] [info]  [11364] Service stop thread completed.
[2021-01-04 19:33:31] [info]  [ 1548] Apache Commons Daemon procrun (1.2.3.0 64-bit) started.
[2021-01-04 19:33:31] [info]  [ 1548] Debugging 'Tomcat8' service...
[2021-01-04 19:33:31] [info]  [ 1548] Starting service...
[2021-01-04 19:33:32] [info]  [ 1548] Service started in 1177 milliseconds.
[2021-01-04 19:41:25] [info]  [ 8640] Console CTRL+CLOSE event signaled.
[2021-01-04 19:41:25] [info]  [ 8640] Stopping service...
[2021-01-04 19:41:26] [info]  [ 8640] Service stop thread completed.
[2021-01-04 19:41:33] [info]  [ 7784] Apache Commons Daemon procrun (1.2.3.0 64-bit) started.
[2021-01-04 19:41:33] [info]  [ 7784] Debugging 'Tomcat8' service...
[2021-01-04 19:41:33] [info]  [ 7784] Starting service...
[2021-01-04 19:41:34] [info]  [ 7784] Service started in 1172 milliseconds.
[2021-01-04 19:43:37] [info]  [12556] Console CTRL+CLOSE event signaled.
[2021-01-04 19:43:37] [info]  [12556] Stopping service...
[2021-01-04 19:43:38] [info]  [12556] Service stop thread completed.
[2021-01-04 19:43:41] [info]  [ 9212] Apache Commons Daemon procrun (1.2.3.0 64-bit) started.
[2021-01-04 19:43:41] [info]  [ 9212] Debugging 'Tomcat8' service...
[2021-01-04 19:43:41] [info]  [ 9212] Starting service...
[2021-01-04 19:43:43] [info]  [ 9212] Service started in 1174 milliseconds.
[2021-01-04 19:53:30] [info]  [ 6868] Console CTRL+CLOSE event signaled.
[2021-01-04 19:53:30] [info]  [ 6868] Stopping service...
[2021-01-04 19:53:31] [info]  [ 6868] Service stop thread completed.
[2021-01-04 19:53:36] [info]  [14708] Apache Commons Daemon procrun (1.2.3.0 64-bit) started.
[2021-01-04 19:53:36] [info]  [14708] Debugging 'Tomcat8' service...
[2021-01-04 19:53:36] [info]  [14708] Starting service...
[2021-01-04 19:53:37] [info]  [14708] Service started in 1373 milliseconds.
[2021-01-04 19:53:40] [info]  [14708] Debug service finished with exit code 0.
[2021-01-04 19:53:40] [info]  [14708] Apache Commons Daemon procrun finished.
[2021-01-04 19:53:45] [info]  [ 7848] Apache Commons Daemon procrun (1.2.3.0 64-bit) started.
[2021-01-04 19:53:45] [info]  [ 7848] Debugging 'Tomcat8' service...
[2021-01-04 19:53:45] [info]  [ 7848] Starting service...
[2021-01-04 19:53:46] [info]  [ 7848] Service started in 1171 milliseconds.
[2021-01-04 19:53:47] [info]  [ 7848] Debug service finished with exit code 0.
[2021-01-04 19:53:47] [info]  [ 7848] Apache Commons Daemon procrun finished.
[2021-01-04 19:53:51] [info]  [ 5252] Apache Commons Daemon procrun (1.2.3.0 64-bit) started.
[2021-01-04 19:53:51] [info]  [ 5252] Debugging 'Tomcat8' service...
[2021-01-04 19:53:51] [info]  [ 5252] Starting service...
[2021-01-04 19:53:52] [info]  [ 5252] Service started in 1170 milliseconds.
[2021-01-04 19:53:53] [info]  [ 5252] Debug service finished with exit code 0.
[2021-01-04 19:53:53] [info]  [ 5252] Apache Commons Daemon procrun finished.
[2021-01-04 19:54:05] [info]  [ 1096] Apache Commons Daemon procrun (1.2.3.0 64-bit) started.
[2021-01-04 19:54:05] [info]  [ 1096] Debugging 'Tomcat8' service...
[2021-01-04 19:54:05] [info]  [ 1096] Starting service...
[2021-01-04 19:54:06] [info]  [ 1096] Service started in 1164 milliseconds.
[2021-01-04 19:54:07] [info]  [ 1096] Debug service finished with exit code 0.
[2021-01-04 19:54:07] [info]  [ 1096] Apache Commons Daemon procrun finished.
[2021-01-04 19:55:52] [info]  [14320] Apache Commons Daemon procrun (1.2.3.0 64-bit) started.
[2021-01-04 19:55:52] [info]  [14320] Debugging 'Tomcat8' service...
[2021-01-04 19:55:52] [info]  [14320] Starting service...
[2021-01-04 19:55:53] [info]  [14320] Service started in 1165 milliseconds.
[2021-01-04 19:55:54] [info]  [14320] Debug service finished with exit code 0.
[2021-01-04 19:55:54] [info]  [14320] Apache Commons Daemon procrun finished.
[2021-01-04 19:55:58] [info]  [ 1232] Apache Commons Daemon procrun (1.2.3.0 64-bit) started.
[2021-01-04 19:55:58] [info]  [ 1232] Debugging 'Tomcat8' service...
[2021-01-04 19:55:58] [info]  [ 1232] Starting service...
[2021-01-04 19:55:59] [info]  [ 1232] Service started in 1164 milliseconds.
[2021-01-04 19:56:00] [info]  [ 1232] Debug service finished with exit code 0.
[2021-01-04 19:56:00] [info]  [ 1232] Apache Commons Daemon procrun finished.
[2021-01-04 19:56:47] [info]  [13496] Apache Commons Daemon procrun (1.2.3.0 64-bit) started.
[2021-01-04 19:56:47] [info]  [13496] Debugging 'Tomcat8' service...
[2021-01-04 19:56:47] [info]  [13496] Starting service...
[2021-01-04 19:56:48] [info]  [13496] Service started in 1162 milliseconds.
[2021-01-04 19:58:21] [info]  [ 8172] Console CTRL+CLOSE event signaled.
[2021-01-04 19:58:21] [info]  [ 8172] Stopping service...
[2021-01-04 19:58:22] [info]  [ 8172] Service stop thread completed.
[2021-01-04 19:58:26] [info]  [ 7572] Apache Commons Daemon procrun (1.2.3.0 64-bit) started.
[2021-01-04 19:58:26] [info]  [ 7572] Debugging 'Tomcat8' service...
[2021-01-04 19:58:26] [info]  [ 7572] Starting service...
[2021-01-04 19:58:27] [info]  [ 7572] Service started in 1181 milliseconds.
[2021-01-04 19:58:28] [info]  [ 7572] Debug service finished with exit code 0.
[2021-01-04 19:58:28] [info]  [ 7572] Apache Commons Daemon procrun finished.
[2021-01-04 19:58:44] [info]  [14448] Apache Commons Daemon procrun (1.2.3.0 64-bit) started.
[2021-01-04 19:58:44] [info]  [14448] Debugging 'Tomcat8' service...
[2021-01-04 19:58:44] [info]  [14448] Starting service...
[2021-01-04 19:58:45] [info]  [14448] Service started in 1213 milliseconds.
[2021-01-04 19:58:47] [info]  [14448] Debug service finished with exit code 0.
[2021-01-04 19:58:47] [info]  [14448] Apache Commons Daemon procrun finished.
[2021-01-04 19:59:34] [info]  [ 6868] Apache Commons Daemon procrun (1.2.3.0 64-bit) started.
[2021-01-04 19:59:34] [info]  [ 6868] Debugging 'Tomcat8' service...
[2021-01-04 19:59:34] [info]  [ 6868] Starting service...
[2021-01-04 19:59:35] [info]  [ 6868] Service started in 1193 milliseconds.
[2021-01-04 19:59:37] [info]  [ 6868] Debug service finished with exit code 0.
[2021-01-04 19:59:37] [info]  [ 6868] Apache Commons Daemon procrun finished.
[2021-01-04 19:59:42] [info]  [ 4012] Apache Commons Daemon procrun (1.2.3.0 64-bit) started.
[2021-01-04 19:59:42] [info]  [ 4012] Debugging 'Tomcat8' service...
[2021-01-04 19:59:42] [info]  [ 4012] Starting service...
[2021-01-04 19:59:43] [info]  [ 4012] Service started in 1211 milliseconds.
[2021-01-04 19:59:44] [info]  [ 4012] Debug service finished with exit code 0.
[2021-01-04 19:59:44] [info]  [ 4012] Apache Commons Daemon procrun finished.
[2021-01-04 20:00:01] [info]  [  888] Apache Commons Daemon procrun (1.2.3.0 64-bit) started.
[2021-01-04 20:00:01] [info]  [  888] Debugging 'Tomcat8' service...
[2021-01-04 20:00:01] [info]  [  888] Starting service...
[2021-01-04 20:00:02] [info]  [  888] Service started in 1276 milliseconds.
[2021-01-04 20:00:05] [info]  [  888] Debug service finished with exit code 0.
[2021-01-04 20:00:05] [info]  [  888] Apache Commons Daemon procrun finished.
[2021-01-04 20:01:02] [info]  [12448] Apache Commons Daemon procrun (1.2.3.0 64-bit) started.
[2021-01-04 20:01:02] [info]  [12448] Debugging 'Tomcat8' service...
[2021-01-04 20:01:02] [info]  [12448] Starting service...
[2021-01-04 20:01:04] [info]  [12448] Service started in 1296 milliseconds.
[2021-01-04 20:02:05] [info]  [ 8868] Console CTRL+CLOSE event signaled.
[2021-01-04 20:02:05] [info]  [ 8868] Stopping service...
[2021-01-04 20:02:06] [info]  [ 8868] Service stop thread completed.
[2021-01-04 20:02:11] [info]  [11232] Apache Commons Daemon procrun (1.2.3.0 64-bit) started.
[2021-01-04 20:02:11] [info]  [11232] Debugging 'Tomcat8' service...
[2021-01-04 20:02:11] [info]  [11232] Starting service...
[2021-01-04 20:02:12] [info]  [11232] Service started in 1227 milliseconds.
[2021-01-04 20:02:13] [info]  [11232] Debug service finished with exit code 0.
[2021-01-04 20:02:13] [info]  [11232] Apache Commons Daemon procrun finished.
[2021-01-04 20:02:18] [info]  [ 9660] Apache Commons Daemon procrun (1.2.3.0 64-bit) started.
[2021-01-04 20:02:18] [info]  [ 9660] Debugging 'Tomcat8' service...
[2021-01-04 20:02:18] [info]  [ 9660] Starting service...
[2021-01-04 20:02:19] [info]  [ 9660] Service started in 1224 milliseconds.
[2021-01-04 20:02:21] [info]  [ 9660] Debug service finished with exit code 0.
[2021-01-04 20:02:21] [info]  [ 9660] Apache Commons Daemon procrun finished.
[2021-01-04 20:03:17] [info]  [14004] Apache Commons Daemon procrun (1.2.3.0 64-bit) started.
[2021-01-04 20:03:17] [info]  [14004] Debugging 'Tomcat8' service...
[2021-01-04 20:03:17] [info]  [14004] Starting service...
[2021-01-04 20:03:18] [info]  [14004] Service started in 1205 milliseconds.
[2021-01-04 20:05:24] [info]  [13536] Console CTRL+CLOSE event signaled.
[2021-01-04 20:05:24] [info]  [13536] Stopping service...
[2021-01-04 20:05:25] [info]  [13536] Service stop thread completed.
[2021-01-04 20:05:28] [info]  [ 6896] Apache Commons Daemon procrun (1.2.3.0 64-bit) started.
[2021-01-04 20:05:28] [info]  [ 6896] Debugging 'Tomcat8' service...
[2021-01-04 20:05:28] [info]  [ 6896] Starting service...
[2021-01-04 20:05:29] [info]  [ 6896] Service started in 1202 milliseconds.
[2021-01-04 20:07:12] [info]  [ 5308] Console CTRL+CLOSE event signaled.
[2021-01-04 20:07:12] [info]  [ 5308] Stopping service...
[2021-01-04 20:07:13] [info]  [ 5308] Service stop thread completed.
[2021-01-04 20:07:16] [info]  [ 4916] Apache Commons Daemon procrun (1.2.3.0 64-bit) started.
[2021-01-04 20:07:16] [info]  [ 4916] Debugging 'Tomcat8' service...
[2021-01-04 20:07:16] [info]  [ 4916] Starting service...
[2021-01-04 20:07:17] [info]  [ 4916] Service started in 1219 milliseconds.
[2021-01-04 20:10:23] [info]  [ 5672] Console CTRL+CLOSE event signaled.
[2021-01-04 20:10:23] [info]  [ 5672] Stopping service...
[2021-01-04 20:10:24] [info]  [ 5672] Service stop thread completed.
[2021-01-04 20:10:29] [info]  [11496] Apache Commons Daemon procrun (1.2.3.0 64-bit) started.
[2021-01-04 20:10:29] [info]  [11496] Debugging 'Tomcat8' service...
[2021-01-04 20:10:29] [info]  [11496] Starting service...
[2021-01-04 20:10:30] [info]  [11496] Service started in 1230 milliseconds.
[2021-01-04 20:15:42] [info]  [ 9812] Console CTRL+CLOSE event signaled.
[2021-01-04 20:15:42] [info]  [ 9812] Stopping service...
[2021-01-04 20:15:43] [info]  [ 9812] Service stop thread completed.
[2021-01-04 20:16:06] [info]  [12516] Apache Commons Daemon procrun (1.2.3.0 64-bit) started.
[2021-01-04 20:16:06] [info]  [12516] Debugging 'Tomcat8' service...
[2021-01-04 20:16:06] [info]  [12516] Starting service...
[2021-01-04 20:16:08] [info]  [12516] Service started in 1203 milliseconds.
[2021-01-04 20:17:36] [info]  [ 3208] Console CTRL+CLOSE event signaled.
[2021-01-04 20:17:36] [info]  [ 3208] Stopping service...
[2021-01-04 20:17:37] [info]  [ 3208] Service stop thread completed.
[2021-01-04 20:17:41] [info]  [10724] Apache Commons Daemon procrun (1.2.3.0 64-bit) started.
[2021-01-04 20:17:41] [info]  [10724] Debugging 'Tomcat8' service...
[2021-01-04 20:17:41] [info]  [10724] Starting service...
[2021-01-04 20:17:42] [info]  [10724] Service started in 1220 milliseconds.
[2021-01-04 20:18:38] [info]  [ 3588] Console CTRL+CLOSE event signaled.
[2021-01-04 20:18:38] [info]  [ 3588] Stopping service...
[2021-01-04 20:18:39] [info]  [ 3588] Service stop thread completed.
[2021-01-04 20:18:42] [info]  [14224] Apache Commons Daemon procrun (1.2.3.0 64-bit) started.
[2021-01-04 20:18:42] [info]  [14224] Debugging 'Tomcat8' service...
[2021-01-04 20:18:42] [info]  [14224] Starting service...
[2021-01-04 20:18:44] [info]  [14224] Service started in 1199 milliseconds.
[2021-01-04 20:19:13] [info]  [11504] Console CTRL+CLOSE event signaled.
[2021-01-04 20:19:13] [info]  [11504] Stopping service...
[2021-01-04 20:19:14] [info]  [11504] Service stop thread completed.
[2021-01-04 20:19:17] [info]  [12856] Apache Commons Daemon procrun (1.2.3.0 64-bit) started.
[2021-01-04 20:19:17] [info]  [12856] Debugging 'Tomcat8' service...
[2021-01-04 20:19:17] [info]  [12856] Starting service...
[2021-01-04 20:19:18] [info]  [12856] Service started in 1225 milliseconds.
[2021-01-04 20:22:13] [info]  [ 6168] Console CTRL+CLOSE event signaled.
[2021-01-04 20:22:13] [info]  [ 6168] Stopping service...
[2021-01-04 20:22:14] [info]  [ 6168] Service stop thread completed.
[2021-01-04 20:22:18] [info]  [ 4588] Apache Commons Daemon procrun (1.2.3.0 64-bit) started.
[2021-01-04 20:22:18] [info]  [ 4588] Debugging 'Tomcat8' service...
[2021-01-04 20:22:18] [info]  [ 4588] Starting service...
[2021-01-04 20:22:20] [info]  [ 4588] Service started in 1209 milliseconds.
[2021-01-04 20:23:28] [info]  [ 1316] Console CTRL+CLOSE event signaled.
[2021-01-04 20:23:28] [info]  [ 1316] Stopping service...
[2021-01-04 20:23:29] [info]  [ 1316] Service stop thread completed.
[2021-01-04 20:23:32] [info]  [14056] Apache Commons Daemon procrun (1.2.3.0 64-bit) started.
[2021-01-04 20:23:32] [info]  [14056] Debugging 'Tomcat8' service...
[2021-01-04 20:23:32] [info]  [14056] Starting service...
[2021-01-04 20:23:33] [info]  [14056] Service started in 1217 milliseconds.
[2021-01-04 20:27:40] [info]  [ 5540] Console CTRL+CLOSE event signaled.
[2021-01-04 20:27:40] [info]  [ 5540] Stopping service...
[2021-01-04 20:27:41] [info]  [ 5540] Service stop thread completed.
[2021-01-04 20:27:44] [info]  [ 6136] Apache Commons Daemon procrun (1.2.3.0 64-bit) started.
[2021-01-04 20:27:44] [info]  [ 6136] Debugging 'Tomcat8' service...
[2021-01-04 20:27:44] [info]  [ 6136] Starting service...
[2021-01-04 20:27:46] [info]  [ 6136] Service started in 1271 milliseconds.
[2021-01-04 20:32:07] [info]  [15224] Console CTRL+CLOSE event signaled.
[2021-01-04 20:32:07] [info]  [15224] Stopping service...
[2021-01-04 20:32:08] [info]  [15224] Service stop thread completed.
[2021-01-04 20:32:11] [info]  [13184] Apache Commons Daemon procrun (1.2.3.0 64-bit) started.
[2021-01-04 20:32:11] [info]  [13184] Debugging 'Tomcat8' service...
[2021-01-04 20:32:11] [info]  [13184] Starting service...
[2021-01-04 20:32:12] [info]  [13184] Service started in 1210 milliseconds.
[2021-01-05 00:21:31] [info]  [10048] Console CTRL+CLOSE event signaled.
[2021-01-05 00:21:31] [info]  [10048] Stopping service...
[2021-01-05 00:21:32] [info]  [10048] Service stop thread completed.
