[2020-12-15 10:59:13] [info]  [18608] Apache Commons Daemon procrun (1.2.3.0 64-bit) started.
[2020-12-15 10:59:13] [info]  [18608] Running Service 'Tomcat8'...
[2020-12-15 10:59:13] [info]  [13032] Starting service...
[2020-12-15 10:59:15] [info]  [13032] Service started in 1537 milliseconds.
[2020-12-15 11:00:18] [info]  [ 3244] Stopping service...
[2020-12-15 11:00:19] [info]  [ 3244] Service stop thread completed.
[2020-12-15 11:00:19] [info]  [18608] Run service finished.
[2020-12-15 11:00:19] [info]  [18608] Apache Commons Daemon procrun finished.
[2020-12-15 11:00:20] [info]  [14228] Apache Commons Daemon procrun (1.2.3.0 64-bit) started.
[2020-12-15 11:00:20] [info]  [14228] Running Service 'Tomcat8'...
[2020-12-15 11:00:20] [info]  [17140] Starting service...
[2020-12-15 11:00:21] [info]  [17140] Service started in 1299 milliseconds.
[2020-12-15 11:01:11] [info]  [17200] Stopping service...
[2020-12-15 11:01:12] [info]  [17200] Service stop thread completed.
[2020-12-15 11:01:12] [info]  [14228] Run service finished.
[2020-12-15 11:01:12] [info]  [14228] Apache Commons Daemon procrun finished.
[2020-12-15 11:01:13] [info]  [  744] Apache Commons Daemon procrun (1.2.3.0 64-bit) started.
[2020-12-15 11:01:13] [info]  [  744] Running Service 'Tomcat8'...
[2020-12-15 11:01:13] [info]  [10980] Starting service...
[2020-12-15 11:01:14] [info]  [10980] Service started in 1168 milliseconds.
[2020-12-15 11:01:56] [info]  [11516] Stopping service...
[2020-12-15 11:01:57] [info]  [11516] Service stop thread completed.
[2020-12-15 11:01:57] [info]  [  744] Run service finished.
[2020-12-15 11:01:57] [info]  [  744] Apache Commons Daemon procrun finished.
[2020-12-15 11:01:57] [info]  [ 9800] Apache Commons Daemon procrun (1.2.3.0 64-bit) started.
[2020-12-15 11:01:57] [info]  [ 9800] Running Service 'Tomcat8'...
[2020-12-15 11:01:57] [info]  [18928] Starting service...
[2020-12-15 11:01:59] [info]  [18928] Service started in 1158 milliseconds.
[2020-12-15 11:02:39] [info]  [18708] Stopping service...
[2020-12-15 11:02:42] [info]  [18708] Service stop thread completed.
[2020-12-15 11:02:42] [info]  [ 9800] Run service finished.
[2020-12-15 11:02:42] [info]  [ 9800] Apache Commons Daemon procrun finished.
[2020-12-15 11:02:42] [info]  [18348] Apache Commons Daemon procrun (1.2.3.0 64-bit) started.
[2020-12-15 11:02:42] [info]  [18348] Running Service 'Tomcat8'...
[2020-12-15 11:02:42] [info]  [11244] Starting service...
[2020-12-15 11:02:43] [info]  [11244] Service started in 1167 milliseconds.
[2020-12-15 13:12:08] [info]  [ 9664] Stopping service...
[2020-12-15 13:12:09] [info]  [ 9664] Service stop thread completed.
[2020-12-15 13:12:09] [info]  [18348] Run service finished.
[2020-12-15 13:12:09] [info]  [18348] Apache Commons Daemon procrun finished.
[2020-12-15 13:12:10] [info]  [16944] Apache Commons Daemon procrun (1.2.3.0 64-bit) started.
[2020-12-15 13:12:10] [info]  [16944] Running Service 'Tomcat8'...
[2020-12-15 13:12:10] [info]  [ 2548] Starting service...
[2020-12-15 13:12:11] [info]  [ 2548] Service started in 1187 milliseconds.
[2020-12-15 13:13:11] [info]  [  140] Stopping service...
[2020-12-15 13:13:12] [info]  [  140] Service stop thread completed.
[2020-12-15 13:13:12] [info]  [16944] Run service finished.
[2020-12-15 13:13:12] [info]  [16944] Apache Commons Daemon procrun finished.
[2020-12-15 13:13:13] [info]  [18836] Apache Commons Daemon procrun (1.2.3.0 64-bit) started.
[2020-12-15 13:13:13] [info]  [18836] Running Service 'Tomcat8'...
[2020-12-15 13:13:13] [info]  [ 6832] Starting service...
[2020-12-15 13:13:14] [info]  [ 6832] Service started in 1177 milliseconds.
[2020-12-15 13:19:19] [info]  [12156] Stopping service...
[2020-12-15 13:19:20] [info]  [12156] Service stop thread completed.
[2020-12-15 13:19:20] [info]  [18836] Run service finished.
[2020-12-15 13:19:20] [info]  [18836] Apache Commons Daemon procrun finished.
[2020-12-15 13:19:20] [info]  [ 8964] Apache Commons Daemon procrun (1.2.3.0 64-bit) started.
[2020-12-15 13:19:20] [info]  [ 8964] Running Service 'Tomcat8'...
[2020-12-15 13:19:20] [info]  [ 2512] Starting service...
[2020-12-15 13:19:22] [info]  [ 2512] Service started in 1171 milliseconds.
[2020-12-15 13:27:14] [info]  [15560] Stopping service...
[2020-12-15 13:27:15] [info]  [15560] Service stop thread completed.
[2020-12-15 13:27:15] [info]  [ 8964] Run service finished.
[2020-12-15 13:27:15] [info]  [ 8964] Apache Commons Daemon procrun finished.
[2020-12-15 13:27:16] [info]  [ 9912] Apache Commons Daemon procrun (1.2.3.0 64-bit) started.
[2020-12-15 13:27:16] [info]  [ 9912] Running Service 'Tomcat8'...
[2020-12-15 13:27:16] [info]  [ 5492] Starting service...
[2020-12-15 13:27:17] [info]  [ 5492] Service started in 1186 milliseconds.
[2020-12-15 13:33:50] [info]  [17400] Stopping service...
[2020-12-15 13:33:51] [info]  [17400] Service stop thread completed.
[2020-12-15 13:33:51] [info]  [ 9912] Run service finished.
[2020-12-15 13:33:51] [info]  [ 9912] Apache Commons Daemon procrun finished.
[2020-12-15 13:33:51] [info]  [ 7216] Apache Commons Daemon procrun (1.2.3.0 64-bit) started.
[2020-12-15 13:33:51] [info]  [ 7216] Running Service 'Tomcat8'...
[2020-12-15 13:33:51] [info]  [ 7660] Starting service...
[2020-12-15 13:33:52] [info]  [ 7660] Service started in 1190 milliseconds.
[2020-12-15 13:36:18] [info]  [ 3720] Stopping service...
[2020-12-15 13:36:19] [info]  [ 3720] Service stop thread completed.
[2020-12-15 13:36:19] [info]  [ 7216] Run service finished.
[2020-12-15 13:36:19] [info]  [ 7216] Apache Commons Daemon procrun finished.
[2020-12-15 13:36:19] [info]  [ 9892] Apache Commons Daemon procrun (1.2.3.0 64-bit) started.
[2020-12-15 13:36:19] [info]  [ 9892] Running Service 'Tomcat8'...
[2020-12-15 13:36:19] [info]  [ 3316] Starting service...
[2020-12-15 13:36:20] [info]  [ 3316] Service started in 1178 milliseconds.
[2020-12-15 13:36:40] [info]  [ 7064] Stopping service...
[2020-12-15 13:36:41] [info]  [ 7064] Service stop thread completed.
[2020-12-15 13:36:41] [info]  [ 9892] Run service finished.
[2020-12-15 13:36:41] [info]  [ 9892] Apache Commons Daemon procrun finished.
[2020-12-15 13:36:41] [info]  [16488] Apache Commons Daemon procrun (1.2.3.0 64-bit) started.
[2020-12-15 13:36:41] [info]  [16488] Running Service 'Tomcat8'...
[2020-12-15 13:36:41] [info]  [17360] Starting service...
[2020-12-15 13:36:42] [info]  [17360] Service started in 1174 milliseconds.
[2020-12-15 13:41:43] [info]  [17324] Stopping service...
[2020-12-15 13:41:44] [info]  [17324] Service stop thread completed.
[2020-12-15 13:41:44] [info]  [16488] Run service finished.
[2020-12-15 13:41:44] [info]  [16488] Apache Commons Daemon procrun finished.
[2020-12-15 13:41:45] [info]  [16420] Apache Commons Daemon procrun (1.2.3.0 64-bit) started.
[2020-12-15 13:41:45] [info]  [16420] Running Service 'Tomcat8'...
[2020-12-15 13:41:45] [info]  [11744] Starting service...
[2020-12-15 13:41:46] [info]  [11744] Service started in 1202 milliseconds.
[2020-12-15 13:52:41] [info]  [17868] Stopping service...
[2020-12-15 13:52:42] [info]  [17868] Service stop thread completed.
[2020-12-15 13:52:42] [info]  [16420] Run service finished.
[2020-12-15 13:52:42] [info]  [16420] Apache Commons Daemon procrun finished.
[2020-12-15 13:52:43] [info]  [12720] Apache Commons Daemon procrun (1.2.3.0 64-bit) started.
[2020-12-15 13:52:43] [info]  [12720] Running Service 'Tomcat8'...
[2020-12-15 13:52:43] [info]  [11624] Starting service...
[2020-12-15 13:52:44] [info]  [11624] Service started in 1196 milliseconds.
[2020-12-15 13:55:15] [info]  [18108] Stopping service...
[2020-12-15 13:55:16] [info]  [18108] Service stop thread completed.
[2020-12-15 13:55:16] [info]  [12720] Run service finished.
[2020-12-15 13:55:16] [info]  [12720] Apache Commons Daemon procrun finished.
[2020-12-15 13:55:16] [info]  [ 8732] Apache Commons Daemon procrun (1.2.3.0 64-bit) started.
[2020-12-15 13:55:17] [info]  [ 8732] Running Service 'Tomcat8'...
[2020-12-15 13:55:17] [info]  [ 8396] Starting service...
[2020-12-15 13:55:18] [info]  [ 8396] Service started in 1174 milliseconds.
[2020-12-15 14:02:47] [info]  [ 1584] Stopping service...
[2020-12-15 14:02:48] [info]  [ 1584] Service stop thread completed.
[2020-12-15 14:02:48] [info]  [ 8732] Run service finished.
[2020-12-15 14:02:48] [info]  [ 8732] Apache Commons Daemon procrun finished.
[2020-12-15 14:02:48] [info]  [10288] Apache Commons Daemon procrun (1.2.3.0 64-bit) started.
[2020-12-15 14:02:48] [info]  [10288] Running Service 'Tomcat8'...
[2020-12-15 14:02:48] [info]  [ 5064] Starting service...
[2020-12-15 14:02:49] [info]  [ 5064] Service started in 1199 milliseconds.
[2020-12-15 14:03:41] [info]  [  728] Stopping service...
[2020-12-15 14:03:48] [info]  [  728] Service stop thread completed.
[2020-12-15 14:03:48] [info]  [10288] Run service finished.
[2020-12-15 14:03:48] [info]  [10288] Apache Commons Daemon procrun finished.
[2020-12-15 14:03:49] [info]  [14220] Apache Commons Daemon procrun (1.2.3.0 64-bit) started.
[2020-12-15 14:03:49] [info]  [14220] Running Service 'Tomcat8'...
[2020-12-15 14:03:49] [info]  [13996] Starting service...
[2020-12-15 14:03:50] [info]  [13996] Service started in 1184 milliseconds.
[2020-12-15 14:05:12] [info]  [14208] Stopping service...
[2020-12-15 14:05:13] [info]  [14208] Service stop thread completed.
[2020-12-15 14:05:13] [info]  [14220] Run service finished.
[2020-12-15 14:05:13] [info]  [14220] Apache Commons Daemon procrun finished.
[2020-12-15 14:05:13] [info]  [12504] Apache Commons Daemon procrun (1.2.3.0 64-bit) started.
[2020-12-15 14:05:13] [info]  [12504] Running Service 'Tomcat8'...
[2020-12-15 14:05:13] [info]  [18608] Starting service...
[2020-12-15 14:05:14] [info]  [18608] Service started in 1172 milliseconds.
[2020-12-15 15:54:42] [info]  [ 6788] Stopping service...
[2020-12-15 15:54:43] [info]  [ 6788] Service stop thread completed.
[2020-12-15 15:54:43] [info]  [12504] Run service finished.
[2020-12-15 15:54:43] [info]  [12504] Apache Commons Daemon procrun finished.
[2020-12-15 15:54:43] [info]  [  728] Apache Commons Daemon procrun (1.2.3.0 64-bit) started.
[2020-12-15 15:54:43] [info]  [  728] Running Service 'Tomcat8'...
[2020-12-15 15:54:43] [info]  [12208] Starting service...
[2020-12-15 15:54:44] [info]  [12208] Service started in 1187 milliseconds.
[2020-12-15 15:58:29] [info]  [18576] Stopping service...
[2020-12-15 15:58:30] [info]  [18576] Service stop thread completed.
[2020-12-15 15:58:30] [info]  [  728] Run service finished.
[2020-12-15 15:58:30] [info]  [  728] Apache Commons Daemon procrun finished.
[2020-12-15 15:58:30] [info]  [14664] Apache Commons Daemon procrun (1.2.3.0 64-bit) started.
[2020-12-15 15:58:30] [info]  [14664] Running Service 'Tomcat8'...
[2020-12-15 15:58:30] [info]  [ 9284] Starting service...
[2020-12-15 15:58:31] [info]  [ 9284] Service started in 1231 milliseconds.
[2020-12-15 16:00:40] [info]  [ 7084] Stopping service...
[2020-12-15 16:00:41] [info]  [ 7084] Service stop thread completed.
[2020-12-15 16:00:41] [info]  [14664] Run service finished.
[2020-12-15 16:00:41] [info]  [14664] Apache Commons Daemon procrun finished.
[2020-12-15 16:00:41] [info]  [17208] Apache Commons Daemon procrun (1.2.3.0 64-bit) started.
[2020-12-15 16:00:41] [info]  [17208] Running Service 'Tomcat8'...
[2020-12-15 16:00:41] [info]  [15176] Starting service...
[2020-12-15 16:00:42] [info]  [15176] Service started in 1181 milliseconds.
[2020-12-15 16:25:23] [info]  [ 2936] Stopping service...
[2020-12-15 16:25:24] [info]  [ 2936] Service stop thread completed.
[2020-12-15 16:25:24] [info]  [17208] Run service finished.
[2020-12-15 16:25:24] [info]  [17208] Apache Commons Daemon procrun finished.
[2020-12-15 16:25:25] [info]  [10268] Apache Commons Daemon procrun (1.2.3.0 64-bit) started.
[2020-12-15 16:25:25] [info]  [10268] Running Service 'Tomcat8'...
[2020-12-15 16:25:25] [info]  [  600] Starting service...
[2020-12-15 16:25:26] [info]  [  600] Service started in 1317 milliseconds.
[2020-12-15 16:37:34] [info]  [10044] Stopping service...
[2020-12-15 16:37:35] [info]  [10044] Service stop thread completed.
[2020-12-15 16:37:35] [info]  [10268] Run service finished.
[2020-12-15 16:37:35] [info]  [10268] Apache Commons Daemon procrun finished.
[2020-12-15 16:37:36] [info]  [ 8656] Apache Commons Daemon procrun (1.2.3.0 64-bit) started.
[2020-12-15 16:37:36] [info]  [ 8656] Running Service 'Tomcat8'...
[2020-12-15 16:37:36] [info]  [ 9584] Starting service...
[2020-12-15 16:37:37] [info]  [ 9584] Service started in 1201 milliseconds.
[2020-12-15 16:39:16] [info]  [13824] Stopping service...
[2020-12-15 16:39:17] [info]  [13824] Service stop thread completed.
[2020-12-15 16:39:17] [info]  [ 8656] Run service finished.
[2020-12-15 16:39:17] [info]  [ 8656] Apache Commons Daemon procrun finished.
[2020-12-15 16:39:17] [info]  [10756] Apache Commons Daemon procrun (1.2.3.0 64-bit) started.
[2020-12-15 16:39:18] [info]  [10756] Running Service 'Tomcat8'...
[2020-12-15 16:39:18] [info]  [ 7292] Starting service...
[2020-12-15 16:39:19] [info]  [ 7292] Service started in 1187 milliseconds.
[2020-12-15 16:39:33] [info]  [ 5328] Stopping service...
[2020-12-15 16:39:34] [info]  [ 5328] Service stop thread completed.
[2020-12-15 16:39:34] [info]  [10756] Run service finished.
[2020-12-15 16:39:34] [info]  [10756] Apache Commons Daemon procrun finished.
[2020-12-15 16:39:34] [info]  [ 4668] Apache Commons Daemon procrun (1.2.3.0 64-bit) started.
[2020-12-15 16:39:34] [info]  [ 4668] Running Service 'Tomcat8'...
[2020-12-15 16:39:34] [info]  [11360] Starting service...
[2020-12-15 16:39:35] [info]  [11360] Service started in 1225 milliseconds.
[2020-12-15 16:42:42] [info]  [12608] Stopping service...
[2020-12-15 16:42:43] [info]  [12608] Service stop thread completed.
[2020-12-15 16:42:43] [info]  [ 4668] Run service finished.
[2020-12-15 16:42:43] [info]  [ 4668] Apache Commons Daemon procrun finished.
[2020-12-15 16:42:43] [info]  [17208] Apache Commons Daemon procrun (1.2.3.0 64-bit) started.
[2020-12-15 16:42:43] [info]  [17208] Running Service 'Tomcat8'...
[2020-12-15 16:42:43] [info]  [ 6748] Starting service...
[2020-12-15 16:42:45] [info]  [ 6748] Service started in 1344 milliseconds.
[2020-12-15 16:51:23] [info]  [10552] Stopping service...
[2020-12-15 16:51:24] [info]  [10552] Service stop thread completed.
[2020-12-15 16:51:24] [info]  [17208] Run service finished.
[2020-12-15 16:51:24] [info]  [17208] Apache Commons Daemon procrun finished.
[2020-12-15 16:51:24] [info]  [18664] Apache Commons Daemon procrun (1.2.3.0 64-bit) started.
[2020-12-15 16:51:24] [info]  [18664] Running Service 'Tomcat8'...
[2020-12-15 16:51:24] [info]  [ 8200] Starting service...
[2020-12-15 16:51:26] [info]  [ 8200] Service started in 1350 milliseconds.
[2020-12-15 16:54:42] [info]  [10976] Stopping service...
[2020-12-15 16:54:43] [info]  [10976] Service stop thread completed.
[2020-12-15 16:54:43] [info]  [18664] Run service finished.
[2020-12-15 16:54:43] [info]  [18664] Apache Commons Daemon procrun finished.
[2020-12-15 16:54:44] [info]  [17744] Apache Commons Daemon procrun (1.2.3.0 64-bit) started.
[2020-12-15 16:54:44] [info]  [17744] Running Service 'Tomcat8'...
[2020-12-15 16:54:44] [info]  [ 2860] Starting service...
[2020-12-15 16:54:45] [info]  [ 2860] Service started in 1301 milliseconds.
[2020-12-15 16:57:24] [info]  [15488] Stopping service...
[2020-12-15 16:57:25] [info]  [15488] Service stop thread completed.
[2020-12-15 16:57:25] [info]  [17744] Run service finished.
[2020-12-15 16:57:25] [info]  [17744] Apache Commons Daemon procrun finished.
[2020-12-15 16:57:25] [info]  [12012] Apache Commons Daemon procrun (1.2.3.0 64-bit) started.
[2020-12-15 16:57:25] [info]  [12012] Running Service 'Tomcat8'...
[2020-12-15 16:57:25] [info]  [ 3940] Starting service...
[2020-12-15 16:57:26] [info]  [ 3940] Service started in 1262 milliseconds.
[2020-12-15 17:10:00] [info]  [ 1988] Stopping service...
[2020-12-15 17:10:01] [info]  [ 1988] Service stop thread completed.
[2020-12-15 17:10:01] [info]  [12012] Run service finished.
[2020-12-15 17:10:01] [info]  [12012] Apache Commons Daemon procrun finished.
[2020-12-15 17:10:01] [info]  [19412] Apache Commons Daemon procrun (1.2.3.0 64-bit) started.
[2020-12-15 17:10:01] [info]  [19412] Running Service 'Tomcat8'...
[2020-12-15 17:10:01] [info]  [14124] Starting service...
[2020-12-15 17:10:03] [info]  [14124] Service started in 1349 milliseconds.
[2020-12-15 17:35:52] [info]  [ 9960] Stopping service...
[2020-12-15 17:35:53] [info]  [ 9960] Service stop thread completed.
[2020-12-15 17:35:53] [info]  [19412] Run service finished.
[2020-12-15 17:35:53] [info]  [19412] Apache Commons Daemon procrun finished.
[2020-12-15 17:35:53] [info]  [ 1408] Apache Commons Daemon procrun (1.2.3.0 64-bit) started.
[2020-12-15 17:35:53] [info]  [ 1408] Running Service 'Tomcat8'...
[2020-12-15 17:35:53] [info]  [18932] Starting service...
[2020-12-15 17:35:55] [info]  [18932] Service started in 1206 milliseconds.
[2020-12-15 17:41:16] [info]  [17704] Stopping service...
[2020-12-15 17:41:17] [info]  [17704] Service stop thread completed.
[2020-12-15 17:41:17] [info]  [ 1408] Run service finished.
[2020-12-15 17:41:17] [info]  [ 1408] Apache Commons Daemon procrun finished.
[2020-12-15 17:41:18] [info]  [ 2596] Apache Commons Daemon procrun (1.2.3.0 64-bit) started.
[2020-12-15 17:41:18] [info]  [ 2596] Running Service 'Tomcat8'...
[2020-12-15 17:41:18] [info]  [ 7956] Starting service...
[2020-12-15 17:41:19] [info]  [ 7956] Service started in 1403 milliseconds.
[2020-12-15 17:44:51] [info]  [12612] Stopping service...
[2020-12-15 17:44:52] [info]  [12612] Service stop thread completed.
[2020-12-15 17:44:52] [info]  [ 2596] Run service finished.
[2020-12-15 17:44:52] [info]  [ 2596] Apache Commons Daemon procrun finished.
[2020-12-15 17:45:09] [info]  [ 1896] Apache Commons Daemon procrun (1.2.3.0 64-bit) started.
[2020-12-15 17:45:10] [info]  [ 1896] Running Service 'Tomcat8'...
[2020-12-15 17:45:10] [info]  [15220] Starting service...
[2020-12-15 17:45:11] [info]  [15220] Service started in 1379 milliseconds.
[2020-12-15 17:50:05] [info]  [10176] Stopping service...
[2020-12-15 17:50:06] [info]  [10176] Service stop thread completed.
[2020-12-15 17:50:06] [info]  [ 1896] Run service finished.
[2020-12-15 17:50:06] [info]  [ 1896] Apache Commons Daemon procrun finished.
[2020-12-15 17:50:06] [info]  [11260] Apache Commons Daemon procrun (1.2.3.0 64-bit) started.
[2020-12-15 17:50:06] [info]  [11260] Running Service 'Tomcat8'...
[2020-12-15 17:50:06] [info]  [19436] Starting service...
[2020-12-15 17:50:08] [info]  [19436] Service started in 1874 milliseconds.
[2020-12-15 17:51:42] [info]  [ 5576] Stopping service...
[2020-12-15 17:51:43] [info]  [ 5576] Service stop thread completed.
[2020-12-15 17:51:43] [info]  [11260] Run service finished.
[2020-12-15 17:51:43] [info]  [11260] Apache Commons Daemon procrun finished.
[2020-12-15 17:51:44] [info]  [19124] Apache Commons Daemon procrun (1.2.3.0 64-bit) started.
[2020-12-15 17:51:44] [info]  [19124] Running Service 'Tomcat8'...
[2020-12-15 17:51:44] [info]  [12324] Starting service...
[2020-12-15 17:51:45] [info]  [12324] Service started in 1283 milliseconds.
[2020-12-15 17:53:26] [info]  [16408] Stopping service...
[2020-12-15 17:53:27] [info]  [16408] Service stop thread completed.
[2020-12-15 17:53:27] [info]  [19124] Run service finished.
[2020-12-15 17:53:27] [info]  [19124] Apache Commons Daemon procrun finished.
[2020-12-15 17:53:28] [info]  [11744] Apache Commons Daemon procrun (1.2.3.0 64-bit) started.
[2020-12-15 17:53:28] [info]  [11744] Running Service 'Tomcat8'...
[2020-12-15 17:53:28] [info]  [ 9388] Starting service...
[2020-12-15 17:53:29] [info]  [ 9388] Service started in 1181 milliseconds.
[2020-12-15 17:55:41] [info]  [16368] Stopping service...
[2020-12-15 17:55:42] [info]  [16368] Service stop thread completed.
[2020-12-15 17:55:42] [info]  [11744] Run service finished.
[2020-12-15 17:55:42] [info]  [11744] Apache Commons Daemon procrun finished.
[2020-12-15 17:55:42] [info]  [10076] Apache Commons Daemon procrun (1.2.3.0 64-bit) started.
[2020-12-15 17:55:42] [info]  [10076] Running Service 'Tomcat8'...
[2020-12-15 17:55:42] [info]  [11260] Starting service...
[2020-12-15 17:55:44] [info]  [11260] Service started in 1193 milliseconds.
[2020-12-15 18:00:33] [info]  [18824] Stopping service...
[2020-12-15 18:00:34] [info]  [18824] Service stop thread completed.
[2020-12-15 18:00:34] [info]  [10076] Run service finished.
[2020-12-15 18:00:34] [info]  [10076] Apache Commons Daemon procrun finished.
[2020-12-15 18:00:35] [info]  [ 1064] Apache Commons Daemon procrun (1.2.3.0 64-bit) started.
[2020-12-15 18:00:35] [info]  [ 1064] Running Service 'Tomcat8'...
[2020-12-15 18:00:35] [info]  [ 7512] Starting service...
[2020-12-15 18:00:36] [info]  [ 7512] Service started in 1210 milliseconds.
[2020-12-15 18:03:35] [info]  [16468] Stopping service...
[2020-12-15 18:03:36] [info]  [16468] Service stop thread completed.
[2020-12-15 18:03:36] [info]  [ 1064] Run service finished.
[2020-12-15 18:03:36] [info]  [ 1064] Apache Commons Daemon procrun finished.
[2020-12-15 18:03:36] [info]  [13952] Apache Commons Daemon procrun (1.2.3.0 64-bit) started.
[2020-12-15 18:03:36] [info]  [13952] Running Service 'Tomcat8'...
[2020-12-15 18:03:36] [info]  [18272] Starting service...
[2020-12-15 18:03:37] [info]  [18272] Service started in 1229 milliseconds.
[2020-12-15 18:06:07] [info]  [ 4408] Stopping service...
[2020-12-15 18:06:08] [info]  [ 4408] Service stop thread completed.
[2020-12-15 18:06:08] [info]  [13952] Run service finished.
[2020-12-15 18:06:08] [info]  [13952] Apache Commons Daemon procrun finished.
[2020-12-15 18:06:08] [info]  [19452] Apache Commons Daemon procrun (1.2.3.0 64-bit) started.
[2020-12-15 18:06:08] [info]  [19452] Running Service 'Tomcat8'...
[2020-12-15 18:06:08] [info]  [12136] Starting service...
[2020-12-15 18:06:09] [info]  [12136] Service started in 1239 milliseconds.
[2020-12-15 18:07:30] [info]  [13700] Stopping service...
[2020-12-15 18:07:31] [info]  [13700] Service stop thread completed.
[2020-12-15 18:07:31] [info]  [19452] Run service finished.
[2020-12-15 18:07:31] [info]  [19452] Apache Commons Daemon procrun finished.
[2020-12-15 18:07:31] [info]  [ 1420] Apache Commons Daemon procrun (1.2.3.0 64-bit) started.
[2020-12-15 18:07:32] [info]  [ 1420] Running Service 'Tomcat8'...
[2020-12-15 18:07:32] [info]  [16060] Starting service...
[2020-12-15 18:07:33] [info]  [16060] Service started in 1181 milliseconds.
[2020-12-15 18:10:36] [info]  [ 7244] Stopping service...
[2020-12-15 18:10:37] [info]  [ 7244] Service stop thread completed.
[2020-12-15 18:10:37] [info]  [ 1420] Run service finished.
[2020-12-15 18:10:37] [info]  [ 1420] Apache Commons Daemon procrun finished.
[2020-12-15 18:10:41] [info]  [14764] Apache Commons Daemon procrun (1.2.3.0 64-bit) started.
[2020-12-15 18:10:41] [info]  [14764] Running Service 'Tomcat8'...
[2020-12-15 18:10:41] [info]  [14264] Starting service...
[2020-12-15 18:10:42] [info]  [14264] Service started in 1248 milliseconds.
[2020-12-15 18:14:22] [info]  [ 4848] Stopping service...
[2020-12-15 18:14:23] [info]  [ 4848] Service stop thread completed.
[2020-12-15 18:14:23] [info]  [14764] Run service finished.
[2020-12-15 18:14:23] [info]  [14764] Apache Commons Daemon procrun finished.
[2020-12-15 18:14:24] [info]  [17704] Apache Commons Daemon procrun (1.2.3.0 64-bit) started.
[2020-12-15 18:14:24] [info]  [17704] Running Service 'Tomcat8'...
[2020-12-15 18:14:24] [info]  [11856] Starting service...
[2020-12-15 18:14:25] [info]  [11856] Service started in 1340 milliseconds.
[2020-12-15 18:21:27] [info]  [ 2488] Stopping service...
[2020-12-15 18:21:28] [info]  [ 2488] Service stop thread completed.
[2020-12-15 18:21:28] [info]  [17704] Run service finished.
[2020-12-15 18:21:28] [info]  [17704] Apache Commons Daemon procrun finished.
[2020-12-15 18:21:28] [info]  [ 6748] Apache Commons Daemon procrun (1.2.3.0 64-bit) started.
[2020-12-15 18:21:28] [info]  [ 6748] Running Service 'Tomcat8'...
[2020-12-15 18:21:28] [info]  [19204] Starting service...
[2020-12-15 18:21:29] [info]  [19204] Service started in 1179 milliseconds.
[2020-12-15 18:23:22] [info]  [16468] Stopping service...
[2020-12-15 18:23:23] [info]  [16468] Service stop thread completed.
[2020-12-15 18:23:23] [info]  [ 6748] Run service finished.
[2020-12-15 18:23:23] [info]  [ 6748] Apache Commons Daemon procrun finished.
[2020-12-15 18:23:23] [info]  [17420] Apache Commons Daemon procrun (1.2.3.0 64-bit) started.
[2020-12-15 18:23:23] [info]  [17420] Running Service 'Tomcat8'...
[2020-12-15 18:23:23] [info]  [ 6812] Starting service...
[2020-12-15 18:23:24] [info]  [ 6812] Service started in 1208 milliseconds.
[2020-12-15 18:24:35] [info]  [16704] Stopping service...
[2020-12-15 18:24:36] [info]  [16704] Service stop thread completed.
[2020-12-15 18:24:36] [info]  [17420] Run service finished.
[2020-12-15 18:24:36] [info]  [17420] Apache Commons Daemon procrun finished.
[2020-12-15 18:24:36] [info]  [14360] Apache Commons Daemon procrun (1.2.3.0 64-bit) started.
[2020-12-15 18:24:36] [info]  [14360] Running Service 'Tomcat8'...
[2020-12-15 18:24:36] [info]  [11000] Starting service...
[2020-12-15 18:24:37] [info]  [11000] Service started in 1184 milliseconds.
[2020-12-15 18:30:11] [info]  [ 9324] Stopping service...
[2020-12-15 18:30:12] [info]  [ 9324] Service stop thread completed.
[2020-12-15 18:30:12] [info]  [14360] Run service finished.
[2020-12-15 18:30:12] [info]  [14360] Apache Commons Daemon procrun finished.
[2020-12-15 18:30:12] [info]  [ 3204] Apache Commons Daemon procrun (1.2.3.0 64-bit) started.
[2020-12-15 18:30:12] [info]  [ 3204] Running Service 'Tomcat8'...
[2020-12-15 18:30:12] [info]  [15412] Starting service...
[2020-12-15 18:30:13] [info]  [15412] Service started in 1175 milliseconds.
[2020-12-15 18:31:00] [info]  [13132] Stopping service...
[2020-12-15 18:31:01] [info]  [13132] Service stop thread completed.
[2020-12-15 18:31:01] [info]  [ 3204] Run service finished.
[2020-12-15 18:31:01] [info]  [ 3204] Apache Commons Daemon procrun finished.
[2020-12-15 18:31:01] [info]  [18376] Apache Commons Daemon procrun (1.2.3.0 64-bit) started.
[2020-12-15 18:31:01] [info]  [18376] Running Service 'Tomcat8'...
[2020-12-15 18:31:01] [info]  [10800] Starting service...
[2020-12-15 18:31:03] [info]  [10800] Service started in 1275 milliseconds.
[2020-12-15 21:05:50] [info]  [14840] Stopping service...
[2020-12-15 21:05:51] [info]  [14840] Service stop thread completed.
[2020-12-15 21:05:51] [info]  [18376] Run service finished.
[2020-12-15 21:05:51] [info]  [18376] Apache Commons Daemon procrun finished.
[2020-12-15 21:05:51] [info]  [ 5720] Apache Commons Daemon procrun (1.2.3.0 64-bit) started.
[2020-12-15 21:05:51] [info]  [ 5720] Running Service 'Tomcat8'...
[2020-12-15 21:05:51] [info]  [ 1320] Starting service...
[2020-12-15 21:05:52] [info]  [ 1320] Service started in 1163 milliseconds.
[2020-12-15 21:08:43] [info]  [17856] Stopping service...
[2020-12-15 21:08:44] [info]  [17856] Service stop thread completed.
[2020-12-15 21:08:44] [info]  [ 5720] Run service finished.
[2020-12-15 21:08:44] [info]  [ 5720] Apache Commons Daemon procrun finished.
[2020-12-15 21:08:45] [info]  [19296] Apache Commons Daemon procrun (1.2.3.0 64-bit) started.
[2020-12-15 21:08:45] [info]  [19296] Running Service 'Tomcat8'...
[2020-12-15 21:08:45] [info]  [11884] Starting service...
[2020-12-15 21:08:46] [info]  [11884] Service started in 1168 milliseconds.
[2020-12-15 21:10:05] [info]  [12816] Stopping service...
[2020-12-15 21:10:06] [info]  [12816] Service stop thread completed.
[2020-12-15 21:10:06] [info]  [19296] Run service finished.
[2020-12-15 21:10:06] [info]  [19296] Apache Commons Daemon procrun finished.
[2020-12-15 21:10:07] [info]  [ 7272] Apache Commons Daemon procrun (1.2.3.0 64-bit) started.
[2020-12-15 21:10:07] [info]  [ 7272] Running Service 'Tomcat8'...
[2020-12-15 21:10:07] [info]  [ 4312] Starting service...
[2020-12-15 21:10:08] [info]  [ 4312] Service started in 1171 milliseconds.
[2020-12-15 21:15:47] [info]  [ 9528] Stopping service...
[2020-12-15 21:15:48] [info]  [ 9528] Service stop thread completed.
[2020-12-15 21:15:48] [info]  [ 7272] Run service finished.
[2020-12-15 21:15:48] [info]  [ 7272] Apache Commons Daemon procrun finished.
[2020-12-15 21:15:49] [info]  [  932] Apache Commons Daemon procrun (1.2.3.0 64-bit) started.
[2020-12-15 21:15:49] [info]  [  932] Running Service 'Tomcat8'...
[2020-12-15 21:15:49] [info]  [11244] Starting service...
[2020-12-15 21:15:50] [info]  [11244] Service started in 1210 milliseconds.
[2020-12-15 21:17:47] [info]  [ 4292] Stopping service...
[2020-12-15 21:17:48] [info]  [ 4292] Service stop thread completed.
[2020-12-15 21:17:48] [info]  [  932] Run service finished.
[2020-12-15 21:17:48] [info]  [  932] Apache Commons Daemon procrun finished.
[2020-12-15 21:17:48] [info]  [ 3600] Apache Commons Daemon procrun (1.2.3.0 64-bit) started.
[2020-12-15 21:17:48] [info]  [ 3600] Running Service 'Tomcat8'...
[2020-12-15 21:17:48] [info]  [19388] Starting service...
[2020-12-15 21:17:50] [info]  [19388] Service started in 1200 milliseconds.
[2020-12-15 21:19:10] [info]  [ 8508] Stopping service...
[2020-12-15 21:19:11] [info]  [ 8508] Service stop thread completed.
[2020-12-15 21:19:11] [info]  [ 3600] Run service finished.
[2020-12-15 21:19:11] [info]  [ 3600] Apache Commons Daemon procrun finished.
[2020-12-15 21:19:12] [info]  [17120] Apache Commons Daemon procrun (1.2.3.0 64-bit) started.
[2020-12-15 21:19:12] [info]  [17120] Running Service 'Tomcat8'...
[2020-12-15 21:19:12] [info]  [17524] Starting service...
[2020-12-15 21:19:13] [info]  [17524] Service started in 1214 milliseconds.
[2020-12-15 21:20:11] [info]  [12548] Stopping service...
[2020-12-15 21:20:12] [info]  [12548] Service stop thread completed.
[2020-12-15 21:20:12] [info]  [17120] Run service finished.
[2020-12-15 21:20:12] [info]  [17120] Apache Commons Daemon procrun finished.
[2020-12-15 21:20:12] [info]  [10640] Apache Commons Daemon procrun (1.2.3.0 64-bit) started.
[2020-12-15 21:20:12] [info]  [10640] Running Service 'Tomcat8'...
[2020-12-15 21:20:12] [info]  [14164] Starting service...
[2020-12-15 21:20:14] [info]  [14164] Service started in 1221 milliseconds.
[2020-12-15 21:21:11] [info]  [19392] Stopping service...
[2020-12-15 21:21:12] [info]  [19392] Service stop thread completed.
[2020-12-15 21:21:12] [info]  [10640] Run service finished.
[2020-12-15 21:21:12] [info]  [10640] Apache Commons Daemon procrun finished.
[2020-12-15 21:21:13] [info]  [ 9180] Apache Commons Daemon procrun (1.2.3.0 64-bit) started.
[2020-12-15 21:21:13] [info]  [ 9180] Running Service 'Tomcat8'...
[2020-12-15 21:21:13] [info]  [15600] Starting service...
[2020-12-15 21:21:14] [info]  [15600] Service started in 1323 milliseconds.
[2020-12-15 21:22:06] [info]  [ 6208] Stopping service...
[2020-12-15 21:22:07] [info]  [ 6208] Service stop thread completed.
[2020-12-15 21:22:07] [info]  [ 9180] Run service finished.
[2020-12-15 21:22:07] [info]  [ 9180] Apache Commons Daemon procrun finished.
[2020-12-15 21:22:08] [info]  [17808] Apache Commons Daemon procrun (1.2.3.0 64-bit) started.
[2020-12-15 21:22:08] [info]  [17808] Running Service 'Tomcat8'...
[2020-12-15 21:22:08] [info]  [14560] Starting service...
[2020-12-15 21:22:09] [info]  [14560] Service started in 1201 milliseconds.
[2020-12-15 21:25:04] [info]  [ 6224] Stopping service...
[2020-12-15 21:25:05] [info]  [ 6224] Service stop thread completed.
[2020-12-15 21:25:05] [info]  [17808] Run service finished.
[2020-12-15 21:25:05] [info]  [17808] Apache Commons Daemon procrun finished.
[2020-12-15 21:25:05] [info]  [ 9488] Apache Commons Daemon procrun (1.2.3.0 64-bit) started.
[2020-12-15 21:25:05] [info]  [ 9488] Running Service 'Tomcat8'...
[2020-12-15 21:25:05] [info]  [15612] Starting service...
[2020-12-15 21:25:06] [info]  [15612] Service started in 1194 milliseconds.
[2020-12-15 21:28:56] [info]  [ 7016] Stopping service...
[2020-12-15 21:28:57] [info]  [ 7016] Service stop thread completed.
[2020-12-15 21:28:57] [info]  [ 9488] Run service finished.
[2020-12-15 21:28:57] [info]  [ 9488] Apache Commons Daemon procrun finished.
[2020-12-15 21:28:57] [info]  [11296] Apache Commons Daemon procrun (1.2.3.0 64-bit) started.
[2020-12-15 21:28:57] [info]  [11296] Running Service 'Tomcat8'...
[2020-12-15 21:28:57] [info]  [10716] Starting service...
[2020-12-15 21:28:58] [info]  [10716] Service started in 1188 milliseconds.
[2020-12-15 21:29:22] [info]  [ 2016] Stopping service...
[2020-12-15 21:29:23] [info]  [ 2016] Service stop thread completed.
[2020-12-15 21:29:23] [info]  [11296] Run service finished.
[2020-12-15 21:29:23] [info]  [11296] Apache Commons Daemon procrun finished.
[2020-12-15 21:29:23] [info]  [ 1384] Apache Commons Daemon procrun (1.2.3.0 64-bit) started.
[2020-12-15 21:29:23] [info]  [ 1384] Running Service 'Tomcat8'...
[2020-12-15 21:29:23] [info]  [14072] Starting service...
[2020-12-15 21:29:24] [info]  [14072] Service started in 1193 milliseconds.
[2020-12-15 21:30:30] [info]  [ 2884] Stopping service...
[2020-12-15 21:30:31] [info]  [ 2884] Service stop thread completed.
[2020-12-15 21:30:31] [info]  [ 1384] Run service finished.
[2020-12-15 21:30:31] [info]  [ 1384] Apache Commons Daemon procrun finished.
[2020-12-15 21:30:31] [info]  [ 8516] Apache Commons Daemon procrun (1.2.3.0 64-bit) started.
[2020-12-15 21:30:31] [info]  [ 8516] Running Service 'Tomcat8'...
[2020-12-15 21:30:31] [info]  [15980] Starting service...
[2020-12-15 21:30:33] [info]  [15980] Service started in 1226 milliseconds.
[2020-12-15 21:30:50] [info]  [17684] Stopping service...
[2020-12-15 21:30:51] [info]  [17684] Service stop thread completed.
[2020-12-15 21:30:51] [info]  [ 8516] Run service finished.
[2020-12-15 21:30:51] [info]  [ 8516] Apache Commons Daemon procrun finished.
[2020-12-15 21:30:51] [info]  [ 7008] Apache Commons Daemon procrun (1.2.3.0 64-bit) started.
[2020-12-15 21:30:51] [info]  [ 7008] Running Service 'Tomcat8'...
[2020-12-15 21:30:51] [info]  [11856] Starting service...
[2020-12-15 21:30:52] [info]  [11856] Service started in 1189 milliseconds.
[2020-12-15 21:31:39] [info]  [18924] Stopping service...
[2020-12-15 21:31:40] [info]  [18924] Service stop thread completed.
[2020-12-15 21:31:40] [info]  [ 7008] Run service finished.
[2020-12-15 21:31:40] [info]  [ 7008] Apache Commons Daemon procrun finished.
[2020-12-15 21:31:40] [info]  [15864] Apache Commons Daemon procrun (1.2.3.0 64-bit) started.
[2020-12-15 21:31:40] [info]  [15864] Running Service 'Tomcat8'...
[2020-12-15 21:31:40] [info]  [13040] Starting service...
[2020-12-15 21:31:42] [info]  [13040] Service started in 1307 milliseconds.
[2020-12-15 21:33:59] [info]  [ 4068] Stopping service...
[2020-12-15 21:34:00] [info]  [ 4068] Service stop thread completed.
[2020-12-15 21:34:00] [info]  [15864] Run service finished.
[2020-12-15 21:34:00] [info]  [15864] Apache Commons Daemon procrun finished.
[2020-12-15 21:34:01] [info]  [18768] Apache Commons Daemon procrun (1.2.3.0 64-bit) started.
[2020-12-15 21:34:01] [info]  [18768] Running Service 'Tomcat8'...
[2020-12-15 21:34:01] [info]  [ 3120] Starting service...
[2020-12-15 21:34:02] [info]  [ 3120] Service started in 1272 milliseconds.
[2020-12-15 21:35:58] [info]  [ 3488] Stopping service...
[2020-12-15 21:35:59] [info]  [ 3488] Service stop thread completed.
[2020-12-15 21:35:59] [info]  [18768] Run service finished.
[2020-12-15 21:35:59] [info]  [18768] Apache Commons Daemon procrun finished.
[2020-12-15 21:36:00] [info]  [ 7892] Apache Commons Daemon procrun (1.2.3.0 64-bit) started.
[2020-12-15 21:36:00] [info]  [ 7892] Running Service 'Tomcat8'...
[2020-12-15 21:36:00] [info]  [12988] Starting service...
[2020-12-15 21:36:01] [info]  [12988] Service started in 1190 milliseconds.
[2020-12-15 21:36:53] [info]  [12832] Stopping service...
[2020-12-15 21:36:54] [info]  [12832] Service stop thread completed.
[2020-12-15 21:36:54] [info]  [ 7892] Run service finished.
[2020-12-15 21:36:54] [info]  [ 7892] Apache Commons Daemon procrun finished.
[2020-12-15 21:36:55] [info]  [13888] Apache Commons Daemon procrun (1.2.3.0 64-bit) started.
[2020-12-15 21:36:55] [info]  [13888] Running Service 'Tomcat8'...
[2020-12-15 21:36:55] [info]  [ 7600] Starting service...
[2020-12-15 21:36:56] [info]  [ 7600] Service started in 1213 milliseconds.
[2020-12-15 21:49:40] [info]  [18636] Stopping service...
[2020-12-15 21:49:41] [info]  [18636] Service stop thread completed.
[2020-12-15 21:49:41] [info]  [13888] Run service finished.
[2020-12-15 21:49:41] [info]  [13888] Apache Commons Daemon procrun finished.
[2020-12-15 21:49:41] [info]  [15956] Apache Commons Daemon procrun (1.2.3.0 64-bit) started.
[2020-12-15 21:49:42] [info]  [15956] Running Service 'Tomcat8'...
[2020-12-15 21:49:42] [info]  [16872] Starting service...
[2020-12-15 21:49:43] [info]  [16872] Service started in 1161 milliseconds.
[2020-12-15 21:51:36] [info]  [ 9936] Stopping service...
[2020-12-15 21:51:37] [info]  [ 9936] Service stop thread completed.
[2020-12-15 21:51:37] [info]  [15956] Run service finished.
[2020-12-15 21:51:37] [info]  [15956] Apache Commons Daemon procrun finished.
[2020-12-15 21:51:37] [info]  [11968] Apache Commons Daemon procrun (1.2.3.0 64-bit) started.
[2020-12-15 21:51:37] [info]  [11968] Running Service 'Tomcat8'...
[2020-12-15 21:51:37] [info]  [18684] Starting service...
[2020-12-15 21:51:38] [info]  [18684] Service started in 1182 milliseconds.
[2020-12-15 21:55:55] [info]  [14992] Stopping service...
[2020-12-15 21:55:56] [info]  [14992] Service stop thread completed.
[2020-12-15 21:55:56] [info]  [11968] Run service finished.
[2020-12-15 21:55:56] [info]  [11968] Apache Commons Daemon procrun finished.
[2020-12-15 21:55:56] [info]  [ 7820] Apache Commons Daemon procrun (1.2.3.0 64-bit) started.
[2020-12-15 21:55:56] [info]  [ 7820] Running Service 'Tomcat8'...
[2020-12-15 21:55:56] [info]  [ 9248] Starting service...
[2020-12-15 21:55:58] [info]  [ 9248] Service started in 1162 milliseconds.
[2020-12-15 22:02:18] [info]  [ 4640] Stopping service...
[2020-12-15 22:02:19] [info]  [ 4640] Service stop thread completed.
[2020-12-15 22:02:19] [info]  [ 7820] Run service finished.
[2020-12-15 22:02:19] [info]  [ 7820] Apache Commons Daemon procrun finished.
[2020-12-15 22:02:19] [info]  [ 2896] Apache Commons Daemon procrun (1.2.3.0 64-bit) started.
[2020-12-15 22:02:19] [info]  [ 2896] Running Service 'Tomcat8'...
[2020-12-15 22:02:19] [info]  [10372] Starting service...
[2020-12-15 22:02:21] [info]  [10372] Service started in 1156 milliseconds.
[2020-12-15 22:04:02] [info]  [ 7464] Stopping service...
[2020-12-15 22:04:03] [info]  [ 7464] Service stop thread completed.
[2020-12-15 22:04:03] [info]  [ 2896] Run service finished.
[2020-12-15 22:04:03] [info]  [ 2896] Apache Commons Daemon procrun finished.
[2020-12-15 22:04:03] [info]  [18564] Apache Commons Daemon procrun (1.2.3.0 64-bit) started.
[2020-12-15 22:04:03] [info]  [18564] Running Service 'Tomcat8'...
[2020-12-15 22:04:03] [info]  [10388] Starting service...
[2020-12-15 22:04:05] [info]  [10388] Service started in 1186 milliseconds.
[2020-12-15 22:07:43] [info]  [ 3772] Stopping service...
[2020-12-15 22:07:44] [info]  [ 3772] Service stop thread completed.
[2020-12-15 22:07:44] [info]  [18564] Run service finished.
[2020-12-15 22:07:44] [info]  [18564] Apache Commons Daemon procrun finished.
[2020-12-15 22:07:45] [info]  [  736] Apache Commons Daemon procrun (1.2.3.0 64-bit) started.
[2020-12-15 22:07:45] [info]  [  736] Running Service 'Tomcat8'...
[2020-12-15 22:07:45] [info]  [13412] Starting service...
[2020-12-15 22:07:46] [info]  [13412] Service started in 1165 milliseconds.
[2020-12-15 22:08:40] [info]  [16676] Stopping service...
[2020-12-15 22:08:41] [info]  [16676] Service stop thread completed.
[2020-12-15 22:08:41] [info]  [  736] Run service finished.
[2020-12-15 22:08:41] [info]  [  736] Apache Commons Daemon procrun finished.
[2020-12-15 22:08:42] [info]  [19316] Apache Commons Daemon procrun (1.2.3.0 64-bit) started.
[2020-12-15 22:08:42] [info]  [19316] Running Service 'Tomcat8'...
[2020-12-15 22:08:42] [info]  [ 3496] Starting service...
[2020-12-15 22:08:43] [info]  [ 3496] Service started in 1159 milliseconds.
[2020-12-16 02:51:39] [info]  [17328] Console SHUTDOWN event signaled.
[2020-12-16 02:51:39] [info]  [17328] Stopping service...
[2020-12-16 02:51:40] [info]  [17328] Service stop thread completed.
[2020-12-16 02:51:40] [info]  [19316] Run service finished.
[2020-12-16 02:51:40] [info]  [19316] Apache Commons Daemon procrun finished.
