[2021-01-06 10:23:19] [info]  [17244] Apache Commons Daemon procrun (1.2.3.0 64-bit) started.
[2021-01-06 10:23:19] [info]  [17244] Debugging 'Tomcat8' service...
[2021-01-06 10:23:19] [info]  [17244] Starting service...
[2021-01-06 10:23:20] [info]  [17244] Service started in 1340 milliseconds.
[2021-01-06 10:26:41] [info]  [ 7184] Console CTRL+CLOSE event signaled.
[2021-01-06 10:26:41] [info]  [ 7184] Stopping service...
[2021-01-06 10:26:42] [info]  [ 7184] Service stop thread completed.
[2021-01-06 10:26:46] [info]  [14236] Apache Commons Daemon procrun (1.2.3.0 64-bit) started.
[2021-01-06 10:26:46] [info]  [14236] Debugging 'Tomcat8' service...
[2021-01-06 10:26:46] [info]  [14236] Starting service...
[2021-01-06 10:26:47] [info]  [14236] Service started in 1290 milliseconds.
[2021-01-06 10:30:14] [info]  [18700] Console CTRL+CLOSE event signaled.
[2021-01-06 10:30:14] [info]  [18700] Stopping service...
[2021-01-06 10:30:15] [info]  [18700] Service stop thread completed.
[2021-01-06 10:30:20] [info]  [ 3076] Apache Commons Daemon procrun (1.2.3.0 64-bit) started.
[2021-01-06 10:30:20] [info]  [ 3076] Debugging 'Tomcat8' service...
[2021-01-06 10:30:20] [info]  [ 3076] Starting service...
[2021-01-06 10:30:21] [info]  [ 3076] Service started in 1396 milliseconds.
[2021-01-06 10:31:28] [info]  [19392] Console CTRL+CLOSE event signaled.
[2021-01-06 10:31:28] [info]  [19392] Stopping service...
[2021-01-06 10:31:29] [info]  [19392] Service stop thread completed.
[2021-01-06 10:31:33] [info]  [17828] Apache Commons Daemon procrun (1.2.3.0 64-bit) started.
[2021-01-06 10:31:33] [info]  [17828] Debugging 'Tomcat8' service...
[2021-01-06 10:31:33] [info]  [17828] Starting service...
[2021-01-06 10:31:34] [info]  [17828] Service started in 1342 milliseconds.
[2021-01-06 10:32:02] [info]  [13916] Console CTRL+CLOSE event signaled.
[2021-01-06 10:32:02] [info]  [13916] Stopping service...
[2021-01-06 10:32:04] [info]  [13916] Service stop thread completed.
[2021-01-06 10:32:09] [info]  [10664] Apache Commons Daemon procrun (1.2.3.0 64-bit) started.
[2021-01-06 10:32:09] [info]  [10664] Debugging 'Tomcat8' service...
[2021-01-06 10:32:09] [info]  [10664] Starting service...
[2021-01-06 10:32:10] [info]  [10664] Service started in 1843 milliseconds.
[2021-01-06 12:02:36] [info]  [ 6772] Apache Commons Daemon procrun (1.2.3.0 64-bit) started.
[2021-01-06 12:02:36] [info]  [ 6772] Debugging 'Tomcat8' service...
[2021-01-06 12:02:36] [info]  [ 6772] Starting service...
[2021-01-06 12:02:38] [info]  [ 6772] Service started in 1783 milliseconds.
[2021-01-06 12:21:10] [info]  [ 5764] Console CTRL+CLOSE event signaled.
[2021-01-06 12:21:10] [info]  [ 5764] Stopping service...
[2021-01-06 12:21:11] [info]  [ 5764] Service stop thread completed.
[2021-01-06 12:21:18] [info]  [11836] Apache Commons Daemon procrun (1.2.3.0 64-bit) started.
[2021-01-06 12:21:18] [info]  [11836] Debugging 'Tomcat8' service...
[2021-01-06 12:21:18] [info]  [11836] Starting service...
[2021-01-06 12:21:19] [info]  [11836] Service started in 1224 milliseconds.
[2021-01-06 14:26:32] [info]  [ 9160] Console CTRL+CLOSE event signaled.
[2021-01-06 14:26:32] [info]  [ 9160] Stopping service...
[2021-01-06 14:26:41] [info]  [ 8164] Apache Commons Daemon procrun (1.2.3.0 64-bit) started.
[2021-01-06 14:26:41] [info]  [ 8164] Debugging 'Tomcat8' service...
[2021-01-06 14:26:41] [info]  [ 8164] Starting service...
[2021-01-06 14:26:42] [info]  [ 8164] Service started in 1354 milliseconds.
