[2020-12-17 08:23:39] [info]  [ 9936] Apache Commons Daemon procrun (1.2.3.0 64-bit) started.
[2020-12-17 08:23:39] [info]  [ 9936] Running Service 'Tomcat8'...
[2020-12-17 08:23:39] [info]  [11984] Starting service...
[2020-12-17 08:23:40] [info]  [11984] Service started in 1313 milliseconds.
[2020-12-17 08:24:05] [info]  [12584] Stopping service...
[2020-12-17 08:24:06] [info]  [12584] Service stop thread completed.
[2020-12-17 08:24:07] [info]  [ 9936] Run service finished.
[2020-12-17 08:24:07] [info]  [ 9936] Apache Commons Daemon procrun finished.
[2020-12-17 08:24:07] [info]  [ 8328] Apache Commons Daemon procrun (1.2.3.0 64-bit) started.
[2020-12-17 08:24:07] [info]  [ 8328] Running Service 'Tomcat8'...
[2020-12-17 08:24:07] [info]  [ 4512] Starting service...
[2020-12-17 08:24:08] [info]  [ 4512] Service started in 1296 milliseconds.
[2020-12-17 09:52:25] [info]  [15880] Stopping service...
[2020-12-17 09:52:26] [info]  [15880] Service stop thread completed.
[2020-12-17 09:52:26] [info]  [ 8328] Run service finished.
[2020-12-17 09:52:26] [info]  [ 8328] Apache Commons Daemon procrun finished.
[2020-12-17 09:52:27] [info]  [ 8744] Apache Commons Daemon procrun (1.2.3.0 64-bit) started.
[2020-12-17 09:52:27] [info]  [ 8744] Running Service 'Tomcat8'...
[2020-12-17 09:52:27] [info]  [ 8384] Starting service...
[2020-12-17 09:52:28] [info]  [ 8384] Service started in 1504 milliseconds.
[2020-12-17 10:13:44] [info]  [ 3536] Stopping service...
[2020-12-17 10:13:45] [info]  [ 3536] Service stop thread completed.
[2020-12-17 10:13:45] [info]  [ 8744] Run service finished.
[2020-12-17 10:13:45] [info]  [ 8744] Apache Commons Daemon procrun finished.
[2020-12-17 10:13:46] [info]  [15120] Apache Commons Daemon procrun (1.2.3.0 64-bit) started.
[2020-12-17 10:13:46] [info]  [15120] Running Service 'Tomcat8'...
[2020-12-17 10:13:46] [info]  [ 8208] Starting service...
[2020-12-17 10:13:47] [info]  [ 8208] Service started in 1186 milliseconds.
[2020-12-17 10:32:47] [info]  [12436] Stopping service...
[2020-12-17 10:32:48] [info]  [12436] Service stop thread completed.
[2020-12-17 10:32:48] [info]  [15120] Run service finished.
[2020-12-17 10:32:48] [info]  [15120] Apache Commons Daemon procrun finished.
[2020-12-17 10:32:48] [info]  [ 1280] Apache Commons Daemon procrun (1.2.3.0 64-bit) started.
[2020-12-17 10:32:48] [info]  [ 1280] Running Service 'Tomcat8'...
[2020-12-17 10:32:48] [info]  [13172] Starting service...
[2020-12-17 10:32:49] [info]  [13172] Service started in 1178 milliseconds.
[2020-12-17 11:52:54] [info]  [15848] Stopping service...
[2020-12-17 11:52:55] [info]  [15848] Service stop thread completed.
[2020-12-17 11:52:55] [info]  [ 1280] Run service finished.
[2020-12-17 11:52:55] [info]  [ 1280] Apache Commons Daemon procrun finished.
[2020-12-17 11:52:55] [info]  [10772] Apache Commons Daemon procrun (1.2.3.0 64-bit) started.
[2020-12-17 11:52:55] [info]  [10772] Running Service 'Tomcat8'...
[2020-12-17 11:52:55] [info]  [10876] Starting service...
[2020-12-17 11:52:56] [info]  [10876] Service started in 1227 milliseconds.
[2020-12-17 11:57:52] [info]  [ 4592] Stopping service...
[2020-12-17 11:57:53] [info]  [ 4592] Service stop thread completed.
[2020-12-17 11:57:53] [info]  [10772] Run service finished.
[2020-12-17 11:57:53] [info]  [10772] Apache Commons Daemon procrun finished.
[2020-12-17 11:57:54] [info]  [ 5248] Apache Commons Daemon procrun (1.2.3.0 64-bit) started.
[2020-12-17 11:57:54] [info]  [ 5248] Running Service 'Tomcat8'...
[2020-12-17 11:57:54] [info]  [13900] Starting service...
[2020-12-17 11:57:55] [info]  [13900] Service started in 1189 milliseconds.
[2020-12-17 12:03:51] [info]  [  260] Stopping service...
[2020-12-17 12:03:52] [info]  [  260] Service stop thread completed.
[2020-12-17 12:03:52] [info]  [ 5248] Run service finished.
[2020-12-17 12:03:52] [info]  [ 5248] Apache Commons Daemon procrun finished.
[2020-12-17 12:03:53] [info]  [ 8880] Apache Commons Daemon procrun (1.2.3.0 64-bit) started.
[2020-12-17 12:03:53] [info]  [ 8880] Running Service 'Tomcat8'...
[2020-12-17 12:03:53] [info]  [ 6212] Starting service...
[2020-12-17 12:03:54] [info]  [ 6212] Service started in 1457 milliseconds.
[2020-12-17 12:09:23] [info]  [ 1868] Stopping service...
[2020-12-17 12:09:24] [info]  [ 1868] Service stop thread completed.
[2020-12-17 12:09:24] [info]  [ 8880] Run service finished.
[2020-12-17 12:09:24] [info]  [ 8880] Apache Commons Daemon procrun finished.
[2020-12-17 12:09:24] [info]  [ 9160] Apache Commons Daemon procrun (1.2.3.0 64-bit) started.
[2020-12-17 12:09:24] [info]  [ 9160] Running Service 'Tomcat8'...
[2020-12-17 12:09:24] [info]  [ 5868] Starting service...
[2020-12-17 12:09:26] [info]  [ 5868] Service started in 1361 milliseconds.
[2020-12-17 12:15:52] [info]  [16484] Stopping service...
[2020-12-17 12:15:53] [info]  [16484] Service stop thread completed.
[2020-12-17 12:15:53] [info]  [ 9160] Run service finished.
[2020-12-17 12:15:53] [info]  [ 9160] Apache Commons Daemon procrun finished.
[2020-12-17 12:15:54] [info]  [ 5380] Apache Commons Daemon procrun (1.2.3.0 64-bit) started.
[2020-12-17 12:15:54] [info]  [ 5380] Running Service 'Tomcat8'...
[2020-12-17 12:15:54] [info]  [10740] Starting service...
[2020-12-17 12:15:55] [info]  [10740] Service started in 1366 milliseconds.
[2020-12-17 12:21:23] [info]  [ 9704] Stopping service...
[2020-12-17 12:21:24] [info]  [ 9704] Service stop thread completed.
[2020-12-17 12:21:24] [info]  [ 5380] Run service finished.
[2020-12-17 12:21:24] [info]  [ 5380] Apache Commons Daemon procrun finished.
[2020-12-17 12:21:24] [info]  [ 1456] Apache Commons Daemon procrun (1.2.3.0 64-bit) started.
[2020-12-17 12:21:24] [info]  [ 1456] Running Service 'Tomcat8'...
[2020-12-17 12:21:24] [info]  [17040] Starting service...
[2020-12-17 12:21:25] [info]  [17040] Service started in 1209 milliseconds.
[2020-12-17 12:23:33] [info]  [ 8988] Stopping service...
[2020-12-17 12:23:34] [info]  [ 8988] Service stop thread completed.
[2020-12-17 12:23:34] [info]  [ 1456] Run service finished.
[2020-12-17 12:23:34] [info]  [ 1456] Apache Commons Daemon procrun finished.
[2020-12-17 12:23:34] [info]  [ 8960] Apache Commons Daemon procrun (1.2.3.0 64-bit) started.
[2020-12-17 12:23:34] [info]  [ 8960] Running Service 'Tomcat8'...
[2020-12-17 12:23:34] [info]  [ 1664] Starting service...
[2020-12-17 12:23:36] [info]  [ 1664] Service started in 1263 milliseconds.
[2020-12-17 12:25:31] [info]  [ 1012] Stopping service...
[2020-12-17 12:25:32] [info]  [ 1012] Service stop thread completed.
[2020-12-17 12:25:32] [info]  [ 8960] Run service finished.
[2020-12-17 12:25:32] [info]  [ 8960] Apache Commons Daemon procrun finished.
[2020-12-17 12:25:32] [info]  [16648] Apache Commons Daemon procrun (1.2.3.0 64-bit) started.
[2020-12-17 12:25:32] [info]  [16648] Running Service 'Tomcat8'...
[2020-12-17 12:25:32] [info]  [15748] Starting service...
[2020-12-17 12:25:33] [info]  [15748] Service started in 1197 milliseconds.
[2020-12-17 12:27:13] [info]  [ 1004] Stopping service...
[2020-12-17 12:27:14] [info]  [ 1004] Service stop thread completed.
[2020-12-17 12:27:14] [info]  [16648] Run service finished.
[2020-12-17 12:27:14] [info]  [16648] Apache Commons Daemon procrun finished.
[2020-12-17 12:27:15] [info]  [ 5868] Apache Commons Daemon procrun (1.2.3.0 64-bit) started.
[2020-12-17 12:27:15] [info]  [ 5868] Running Service 'Tomcat8'...
[2020-12-17 12:27:15] [info]  [14504] Starting service...
[2020-12-17 12:27:16] [info]  [14504] Service started in 1433 milliseconds.
[2020-12-17 12:31:38] [info]  [ 1448] Stopping service...
[2020-12-17 12:31:39] [info]  [ 1448] Service stop thread completed.
[2020-12-17 12:31:39] [info]  [ 5868] Run service finished.
[2020-12-17 12:31:39] [info]  [ 5868] Apache Commons Daemon procrun finished.
[2020-12-17 12:31:40] [info]  [ 9396] Apache Commons Daemon procrun (1.2.3.0 64-bit) started.
[2020-12-17 12:31:40] [info]  [ 9396] Running Service 'Tomcat8'...
[2020-12-17 12:31:40] [info]  [14324] Starting service...
[2020-12-17 12:31:41] [info]  [14324] Service started in 1279 milliseconds.
[2020-12-17 12:37:32] [info]  [16464] Stopping service...
[2020-12-17 12:37:33] [info]  [16464] Service stop thread completed.
[2020-12-17 12:37:33] [info]  [ 9396] Run service finished.
[2020-12-17 12:37:33] [info]  [ 9396] Apache Commons Daemon procrun finished.
[2020-12-17 12:37:33] [info]  [11916] Apache Commons Daemon procrun (1.2.3.0 64-bit) started.
[2020-12-17 12:37:33] [info]  [11916] Running Service 'Tomcat8'...
[2020-12-17 12:37:33] [info]  [ 5772] Starting service...
[2020-12-17 12:37:34] [info]  [ 5772] Service started in 1230 milliseconds.
[2020-12-17 12:40:28] [info]  [ 1336] Stopping service...
[2020-12-17 12:40:29] [info]  [ 1336] Service stop thread completed.
[2020-12-17 12:40:29] [info]  [11916] Run service finished.
[2020-12-17 12:40:29] [info]  [11916] Apache Commons Daemon procrun finished.
[2020-12-17 12:40:29] [info]  [13976] Apache Commons Daemon procrun (1.2.3.0 64-bit) started.
[2020-12-17 12:40:30] [info]  [13976] Running Service 'Tomcat8'...
[2020-12-17 12:40:30] [info]  [10700] Starting service...
[2020-12-17 12:40:31] [info]  [10700] Service started in 1238 milliseconds.
[2020-12-17 12:45:20] [info]  [ 2448] Stopping service...
[2020-12-17 12:45:21] [info]  [ 2448] Service stop thread completed.
[2020-12-17 12:45:21] [info]  [13976] Run service finished.
[2020-12-17 12:45:21] [info]  [13976] Apache Commons Daemon procrun finished.
[2020-12-17 12:45:21] [info]  [15940] Apache Commons Daemon procrun (1.2.3.0 64-bit) started.
[2020-12-17 12:45:21] [info]  [15940] Running Service 'Tomcat8'...
[2020-12-17 12:45:21] [info]  [ 7292] Starting service...
[2020-12-17 12:45:23] [info]  [ 7292] Service started in 1316 milliseconds.
[2020-12-17 12:49:29] [info]  [ 9676] Stopping service...
[2020-12-17 12:49:30] [info]  [ 9676] Service stop thread completed.
[2020-12-17 12:49:30] [info]  [15940] Run service finished.
[2020-12-17 12:49:30] [info]  [15940] Apache Commons Daemon procrun finished.
[2020-12-17 12:49:31] [info]  [16704] Apache Commons Daemon procrun (1.2.3.0 64-bit) started.
[2020-12-17 12:49:31] [info]  [16704] Running Service 'Tomcat8'...
[2020-12-17 12:49:31] [info]  [ 2864] Starting service...
[2020-12-17 12:49:32] [info]  [ 2864] Service started in 1285 milliseconds.
[2020-12-17 12:53:11] [info]  [ 1872] Stopping service...
[2020-12-17 12:53:12] [info]  [ 1872] Service stop thread completed.
[2020-12-17 12:53:12] [info]  [16704] Run service finished.
[2020-12-17 12:53:12] [info]  [16704] Apache Commons Daemon procrun finished.
[2020-12-17 12:53:12] [info]  [ 1868] Apache Commons Daemon procrun (1.2.3.0 64-bit) started.
[2020-12-17 12:53:12] [info]  [ 1868] Running Service 'Tomcat8'...
[2020-12-17 12:53:12] [info]  [ 9160] Starting service...
[2020-12-17 12:53:14] [info]  [ 9160] Service started in 1225 milliseconds.
[2020-12-17 13:00:52] [info]  [17256] Stopping service...
[2020-12-17 13:00:53] [info]  [17256] Service stop thread completed.
[2020-12-17 13:00:53] [info]  [ 1868] Run service finished.
[2020-12-17 13:00:53] [info]  [ 1868] Apache Commons Daemon procrun finished.
[2020-12-17 13:00:53] [info]  [12932] Apache Commons Daemon procrun (1.2.3.0 64-bit) started.
[2020-12-17 13:00:53] [info]  [12932] Running Service 'Tomcat8'...
[2020-12-17 13:00:53] [info]  [15912] Starting service...
[2020-12-17 13:00:54] [info]  [15912] Service started in 1235 milliseconds.
[2020-12-17 13:07:30] [info]  [15548] Stopping service...
[2020-12-17 13:07:31] [info]  [15548] Service stop thread completed.
[2020-12-17 13:07:31] [info]  [12932] Run service finished.
[2020-12-17 13:07:31] [info]  [12932] Apache Commons Daemon procrun finished.
[2020-12-17 13:07:31] [info]  [14608] Apache Commons Daemon procrun (1.2.3.0 64-bit) started.
[2020-12-17 13:07:31] [info]  [14608] Running Service 'Tomcat8'...
[2020-12-17 13:07:31] [info]  [10612] Starting service...
[2020-12-17 13:07:33] [info]  [10612] Service started in 1249 milliseconds.
[2020-12-17 13:08:40] [info]  [10776] Stopping service...
[2020-12-17 13:08:41] [info]  [10776] Service stop thread completed.
[2020-12-17 13:08:41] [info]  [14608] Run service finished.
[2020-12-17 13:08:41] [info]  [14608] Apache Commons Daemon procrun finished.
[2020-12-17 13:08:42] [info]  [14340] Apache Commons Daemon procrun (1.2.3.0 64-bit) started.
[2020-12-17 13:08:42] [info]  [14340] Running Service 'Tomcat8'...
[2020-12-17 13:08:42] [info]  [14008] Starting service...
[2020-12-17 13:08:43] [info]  [14008] Service started in 1212 milliseconds.
[2020-12-17 13:09:19] [info]  [  880] Stopping service...
[2020-12-17 13:09:20] [info]  [  880] Service stop thread completed.
[2020-12-17 13:09:20] [info]  [14340] Run service finished.
[2020-12-17 13:09:20] [info]  [14340] Apache Commons Daemon procrun finished.
[2020-12-17 13:09:20] [info]  [ 1632] Apache Commons Daemon procrun (1.2.3.0 64-bit) started.
[2020-12-17 13:09:20] [info]  [ 1632] Running Service 'Tomcat8'...
[2020-12-17 13:09:20] [info]  [12436] Starting service...
[2020-12-17 13:09:22] [info]  [12436] Service started in 1231 milliseconds.
[2020-12-17 13:25:07] [info]  [ 2864] Stopping service...
[2020-12-17 13:25:08] [info]  [ 2864] Service stop thread completed.
[2020-12-17 13:25:08] [info]  [ 1632] Run service finished.
[2020-12-17 13:25:08] [info]  [ 1632] Apache Commons Daemon procrun finished.
[2020-12-17 13:25:08] [info]  [ 8232] Apache Commons Daemon procrun (1.2.3.0 64-bit) started.
[2020-12-17 13:25:08] [info]  [ 8232] Running Service 'Tomcat8'...
[2020-12-17 13:25:08] [info]  [11020] Starting service...
[2020-12-17 13:25:09] [info]  [11020] Service started in 1181 milliseconds.
[2020-12-17 13:25:51] [info]  [16044] Stopping service...
[2020-12-17 13:25:52] [info]  [16044] Service stop thread completed.
[2020-12-17 13:25:52] [info]  [ 8232] Run service finished.
[2020-12-17 13:25:52] [info]  [ 8232] Apache Commons Daemon procrun finished.
[2020-12-17 13:25:52] [info]  [14408] Apache Commons Daemon procrun (1.2.3.0 64-bit) started.
[2020-12-17 13:25:52] [info]  [14408] Running Service 'Tomcat8'...
[2020-12-17 13:25:52] [info]  [14032] Starting service...
[2020-12-17 13:25:53] [info]  [14032] Service started in 1164 milliseconds.
[2020-12-17 13:26:55] [info]  [ 6400] Stopping service...
[2020-12-17 13:26:56] [info]  [ 6400] Service stop thread completed.
[2020-12-17 13:26:56] [info]  [14408] Run service finished.
[2020-12-17 13:26:56] [info]  [14408] Apache Commons Daemon procrun finished.
[2020-12-17 13:26:56] [info]  [  908] Apache Commons Daemon procrun (1.2.3.0 64-bit) started.
[2020-12-17 13:26:56] [info]  [  908] Running Service 'Tomcat8'...
[2020-12-17 13:26:56] [info]  [ 8680] Starting service...
[2020-12-17 13:26:57] [info]  [ 8680] Service started in 1166 milliseconds.
[2020-12-17 13:28:43] [info]  [ 9940] Stopping service...
[2020-12-17 13:28:44] [info]  [ 9940] Service stop thread completed.
[2020-12-17 13:28:44] [info]  [  908] Run service finished.
[2020-12-17 13:28:44] [info]  [  908] Apache Commons Daemon procrun finished.
[2020-12-17 13:28:45] [info]  [15488] Apache Commons Daemon procrun (1.2.3.0 64-bit) started.
[2020-12-17 13:28:45] [info]  [15488] Running Service 'Tomcat8'...
[2020-12-17 13:28:45] [info]  [17332] Starting service...
[2020-12-17 13:28:46] [info]  [17332] Service started in 1167 milliseconds.
[2020-12-17 13:32:20] [info]  [15136] Stopping service...
[2020-12-17 13:32:21] [info]  [15136] Service stop thread completed.
[2020-12-17 13:32:21] [info]  [15488] Run service finished.
[2020-12-17 13:32:21] [info]  [15488] Apache Commons Daemon procrun finished.
[2020-12-17 13:32:22] [info]  [13064] Apache Commons Daemon procrun (1.2.3.0 64-bit) started.
[2020-12-17 13:32:22] [info]  [13064] Running Service 'Tomcat8'...
[2020-12-17 13:32:22] [info]  [12692] Starting service...
[2020-12-17 13:32:23] [info]  [12692] Service started in 1160 milliseconds.
[2020-12-17 13:34:06] [info]  [12256] Stopping service...
[2020-12-17 13:34:07] [info]  [12256] Service stop thread completed.
[2020-12-17 13:34:07] [info]  [13064] Run service finished.
[2020-12-17 13:34:07] [info]  [13064] Apache Commons Daemon procrun finished.
[2020-12-17 13:34:08] [info]  [12176] Apache Commons Daemon procrun (1.2.3.0 64-bit) started.
[2020-12-17 13:34:08] [info]  [12176] Running Service 'Tomcat8'...
[2020-12-17 13:34:08] [info]  [10132] Starting service...
[2020-12-17 13:34:09] [info]  [10132] Service started in 1156 milliseconds.
[2020-12-17 13:35:41] [info]  [11232] Stopping service...
[2020-12-17 13:35:42] [info]  [11232] Service stop thread completed.
[2020-12-17 13:35:42] [info]  [12176] Run service finished.
[2020-12-17 13:35:42] [info]  [12176] Apache Commons Daemon procrun finished.
[2020-12-17 13:35:42] [info]  [ 1776] Apache Commons Daemon procrun (1.2.3.0 64-bit) started.
[2020-12-17 13:35:42] [info]  [ 1776] Running Service 'Tomcat8'...
[2020-12-17 13:35:42] [info]  [ 6720] Starting service...
[2020-12-17 13:35:44] [info]  [ 6720] Service started in 1158 milliseconds.
[2020-12-17 13:44:05] [info]  [16764] Stopping service...
[2020-12-17 13:44:06] [info]  [16764] Service stop thread completed.
[2020-12-17 13:44:06] [info]  [ 1776] Run service finished.
[2020-12-17 13:44:06] [info]  [ 1776] Apache Commons Daemon procrun finished.
[2020-12-17 13:44:06] [info]  [16672] Apache Commons Daemon procrun (1.2.3.0 64-bit) started.
[2020-12-17 13:44:06] [info]  [16672] Running Service 'Tomcat8'...
[2020-12-17 13:44:06] [info]  [ 3464] Starting service...
[2020-12-17 13:44:07] [info]  [ 3464] Service started in 1189 milliseconds.
[2020-12-17 14:05:53] [info]  [ 8296] Stopping service...
[2020-12-17 14:05:54] [info]  [ 8296] Service stop thread completed.
[2020-12-17 14:05:54] [info]  [16672] Run service finished.
[2020-12-17 14:05:54] [info]  [16672] Apache Commons Daemon procrun finished.
[2020-12-17 14:05:55] [info]  [ 8916] Apache Commons Daemon procrun (1.2.3.0 64-bit) started.
[2020-12-17 14:05:55] [info]  [ 8916] Running Service 'Tomcat8'...
[2020-12-17 14:05:55] [info]  [12008] Starting service...
[2020-12-17 14:05:56] [info]  [12008] Service started in 1176 milliseconds.
[2020-12-17 14:09:51] [info]  [ 9176] Stopping service...
[2020-12-17 14:09:52] [info]  [ 9176] Service stop thread completed.
[2020-12-17 14:09:52] [info]  [ 8916] Run service finished.
[2020-12-17 14:09:52] [info]  [ 8916] Apache Commons Daemon procrun finished.
[2020-12-17 14:09:52] [info]  [11796] Apache Commons Daemon procrun (1.2.3.0 64-bit) started.
[2020-12-17 14:09:52] [info]  [11796] Running Service 'Tomcat8'...
[2020-12-17 14:09:52] [info]  [ 2864] Starting service...
[2020-12-17 14:09:53] [info]  [ 2864] Service started in 1162 milliseconds.
[2020-12-17 14:22:16] [info]  [12388] Stopping service...
[2020-12-17 14:22:17] [info]  [12388] Service stop thread completed.
[2020-12-17 14:22:17] [info]  [11796] Run service finished.
[2020-12-17 14:22:17] [info]  [11796] Apache Commons Daemon procrun finished.
[2020-12-17 14:22:17] [info]  [17384] Apache Commons Daemon procrun (1.2.3.0 64-bit) started.
[2020-12-17 14:22:17] [info]  [17384] Running Service 'Tomcat8'...
[2020-12-17 14:22:17] [info]  [14572] Starting service...
[2020-12-17 14:22:19] [info]  [14572] Service started in 1170 milliseconds.
[2020-12-17 15:05:50] [info]  [14144] Stopping service...
[2020-12-17 15:05:51] [info]  [14144] Service stop thread completed.
[2020-12-17 15:05:51] [info]  [17384] Run service finished.
[2020-12-17 15:05:51] [info]  [17384] Apache Commons Daemon procrun finished.
[2020-12-17 15:05:51] [info]  [12508] Apache Commons Daemon procrun (1.2.3.0 64-bit) started.
[2020-12-17 15:05:51] [info]  [12508] Running Service 'Tomcat8'...
[2020-12-17 15:05:51] [info]  [12524] Starting service...
[2020-12-17 15:05:52] [info]  [12524] Service started in 1428 milliseconds.
[2020-12-17 15:07:42] [info]  [14208] Stopping service...
[2020-12-17 15:07:43] [info]  [14208] Service stop thread completed.
[2020-12-17 15:07:43] [info]  [12508] Run service finished.
[2020-12-17 15:07:43] [info]  [12508] Apache Commons Daemon procrun finished.
[2020-12-17 15:07:43] [info]  [ 5228] Apache Commons Daemon procrun (1.2.3.0 64-bit) started.
[2020-12-17 15:07:43] [info]  [ 5228] Running Service 'Tomcat8'...
[2020-12-17 15:07:43] [info]  [ 9380] Starting service...
[2020-12-17 15:07:45] [info]  [ 9380] Service started in 1255 milliseconds.
[2020-12-17 15:09:15] [info]  [ 7248] Stopping service...
[2020-12-17 15:09:16] [info]  [ 7248] Service stop thread completed.
[2020-12-17 15:09:16] [info]  [ 5228] Run service finished.
[2020-12-17 15:09:16] [info]  [ 5228] Apache Commons Daemon procrun finished.
[2020-12-17 15:09:16] [info]  [11580] Apache Commons Daemon procrun (1.2.3.0 64-bit) started.
[2020-12-17 15:09:16] [info]  [11580] Running Service 'Tomcat8'...
[2020-12-17 15:09:16] [info]  [10660] Starting service...
[2020-12-17 15:09:18] [info]  [10660] Service started in 1202 milliseconds.
[2020-12-17 15:10:17] [info]  [10776] Stopping service...
[2020-12-17 15:10:18] [info]  [10776] Service stop thread completed.
[2020-12-17 15:10:18] [info]  [11580] Run service finished.
[2020-12-17 15:10:18] [info]  [11580] Apache Commons Daemon procrun finished.
[2020-12-17 15:10:19] [info]  [ 4984] Apache Commons Daemon procrun (1.2.3.0 64-bit) started.
[2020-12-17 15:10:19] [info]  [ 4984] Running Service 'Tomcat8'...
[2020-12-17 15:10:19] [info]  [ 5016] Starting service...
[2020-12-17 15:10:20] [info]  [ 5016] Service started in 1332 milliseconds.
[2020-12-17 15:11:27] [info]  [ 7196] Stopping service...
[2020-12-17 15:11:28] [info]  [ 7196] Service stop thread completed.
[2020-12-17 15:11:28] [info]  [ 4984] Run service finished.
[2020-12-17 15:11:28] [info]  [ 4984] Apache Commons Daemon procrun finished.
[2020-12-17 15:11:28] [info]  [ 2384] Apache Commons Daemon procrun (1.2.3.0 64-bit) started.
[2020-12-17 15:11:28] [info]  [ 2384] Running Service 'Tomcat8'...
[2020-12-17 15:11:28] [info]  [14180] Starting service...
[2020-12-17 15:11:30] [info]  [14180] Service started in 1204 milliseconds.
[2020-12-17 15:24:01] [info]  [ 3044] Stopping service...
[2020-12-17 15:24:02] [info]  [ 3044] Service stop thread completed.
[2020-12-17 15:24:02] [info]  [ 2384] Run service finished.
[2020-12-17 15:24:02] [info]  [ 2384] Apache Commons Daemon procrun finished.
[2020-12-17 15:24:03] [info]  [ 7720] Apache Commons Daemon procrun (1.2.3.0 64-bit) started.
[2020-12-17 15:24:03] [info]  [ 7720] Running Service 'Tomcat8'...
[2020-12-17 15:24:03] [info]  [12704] Starting service...
[2020-12-17 15:24:05] [info]  [12704] Service started in 1315 milliseconds.
[2020-12-17 15:38:10] [info]  [14716] Stopping service...
[2020-12-17 15:38:11] [info]  [14716] Service stop thread completed.
[2020-12-17 15:38:11] [info]  [ 7720] Run service finished.
[2020-12-17 15:38:11] [info]  [ 7720] Apache Commons Daemon procrun finished.
[2020-12-17 15:38:11] [info]  [17120] Apache Commons Daemon procrun (1.2.3.0 64-bit) started.
[2020-12-17 15:38:11] [info]  [17120] Running Service 'Tomcat8'...
[2020-12-17 15:38:11] [info]  [13704] Starting service...
[2020-12-17 15:38:12] [info]  [13704] Service started in 1222 milliseconds.
[2020-12-17 15:43:13] [info]  [ 2676] Stopping service...
[2020-12-17 15:43:14] [info]  [ 2676] Service stop thread completed.
[2020-12-17 15:43:14] [info]  [17120] Run service finished.
[2020-12-17 15:43:14] [info]  [17120] Apache Commons Daemon procrun finished.
[2020-12-17 15:43:14] [info]  [12024] Apache Commons Daemon procrun (1.2.3.0 64-bit) started.
[2020-12-17 15:43:14] [info]  [12024] Running Service 'Tomcat8'...
[2020-12-17 15:43:14] [info]  [17336] Starting service...
[2020-12-17 15:43:16] [info]  [17336] Service started in 1211 milliseconds.
[2020-12-17 15:47:13] [info]  [12180] Stopping service...
[2020-12-17 15:47:14] [info]  [12180] Service stop thread completed.
[2020-12-17 15:47:14] [info]  [12024] Run service finished.
[2020-12-17 15:47:14] [info]  [12024] Apache Commons Daemon procrun finished.
[2020-12-17 15:47:14] [info]  [12644] Apache Commons Daemon procrun (1.2.3.0 64-bit) started.
[2020-12-17 15:47:14] [info]  [12644] Running Service 'Tomcat8'...
[2020-12-17 15:47:14] [info]  [11196] Starting service...
[2020-12-17 15:47:16] [info]  [11196] Service started in 1254 milliseconds.
[2020-12-17 15:47:58] [info]  [ 9548] Stopping service...
[2020-12-17 15:47:59] [info]  [ 9548] Service stop thread completed.
[2020-12-17 15:47:59] [info]  [12644] Run service finished.
[2020-12-17 15:47:59] [info]  [12644] Apache Commons Daemon procrun finished.
[2020-12-17 15:47:59] [info]  [15340] Apache Commons Daemon procrun (1.2.3.0 64-bit) started.
[2020-12-17 15:47:59] [info]  [15340] Running Service 'Tomcat8'...
[2020-12-17 15:47:59] [info]  [ 2604] Starting service...
[2020-12-17 15:48:01] [info]  [ 2604] Service started in 1429 milliseconds.
[2020-12-17 15:51:23] [info]  [ 8364] Stopping service...
[2020-12-17 15:51:24] [info]  [ 8364] Service stop thread completed.
[2020-12-17 15:51:24] [info]  [15340] Run service finished.
[2020-12-17 15:51:24] [info]  [15340] Apache Commons Daemon procrun finished.
[2020-12-17 15:51:24] [info]  [ 2908] Apache Commons Daemon procrun (1.2.3.0 64-bit) started.
[2020-12-17 15:51:24] [info]  [ 2908] Running Service 'Tomcat8'...
[2020-12-17 15:51:24] [info]  [ 6348] Starting service...
[2020-12-17 15:51:26] [info]  [ 6348] Service started in 1198 milliseconds.
[2020-12-17 16:31:49] [info]  [ 1212] Stopping service...
[2020-12-17 16:31:50] [info]  [ 1212] Service stop thread completed.
[2020-12-17 16:31:50] [info]  [ 2908] Run service finished.
[2020-12-17 16:31:50] [info]  [ 2908] Apache Commons Daemon procrun finished.
[2020-12-17 16:31:50] [info]  [ 2788] Apache Commons Daemon procrun (1.2.3.0 64-bit) started.
[2020-12-17 16:31:50] [info]  [ 2788] Running Service 'Tomcat8'...
[2020-12-17 16:31:50] [info]  [12220] Starting service...
[2020-12-17 16:31:52] [info]  [12220] Service started in 1325 milliseconds.
[2020-12-17 16:36:46] [info]  [ 5988] Stopping service...
[2020-12-17 16:36:47] [info]  [ 5988] Service stop thread completed.
[2020-12-17 16:36:47] [info]  [ 2788] Run service finished.
[2020-12-17 16:36:47] [info]  [ 2788] Apache Commons Daemon procrun finished.
[2020-12-17 16:36:48] [info]  [ 9928] Apache Commons Daemon procrun (1.2.3.0 64-bit) started.
[2020-12-17 16:36:48] [info]  [ 9928] Running Service 'Tomcat8'...
[2020-12-17 16:36:48] [info]  [ 1408] Starting service...
[2020-12-17 16:36:49] [info]  [ 1408] Service started in 1155 milliseconds.
[2020-12-17 16:39:46] [info]  [ 5008] Stopping service...
[2020-12-17 16:39:47] [info]  [ 5008] Service stop thread completed.
[2020-12-17 16:39:47] [info]  [ 9928] Run service finished.
[2020-12-17 16:39:47] [info]  [ 9928] Apache Commons Daemon procrun finished.
[2020-12-17 16:39:47] [info]  [ 9496] Apache Commons Daemon procrun (1.2.3.0 64-bit) started.
[2020-12-17 16:39:47] [info]  [ 9496] Running Service 'Tomcat8'...
[2020-12-17 16:39:47] [info]  [ 5580] Starting service...
[2020-12-17 16:39:48] [info]  [ 5580] Service started in 1160 milliseconds.
[2020-12-17 16:41:55] [info]  [16512] Stopping service...
[2020-12-17 16:41:56] [info]  [16512] Service stop thread completed.
[2020-12-17 16:41:56] [info]  [ 9496] Run service finished.
[2020-12-17 16:41:56] [info]  [ 9496] Apache Commons Daemon procrun finished.
[2020-12-17 16:41:56] [info]  [ 6564] Apache Commons Daemon procrun (1.2.3.0 64-bit) started.
[2020-12-17 16:41:56] [info]  [ 6564] Running Service 'Tomcat8'...
[2020-12-17 16:41:56] [info]  [ 4980] Starting service...
[2020-12-17 16:41:57] [info]  [ 4980] Service started in 1171 milliseconds.
[2020-12-17 16:43:10] [info]  [16084] Stopping service...
[2020-12-17 16:43:11] [info]  [16084] Service stop thread completed.
[2020-12-17 16:43:11] [info]  [ 6564] Run service finished.
[2020-12-17 16:43:11] [info]  [ 6564] Apache Commons Daemon procrun finished.
[2020-12-17 16:43:11] [info]  [  504] Apache Commons Daemon procrun (1.2.3.0 64-bit) started.
[2020-12-17 16:43:12] [info]  [  504] Running Service 'Tomcat8'...
[2020-12-17 16:43:12] [info]  [17008] Starting service...
[2020-12-17 16:43:13] [info]  [17008] Service started in 1157 milliseconds.
[2020-12-17 16:44:22] [info]  [ 9192] Stopping service...
[2020-12-17 16:44:23] [info]  [ 9192] Service stop thread completed.
[2020-12-17 16:44:23] [info]  [  504] Run service finished.
[2020-12-17 16:44:23] [info]  [  504] Apache Commons Daemon procrun finished.
[2020-12-17 16:44:23] [info]  [  384] Apache Commons Daemon procrun (1.2.3.0 64-bit) started.
[2020-12-17 16:44:23] [info]  [  384] Running Service 'Tomcat8'...
[2020-12-17 16:44:23] [info]  [ 8636] Starting service...
[2020-12-17 16:44:24] [info]  [ 8636] Service started in 1167 milliseconds.
[2020-12-17 16:50:24] [info]  [ 1812] Stopping service...
[2020-12-17 16:50:25] [info]  [ 1812] Service stop thread completed.
[2020-12-17 16:50:25] [info]  [  384] Run service finished.
[2020-12-17 16:50:25] [info]  [  384] Apache Commons Daemon procrun finished.
[2020-12-17 16:50:26] [info]  [ 6412] Apache Commons Daemon procrun (1.2.3.0 64-bit) started.
[2020-12-17 16:50:26] [info]  [ 6412] Running Service 'Tomcat8'...
[2020-12-17 16:50:26] [info]  [ 7796] Starting service...
[2020-12-17 16:50:27] [info]  [ 7796] Service started in 1166 milliseconds.
[2020-12-17 16:54:09] [info]  [10284] Stopping service...
[2020-12-17 16:54:10] [info]  [10284] Service stop thread completed.
[2020-12-17 16:54:10] [info]  [ 6412] Run service finished.
[2020-12-17 16:54:10] [info]  [ 6412] Apache Commons Daemon procrun finished.
[2020-12-17 16:54:10] [info]  [11544] Apache Commons Daemon procrun (1.2.3.0 64-bit) started.
[2020-12-17 16:54:10] [info]  [11544] Running Service 'Tomcat8'...
[2020-12-17 16:54:10] [info]  [10776] Starting service...
[2020-12-17 16:54:11] [info]  [10776] Service started in 1171 milliseconds.
[2020-12-17 16:58:48] [info]  [13156] Stopping service...
[2020-12-17 16:58:49] [info]  [13156] Service stop thread completed.
[2020-12-17 16:58:49] [info]  [11544] Run service finished.
[2020-12-17 16:58:49] [info]  [11544] Apache Commons Daemon procrun finished.
[2020-12-17 16:58:50] [info]  [16660] Apache Commons Daemon procrun (1.2.3.0 64-bit) started.
[2020-12-17 16:58:50] [info]  [16660] Running Service 'Tomcat8'...
[2020-12-17 16:58:50] [info]  [ 1976] Starting service...
[2020-12-17 16:58:51] [info]  [ 1976] Service started in 1163 milliseconds.
[2020-12-17 17:01:49] [info]  [12996] Stopping service...
[2020-12-17 17:01:50] [info]  [12996] Service stop thread completed.
[2020-12-17 17:01:50] [info]  [16660] Run service finished.
[2020-12-17 17:01:50] [info]  [16660] Apache Commons Daemon procrun finished.
[2020-12-17 17:01:51] [info]  [ 2256] Apache Commons Daemon procrun (1.2.3.0 64-bit) started.
[2020-12-17 17:01:51] [info]  [ 2256] Running Service 'Tomcat8'...
[2020-12-17 17:01:51] [info]  [  480] Starting service...
[2020-12-17 17:01:52] [info]  [  480] Service started in 1158 milliseconds.
[2020-12-17 18:11:43] [info]  [ 4000] Stopping service...
[2020-12-17 18:11:44] [info]  [ 4000] Service stop thread completed.
[2020-12-17 18:11:45] [info]  [ 2256] Run service finished.
[2020-12-17 18:11:45] [info]  [ 2256] Apache Commons Daemon procrun finished.
[2020-12-17 18:11:45] [info]  [ 6208] Apache Commons Daemon procrun (1.2.3.0 64-bit) started.
[2020-12-17 18:11:45] [info]  [ 6208] Running Service 'Tomcat8'...
[2020-12-17 18:11:45] [info]  [16504] Starting service...
[2020-12-17 18:11:46] [info]  [16504] Service started in 1207 milliseconds.
[2020-12-17 19:21:58] [info]  [ 8208] Stopping service...
[2020-12-17 19:21:59] [info]  [ 8208] Service stop thread completed.
[2020-12-17 19:21:59] [info]  [ 6208] Run service finished.
[2020-12-17 19:21:59] [info]  [ 6208] Apache Commons Daemon procrun finished.
[2020-12-17 19:22:00] [info]  [ 5680] Apache Commons Daemon procrun (1.2.3.0 64-bit) started.
[2020-12-17 19:22:00] [info]  [ 5680] Running Service 'Tomcat8'...
[2020-12-17 19:22:00] [info]  [15980] Starting service...
[2020-12-17 19:22:01] [info]  [15980] Service started in 1525 milliseconds.
[2020-12-17 19:32:44] [info]  [ 9720] Stopping service...
[2020-12-17 19:32:45] [info]  [ 9720] Service stop thread completed.
[2020-12-17 19:32:45] [info]  [ 5680] Run service finished.
[2020-12-17 19:32:45] [info]  [ 5680] Apache Commons Daemon procrun finished.
[2020-12-17 19:32:46] [info]  [14380] Apache Commons Daemon procrun (1.2.3.0 64-bit) started.
[2020-12-17 19:32:46] [info]  [14380] Running Service 'Tomcat8'...
[2020-12-17 19:32:46] [info]  [11204] Starting service...
[2020-12-17 19:32:47] [info]  [11204] Service started in 1197 milliseconds.
[2020-12-17 19:33:45] [info]  [   76] Stopping service...
[2020-12-17 19:33:46] [info]  [   76] Service stop thread completed.
[2020-12-17 19:33:46] [info]  [14380] Run service finished.
[2020-12-17 19:33:46] [info]  [14380] Apache Commons Daemon procrun finished.
[2020-12-17 19:33:46] [info]  [12744] Apache Commons Daemon procrun (1.2.3.0 64-bit) started.
[2020-12-17 19:33:46] [info]  [12744] Running Service 'Tomcat8'...
[2020-12-17 19:33:46] [info]  [ 8624] Starting service...
[2020-12-17 19:33:47] [info]  [ 8624] Service started in 1238 milliseconds.
[2020-12-17 20:07:44] [info]  [10048] Stopping service...
[2020-12-17 20:07:45] [info]  [10048] Service stop thread completed.
[2020-12-17 20:07:45] [info]  [12744] Run service finished.
[2020-12-17 20:07:45] [info]  [12744] Apache Commons Daemon procrun finished.
[2020-12-17 20:09:46] [info]  [ 7292] Apache Commons Daemon procrun (1.2.3.0 64-bit) started.
[2020-12-17 20:09:46] [info]  [ 7292] Running Service 'Tomcat8'...
[2020-12-17 20:09:46] [info]  [16152] Starting service...
[2020-12-17 20:09:48] [info]  [16152] Service started in 1290 milliseconds.
[2020-12-17 20:15:43] [info]  [15384] Stopping service...
[2020-12-17 20:15:44] [info]  [15384] Service stop thread completed.
[2020-12-17 20:15:44] [info]  [ 7292] Run service finished.
[2020-12-17 20:15:44] [info]  [ 7292] Apache Commons Daemon procrun finished.
[2020-12-17 20:15:44] [info]  [17252] Apache Commons Daemon procrun (1.2.3.0 64-bit) started.
[2020-12-17 20:15:44] [info]  [17252] Running Service 'Tomcat8'...
[2020-12-17 20:15:44] [info]  [15616] Starting service...
[2020-12-17 20:15:45] [info]  [15616] Service started in 1201 milliseconds.
[2020-12-17 20:20:36] [info]  [  724] Stopping service...
[2020-12-17 20:20:37] [info]  [  724] Service stop thread completed.
[2020-12-17 20:20:37] [info]  [17252] Run service finished.
[2020-12-17 20:20:37] [info]  [17252] Apache Commons Daemon procrun finished.
[2020-12-17 20:20:37] [info]  [ 9932] Apache Commons Daemon procrun (1.2.3.0 64-bit) started.
[2020-12-17 20:20:37] [info]  [ 9932] Running Service 'Tomcat8'...
[2020-12-17 20:20:37] [info]  [  264] Starting service...
[2020-12-17 20:20:38] [info]  [  264] Service started in 1237 milliseconds.
[2020-12-17 20:42:17] [info]  [ 4756] Stopping service...
[2020-12-17 20:42:18] [info]  [ 4756] Service stop thread completed.
[2020-12-17 20:42:18] [info]  [ 9932] Run service finished.
[2020-12-17 20:42:18] [info]  [ 9932] Apache Commons Daemon procrun finished.
[2020-12-17 20:42:18] [info]  [10744] Apache Commons Daemon procrun (1.2.3.0 64-bit) started.
[2020-12-17 20:42:18] [info]  [10744] Running Service 'Tomcat8'...
[2020-12-17 20:42:18] [info]  [ 6600] Starting service...
[2020-12-17 20:42:19] [info]  [ 6600] Service started in 1281 milliseconds.
[2020-12-17 23:03:15] [info]  [ 1652] Stopping service...
[2020-12-17 23:03:16] [info]  [ 1652] Service stop thread completed.
[2020-12-17 23:03:16] [info]  [10744] Run service finished.
[2020-12-17 23:03:16] [info]  [10744] Apache Commons Daemon procrun finished.
[2020-12-17 23:03:16] [info]  [10932] Apache Commons Daemon procrun (1.2.3.0 64-bit) started.
[2020-12-17 23:03:17] [info]  [10932] Running Service 'Tomcat8'...
[2020-12-17 23:03:17] [info]  [11620] Starting service...
[2020-12-17 23:03:18] [info]  [11620] Service started in 1335 milliseconds.
[2020-12-18 00:05:44] [info]  [ 9592] Stopping service...
[2020-12-18 00:05:45] [info]  [ 9592] Service stop thread completed.
[2020-12-18 00:05:45] [info]  [10932] Run service finished.
[2020-12-18 00:05:45] [info]  [10932] Apache Commons Daemon procrun finished.
