[2021-01-05 09:41:03] [info]  [13068] Apache Commons Daemon procrun (1.2.3.0 64-bit) started.
[2021-01-05 09:41:03] [info]  [13068] Debugging 'Tomcat8' service...
[2021-01-05 09:41:03] [info]  [13068] Starting service...
[2021-01-05 09:41:05] [info]  [13068] Service started in 1389 milliseconds.
[2021-01-05 09:49:46] [info]  [ 4692] Console CTRL+CLOSE event signaled.
[2021-01-05 09:49:46] [info]  [ 4692] Stopping service...
[2021-01-05 09:49:47] [info]  [ 4692] Service stop thread completed.
[2021-01-05 09:49:51] [info]  [13928] Apache Commons Daemon procrun (1.2.3.0 64-bit) started.
[2021-01-05 09:49:51] [info]  [13928] Debugging 'Tomcat8' service...
[2021-01-05 09:49:51] [info]  [13928] Starting service...
[2021-01-05 09:49:52] [info]  [13928] Service started in 1276 milliseconds.
[2021-01-05 09:50:41] [info]  [11616] Console CTRL+CLOSE event signaled.
[2021-01-05 09:50:41] [info]  [11616] Stopping service...
[2021-01-05 09:50:42] [info]  [11616] Service stop thread completed.
[2021-01-05 09:50:46] [info]  [ 7296] Apache Commons Daemon procrun (1.2.3.0 64-bit) started.
[2021-01-05 09:50:46] [info]  [ 7296] Debugging 'Tomcat8' service...
[2021-01-05 09:50:46] [info]  [ 7296] Starting service...
[2021-01-05 09:50:47] [info]  [ 7296] Service started in 1245 milliseconds.
[2021-01-05 09:50:49] [info]  [ 7296] Debug service finished with exit code 0.
[2021-01-05 09:50:49] [info]  [ 7296] Apache Commons Daemon procrun finished.
[2021-01-05 09:50:55] [info]  [10124] Apache Commons Daemon procrun (1.2.3.0 64-bit) started.
[2021-01-05 09:50:55] [info]  [10124] Debugging 'Tomcat8' service...
[2021-01-05 09:50:55] [info]  [10124] Starting service...
[2021-01-05 09:50:56] [info]  [10124] Service started in 1213 milliseconds.
[2021-01-05 09:50:58] [info]  [10124] Debug service finished with exit code 0.
[2021-01-05 09:50:58] [info]  [10124] Apache Commons Daemon procrun finished.
[2021-01-05 09:51:09] [info]  [14880] Apache Commons Daemon procrun (1.2.3.0 64-bit) started.
[2021-01-05 09:51:09] [info]  [14880] Debugging 'Tomcat8' service...
[2021-01-05 09:51:09] [info]  [14880] Starting service...
[2021-01-05 09:51:10] [info]  [14880] Service started in 1237 milliseconds.
[2021-01-05 09:51:54] [info]  [15152] Console CTRL+CLOSE event signaled.
[2021-01-05 09:51:54] [info]  [15152] Stopping service...
[2021-01-05 09:51:55] [info]  [15152] Service stop thread completed.
[2021-01-05 09:52:03] [info]  [ 5960] Apache Commons Daemon procrun (1.2.3.0 64-bit) started.
[2021-01-05 09:52:03] [info]  [ 5960] Debugging 'Tomcat8' service...
[2021-01-05 09:52:03] [info]  [ 5960] Starting service...
[2021-01-05 09:52:04] [info]  [ 5960] Service started in 1267 milliseconds.
[2021-01-05 09:52:06] [info]  [ 5960] Debug service finished with exit code 0.
[2021-01-05 09:52:06] [info]  [ 5960] Apache Commons Daemon procrun finished.
[2021-01-05 09:52:11] [info]  [14856] Apache Commons Daemon procrun (1.2.3.0 64-bit) started.
[2021-01-05 09:52:11] [info]  [14856] Debugging 'Tomcat8' service...
[2021-01-05 09:52:11] [info]  [14856] Starting service...
[2021-01-05 09:52:12] [info]  [14856] Service started in 1231 milliseconds.
[2021-01-05 09:52:13] [info]  [14856] Debug service finished with exit code 0.
[2021-01-05 09:52:13] [info]  [14856] Apache Commons Daemon procrun finished.
[2021-01-05 09:52:18] [info]  [10424] Apache Commons Daemon procrun (1.2.3.0 64-bit) started.
[2021-01-05 09:52:18] [info]  [10424] Debugging 'Tomcat8' service...
[2021-01-05 09:52:18] [info]  [10424] Starting service...
[2021-01-05 09:52:20] [info]  [10424] Service started in 1237 milliseconds.
[2021-01-05 09:52:21] [info]  [10424] Debug service finished with exit code 0.
[2021-01-05 09:52:21] [info]  [10424] Apache Commons Daemon procrun finished.
[2021-01-05 09:52:25] [info]  [ 9588] Apache Commons Daemon procrun (1.2.3.0 64-bit) started.
[2021-01-05 09:52:25] [info]  [ 9588] Debugging 'Tomcat8' service...
[2021-01-05 09:52:25] [info]  [ 9588] Starting service...
[2021-01-05 09:52:27] [info]  [ 9588] Service started in 1238 milliseconds.
[2021-01-05 09:52:36] [info]  [ 3776] Console CTRL+CLOSE event signaled.
[2021-01-05 09:52:36] [info]  [ 3776] Stopping service...
[2021-01-05 09:52:45] [info]  [ 7304] Apache Commons Daemon procrun (1.2.3.0 64-bit) started.
[2021-01-05 09:52:45] [info]  [ 7304] Debugging 'Tomcat8' service...
[2021-01-05 09:52:45] [info]  [ 7304] Starting service...
[2021-01-05 09:52:46] [info]  [ 7304] Service started in 1273 milliseconds.
[2021-01-05 09:52:47] [info]  [ 7304] Debug service finished with exit code 0.
[2021-01-05 09:52:47] [info]  [ 7304] Apache Commons Daemon procrun finished.
[2021-01-05 09:52:51] [info]  [ 2760] Apache Commons Daemon procrun (1.2.3.0 64-bit) started.
[2021-01-05 09:52:51] [info]  [ 2760] Debugging 'Tomcat8' service...
[2021-01-05 09:52:51] [info]  [ 2760] Starting service...
[2021-01-05 09:52:53] [info]  [ 2760] Service started in 1238 milliseconds.
[2021-01-05 09:52:54] [info]  [ 2760] Debug service finished with exit code 0.
[2021-01-05 09:52:54] [info]  [ 2760] Apache Commons Daemon procrun finished.
[2021-01-05 09:52:58] [info]  [14888] Apache Commons Daemon procrun (1.2.3.0 64-bit) started.
[2021-01-05 09:52:58] [info]  [14888] Debugging 'Tomcat8' service...
[2021-01-05 09:52:58] [info]  [14888] Starting service...
[2021-01-05 09:52:59] [info]  [14888] Service started in 1246 milliseconds.
[2021-01-05 09:53:01] [info]  [14888] Debug service finished with exit code 0.
[2021-01-05 09:53:01] [info]  [14888] Apache Commons Daemon procrun finished.
[2021-01-05 09:53:12] [info]  [11292] Apache Commons Daemon procrun (1.2.3.0 64-bit) started.
[2021-01-05 09:53:12] [info]  [11292] Debugging 'Tomcat8' service...
[2021-01-05 09:53:12] [info]  [11292] Starting service...
[2021-01-05 09:53:14] [info]  [11292] Service started in 1280 milliseconds.
[2021-01-05 09:53:15] [info]  [11292] Debug service finished with exit code 0.
[2021-01-05 09:53:15] [info]  [11292] Apache Commons Daemon procrun finished.
[2021-01-05 09:53:19] [info]  [ 9228] Apache Commons Daemon procrun (1.2.3.0 64-bit) started.
[2021-01-05 09:53:19] [info]  [ 9228] Debugging 'Tomcat8' service...
[2021-01-05 09:53:19] [info]  [ 9228] Starting service...
[2021-01-05 09:53:20] [info]  [ 9228] Service started in 1234 milliseconds.
[2021-01-05 09:53:21] [info]  [ 9228] Debug service finished with exit code 0.
[2021-01-05 09:53:21] [info]  [ 9228] Apache Commons Daemon procrun finished.
[2021-01-05 10:02:06] [info]  [ 1656] Apache Commons Daemon procrun (1.2.3.0 64-bit) started.
[2021-01-05 10:02:06] [info]  [ 1656] Debugging 'Tomcat8' service...
[2021-01-05 10:02:06] [info]  [ 1656] Starting service...
[2021-01-05 10:02:07] [info]  [ 1656] Service started in 1274 milliseconds.
[2021-01-05 10:02:26] [info]  [ 6800] Console CTRL+CLOSE event signaled.
[2021-01-05 10:02:26] [info]  [ 6800] Stopping service...
[2021-01-05 10:02:40] [info]  [14996] Apache Commons Daemon procrun (1.2.3.0 64-bit) started.
[2021-01-05 10:02:40] [info]  [14996] Debugging 'Tomcat8' service...
[2021-01-05 10:02:40] [info]  [14996] Starting service...
[2021-01-05 10:02:42] [info]  [14996] Service started in 1244 milliseconds.
[2021-01-05 10:04:15] [info]  [13764] Console CTRL+CLOSE event signaled.
[2021-01-05 10:04:15] [info]  [13764] Stopping service...
[2021-01-05 10:04:16] [info]  [13764] Service stop thread completed.
[2021-01-05 10:04:19] [info]  [11596] Apache Commons Daemon procrun (1.2.3.0 64-bit) started.
[2021-01-05 10:04:19] [info]  [11596] Debugging 'Tomcat8' service...
[2021-01-05 10:04:19] [info]  [11596] Starting service...
[2021-01-05 10:04:21] [info]  [11596] Service started in 1242 milliseconds.
[2021-01-05 10:59:28] [info]  [11572] Console CTRL+CLOSE event signaled.
[2021-01-05 10:59:28] [info]  [11572] Stopping service...
[2021-01-05 10:59:38] [info]  [ 7780] Apache Commons Daemon procrun (1.2.3.0 64-bit) started.
[2021-01-05 10:59:38] [info]  [ 7780] Debugging 'Tomcat8' service...
[2021-01-05 10:59:38] [info]  [ 7780] Starting service...
[2021-01-05 10:59:39] [info]  [ 7780] Service started in 1248 milliseconds.
[2021-01-05 11:02:46] [info]  [14520] Console CTRL+CLOSE event signaled.
[2021-01-05 11:02:46] [info]  [14520] Stopping service...
[2021-01-05 11:02:47] [info]  [14520] Service stop thread completed.
[2021-01-05 11:03:03] [info]  [11428] Apache Commons Daemon procrun (1.2.3.0 64-bit) started.
[2021-01-05 11:03:03] [info]  [11428] Debugging 'Tomcat8' service...
[2021-01-05 11:03:03] [info]  [11428] Starting service...
[2021-01-05 11:03:04] [info]  [11428] Service started in 1460 milliseconds.
[2021-01-05 12:20:12] [info]  [ 6740] Console CTRL+CLOSE event signaled.
[2021-01-05 12:20:12] [info]  [ 6740] Stopping service...
[2021-01-05 12:20:13] [info]  [ 6740] Service stop thread completed.
[2021-01-05 12:20:16] [info]  [14048] Apache Commons Daemon procrun (1.2.3.0 64-bit) started.
[2021-01-05 12:20:16] [info]  [14048] Debugging 'Tomcat8' service...
[2021-01-05 12:20:16] [info]  [14048] Starting service...
[2021-01-05 12:20:18] [info]  [14048] Service started in 1211 milliseconds.
[2021-01-05 12:26:24] [info]  [ 5148] Console CTRL+CLOSE event signaled.
[2021-01-05 12:26:24] [info]  [ 5148] Stopping service...
[2021-01-05 12:26:25] [info]  [ 5148] Service stop thread completed.
[2021-01-05 12:26:30] [info]  [ 1768] Apache Commons Daemon procrun (1.2.3.0 64-bit) started.
[2021-01-05 12:26:30] [info]  [ 1768] Debugging 'Tomcat8' service...
[2021-01-05 12:26:30] [info]  [ 1768] Starting service...
[2021-01-05 12:26:31] [info]  [ 1768] Service started in 1270 milliseconds.
[2021-01-05 12:54:02] [info]  [  724] Console CTRL+CLOSE event signaled.
[2021-01-05 12:54:02] [info]  [  724] Stopping service...
[2021-01-05 12:54:03] [info]  [  724] Service stop thread completed.
[2021-01-05 12:54:07] [info]  [  724] Apache Commons Daemon procrun (1.2.3.0 64-bit) started.
[2021-01-05 12:54:07] [info]  [  724] Debugging 'Tomcat8' service...
[2021-01-05 12:54:07] [info]  [  724] Starting service...
[2021-01-05 12:54:09] [info]  [  724] Service started in 1195 milliseconds.
[2021-01-05 12:55:14] [info]  [14264] Console CTRL+CLOSE event signaled.
[2021-01-05 12:55:14] [info]  [14264] Stopping service...
[2021-01-05 12:55:15] [info]  [14264] Service stop thread completed.
[2021-01-05 12:55:19] [info]  [ 1756] Apache Commons Daemon procrun (1.2.3.0 64-bit) started.
[2021-01-05 12:55:19] [info]  [ 1756] Debugging 'Tomcat8' service...
[2021-01-05 12:55:19] [info]  [ 1756] Starting service...
[2021-01-05 12:55:20] [info]  [ 1756] Service started in 1250 milliseconds.
[2021-01-05 13:23:32] [info]  [15416] Console CTRL+CLOSE event signaled.
[2021-01-05 13:23:32] [info]  [15416] Stopping service...
[2021-01-05 13:23:43] [info]  [15664] Apache Commons Daemon procrun (1.2.3.0 64-bit) started.
[2021-01-05 13:23:43] [info]  [15664] Debugging 'Tomcat8' service...
[2021-01-05 13:23:43] [info]  [15664] Starting service...
[2021-01-05 13:23:44] [info]  [15664] Service started in 1303 milliseconds.
[2021-01-05 13:24:35] [info]  [ 8412] Console CTRL+CLOSE event signaled.
[2021-01-05 13:24:35] [info]  [ 8412] Stopping service...
[2021-01-05 13:24:36] [info]  [ 8412] Service stop thread completed.
[2021-01-05 13:24:40] [info]  [14916] Apache Commons Daemon procrun (1.2.3.0 64-bit) started.
[2021-01-05 13:24:40] [info]  [14916] Debugging 'Tomcat8' service...
[2021-01-05 13:24:40] [info]  [14916] Starting service...
[2021-01-05 13:24:41] [info]  [14916] Service started in 1348 milliseconds.
[2021-01-05 13:26:31] [info]  [ 3096] Console CTRL+CLOSE event signaled.
[2021-01-05 13:26:31] [info]  [ 3096] Stopping service...
[2021-01-05 13:26:40] [info]  [ 5164] Apache Commons Daemon procrun (1.2.3.0 64-bit) started.
[2021-01-05 13:26:40] [info]  [ 5164] Debugging 'Tomcat8' service...
[2021-01-05 13:26:40] [info]  [ 5164] Starting service...
[2021-01-05 13:26:41] [info]  [ 5164] Service started in 1466 milliseconds.
[2021-01-05 13:28:03] [info]  [14228] Console CTRL+CLOSE event signaled.
[2021-01-05 13:28:03] [info]  [14228] Stopping service...
[2021-01-05 13:28:05] [info]  [14228] Service stop thread completed.
[2021-01-05 13:28:58] [info]  [14392] Apache Commons Daemon procrun (1.2.3.0 64-bit) started.
[2021-01-05 13:28:58] [info]  [14392] Debugging 'Tomcat8' service...
[2021-01-05 13:28:58] [info]  [14392] Starting service...
[2021-01-05 13:28:59] [info]  [14392] Service started in 1290 milliseconds.
[2021-01-05 13:30:00] [info]  [ 2176] Console CTRL+CLOSE event signaled.
[2021-01-05 13:30:00] [info]  [ 2176] Stopping service...
[2021-01-05 13:30:01] [info]  [ 2176] Service stop thread completed.
[2021-01-05 13:30:07] [info]  [12276] Apache Commons Daemon procrun (1.2.3.0 64-bit) started.
[2021-01-05 13:30:07] [info]  [12276] Debugging 'Tomcat8' service...
[2021-01-05 13:30:07] [info]  [12276] Starting service...
[2021-01-05 13:30:09] [info]  [12276] Service started in 1508 milliseconds.
[2021-01-05 13:32:44] [info]  [ 9208] Console CTRL+CLOSE event signaled.
[2021-01-05 13:32:44] [info]  [ 9208] Stopping service...
[2021-01-05 13:32:45] [info]  [ 9208] Service stop thread completed.
[2021-01-05 13:32:51] [info]  [15764] Apache Commons Daemon procrun (1.2.3.0 64-bit) started.
[2021-01-05 13:32:51] [info]  [15764] Debugging 'Tomcat8' service...
[2021-01-05 13:32:51] [info]  [15764] Starting service...
[2021-01-05 13:32:52] [info]  [15764] Service started in 1330 milliseconds.
[2021-01-05 13:38:00] [info]  [ 7584] Console CTRL+CLOSE event signaled.
[2021-01-05 13:38:00] [info]  [ 7584] Stopping service...
[2021-01-05 13:38:01] [info]  [ 7584] Service stop thread completed.
[2021-01-05 13:39:33] [info]  [ 4752] Apache Commons Daemon procrun (1.2.3.0 64-bit) started.
[2021-01-05 13:39:33] [info]  [ 4752] Debugging 'Tomcat8' service...
[2021-01-05 13:39:33] [info]  [ 4752] Starting service...
[2021-01-05 13:39:34] [info]  [ 4752] Service started in 1257 milliseconds.
[2021-01-05 14:40:44] [info]  [ 1984] Console CTRL+CLOSE event signaled.
[2021-01-05 14:40:44] [info]  [ 1984] Stopping service...
[2021-01-05 14:40:45] [info]  [ 1984] Service stop thread completed.
[2021-01-05 14:42:13] [info]  [10396] Apache Commons Daemon procrun (1.2.3.0 64-bit) started.
[2021-01-05 14:42:13] [info]  [10396] Debugging 'Tomcat8' service...
[2021-01-05 14:42:13] [info]  [10396] Starting service...
[2021-01-05 14:42:15] [info]  [10396] Service started in 1248 milliseconds.
[2021-01-05 14:45:45] [info]  [10876] Console CTRL+CLOSE event signaled.
[2021-01-05 14:45:45] [info]  [10876] Stopping service...
[2021-01-05 14:45:57] [info]  [10140] Apache Commons Daemon procrun (1.2.3.0 64-bit) started.
[2021-01-05 14:45:57] [info]  [10140] Debugging 'Tomcat8' service...
[2021-01-05 14:45:57] [info]  [10140] Starting service...
[2021-01-05 14:45:58] [info]  [10140] Service started in 1254 milliseconds.
[2021-01-05 14:55:04] [info]  [ 9600] Console CTRL+CLOSE event signaled.
[2021-01-05 14:55:04] [info]  [ 9600] Stopping service...
[2021-01-05 14:55:20] [info]  [10252] Apache Commons Daemon procrun (1.2.3.0 64-bit) started.
[2021-01-05 14:55:20] [info]  [10252] Debugging 'Tomcat8' service...
[2021-01-05 14:55:20] [info]  [10252] Starting service...
[2021-01-05 14:55:21] [info]  [10252] Service started in 1292 milliseconds.
[2021-01-05 14:57:27] [info]  [17104] Console CTRL+CLOSE event signaled.
[2021-01-05 14:57:27] [info]  [17104] Stopping service...
[2021-01-05 14:57:36] [info]  [10500] Apache Commons Daemon procrun (1.2.3.0 64-bit) started.
[2021-01-05 14:57:36] [info]  [10500] Debugging 'Tomcat8' service...
[2021-01-05 14:57:36] [info]  [10500] Starting service...
[2021-01-05 14:57:37] [info]  [10500] Service started in 1241 milliseconds.
[2021-01-05 14:58:32] [info]  [ 4908] Console CTRL+CLOSE event signaled.
[2021-01-05 14:58:32] [info]  [ 4908] Stopping service...
[2021-01-05 14:58:33] [info]  [ 4908] Service stop thread completed.
[2021-01-05 14:58:37] [info]  [17328] Apache Commons Daemon procrun (1.2.3.0 64-bit) started.
[2021-01-05 14:58:37] [info]  [17328] Debugging 'Tomcat8' service...
[2021-01-05 14:58:37] [info]  [17328] Starting service...
[2021-01-05 14:58:39] [info]  [17328] Service started in 1247 milliseconds.
[2021-01-05 15:06:20] [info]  [16916] Console CTRL+CLOSE event signaled.
[2021-01-05 15:06:20] [info]  [16916] Stopping service...
[2021-01-05 15:06:21] [info]  [16916] Service stop thread completed.
[2021-01-05 15:06:26] [info]  [15168] Apache Commons Daemon procrun (1.2.3.0 64-bit) started.
[2021-01-05 15:06:26] [info]  [15168] Debugging 'Tomcat8' service...
[2021-01-05 15:06:26] [info]  [15168] Starting service...
[2021-01-05 15:06:27] [info]  [15168] Service started in 1248 milliseconds.
[2021-01-05 15:11:14] [info]  [15252] Console CTRL+CLOSE event signaled.
[2021-01-05 15:11:14] [info]  [15252] Stopping service...
[2021-01-05 15:11:15] [info]  [15252] Service stop thread completed.
[2021-01-05 15:11:18] [info]  [11484] Apache Commons Daemon procrun (1.2.3.0 64-bit) started.
[2021-01-05 15:11:18] [info]  [11484] Debugging 'Tomcat8' service...
[2021-01-05 15:11:18] [info]  [11484] Starting service...
[2021-01-05 15:11:19] [info]  [11484] Service started in 1253 milliseconds.
[2021-01-05 15:13:12] [info]  [ 6440] Console CTRL+CLOSE event signaled.
[2021-01-05 15:13:12] [info]  [ 6440] Stopping service...
[2021-01-05 15:13:21] [info]  [15712] Apache Commons Daemon procrun (1.2.3.0 64-bit) started.
[2021-01-05 15:13:21] [info]  [15712] Debugging 'Tomcat8' service...
[2021-01-05 15:13:21] [info]  [15712] Starting service...
[2021-01-05 15:13:22] [info]  [15712] Service started in 1249 milliseconds.
[2021-01-05 15:17:03] [info]  [10440] Console CTRL+CLOSE event signaled.
[2021-01-05 15:17:03] [info]  [10440] Stopping service...
[2021-01-05 15:17:12] [info]  [16644] Apache Commons Daemon procrun (1.2.3.0 64-bit) started.
[2021-01-05 15:17:12] [info]  [16644] Debugging 'Tomcat8' service...
[2021-01-05 15:17:12] [info]  [16644] Starting service...
[2021-01-05 15:17:13] [info]  [16644] Service started in 1258 milliseconds.
[2021-01-05 15:19:29] [info]  [16784] Console CTRL+CLOSE event signaled.
[2021-01-05 15:19:29] [info]  [16784] Stopping service...
[2021-01-05 15:19:30] [info]  [16784] Service stop thread completed.
[2021-01-05 15:20:09] [info]  [ 9136] Apache Commons Daemon procrun (1.2.3.0 64-bit) started.
[2021-01-05 15:20:09] [info]  [ 9136] Debugging 'Tomcat8' service...
[2021-01-05 15:20:09] [info]  [ 9136] Starting service...
[2021-01-05 15:20:10] [info]  [ 9136] Service started in 1244 milliseconds.
[2021-01-05 15:21:27] [info]  [ 7700] Console CTRL+CLOSE event signaled.
[2021-01-05 15:21:27] [info]  [ 7700] Stopping service...
[2021-01-05 15:21:28] [info]  [ 7700] Service stop thread completed.
[2021-01-05 15:21:33] [info]  [ 6788] Apache Commons Daemon procrun (1.2.3.0 64-bit) started.
[2021-01-05 15:21:33] [info]  [ 6788] Debugging 'Tomcat8' service...
[2021-01-05 15:21:33] [info]  [ 6788] Starting service...
[2021-01-05 15:21:35] [info]  [ 6788] Service started in 1258 milliseconds.
[2021-01-05 15:28:17] [info]  [10548] Console CTRL+CLOSE event signaled.
[2021-01-05 15:28:17] [info]  [10548] Stopping service...
[2021-01-05 15:28:18] [info]  [10548] Service stop thread completed.
[2021-01-05 15:28:23] [info]  [13700] Apache Commons Daemon procrun (1.2.3.0 64-bit) started.
[2021-01-05 15:28:23] [info]  [13700] Debugging 'Tomcat8' service...
[2021-01-05 15:28:23] [info]  [13700] Starting service...
[2021-01-05 15:28:25] [info]  [13700] Service started in 1238 milliseconds.
[2021-01-05 15:44:11] [info]  [ 7048] Console CTRL+CLOSE event signaled.
[2021-01-05 15:44:11] [info]  [ 7048] Stopping service...
[2021-01-05 15:44:12] [info]  [ 7048] Service stop thread completed.
[2021-01-05 15:44:15] [info]  [ 7460] Apache Commons Daemon procrun (1.2.3.0 64-bit) started.
[2021-01-05 15:44:15] [info]  [ 7460] Debugging 'Tomcat8' service...
[2021-01-05 15:44:15] [info]  [ 7460] Starting service...
[2021-01-05 15:44:16] [info]  [ 7460] Service started in 1240 milliseconds.
[2021-01-05 15:44:18] [info]  [ 7460] Debug service finished with exit code 0.
[2021-01-05 15:44:18] [info]  [ 7460] Apache Commons Daemon procrun finished.
[2021-01-05 15:44:24] [info]  [ 1592] Apache Commons Daemon procrun (1.2.3.0 64-bit) started.
[2021-01-05 15:44:24] [info]  [ 1592] Debugging 'Tomcat8' service...
[2021-01-05 15:44:24] [info]  [ 1592] Starting service...
[2021-01-05 15:44:25] [info]  [ 1592] Service started in 1243 milliseconds.
[2021-01-05 15:44:26] [info]  [ 1592] Debug service finished with exit code 0.
[2021-01-05 15:44:26] [info]  [ 1592] Apache Commons Daemon procrun finished.
[2021-01-05 15:44:49] [info]  [14140] Apache Commons Daemon procrun (1.2.3.0 64-bit) started.
[2021-01-05 15:44:49] [info]  [14140] Debugging 'Tomcat8' service...
[2021-01-05 15:44:49] [info]  [14140] Starting service...
[2021-01-05 15:44:50] [info]  [14140] Service started in 1244 milliseconds.
[2021-01-05 15:45:20] [info]  [11464] Console CTRL+CLOSE event signaled.
[2021-01-05 15:45:20] [info]  [11464] Stopping service...
[2021-01-05 15:45:21] [info]  [11464] Service stop thread completed.
[2021-01-05 15:45:23] [info]  [ 7772] Apache Commons Daemon procrun (1.2.3.0 64-bit) started.
[2021-01-05 15:45:23] [info]  [ 7772] Debugging 'Tomcat8' service...
[2021-01-05 15:45:23] [info]  [ 7772] Starting service...
[2021-01-05 15:45:25] [info]  [ 7772] Service started in 1255 milliseconds.
[2021-01-05 15:46:24] [info]  [ 2436] Console CTRL+CLOSE event signaled.
[2021-01-05 15:46:24] [info]  [ 2436] Stopping service...
[2021-01-05 15:46:25] [info]  [ 2436] Service stop thread completed.
[2021-01-05 15:46:28] [info]  [ 6584] Apache Commons Daemon procrun (1.2.3.0 64-bit) started.
[2021-01-05 15:46:28] [info]  [ 6584] Debugging 'Tomcat8' service...
[2021-01-05 15:46:28] [info]  [ 6584] Starting service...
[2021-01-05 15:46:29] [info]  [ 6584] Service started in 1244 milliseconds.
[2021-01-05 15:46:31] [info]  [ 6584] Debug service finished with exit code 0.
[2021-01-05 15:46:31] [info]  [ 6584] Apache Commons Daemon procrun finished.
[2021-01-05 15:51:24] [info]  [14700] Apache Commons Daemon procrun (1.2.3.0 64-bit) started.
[2021-01-05 15:51:24] [info]  [14700] Debugging 'Tomcat8' service...
[2021-01-05 15:51:24] [info]  [14700] Starting service...
[2021-01-05 15:51:25] [info]  [14700] Service started in 1240 milliseconds.
[2021-01-05 15:51:27] [info]  [14700] Debug service finished with exit code 0.
[2021-01-05 15:51:27] [info]  [14700] Apache Commons Daemon procrun finished.
[2021-01-05 15:51:30] [info]  [ 1592] Apache Commons Daemon procrun (1.2.3.0 64-bit) started.
[2021-01-05 15:51:30] [info]  [ 1592] Debugging 'Tomcat8' service...
[2021-01-05 15:51:30] [info]  [ 1592] Starting service...
[2021-01-05 15:51:32] [info]  [ 1592] Service started in 1250 milliseconds.
[2021-01-05 15:51:34] [info]  [ 1592] Debug service finished with exit code 0.
[2021-01-05 15:51:34] [info]  [ 1592] Apache Commons Daemon procrun finished.
[2021-01-05 15:52:17] [info]  [ 8908] Apache Commons Daemon procrun (1.2.3.0 64-bit) started.
[2021-01-05 15:52:17] [info]  [ 8908] Debugging 'Tomcat8' service...
[2021-01-05 15:52:17] [info]  [ 8908] Starting service...
[2021-01-05 15:52:18] [info]  [ 8908] Service started in 1243 milliseconds.
[2021-01-05 16:00:50] [info]  [ 2004] Console CTRL+CLOSE event signaled.
[2021-01-05 16:00:50] [info]  [ 2004] Stopping service...
[2021-01-05 16:00:51] [info]  [ 2004] Service stop thread completed.
[2021-01-05 16:00:55] [info]  [13012] Apache Commons Daemon procrun (1.2.3.0 64-bit) started.
[2021-01-05 16:00:55] [info]  [13012] Debugging 'Tomcat8' service...
[2021-01-05 16:00:55] [info]  [13012] Starting service...
[2021-01-05 16:00:56] [info]  [13012] Service started in 1451 milliseconds.
[2021-01-05 16:01:53] [info]  [17148] Console CTRL+CLOSE event signaled.
[2021-01-05 16:01:53] [info]  [17148] Stopping service...
[2021-01-05 16:01:54] [info]  [17148] Service stop thread completed.
[2021-01-05 16:01:58] [info]  [14144] Apache Commons Daemon procrun (1.2.3.0 64-bit) started.
[2021-01-05 16:01:58] [info]  [14144] Debugging 'Tomcat8' service...
[2021-01-05 16:01:58] [info]  [14144] Starting service...
[2021-01-05 16:01:59] [info]  [14144] Service started in 1245 milliseconds.
[2021-01-05 16:03:27] [info]  [ 7412] Console CTRL+CLOSE event signaled.
[2021-01-05 16:03:27] [info]  [ 7412] Stopping service...
[2021-01-05 16:03:28] [info]  [ 7412] Service stop thread completed.
[2021-01-05 16:03:31] [info]  [13708] Apache Commons Daemon procrun (1.2.3.0 64-bit) started.
[2021-01-05 16:03:31] [info]  [13708] Debugging 'Tomcat8' service...
[2021-01-05 16:03:31] [info]  [13708] Starting service...
[2021-01-05 16:03:33] [info]  [13708] Service started in 1259 milliseconds.
[2021-01-05 16:04:42] [info]  [ 3324] Console CTRL+CLOSE event signaled.
[2021-01-05 16:04:42] [info]  [ 3324] Stopping service...
[2021-01-05 16:04:43] [info]  [ 3324] Service stop thread completed.
[2021-01-05 16:04:47] [info]  [14616] Apache Commons Daemon procrun (1.2.3.0 64-bit) started.
[2021-01-05 16:04:47] [info]  [14616] Debugging 'Tomcat8' service...
[2021-01-05 16:04:47] [info]  [14616] Starting service...
[2021-01-05 16:04:48] [info]  [14616] Service started in 1246 milliseconds.
[2021-01-05 16:05:39] [info]  [11664] Console CTRL+CLOSE event signaled.
[2021-01-05 16:05:39] [info]  [11664] Stopping service...
[2021-01-05 16:05:40] [info]  [11664] Service stop thread completed.
[2021-01-05 16:05:44] [info]  [12108] Apache Commons Daemon procrun (1.2.3.0 64-bit) started.
[2021-01-05 16:05:44] [info]  [12108] Debugging 'Tomcat8' service...
[2021-01-05 16:05:44] [info]  [12108] Starting service...
[2021-01-05 16:05:45] [info]  [12108] Service started in 1250 milliseconds.
[2021-01-05 16:06:24] [info]  [13788] Console CTRL+CLOSE event signaled.
[2021-01-05 16:06:24] [info]  [13788] Stopping service...
[2021-01-05 16:06:25] [info]  [13788] Service stop thread completed.
[2021-01-05 16:06:28] [info]  [ 9380] Apache Commons Daemon procrun (1.2.3.0 64-bit) started.
[2021-01-05 16:06:28] [info]  [ 9380] Debugging 'Tomcat8' service...
[2021-01-05 16:06:28] [info]  [ 9380] Starting service...
[2021-01-05 16:06:30] [info]  [ 9380] Service started in 1241 milliseconds.
[2021-01-05 16:51:55] [info]  [12420] Console CTRL+CLOSE event signaled.
[2021-01-05 16:51:55] [info]  [12420] Stopping service...
[2021-01-05 16:51:56] [info]  [12420] Service stop thread completed.
[2021-01-05 16:52:01] [info]  [16028] Apache Commons Daemon procrun (1.2.3.0 64-bit) started.
[2021-01-05 16:52:01] [info]  [16028] Debugging 'Tomcat8' service...
[2021-01-05 16:52:01] [info]  [16028] Starting service...
[2021-01-05 16:52:02] [info]  [16028] Service started in 1344 milliseconds.
[2021-01-05 16:52:52] [info]  [11780] Console CTRL+CLOSE event signaled.
[2021-01-05 16:52:52] [info]  [11780] Stopping service...
[2021-01-05 16:52:53] [info]  [11780] Service stop thread completed.
[2021-01-05 16:52:57] [info]  [13088] Apache Commons Daemon procrun (1.2.3.0 64-bit) started.
[2021-01-05 16:52:57] [info]  [13088] Debugging 'Tomcat8' service...
[2021-01-05 16:52:57] [info]  [13088] Starting service...
[2021-01-05 16:52:58] [info]  [13088] Service started in 1259 milliseconds.
[2021-01-05 16:54:06] [info]  [12272] Console CTRL+CLOSE event signaled.
[2021-01-05 16:54:06] [info]  [12272] Stopping service...
[2021-01-05 16:54:07] [info]  [12272] Service stop thread completed.
[2021-01-05 16:54:12] [info]  [ 4016] Apache Commons Daemon procrun (1.2.3.0 64-bit) started.
[2021-01-05 16:54:12] [info]  [ 4016] Debugging 'Tomcat8' service...
[2021-01-05 16:54:12] [info]  [ 4016] Starting service...
[2021-01-05 16:54:13] [info]  [ 4016] Service started in 1256 milliseconds.
[2021-01-05 21:52:26] [info]  [16092] Console CTRL+CLOSE event signaled.
[2021-01-05 21:52:26] [info]  [16092] Stopping service...
[2021-01-05 21:52:28] [info]  [16092] Service stop thread completed.
[2021-01-05 21:52:34] [info]  [ 4224] Apache Commons Daemon procrun (1.2.3.0 64-bit) started.
[2021-01-05 21:52:34] [info]  [ 4224] Debugging 'Tomcat8' service...
[2021-01-05 21:52:34] [info]  [ 4224] Starting service...
[2021-01-05 21:52:35] [info]  [ 4224] Service started in 1237 milliseconds.
[2021-01-05 22:03:50] [info]  [16120] Console CTRL+CLOSE event signaled.
[2021-01-05 22:03:50] [info]  [16120] Stopping service...
[2021-01-05 22:03:51] [info]  [16120] Service stop thread completed.
[2021-01-05 22:03:55] [info]  [ 7712] Apache Commons Daemon procrun (1.2.3.0 64-bit) started.
[2021-01-05 22:03:55] [info]  [ 7712] Debugging 'Tomcat8' service...
[2021-01-05 22:03:55] [info]  [ 7712] Starting service...
[2021-01-05 22:03:56] [info]  [ 7712] Service started in 1277 milliseconds.
[2021-01-05 22:04:44] [info]  [15436] Console CTRL+CLOSE event signaled.
[2021-01-05 22:04:44] [info]  [15436] Stopping service...
[2021-01-05 22:04:45] [info]  [15436] Service stop thread completed.
[2021-01-05 22:04:50] [info]  [15636] Apache Commons Daemon procrun (1.2.3.0 64-bit) started.
[2021-01-05 22:04:50] [info]  [15636] Debugging 'Tomcat8' service...
[2021-01-05 22:04:50] [info]  [15636] Starting service...
[2021-01-05 22:04:51] [info]  [15636] Service started in 1271 milliseconds.
[2021-01-05 23:31:27] [info]  [10208] Console CTRL+CLOSE event signaled.
[2021-01-05 23:31:27] [info]  [10208] Stopping service...
[2021-01-05 23:31:28] [info]  [10208] Service stop thread completed.
[2021-01-05 23:31:33] [info]  [14372] Apache Commons Daemon procrun (1.2.3.0 64-bit) started.
[2021-01-05 23:31:33] [info]  [14372] Debugging 'Tomcat8' service...
[2021-01-05 23:31:33] [info]  [14372] Starting service...
[2021-01-05 23:31:35] [info]  [14372] Service started in 1685 milliseconds.
[2021-01-06 01:04:36] [info]  [12140] Console CTRL+CLOSE event signaled.
[2021-01-06 01:04:36] [info]  [12140] Stopping service...
[2021-01-06 01:04:37] [info]  [12140] Service stop thread completed.
