[2020-12-16 07:34:47] [info]  [10440] Apache Commons Daemon procrun (1.2.3.0 64-bit) started.
[2020-12-16 07:34:47] [info]  [10440] Running Service 'Tomcat8'...
[2020-12-16 07:34:47] [info]  [ 4828] Starting service...
[2020-12-16 07:34:48] [info]  [ 4828] Service started in 1354 milliseconds.
[2020-12-16 07:35:18] [info]  [ 5888] Stopping service...
[2020-12-16 07:35:19] [info]  [ 5888] Service stop thread completed.
[2020-12-16 07:35:19] [info]  [10440] Run service finished.
[2020-12-16 07:35:19] [info]  [10440] Apache Commons Daemon procrun finished.
[2020-12-16 07:35:19] [info]  [13688] Apache Commons Daemon procrun (1.2.3.0 64-bit) started.
[2020-12-16 07:35:19] [info]  [13688] Running Service 'Tomcat8'...
[2020-12-16 07:35:19] [info]  [13380] Starting service...
[2020-12-16 07:35:21] [info]  [13380] Service started in 1462 milliseconds.
[2020-12-16 07:37:51] [info]  [11724] Stopping service...
[2020-12-16 07:37:52] [info]  [11724] Service stop thread completed.
[2020-12-16 07:37:52] [info]  [13688] Run service finished.
[2020-12-16 07:37:52] [info]  [13688] Apache Commons Daemon procrun finished.
[2020-12-16 07:37:53] [info]  [ 8492] Apache Commons Daemon procrun (1.2.3.0 64-bit) started.
[2020-12-16 07:37:53] [info]  [ 8492] Running Service 'Tomcat8'...
[2020-12-16 07:37:53] [info]  [ 8836] Starting service...
[2020-12-16 07:37:54] [info]  [ 8836] Service started in 1359 milliseconds.
[2020-12-16 07:40:02] [info]  [ 6544] Stopping service...
[2020-12-16 07:40:03] [info]  [ 6544] Service stop thread completed.
[2020-12-16 07:40:03] [info]  [ 8492] Run service finished.
[2020-12-16 07:40:03] [info]  [ 8492] Apache Commons Daemon procrun finished.
[2020-12-16 07:40:04] [info]  [12184] Apache Commons Daemon procrun (1.2.3.0 64-bit) started.
[2020-12-16 07:40:04] [info]  [12184] Running Service 'Tomcat8'...
[2020-12-16 07:40:04] [info]  [10736] Starting service...
[2020-12-16 07:40:05] [info]  [10736] Service started in 1299 milliseconds.
[2020-12-16 07:42:58] [info]  [14284] Stopping service...
[2020-12-16 07:42:59] [info]  [14284] Service stop thread completed.
[2020-12-16 07:42:59] [info]  [12184] Run service finished.
[2020-12-16 07:42:59] [info]  [12184] Apache Commons Daemon procrun finished.
[2020-12-16 07:42:59] [info]  [10844] Apache Commons Daemon procrun (1.2.3.0 64-bit) started.
[2020-12-16 07:42:59] [info]  [10844] Running Service 'Tomcat8'...
[2020-12-16 07:42:59] [info]  [ 9584] Starting service...
[2020-12-16 07:43:01] [info]  [ 9584] Service started in 1279 milliseconds.
[2020-12-16 07:45:39] [info]  [12036] Stopping service...
[2020-12-16 07:45:40] [info]  [12036] Service stop thread completed.
[2020-12-16 07:45:40] [info]  [10844] Run service finished.
[2020-12-16 07:45:40] [info]  [10844] Apache Commons Daemon procrun finished.
[2020-12-16 07:45:40] [info]  [ 3684] Apache Commons Daemon procrun (1.2.3.0 64-bit) started.
[2020-12-16 07:45:40] [info]  [ 3684] Running Service 'Tomcat8'...
[2020-12-16 07:45:40] [info]  [ 1552] Starting service...
[2020-12-16 07:45:41] [info]  [ 1552] Service started in 1285 milliseconds.
[2020-12-16 07:49:03] [info]  [13800] Stopping service...
[2020-12-16 07:49:04] [info]  [13800] Service stop thread completed.
[2020-12-16 07:49:04] [info]  [ 3684] Run service finished.
[2020-12-16 07:49:04] [info]  [ 3684] Apache Commons Daemon procrun finished.
[2020-12-16 07:49:04] [info]  [13920] Apache Commons Daemon procrun (1.2.3.0 64-bit) started.
[2020-12-16 07:49:05] [info]  [13920] Running Service 'Tomcat8'...
[2020-12-16 07:49:05] [info]  [ 1912] Starting service...
[2020-12-16 07:49:06] [info]  [ 1912] Service started in 1256 milliseconds.
[2020-12-16 07:51:13] [info]  [ 3496] Stopping service...
[2020-12-16 07:51:14] [info]  [ 3496] Service stop thread completed.
[2020-12-16 07:51:14] [info]  [13920] Run service finished.
[2020-12-16 07:51:14] [info]  [13920] Apache Commons Daemon procrun finished.
[2020-12-16 07:51:15] [info]  [ 2340] Apache Commons Daemon procrun (1.2.3.0 64-bit) started.
[2020-12-16 07:51:15] [info]  [ 2340] Running Service 'Tomcat8'...
[2020-12-16 07:51:15] [info]  [14180] Starting service...
[2020-12-16 07:51:16] [info]  [14180] Service started in 1246 milliseconds.
[2020-12-16 07:52:55] [info]  [ 8348] Stopping service...
[2020-12-16 07:52:56] [info]  [ 8348] Service stop thread completed.
[2020-12-16 07:52:56] [info]  [ 2340] Run service finished.
[2020-12-16 07:52:56] [info]  [ 2340] Apache Commons Daemon procrun finished.
[2020-12-16 07:52:57] [info]  [ 8464] Apache Commons Daemon procrun (1.2.3.0 64-bit) started.
[2020-12-16 07:52:57] [info]  [ 8464] Running Service 'Tomcat8'...
[2020-12-16 07:52:57] [info]  [ 6416] Starting service...
[2020-12-16 07:52:58] [info]  [ 6416] Service started in 1275 milliseconds.
[2020-12-16 08:03:53] [info]  [14036] Stopping service...
[2020-12-16 08:03:54] [info]  [14036] Service stop thread completed.
[2020-12-16 08:03:54] [info]  [ 8464] Run service finished.
[2020-12-16 08:03:54] [info]  [ 8464] Apache Commons Daemon procrun finished.
[2020-12-16 08:03:54] [info]  [10852] Apache Commons Daemon procrun (1.2.3.0 64-bit) started.
[2020-12-16 08:03:55] [info]  [10852] Running Service 'Tomcat8'...
[2020-12-16 08:03:55] [info]  [ 6036] Starting service...
[2020-12-16 08:03:56] [info]  [ 6036] Service started in 1265 milliseconds.
[2020-12-16 08:06:38] [info]  [ 6596] Stopping service...
[2020-12-16 08:06:39] [info]  [ 6596] Service stop thread completed.
[2020-12-16 08:06:39] [info]  [10852] Run service finished.
[2020-12-16 08:06:39] [info]  [10852] Apache Commons Daemon procrun finished.
[2020-12-16 08:06:39] [info]  [ 2236] Apache Commons Daemon procrun (1.2.3.0 64-bit) started.
[2020-12-16 08:06:39] [info]  [ 2236] Running Service 'Tomcat8'...
[2020-12-16 08:06:39] [info]  [11888] Starting service...
[2020-12-16 08:06:41] [info]  [11888] Service started in 1267 milliseconds.
[2020-12-16 08:07:49] [info]  [10368] Stopping service...
[2020-12-16 08:07:50] [info]  [10368] Service stop thread completed.
[2020-12-16 08:07:50] [info]  [ 2236] Run service finished.
[2020-12-16 08:07:50] [info]  [ 2236] Apache Commons Daemon procrun finished.
[2020-12-16 08:07:51] [info]  [ 2076] Apache Commons Daemon procrun (1.2.3.0 64-bit) started.
[2020-12-16 08:07:51] [info]  [ 2076] Running Service 'Tomcat8'...
[2020-12-16 08:07:51] [info]  [12044] Starting service...
[2020-12-16 08:07:52] [info]  [12044] Service started in 1267 milliseconds.
[2020-12-16 08:10:16] [info]  [ 4824] Stopping service...
[2020-12-16 08:10:17] [info]  [ 4824] Service stop thread completed.
[2020-12-16 08:10:17] [info]  [ 2076] Run service finished.
[2020-12-16 08:10:17] [info]  [ 2076] Apache Commons Daemon procrun finished.
[2020-12-16 08:10:17] [info]  [ 4664] Apache Commons Daemon procrun (1.2.3.0 64-bit) started.
[2020-12-16 08:10:17] [info]  [ 4664] Running Service 'Tomcat8'...
[2020-12-16 08:10:18] [info]  [14036] Starting service...
[2020-12-16 08:10:19] [info]  [14036] Service started in 1254 milliseconds.
[2020-12-16 09:36:55] [info]  [11344] Stopping service...
[2020-12-16 09:36:56] [info]  [11344] Service stop thread completed.
[2020-12-16 09:36:56] [info]  [ 4664] Run service finished.
[2020-12-16 09:36:56] [info]  [ 4664] Apache Commons Daemon procrun finished.
[2020-12-16 09:36:56] [info]  [10924] Apache Commons Daemon procrun (1.2.3.0 64-bit) started.
[2020-12-16 09:36:57] [info]  [10924] Running Service 'Tomcat8'...
[2020-12-16 09:36:57] [info]  [ 5356] Starting service...
[2020-12-16 09:36:59] [info]  [ 5356] Service started in 1920 milliseconds.
[2020-12-16 09:37:16] [info]  [14256] Stopping service...
[2020-12-16 09:37:17] [info]  [14256] Service stop thread completed.
[2020-12-16 09:37:17] [info]  [10924] Run service finished.
[2020-12-16 09:37:17] [info]  [10924] Apache Commons Daemon procrun finished.
[2020-12-16 09:37:18] [info]  [ 2852] Apache Commons Daemon procrun (1.2.3.0 64-bit) started.
[2020-12-16 09:37:18] [info]  [ 2852] Running Service 'Tomcat8'...
[2020-12-16 09:37:18] [info]  [ 2524] Starting service...
[2020-12-16 09:37:19] [info]  [ 2524] Service started in 1257 milliseconds.
[2020-12-16 09:38:02] [info]  [13760] Stopping service...
[2020-12-16 09:38:03] [info]  [13760] Service stop thread completed.
[2020-12-16 09:38:03] [info]  [ 2852] Run service finished.
[2020-12-16 09:38:03] [info]  [ 2852] Apache Commons Daemon procrun finished.
[2020-12-16 09:38:04] [info]  [ 9808] Apache Commons Daemon procrun (1.2.3.0 64-bit) started.
[2020-12-16 09:38:04] [info]  [ 9808] Running Service 'Tomcat8'...
[2020-12-16 09:38:04] [info]  [ 8180] Starting service...
[2020-12-16 09:38:05] [info]  [ 8180] Service started in 1237 milliseconds.
[2020-12-16 09:43:37] [info]  [13904] Stopping service...
[2020-12-16 09:43:38] [info]  [13904] Service stop thread completed.
[2020-12-16 09:43:38] [info]  [ 9808] Run service finished.
[2020-12-16 09:43:38] [info]  [ 9808] Apache Commons Daemon procrun finished.
[2020-12-16 09:43:38] [info]  [12740] Apache Commons Daemon procrun (1.2.3.0 64-bit) started.
[2020-12-16 09:43:38] [info]  [12740] Running Service 'Tomcat8'...
[2020-12-16 09:43:38] [info]  [ 9764] Starting service...
[2020-12-16 09:43:40] [info]  [ 9764] Service started in 1340 milliseconds.
[2020-12-16 09:45:15] [info]  [ 6124] Stopping service...
[2020-12-16 09:45:16] [info]  [ 6124] Service stop thread completed.
[2020-12-16 09:45:16] [info]  [12740] Run service finished.
[2020-12-16 09:45:16] [info]  [12740] Apache Commons Daemon procrun finished.
[2020-12-16 09:45:16] [info]  [11824] Apache Commons Daemon procrun (1.2.3.0 64-bit) started.
[2020-12-16 09:45:16] [info]  [11824] Running Service 'Tomcat8'...
[2020-12-16 09:45:16] [info]  [ 3624] Starting service...
[2020-12-16 09:45:17] [info]  [ 3624] Service started in 1266 milliseconds.
[2020-12-16 09:46:21] [info]  [ 6820] Stopping service...
[2020-12-16 09:46:22] [info]  [ 6820] Service stop thread completed.
[2020-12-16 09:46:22] [info]  [11824] Run service finished.
[2020-12-16 09:46:22] [info]  [11824] Apache Commons Daemon procrun finished.
[2020-12-16 09:46:22] [info]  [12964] Apache Commons Daemon procrun (1.2.3.0 64-bit) started.
[2020-12-16 09:46:22] [info]  [12964] Running Service 'Tomcat8'...
[2020-12-16 09:46:22] [info]  [ 2636] Starting service...
[2020-12-16 09:46:24] [info]  [ 2636] Service started in 1321 milliseconds.
[2020-12-16 09:48:50] [info]  [ 9604] Stopping service...
[2020-12-16 09:48:51] [info]  [ 9604] Service stop thread completed.
[2020-12-16 09:48:51] [info]  [12964] Run service finished.
[2020-12-16 09:48:51] [info]  [12964] Apache Commons Daemon procrun finished.
[2020-12-16 09:48:51] [info]  [ 7228] Apache Commons Daemon procrun (1.2.3.0 64-bit) started.
[2020-12-16 09:48:51] [info]  [ 7228] Running Service 'Tomcat8'...
[2020-12-16 09:48:51] [info]  [ 9052] Starting service...
[2020-12-16 09:48:53] [info]  [ 9052] Service started in 1308 milliseconds.
[2020-12-16 09:53:43] [info]  [13104] Stopping service...
[2020-12-16 09:53:44] [info]  [13104] Service stop thread completed.
[2020-12-16 09:53:44] [info]  [ 7228] Run service finished.
[2020-12-16 09:53:44] [info]  [ 7228] Apache Commons Daemon procrun finished.
[2020-12-16 09:53:45] [info]  [ 4668] Apache Commons Daemon procrun (1.2.3.0 64-bit) started.
[2020-12-16 09:53:45] [info]  [ 4668] Running Service 'Tomcat8'...
[2020-12-16 09:53:45] [info]  [ 7948] Starting service...
[2020-12-16 09:53:46] [info]  [ 7948] Service started in 1294 milliseconds.
[2020-12-16 09:58:53] [info]  [ 6544] Stopping service...
[2020-12-16 09:58:54] [info]  [ 6544] Service stop thread completed.
[2020-12-16 09:58:54] [info]  [ 4668] Run service finished.
[2020-12-16 09:58:54] [info]  [ 4668] Apache Commons Daemon procrun finished.
[2020-12-16 09:58:54] [info]  [ 5684] Apache Commons Daemon procrun (1.2.3.0 64-bit) started.
[2020-12-16 09:58:55] [info]  [ 5684] Running Service 'Tomcat8'...
[2020-12-16 09:58:55] [info]  [ 5240] Starting service...
[2020-12-16 09:58:56] [info]  [ 5240] Service started in 1285 milliseconds.
[2020-12-16 10:02:18] [info]  [12036] Stopping service...
[2020-12-16 10:02:19] [info]  [12036] Service stop thread completed.
[2020-12-16 10:02:19] [info]  [ 5684] Run service finished.
[2020-12-16 10:02:19] [info]  [ 5684] Apache Commons Daemon procrun finished.
[2020-12-16 10:02:19] [info]  [ 1512] Apache Commons Daemon procrun (1.2.3.0 64-bit) started.
[2020-12-16 10:02:19] [info]  [ 1512] Running Service 'Tomcat8'...
[2020-12-16 10:02:19] [info]  [11436] Starting service...
[2020-12-16 10:02:20] [info]  [11436] Service started in 1331 milliseconds.
[2020-12-16 10:04:38] [info]  [14216] Stopping service...
[2020-12-16 10:04:39] [info]  [14216] Service stop thread completed.
[2020-12-16 10:04:39] [info]  [ 1512] Run service finished.
[2020-12-16 10:04:39] [info]  [ 1512] Apache Commons Daemon procrun finished.
[2020-12-16 10:04:39] [info]  [12972] Apache Commons Daemon procrun (1.2.3.0 64-bit) started.
[2020-12-16 10:04:39] [info]  [12972] Running Service 'Tomcat8'...
[2020-12-16 10:04:39] [info]  [12412] Starting service...
[2020-12-16 10:04:41] [info]  [12412] Service started in 1274 milliseconds.
[2020-12-16 10:06:25] [info]  [13608] Stopping service...
[2020-12-16 10:06:26] [info]  [13608] Service stop thread completed.
[2020-12-16 10:06:26] [info]  [12972] Run service finished.
[2020-12-16 10:06:26] [info]  [12972] Apache Commons Daemon procrun finished.
[2020-12-16 10:06:26] [info]  [11992] Apache Commons Daemon procrun (1.2.3.0 64-bit) started.
[2020-12-16 10:06:26] [info]  [11992] Running Service 'Tomcat8'...
[2020-12-16 10:06:26] [info]  [13864] Starting service...
[2020-12-16 10:06:27] [info]  [13864] Service started in 1267 milliseconds.
[2020-12-16 10:07:43] [info]  [  932] Stopping service...
[2020-12-16 10:07:44] [info]  [  932] Service stop thread completed.
[2020-12-16 10:07:44] [info]  [11992] Run service finished.
[2020-12-16 10:07:44] [info]  [11992] Apache Commons Daemon procrun finished.
[2020-12-16 10:07:44] [info]  [11584] Apache Commons Daemon procrun (1.2.3.0 64-bit) started.
[2020-12-16 10:07:44] [info]  [11584] Running Service 'Tomcat8'...
[2020-12-16 10:07:44] [info]  [ 2900] Starting service...
[2020-12-16 10:07:46] [info]  [ 2900] Service started in 1270 milliseconds.
[2020-12-16 10:14:41] [info]  [ 9904] Stopping service...
[2020-12-16 10:14:43] [info]  [ 9904] Service stop thread completed.
[2020-12-16 10:14:43] [info]  [11584] Run service finished.
[2020-12-16 10:14:43] [info]  [11584] Apache Commons Daemon procrun finished.
[2020-12-16 10:14:43] [info]  [10492] Apache Commons Daemon procrun (1.2.3.0 64-bit) started.
[2020-12-16 10:14:43] [info]  [10492] Running Service 'Tomcat8'...
[2020-12-16 10:14:43] [info]  [ 8836] Starting service...
[2020-12-16 10:14:45] [info]  [ 8836] Service started in 1539 milliseconds.
[2020-12-16 10:30:49] [info]  [ 7680] Stopping service...
[2020-12-16 10:30:50] [info]  [ 7680] Service stop thread completed.
[2020-12-16 10:30:50] [info]  [10492] Run service finished.
[2020-12-16 10:30:50] [info]  [10492] Apache Commons Daemon procrun finished.
[2020-12-16 10:30:50] [info]  [ 3544] Apache Commons Daemon procrun (1.2.3.0 64-bit) started.
[2020-12-16 10:30:50] [info]  [ 3544] Running Service 'Tomcat8'...
[2020-12-16 10:30:50] [info]  [ 2472] Starting service...
[2020-12-16 10:30:52] [info]  [ 2472] Service started in 1243 milliseconds.
[2020-12-16 10:35:01] [info]  [11140] Stopping service...
[2020-12-16 10:35:02] [info]  [11140] Service stop thread completed.
[2020-12-16 10:35:02] [info]  [ 3544] Run service finished.
[2020-12-16 10:35:02] [info]  [ 3544] Apache Commons Daemon procrun finished.
[2020-12-16 10:35:03] [info]  [10120] Apache Commons Daemon procrun (1.2.3.0 64-bit) started.
[2020-12-16 10:35:03] [info]  [10120] Running Service 'Tomcat8'...
[2020-12-16 10:35:03] [info]  [ 9096] Starting service...
[2020-12-16 10:35:04] [info]  [ 9096] Service started in 1471 milliseconds.
[2020-12-16 10:37:43] [info]  [  600] Stopping service...
[2020-12-16 10:37:44] [info]  [  600] Service stop thread completed.
[2020-12-16 10:37:44] [info]  [10120] Run service finished.
[2020-12-16 10:37:44] [info]  [10120] Apache Commons Daemon procrun finished.
[2020-12-16 10:37:45] [info]  [ 3156] Apache Commons Daemon procrun (1.2.3.0 64-bit) started.
[2020-12-16 10:37:45] [info]  [ 3156] Running Service 'Tomcat8'...
[2020-12-16 10:37:45] [info]  [ 5188] Starting service...
[2020-12-16 10:37:46] [info]  [ 5188] Service started in 1233 milliseconds.
[2020-12-16 10:41:10] [info]  [ 9536] Stopping service...
[2020-12-16 10:41:11] [info]  [ 9536] Service stop thread completed.
[2020-12-16 10:41:12] [info]  [ 3156] Run service finished.
[2020-12-16 10:41:12] [info]  [ 3156] Apache Commons Daemon procrun finished.
[2020-12-16 10:41:12] [info]  [ 6108] Apache Commons Daemon procrun (1.2.3.0 64-bit) started.
[2020-12-16 10:41:12] [info]  [ 6108] Running Service 'Tomcat8'...
[2020-12-16 10:41:12] [info]  [10508] Starting service...
[2020-12-16 10:41:13] [info]  [10508] Service started in 1224 milliseconds.
[2020-12-16 10:44:16] [info]  [10908] Stopping service...
[2020-12-16 10:44:17] [info]  [10908] Service stop thread completed.
[2020-12-16 10:44:17] [info]  [ 6108] Run service finished.
[2020-12-16 10:44:17] [info]  [ 6108] Apache Commons Daemon procrun finished.
[2020-12-16 10:44:18] [info]  [ 1420] Apache Commons Daemon procrun (1.2.3.0 64-bit) started.
[2020-12-16 10:44:18] [info]  [ 1420] Running Service 'Tomcat8'...
[2020-12-16 10:44:18] [info]  [14232] Starting service...
[2020-12-16 10:44:19] [info]  [14232] Service started in 1235 milliseconds.
[2020-12-16 10:47:48] [info]  [13272] Stopping service...
[2020-12-16 10:47:49] [info]  [13272] Service stop thread completed.
[2020-12-16 10:47:49] [info]  [ 1420] Run service finished.
[2020-12-16 10:47:49] [info]  [ 1420] Apache Commons Daemon procrun finished.
[2020-12-16 10:47:49] [info]  [ 2556] Apache Commons Daemon procrun (1.2.3.0 64-bit) started.
[2020-12-16 10:47:49] [info]  [ 2556] Running Service 'Tomcat8'...
[2020-12-16 10:47:49] [info]  [11788] Starting service...
[2020-12-16 10:47:51] [info]  [11788] Service started in 1258 milliseconds.
[2020-12-16 10:51:18] [info]  [12508] Stopping service...
[2020-12-16 10:51:19] [info]  [12508] Service stop thread completed.
[2020-12-16 10:51:19] [info]  [ 2556] Run service finished.
[2020-12-16 10:51:19] [info]  [ 2556] Apache Commons Daemon procrun finished.
[2020-12-16 10:51:19] [info]  [13036] Apache Commons Daemon procrun (1.2.3.0 64-bit) started.
[2020-12-16 10:51:19] [info]  [13036] Running Service 'Tomcat8'...
[2020-12-16 10:51:19] [info]  [ 3556] Starting service...
[2020-12-16 10:51:20] [info]  [ 3556] Service started in 1231 milliseconds.
[2020-12-16 10:58:49] [info]  [13156] Stopping service...
[2020-12-16 10:58:50] [info]  [13156] Service stop thread completed.
[2020-12-16 10:58:50] [info]  [13036] Run service finished.
[2020-12-16 10:58:50] [info]  [13036] Apache Commons Daemon procrun finished.
[2020-12-16 10:58:50] [info]  [13708] Apache Commons Daemon procrun (1.2.3.0 64-bit) started.
[2020-12-16 10:58:50] [info]  [13708] Running Service 'Tomcat8'...
[2020-12-16 10:58:50] [info]  [13840] Starting service...
[2020-12-16 10:58:52] [info]  [13840] Service started in 1231 milliseconds.
[2020-12-16 11:00:30] [info]  [12268] Stopping service...
[2020-12-16 11:00:31] [info]  [12268] Service stop thread completed.
[2020-12-16 11:00:31] [info]  [13708] Run service finished.
[2020-12-16 11:00:31] [info]  [13708] Apache Commons Daemon procrun finished.
[2020-12-16 11:00:31] [info]  [ 5196] Apache Commons Daemon procrun (1.2.3.0 64-bit) started.
[2020-12-16 11:00:31] [info]  [ 5196] Running Service 'Tomcat8'...
[2020-12-16 11:00:31] [info]  [ 9500] Starting service...
[2020-12-16 11:00:32] [info]  [ 9500] Service started in 1244 milliseconds.
[2020-12-16 11:02:33] [info]  [ 7416] Stopping service...
[2020-12-16 11:02:34] [info]  [ 7416] Service stop thread completed.
[2020-12-16 11:02:34] [info]  [ 5196] Run service finished.
[2020-12-16 11:02:34] [info]  [ 5196] Apache Commons Daemon procrun finished.
[2020-12-16 11:02:34] [info]  [12292] Apache Commons Daemon procrun (1.2.3.0 64-bit) started.
[2020-12-16 11:02:35] [info]  [12292] Running Service 'Tomcat8'...
[2020-12-16 11:02:35] [info]  [ 9920] Starting service...
[2020-12-16 11:02:36] [info]  [ 9920] Service started in 1227 milliseconds.
[2020-12-16 11:06:58] [info]  [ 4908] Stopping service...
[2020-12-16 11:06:59] [info]  [ 4908] Service stop thread completed.
[2020-12-16 11:07:00] [info]  [12292] Run service finished.
[2020-12-16 11:07:00] [info]  [12292] Apache Commons Daemon procrun finished.
[2020-12-16 11:07:00] [info]  [ 1836] Apache Commons Daemon procrun (1.2.3.0 64-bit) started.
[2020-12-16 11:07:00] [info]  [ 1836] Running Service 'Tomcat8'...
[2020-12-16 11:07:00] [info]  [11888] Starting service...
[2020-12-16 11:07:01] [info]  [11888] Service started in 1261 milliseconds.
[2020-12-16 11:08:19] [info]  [ 4860] Stopping service...
[2020-12-16 11:08:20] [info]  [ 4860] Service stop thread completed.
[2020-12-16 11:08:20] [info]  [ 1836] Run service finished.
[2020-12-16 11:08:20] [info]  [ 1836] Apache Commons Daemon procrun finished.
[2020-12-16 11:08:21] [info]  [13192] Apache Commons Daemon procrun (1.2.3.0 64-bit) started.
[2020-12-16 11:08:21] [info]  [13192] Running Service 'Tomcat8'...
[2020-12-16 11:08:21] [info]  [  972] Starting service...
[2020-12-16 11:08:22] [info]  [  972] Service started in 1224 milliseconds.
[2020-12-16 11:14:53] [info]  [13288] Stopping service...
[2020-12-16 11:14:54] [info]  [13288] Service stop thread completed.
[2020-12-16 11:14:54] [info]  [13192] Run service finished.
[2020-12-16 11:14:54] [info]  [13192] Apache Commons Daemon procrun finished.
[2020-12-16 11:14:54] [info]  [ 6992] Apache Commons Daemon procrun (1.2.3.0 64-bit) started.
[2020-12-16 11:14:54] [info]  [ 6992] Running Service 'Tomcat8'...
[2020-12-16 11:14:54] [info]  [10124] Starting service...
[2020-12-16 11:14:56] [info]  [10124] Service started in 1290 milliseconds.
[2020-12-16 11:18:04] [info]  [ 2600] Stopping service...
[2020-12-16 11:18:05] [info]  [ 2600] Service stop thread completed.
[2020-12-16 11:18:05] [info]  [ 6992] Run service finished.
[2020-12-16 11:18:05] [info]  [ 6992] Apache Commons Daemon procrun finished.
[2020-12-16 11:18:06] [info]  [11632] Apache Commons Daemon procrun (1.2.3.0 64-bit) started.
[2020-12-16 11:18:06] [info]  [11632] Running Service 'Tomcat8'...
[2020-12-16 11:18:06] [info]  [ 1844] Starting service...
[2020-12-16 11:18:07] [info]  [ 1844] Service started in 1254 milliseconds.
[2020-12-16 11:21:16] [info]  [ 8368] Stopping service...
[2020-12-16 11:21:17] [info]  [ 8368] Service stop thread completed.
[2020-12-16 11:21:17] [info]  [11632] Run service finished.
[2020-12-16 11:21:17] [info]  [11632] Apache Commons Daemon procrun finished.
[2020-12-16 11:21:18] [info]  [ 4652] Apache Commons Daemon procrun (1.2.3.0 64-bit) started.
[2020-12-16 11:21:18] [info]  [ 4652] Running Service 'Tomcat8'...
[2020-12-16 11:21:18] [info]  [ 8328] Starting service...
[2020-12-16 11:21:19] [info]  [ 8328] Service started in 1280 milliseconds.
[2020-12-16 11:23:32] [info]  [12072] Stopping service...
[2020-12-16 11:23:33] [info]  [12072] Service stop thread completed.
[2020-12-16 11:23:33] [info]  [ 4652] Run service finished.
[2020-12-16 11:23:33] [info]  [ 4652] Apache Commons Daemon procrun finished.
[2020-12-16 11:23:33] [info]  [ 5936] Apache Commons Daemon procrun (1.2.3.0 64-bit) started.
[2020-12-16 11:23:33] [info]  [ 5936] Running Service 'Tomcat8'...
[2020-12-16 11:23:33] [info]  [ 7404] Starting service...
[2020-12-16 11:23:35] [info]  [ 7404] Service started in 1286 milliseconds.
[2020-12-16 11:25:12] [info]  [ 4760] Stopping service...
[2020-12-16 11:25:13] [info]  [ 4760] Service stop thread completed.
[2020-12-16 11:25:13] [info]  [ 5936] Run service finished.
[2020-12-16 11:25:13] [info]  [ 5936] Apache Commons Daemon procrun finished.
[2020-12-16 11:25:13] [info]  [ 2420] Apache Commons Daemon procrun (1.2.3.0 64-bit) started.
[2020-12-16 11:25:14] [info]  [ 2420] Running Service 'Tomcat8'...
[2020-12-16 11:25:14] [info]  [ 8380] Starting service...
[2020-12-16 11:25:15] [info]  [ 8380] Service started in 1308 milliseconds.
[2020-12-16 11:29:58] [info]  [ 5312] Stopping service...
[2020-12-16 11:29:59] [info]  [ 5312] Service stop thread completed.
[2020-12-16 11:29:59] [info]  [ 2420] Run service finished.
[2020-12-16 11:29:59] [info]  [ 2420] Apache Commons Daemon procrun finished.
[2020-12-16 11:29:59] [info]  [14236] Apache Commons Daemon procrun (1.2.3.0 64-bit) started.
[2020-12-16 11:29:59] [info]  [14236] Running Service 'Tomcat8'...
[2020-12-16 11:29:59] [info]  [14308] Starting service...
[2020-12-16 11:30:01] [info]  [14308] Service started in 1319 milliseconds.
[2020-12-16 11:31:07] [info]  [11268] Stopping service...
[2020-12-16 11:31:08] [info]  [11268] Service stop thread completed.
[2020-12-16 11:31:08] [info]  [14236] Run service finished.
[2020-12-16 11:31:08] [info]  [14236] Apache Commons Daemon procrun finished.
[2020-12-16 11:31:09] [info]  [ 1420] Apache Commons Daemon procrun (1.2.3.0 64-bit) started.
[2020-12-16 11:31:09] [info]  [ 1420] Running Service 'Tomcat8'...
[2020-12-16 11:31:09] [info]  [ 7952] Starting service...
[2020-12-16 11:31:10] [info]  [ 7952] Service started in 1435 milliseconds.
[2020-12-16 11:36:57] [info]  [13332] Stopping service...
[2020-12-16 11:36:58] [info]  [13332] Service stop thread completed.
[2020-12-16 11:36:58] [info]  [ 1420] Run service finished.
[2020-12-16 11:36:58] [info]  [ 1420] Apache Commons Daemon procrun finished.
[2020-12-16 11:36:59] [info]  [14520] Apache Commons Daemon procrun (1.2.3.0 64-bit) started.
[2020-12-16 11:36:59] [info]  [14520] Running Service 'Tomcat8'...
[2020-12-16 11:36:59] [info]  [ 8628] Starting service...
[2020-12-16 11:37:00] [info]  [ 8628] Service started in 1391 milliseconds.
[2020-12-16 11:40:42] [info]  [ 5848] Stopping service...
[2020-12-16 11:40:43] [info]  [ 5848] Service stop thread completed.
[2020-12-16 11:40:43] [info]  [14520] Run service finished.
[2020-12-16 11:40:43] [info]  [14520] Apache Commons Daemon procrun finished.
[2020-12-16 11:40:43] [info]  [11724] Apache Commons Daemon procrun (1.2.3.0 64-bit) started.
[2020-12-16 11:40:43] [info]  [11724] Running Service 'Tomcat8'...
[2020-12-16 11:40:43] [info]  [ 1964] Starting service...
[2020-12-16 11:40:45] [info]  [ 1964] Service started in 1323 milliseconds.
[2020-12-16 11:43:21] [info]  [  240] Stopping service...
[2020-12-16 11:43:22] [info]  [  240] Service stop thread completed.
[2020-12-16 11:43:22] [info]  [11724] Run service finished.
[2020-12-16 11:43:22] [info]  [11724] Apache Commons Daemon procrun finished.
[2020-12-16 11:43:23] [info]  [14544] Apache Commons Daemon procrun (1.2.3.0 64-bit) started.
[2020-12-16 11:43:23] [info]  [14544] Running Service 'Tomcat8'...
[2020-12-16 11:43:23] [info]  [ 8648] Starting service...
[2020-12-16 11:43:24] [info]  [ 8648] Service started in 1407 milliseconds.
[2020-12-16 11:45:16] [info]  [14804] Stopping service...
[2020-12-16 11:45:17] [info]  [14804] Service stop thread completed.
[2020-12-16 11:45:17] [info]  [14544] Run service finished.
[2020-12-16 11:45:17] [info]  [14544] Apache Commons Daemon procrun finished.
[2020-12-16 11:45:17] [info]  [ 3960] Apache Commons Daemon procrun (1.2.3.0 64-bit) started.
[2020-12-16 11:45:17] [info]  [ 3960] Running Service 'Tomcat8'...
[2020-12-16 11:45:17] [info]  [ 3880] Starting service...
[2020-12-16 11:45:18] [info]  [ 3880] Service started in 1425 milliseconds.
[2020-12-16 11:50:40] [info]  [ 7676] Stopping service...
[2020-12-16 11:50:41] [info]  [ 7676] Service stop thread completed.
[2020-12-16 11:50:41] [info]  [ 3960] Run service finished.
[2020-12-16 11:50:41] [info]  [ 3960] Apache Commons Daemon procrun finished.
[2020-12-16 11:50:41] [info]  [11196] Apache Commons Daemon procrun (1.2.3.0 64-bit) started.
[2020-12-16 11:50:41] [info]  [11196] Running Service 'Tomcat8'...
[2020-12-16 11:50:41] [info]  [ 6996] Starting service...
[2020-12-16 11:50:43] [info]  [ 6996] Service started in 1356 milliseconds.
[2020-12-16 11:51:51] [info]  [ 7904] Stopping service...
[2020-12-16 11:51:52] [info]  [ 7904] Service stop thread completed.
[2020-12-16 11:51:52] [info]  [11196] Run service finished.
[2020-12-16 11:51:52] [info]  [11196] Apache Commons Daemon procrun finished.
[2020-12-16 11:51:53] [info]  [11284] Apache Commons Daemon procrun (1.2.3.0 64-bit) started.
[2020-12-16 11:51:53] [info]  [11284] Running Service 'Tomcat8'...
[2020-12-16 11:51:53] [info]  [15068] Starting service...
[2020-12-16 11:51:54] [info]  [15068] Service started in 1406 milliseconds.
[2020-12-16 11:52:41] [info]  [15212] Stopping service...
[2020-12-16 11:52:42] [info]  [15212] Service stop thread completed.
[2020-12-16 11:52:42] [info]  [11284] Run service finished.
[2020-12-16 11:52:42] [info]  [11284] Apache Commons Daemon procrun finished.
[2020-12-16 11:52:42] [info]  [ 6416] Apache Commons Daemon procrun (1.2.3.0 64-bit) started.
[2020-12-16 11:52:43] [info]  [ 6416] Running Service 'Tomcat8'...
[2020-12-16 11:52:43] [info]  [13536] Starting service...
[2020-12-16 11:52:44] [info]  [13536] Service started in 1347 milliseconds.
[2020-12-16 11:53:39] [info]  [12116] Stopping service...
[2020-12-16 11:53:40] [info]  [12116] Service stop thread completed.
[2020-12-16 11:53:40] [info]  [ 6416] Run service finished.
[2020-12-16 11:53:40] [info]  [ 6416] Apache Commons Daemon procrun finished.
[2020-12-16 11:53:40] [info]  [15280] Apache Commons Daemon procrun (1.2.3.0 64-bit) started.
[2020-12-16 11:53:40] [info]  [15280] Running Service 'Tomcat8'...
[2020-12-16 11:53:40] [info]  [ 8420] Starting service...
[2020-12-16 11:53:42] [info]  [ 8420] Service started in 1316 milliseconds.
[2020-12-16 11:54:24] [info]  [12012] Stopping service...
[2020-12-16 11:54:25] [info]  [12012] Service stop thread completed.
[2020-12-16 11:54:25] [info]  [15280] Run service finished.
[2020-12-16 11:54:25] [info]  [15280] Apache Commons Daemon procrun finished.
[2020-12-16 11:54:26] [info]  [10416] Apache Commons Daemon procrun (1.2.3.0 64-bit) started.
[2020-12-16 11:54:26] [info]  [10416] Running Service 'Tomcat8'...
[2020-12-16 11:54:26] [info]  [10868] Starting service...
[2020-12-16 11:54:27] [info]  [10868] Service started in 1304 milliseconds.
[2020-12-16 11:55:53] [info]  [ 9532] Stopping service...
[2020-12-16 11:55:54] [info]  [ 9532] Service stop thread completed.
[2020-12-16 11:55:54] [info]  [10416] Run service finished.
[2020-12-16 11:55:54] [info]  [10416] Apache Commons Daemon procrun finished.
[2020-12-16 11:55:55] [info]  [ 7672] Apache Commons Daemon procrun (1.2.3.0 64-bit) started.
[2020-12-16 11:55:55] [info]  [ 7672] Running Service 'Tomcat8'...
[2020-12-16 11:55:55] [info]  [14112] Starting service...
[2020-12-16 11:55:56] [info]  [14112] Service started in 1310 milliseconds.
[2020-12-16 11:58:02] [info]  [ 3372] Stopping service...
[2020-12-16 11:58:03] [info]  [ 3372] Service stop thread completed.
[2020-12-16 11:58:03] [info]  [ 7672] Run service finished.
[2020-12-16 11:58:03] [info]  [ 7672] Apache Commons Daemon procrun finished.
[2020-12-16 11:58:03] [info]  [14904] Apache Commons Daemon procrun (1.2.3.0 64-bit) started.
[2020-12-16 11:58:03] [info]  [14904] Running Service 'Tomcat8'...
[2020-12-16 11:58:03] [info]  [  340] Starting service...
[2020-12-16 11:58:05] [info]  [  340] Service started in 1297 milliseconds.
[2020-12-16 11:59:32] [info]  [ 4904] Stopping service...
[2020-12-16 11:59:33] [info]  [ 4904] Service stop thread completed.
[2020-12-16 11:59:33] [info]  [14904] Run service finished.
[2020-12-16 11:59:33] [info]  [14904] Apache Commons Daemon procrun finished.
[2020-12-16 11:59:34] [info]  [11448] Apache Commons Daemon procrun (1.2.3.0 64-bit) started.
[2020-12-16 11:59:34] [info]  [11448] Running Service 'Tomcat8'...
[2020-12-16 11:59:34] [info]  [11868] Starting service...
[2020-12-16 11:59:35] [info]  [11868] Service started in 1346 milliseconds.
[2020-12-16 12:02:02] [info]  [ 4836] Stopping service...
[2020-12-16 12:02:03] [info]  [ 4836] Service stop thread completed.
[2020-12-16 12:02:03] [info]  [11448] Run service finished.
[2020-12-16 12:02:03] [info]  [11448] Apache Commons Daemon procrun finished.
[2020-12-16 12:02:03] [info]  [ 9576] Apache Commons Daemon procrun (1.2.3.0 64-bit) started.
[2020-12-16 12:02:03] [info]  [ 9576] Running Service 'Tomcat8'...
[2020-12-16 12:02:03] [info]  [13840] Starting service...
[2020-12-16 12:02:04] [info]  [13840] Service started in 1374 milliseconds.
[2020-12-16 12:03:31] [info]  [ 1000] Stopping service...
[2020-12-16 12:03:32] [info]  [ 1000] Service stop thread completed.
[2020-12-16 12:03:32] [info]  [ 9576] Run service finished.
[2020-12-16 12:03:32] [info]  [ 9576] Apache Commons Daemon procrun finished.
[2020-12-16 12:03:32] [info]  [13800] Apache Commons Daemon procrun (1.2.3.0 64-bit) started.
[2020-12-16 12:03:32] [info]  [13800] Running Service 'Tomcat8'...
[2020-12-16 12:03:32] [info]  [12260] Starting service...
[2020-12-16 12:03:34] [info]  [12260] Service started in 1316 milliseconds.
[2020-12-16 13:47:50] [info]  [ 4844] Stopping service...
[2020-12-16 13:47:51] [info]  [ 4844] Service stop thread completed.
[2020-12-16 13:47:51] [info]  [13800] Run service finished.
[2020-12-16 13:47:51] [info]  [13800] Apache Commons Daemon procrun finished.
[2020-12-16 13:47:51] [info]  [11212] Apache Commons Daemon procrun (1.2.3.0 64-bit) started.
[2020-12-16 13:47:51] [info]  [11212] Running Service 'Tomcat8'...
[2020-12-16 13:47:51] [info]  [ 9108] Starting service...
[2020-12-16 13:47:53] [info]  [ 9108] Service started in 1262 milliseconds.
[2020-12-16 14:29:22] [info]  [14428] Stopping service...
[2020-12-16 14:29:23] [info]  [14428] Service stop thread completed.
[2020-12-16 14:29:23] [info]  [11212] Run service finished.
[2020-12-16 14:29:23] [info]  [11212] Apache Commons Daemon procrun finished.
[2020-12-16 14:29:23] [info]  [15108] Apache Commons Daemon procrun (1.2.3.0 64-bit) started.
[2020-12-16 14:29:23] [info]  [15108] Running Service 'Tomcat8'...
[2020-12-16 14:29:23] [info]  [ 1744] Starting service...
[2020-12-16 14:29:24] [info]  [ 1744] Service started in 1334 milliseconds.
[2020-12-16 14:38:45] [info]  [15340] Stopping service...
[2020-12-16 14:38:46] [info]  [15340] Service stop thread completed.
[2020-12-16 14:38:46] [info]  [15108] Run service finished.
[2020-12-16 14:38:46] [info]  [15108] Apache Commons Daemon procrun finished.
[2020-12-16 14:38:46] [info]  [15328] Apache Commons Daemon procrun (1.2.3.0 64-bit) started.
[2020-12-16 14:38:46] [info]  [15328] Running Service 'Tomcat8'...
[2020-12-16 14:38:46] [info]  [ 1980] Starting service...
[2020-12-16 14:38:48] [info]  [ 1980] Service started in 1325 milliseconds.
[2020-12-16 14:43:04] [info]  [12908] Stopping service...
[2020-12-16 14:43:05] [info]  [12908] Service stop thread completed.
[2020-12-16 14:43:05] [info]  [15328] Run service finished.
[2020-12-16 14:43:05] [info]  [15328] Apache Commons Daemon procrun finished.
[2020-12-16 14:43:05] [info]  [ 3208] Apache Commons Daemon procrun (1.2.3.0 64-bit) started.
[2020-12-16 14:43:05] [info]  [ 3208] Running Service 'Tomcat8'...
[2020-12-16 14:43:05] [info]  [12068] Starting service...
[2020-12-16 14:43:07] [info]  [12068] Service started in 1424 milliseconds.
[2020-12-16 15:26:36] [info]  [15552] Stopping service...
[2020-12-16 15:26:37] [info]  [15552] Service stop thread completed.
[2020-12-16 15:26:38] [info]  [ 3208] Run service finished.
[2020-12-16 15:26:38] [info]  [ 3208] Apache Commons Daemon procrun finished.
[2020-12-16 15:26:38] [info]  [15600] Apache Commons Daemon procrun (1.2.3.0 64-bit) started.
[2020-12-16 15:26:38] [info]  [15600] Running Service 'Tomcat8'...
[2020-12-16 15:26:38] [info]  [15656] Starting service...
[2020-12-16 15:26:39] [info]  [15656] Service started in 1243 milliseconds.
[2020-12-16 15:38:54] [info]  [15200] Stopping service...
[2020-12-16 15:38:55] [info]  [15200] Service stop thread completed.
[2020-12-16 15:38:55] [info]  [15600] Run service finished.
[2020-12-16 15:38:55] [info]  [15600] Apache Commons Daemon procrun finished.
[2020-12-16 15:38:55] [info]  [16032] Apache Commons Daemon procrun (1.2.3.0 64-bit) started.
[2020-12-16 15:38:55] [info]  [16032] Running Service 'Tomcat8'...
[2020-12-16 15:38:55] [info]  [12172] Starting service...
[2020-12-16 15:38:56] [info]  [12172] Service started in 1279 milliseconds.
[2020-12-16 15:44:11] [info]  [ 5264] Stopping service...
[2020-12-16 15:44:12] [info]  [ 5264] Service stop thread completed.
[2020-12-16 15:44:12] [info]  [16032] Run service finished.
[2020-12-16 15:44:12] [info]  [16032] Apache Commons Daemon procrun finished.
[2020-12-16 15:44:13] [info]  [ 6324] Apache Commons Daemon procrun (1.2.3.0 64-bit) started.
[2020-12-16 15:44:13] [info]  [ 6324] Running Service 'Tomcat8'...
[2020-12-16 15:44:13] [info]  [16028] Starting service...
[2020-12-16 15:44:14] [info]  [16028] Service started in 1261 milliseconds.
[2020-12-16 15:49:09] [info]  [ 8040] Stopping service...
[2020-12-16 15:49:10] [info]  [ 8040] Service stop thread completed.
[2020-12-16 15:49:10] [info]  [ 6324] Run service finished.
[2020-12-16 15:49:10] [info]  [ 6324] Apache Commons Daemon procrun finished.
[2020-12-16 15:49:11] [info]  [ 1924] Apache Commons Daemon procrun (1.2.3.0 64-bit) started.
[2020-12-16 15:49:11] [info]  [ 1924] Running Service 'Tomcat8'...
[2020-12-16 15:49:11] [info]  [14128] Starting service...
[2020-12-16 15:49:12] [info]  [14128] Service started in 1263 milliseconds.
[2020-12-16 15:52:31] [info]  [11352] Stopping service...
[2020-12-16 15:52:32] [info]  [11352] Service stop thread completed.
[2020-12-16 15:52:32] [info]  [ 1924] Run service finished.
[2020-12-16 15:52:32] [info]  [ 1924] Apache Commons Daemon procrun finished.
[2020-12-16 15:52:33] [info]  [12840] Apache Commons Daemon procrun (1.2.3.0 64-bit) started.
[2020-12-16 15:52:33] [info]  [12840] Running Service 'Tomcat8'...
[2020-12-16 15:52:33] [info]  [15984] Starting service...
[2020-12-16 15:52:34] [info]  [15984] Service started in 1267 milliseconds.
[2020-12-16 15:58:47] [info]  [10092] Stopping service...
[2020-12-16 15:58:48] [info]  [10092] Service stop thread completed.
[2020-12-16 15:58:48] [info]  [12840] Run service finished.
[2020-12-16 15:58:48] [info]  [12840] Apache Commons Daemon procrun finished.
[2020-12-16 15:58:49] [info]  [ 1300] Apache Commons Daemon procrun (1.2.3.0 64-bit) started.
[2020-12-16 15:58:49] [info]  [ 1300] Running Service 'Tomcat8'...
[2020-12-16 15:58:49] [info]  [12920] Starting service...
[2020-12-16 15:58:50] [info]  [12920] Service started in 1293 milliseconds.
[2020-12-16 16:14:01] [info]  [13944] Stopping service...
[2020-12-16 16:14:02] [info]  [13944] Service stop thread completed.
[2020-12-16 16:14:02] [info]  [ 1300] Run service finished.
[2020-12-16 16:14:02] [info]  [ 1300] Apache Commons Daemon procrun finished.
[2020-12-16 16:14:05] [info]  [16340] Apache Commons Daemon procrun (1.2.3.0 64-bit) started.
[2020-12-16 16:14:05] [info]  [16340] Running Service 'Tomcat8'...
[2020-12-16 16:14:05] [info]  [ 9356] Starting service...
[2020-12-16 16:14:06] [info]  [ 9356] Service started in 1425 milliseconds.
[2020-12-16 16:29:00] [info]  [ 1696] Stopping service...
[2020-12-16 16:29:01] [info]  [ 1696] Service stop thread completed.
[2020-12-16 16:29:01] [info]  [16340] Run service finished.
[2020-12-16 16:29:01] [info]  [16340] Apache Commons Daemon procrun finished.
[2020-12-16 16:29:02] [info]  [11600] Apache Commons Daemon procrun (1.2.3.0 64-bit) started.
[2020-12-16 16:29:02] [info]  [11600] Running Service 'Tomcat8'...
[2020-12-16 16:29:02] [info]  [ 2688] Starting service...
[2020-12-16 16:29:03] [info]  [ 2688] Service started in 1321 milliseconds.
[2020-12-16 16:30:36] [info]  [12012] Stopping service...
[2020-12-16 16:30:37] [info]  [12012] Service stop thread completed.
[2020-12-16 16:30:37] [info]  [11600] Run service finished.
[2020-12-16 16:30:37] [info]  [11600] Apache Commons Daemon procrun finished.
[2020-12-16 16:30:37] [info]  [ 3884] Apache Commons Daemon procrun (1.2.3.0 64-bit) started.
[2020-12-16 16:30:37] [info]  [ 3884] Running Service 'Tomcat8'...
[2020-12-16 16:30:37] [info]  [10128] Starting service...
[2020-12-16 16:30:39] [info]  [10128] Service started in 1316 milliseconds.
[2020-12-16 16:36:18] [info]  [ 1836] Stopping service...
[2020-12-16 16:36:19] [info]  [ 1836] Service stop thread completed.
[2020-12-16 16:36:19] [info]  [ 3884] Run service finished.
[2020-12-16 16:36:19] [info]  [ 3884] Apache Commons Daemon procrun finished.
[2020-12-16 16:36:19] [info]  [ 2384] Apache Commons Daemon procrun (1.2.3.0 64-bit) started.
[2020-12-16 16:36:19] [info]  [ 2384] Running Service 'Tomcat8'...
[2020-12-16 16:36:19] [info]  [13040] Starting service...
[2020-12-16 16:36:21] [info]  [13040] Service started in 1330 milliseconds.
[2020-12-16 16:39:33] [info]  [ 4288] Stopping service...
[2020-12-16 16:39:34] [info]  [ 4288] Service stop thread completed.
[2020-12-16 16:39:34] [info]  [ 2384] Run service finished.
[2020-12-16 16:39:34] [info]  [ 2384] Apache Commons Daemon procrun finished.
[2020-12-16 16:39:35] [info]  [ 2648] Apache Commons Daemon procrun (1.2.3.0 64-bit) started.
[2020-12-16 16:39:35] [info]  [ 2648] Running Service 'Tomcat8'...
[2020-12-16 16:39:35] [info]  [ 2076] Starting service...
[2020-12-16 16:39:36] [info]  [ 2076] Service started in 1304 milliseconds.
[2020-12-16 16:45:11] [info]  [13576] Stopping service...
[2020-12-16 16:45:12] [info]  [13576] Service stop thread completed.
[2020-12-16 16:45:12] [info]  [ 2648] Run service finished.
[2020-12-16 16:45:12] [info]  [ 2648] Apache Commons Daemon procrun finished.
[2020-12-16 16:45:13] [info]  [ 1756] Apache Commons Daemon procrun (1.2.3.0 64-bit) started.
[2020-12-16 16:45:13] [info]  [ 1756] Running Service 'Tomcat8'...
[2020-12-16 16:45:13] [info]  [ 2108] Starting service...
[2020-12-16 16:45:14] [info]  [ 2108] Service started in 1364 milliseconds.
[2020-12-16 16:46:25] [info]  [12996] Stopping service...
[2020-12-16 16:46:26] [info]  [12996] Service stop thread completed.
[2020-12-16 16:46:26] [info]  [ 1756] Run service finished.
[2020-12-16 16:46:26] [info]  [ 1756] Apache Commons Daemon procrun finished.
[2020-12-16 16:46:26] [info]  [ 7528] Apache Commons Daemon procrun (1.2.3.0 64-bit) started.
[2020-12-16 16:46:27] [info]  [ 7528] Running Service 'Tomcat8'...
[2020-12-16 16:46:27] [info]  [ 5948] Starting service...
[2020-12-16 16:46:28] [info]  [ 5948] Service started in 1343 milliseconds.
[2020-12-16 16:47:53] [info]  [10164] Stopping service...
[2020-12-16 16:47:54] [info]  [10164] Service stop thread completed.
[2020-12-16 16:47:54] [info]  [ 7528] Run service finished.
[2020-12-16 16:47:54] [info]  [ 7528] Apache Commons Daemon procrun finished.
[2020-12-16 16:47:55] [info]  [10932] Apache Commons Daemon procrun (1.2.3.0 64-bit) started.
[2020-12-16 16:47:55] [info]  [10932] Running Service 'Tomcat8'...
[2020-12-16 16:47:55] [info]  [ 7572] Starting service...
[2020-12-16 16:47:56] [info]  [ 7572] Service started in 1354 milliseconds.
[2020-12-16 16:48:47] [info]  [11924] Stopping service...
[2020-12-16 16:48:48] [info]  [11924] Service stop thread completed.
[2020-12-16 16:48:48] [info]  [10932] Run service finished.
[2020-12-16 16:48:48] [info]  [10932] Apache Commons Daemon procrun finished.
[2020-12-16 16:48:49] [info]  [  344] Apache Commons Daemon procrun (1.2.3.0 64-bit) started.
[2020-12-16 16:48:49] [info]  [  344] Running Service 'Tomcat8'...
[2020-12-16 16:48:49] [info]  [10940] Starting service...
[2020-12-16 16:48:50] [info]  [10940] Service started in 1374 milliseconds.
[2020-12-16 16:51:08] [info]  [12420] Stopping service...
[2020-12-16 16:51:09] [info]  [12420] Service stop thread completed.
[2020-12-16 16:51:09] [info]  [  344] Run service finished.
[2020-12-16 16:51:09] [info]  [  344] Apache Commons Daemon procrun finished.
[2020-12-16 16:51:09] [info]  [14804] Apache Commons Daemon procrun (1.2.3.0 64-bit) started.
[2020-12-16 16:51:09] [info]  [14804] Running Service 'Tomcat8'...
[2020-12-16 16:51:09] [info]  [15844] Starting service...
[2020-12-16 16:51:11] [info]  [15844] Service started in 1330 milliseconds.
[2020-12-16 16:53:57] [info]  [ 7572] Stopping service...
[2020-12-16 16:53:58] [info]  [ 7572] Service stop thread completed.
[2020-12-16 16:53:58] [info]  [14804] Run service finished.
[2020-12-16 16:53:58] [info]  [14804] Apache Commons Daemon procrun finished.
[2020-12-16 16:53:58] [info]  [14412] Apache Commons Daemon procrun (1.2.3.0 64-bit) started.
[2020-12-16 16:53:58] [info]  [14412] Running Service 'Tomcat8'...
[2020-12-16 16:53:58] [info]  [15792] Starting service...
[2020-12-16 16:54:00] [info]  [15792] Service started in 1310 milliseconds.
[2020-12-16 16:58:27] [info]  [14164] Stopping service...
[2020-12-16 16:58:28] [info]  [14164] Service stop thread completed.
[2020-12-16 16:58:28] [info]  [14412] Run service finished.
[2020-12-16 16:58:28] [info]  [14412] Apache Commons Daemon procrun finished.
[2020-12-16 16:58:28] [info]  [ 9300] Apache Commons Daemon procrun (1.2.3.0 64-bit) started.
[2020-12-16 16:58:28] [info]  [ 9300] Running Service 'Tomcat8'...
[2020-12-16 16:58:28] [info]  [14940] Starting service...
[2020-12-16 16:58:29] [info]  [14940] Service started in 1318 milliseconds.
[2020-12-16 16:59:27] [info]  [ 4144] Stopping service...
[2020-12-16 16:59:28] [info]  [ 4144] Service stop thread completed.
[2020-12-16 16:59:28] [info]  [ 9300] Run service finished.
[2020-12-16 16:59:28] [info]  [ 9300] Apache Commons Daemon procrun finished.
[2020-12-16 16:59:28] [info]  [13004] Apache Commons Daemon procrun (1.2.3.0 64-bit) started.
[2020-12-16 16:59:28] [info]  [13004] Running Service 'Tomcat8'...
[2020-12-16 16:59:28] [info]  [14504] Starting service...
[2020-12-16 16:59:30] [info]  [14504] Service started in 1439 milliseconds.
[2020-12-16 17:00:39] [info]  [  252] Stopping service...
[2020-12-16 17:00:40] [info]  [  252] Service stop thread completed.
[2020-12-16 17:00:40] [info]  [13004] Run service finished.
[2020-12-16 17:00:40] [info]  [13004] Apache Commons Daemon procrun finished.
[2020-12-16 17:00:41] [info]  [ 3736] Apache Commons Daemon procrun (1.2.3.0 64-bit) started.
[2020-12-16 17:00:41] [info]  [ 3736] Running Service 'Tomcat8'...
[2020-12-16 17:00:41] [info]  [13944] Starting service...
[2020-12-16 17:00:42] [info]  [13944] Service started in 1557 milliseconds.
[2020-12-16 17:04:26] [info]  [11296] Stopping service...
[2020-12-16 17:04:27] [info]  [11296] Service stop thread completed.
[2020-12-16 17:04:27] [info]  [ 3736] Run service finished.
[2020-12-16 17:04:27] [info]  [ 3736] Apache Commons Daemon procrun finished.
[2020-12-16 17:04:28] [info]  [14656] Apache Commons Daemon procrun (1.2.3.0 64-bit) started.
[2020-12-16 17:04:28] [info]  [14656] Running Service 'Tomcat8'...
[2020-12-16 17:04:28] [info]  [ 8412] Starting service...
[2020-12-16 17:04:29] [info]  [ 8412] Service started in 1407 milliseconds.
[2020-12-16 17:08:54] [info]  [ 2160] Stopping service...
[2020-12-16 17:08:55] [info]  [ 2160] Service stop thread completed.
[2020-12-16 17:08:55] [info]  [14656] Run service finished.
[2020-12-16 17:08:55] [info]  [14656] Apache Commons Daemon procrun finished.
[2020-12-16 17:08:55] [info]  [ 4784] Apache Commons Daemon procrun (1.2.3.0 64-bit) started.
[2020-12-16 17:08:55] [info]  [ 4784] Running Service 'Tomcat8'...
[2020-12-16 17:08:55] [info]  [10304] Starting service...
[2020-12-16 17:08:57] [info]  [10304] Service started in 1254 milliseconds.
[2020-12-16 17:11:20] [info]  [16236] Stopping service...
[2020-12-16 17:11:21] [info]  [16236] Service stop thread completed.
[2020-12-16 17:11:21] [info]  [ 4784] Run service finished.
[2020-12-16 17:11:21] [info]  [ 4784] Apache Commons Daemon procrun finished.
[2020-12-16 17:11:21] [info]  [15676] Apache Commons Daemon procrun (1.2.3.0 64-bit) started.
[2020-12-16 17:11:21] [info]  [15676] Running Service 'Tomcat8'...
[2020-12-16 17:11:21] [info]  [ 6000] Starting service...
[2020-12-16 17:11:23] [info]  [ 6000] Service started in 1241 milliseconds.
[2020-12-16 17:17:41] [info]  [11888] Stopping service...
[2020-12-16 17:17:42] [info]  [11888] Service stop thread completed.
[2020-12-16 17:17:42] [info]  [15676] Run service finished.
[2020-12-16 17:17:42] [info]  [15676] Apache Commons Daemon procrun finished.
[2020-12-16 17:17:42] [info]  [10932] Apache Commons Daemon procrun (1.2.3.0 64-bit) started.
[2020-12-16 17:17:42] [info]  [10932] Running Service 'Tomcat8'...
[2020-12-16 17:17:42] [info]  [ 3772] Starting service...
[2020-12-16 17:17:44] [info]  [ 3772] Service started in 1271 milliseconds.
[2020-12-16 18:40:35] [info]  [ 5020] Stopping service...
[2020-12-16 18:40:36] [info]  [ 5020] Service stop thread completed.
[2020-12-16 18:40:36] [info]  [10932] Run service finished.
[2020-12-16 18:40:36] [info]  [10932] Apache Commons Daemon procrun finished.
[2020-12-16 18:40:36] [info]  [12120] Apache Commons Daemon procrun (1.2.3.0 64-bit) started.
[2020-12-16 18:40:36] [info]  [12120] Running Service 'Tomcat8'...
[2020-12-16 18:40:36] [info]  [11492] Starting service...
[2020-12-16 18:40:37] [info]  [11492] Service started in 1238 milliseconds.
[2020-12-16 18:50:00] [info]  [12704] Stopping service...
[2020-12-16 18:50:01] [info]  [12704] Service stop thread completed.
[2020-12-16 18:50:01] [info]  [12120] Run service finished.
[2020-12-16 18:50:01] [info]  [12120] Apache Commons Daemon procrun finished.
[2020-12-16 18:50:01] [info]  [13200] Apache Commons Daemon procrun (1.2.3.0 64-bit) started.
[2020-12-16 18:50:01] [info]  [13200] Running Service 'Tomcat8'...
[2020-12-16 18:50:01] [info]  [ 5732] Starting service...
[2020-12-16 18:50:03] [info]  [ 5732] Service started in 1587 milliseconds.
[2020-12-16 18:53:43] [info]  [ 6160] Stopping service...
[2020-12-16 18:53:44] [info]  [ 6160] Service stop thread completed.
[2020-12-16 18:53:44] [info]  [13200] Run service finished.
[2020-12-16 18:53:44] [info]  [13200] Apache Commons Daemon procrun finished.
[2020-12-16 18:53:44] [info]  [ 3372] Apache Commons Daemon procrun (1.2.3.0 64-bit) started.
[2020-12-16 18:53:44] [info]  [ 3372] Running Service 'Tomcat8'...
[2020-12-16 18:53:44] [info]  [16108] Starting service...
[2020-12-16 18:53:45] [info]  [16108] Service started in 1228 milliseconds.
[2020-12-16 18:55:31] [info]  [14816] Stopping service...
[2020-12-16 18:55:32] [info]  [14816] Service stop thread completed.
[2020-12-16 18:55:32] [info]  [ 3372] Run service finished.
[2020-12-16 18:55:32] [info]  [ 3372] Apache Commons Daemon procrun finished.
[2020-12-16 18:55:33] [info]  [11168] Apache Commons Daemon procrun (1.2.3.0 64-bit) started.
[2020-12-16 18:55:33] [info]  [11168] Running Service 'Tomcat8'...
[2020-12-16 18:55:33] [info]  [ 1732] Starting service...
[2020-12-16 18:55:34] [info]  [ 1732] Service started in 1280 milliseconds.
[2020-12-16 18:57:12] [info]  [ 4592] Stopping service...
[2020-12-16 18:57:13] [info]  [ 4592] Service stop thread completed.
[2020-12-16 18:57:13] [info]  [11168] Run service finished.
[2020-12-16 18:57:13] [info]  [11168] Apache Commons Daemon procrun finished.
[2020-12-16 18:57:14] [info]  [14432] Apache Commons Daemon procrun (1.2.3.0 64-bit) started.
[2020-12-16 18:57:14] [info]  [14432] Running Service 'Tomcat8'...
[2020-12-16 18:57:14] [info]  [13588] Starting service...
[2020-12-16 18:57:15] [info]  [13588] Service started in 1251 milliseconds.
[2020-12-16 19:00:55] [info]  [ 3660] Stopping service...
[2020-12-16 19:00:56] [info]  [ 3660] Service stop thread completed.
[2020-12-16 19:00:56] [info]  [14432] Run service finished.
[2020-12-16 19:00:56] [info]  [14432] Apache Commons Daemon procrun finished.
[2020-12-16 19:00:56] [info]  [16292] Apache Commons Daemon procrun (1.2.3.0 64-bit) started.
[2020-12-16 19:00:56] [info]  [16292] Running Service 'Tomcat8'...
[2020-12-16 19:00:56] [info]  [12436] Starting service...
[2020-12-16 19:00:57] [info]  [12436] Service started in 1375 milliseconds.
[2020-12-16 19:01:36] [info]  [  624] Stopping service...
[2020-12-16 19:01:37] [info]  [  624] Service stop thread completed.
[2020-12-16 19:01:37] [info]  [16292] Run service finished.
[2020-12-16 19:01:37] [info]  [16292] Apache Commons Daemon procrun finished.
[2020-12-16 19:01:37] [info]  [ 2576] Apache Commons Daemon procrun (1.2.3.0 64-bit) started.
[2020-12-16 19:01:37] [info]  [ 2576] Running Service 'Tomcat8'...
[2020-12-16 19:01:37] [info]  [15084] Starting service...
[2020-12-16 19:01:38] [info]  [15084] Service started in 1224 milliseconds.
[2020-12-16 19:04:17] [info]  [15604] Stopping service...
[2020-12-16 19:04:18] [info]  [15604] Service stop thread completed.
[2020-12-16 19:04:18] [info]  [ 2576] Run service finished.
[2020-12-16 19:04:18] [info]  [ 2576] Apache Commons Daemon procrun finished.
[2020-12-16 19:04:18] [info]  [10252] Apache Commons Daemon procrun (1.2.3.0 64-bit) started.
[2020-12-16 19:04:18] [info]  [10252] Running Service 'Tomcat8'...
[2020-12-16 19:04:18] [info]  [ 5264] Starting service...
[2020-12-16 19:04:20] [info]  [ 5264] Service started in 1232 milliseconds.
[2020-12-16 19:05:25] [info]  [12364] Stopping service...
[2020-12-16 19:05:26] [info]  [12364] Service stop thread completed.
[2020-12-16 19:05:26] [info]  [10252] Run service finished.
[2020-12-16 19:05:26] [info]  [10252] Apache Commons Daemon procrun finished.
[2020-12-16 19:05:27] [info]  [15968] Apache Commons Daemon procrun (1.2.3.0 64-bit) started.
[2020-12-16 19:05:27] [info]  [15968] Running Service 'Tomcat8'...
[2020-12-16 19:05:27] [info]  [ 8968] Starting service...
[2020-12-16 19:05:28] [info]  [ 8968] Service started in 1271 milliseconds.
[2020-12-16 19:06:43] [info]  [ 7872] Stopping service...
[2020-12-16 19:06:44] [info]  [ 7872] Service stop thread completed.
[2020-12-16 19:06:44] [info]  [15968] Run service finished.
[2020-12-16 19:06:44] [info]  [15968] Apache Commons Daemon procrun finished.
[2020-12-16 19:06:44] [info]  [ 1980] Apache Commons Daemon procrun (1.2.3.0 64-bit) started.
[2020-12-16 19:06:44] [info]  [ 1980] Running Service 'Tomcat8'...
[2020-12-16 19:06:44] [info]  [ 3048] Starting service...
[2020-12-16 19:06:46] [info]  [ 3048] Service started in 1286 milliseconds.
[2020-12-16 19:08:23] [info]  [10360] Stopping service...
[2020-12-16 19:08:24] [info]  [10360] Service stop thread completed.
[2020-12-16 19:08:24] [info]  [ 1980] Run service finished.
[2020-12-16 19:08:24] [info]  [ 1980] Apache Commons Daemon procrun finished.
[2020-12-16 19:08:24] [info]  [  596] Apache Commons Daemon procrun (1.2.3.0 64-bit) started.
[2020-12-16 19:08:24] [info]  [  596] Running Service 'Tomcat8'...
[2020-12-16 19:08:24] [info]  [ 1732] Starting service...
[2020-12-16 19:08:26] [info]  [ 1732] Service started in 1302 milliseconds.
[2020-12-16 19:09:16] [info]  [14660] Stopping service...
[2020-12-16 19:09:17] [info]  [14660] Service stop thread completed.
[2020-12-16 19:09:17] [info]  [  596] Run service finished.
[2020-12-16 19:09:17] [info]  [  596] Apache Commons Daemon procrun finished.
[2020-12-16 19:09:18] [info]  [ 3420] Apache Commons Daemon procrun (1.2.3.0 64-bit) started.
[2020-12-16 19:09:18] [info]  [ 3420] Running Service 'Tomcat8'...
[2020-12-16 19:09:18] [info]  [14688] Starting service...
[2020-12-16 19:09:19] [info]  [14688] Service started in 1263 milliseconds.
[2020-12-16 19:16:34] [info]  [ 5240] Stopping service...
[2020-12-16 19:16:35] [info]  [ 5240] Service stop thread completed.
[2020-12-16 19:16:35] [info]  [ 3420] Run service finished.
[2020-12-16 19:16:35] [info]  [ 3420] Apache Commons Daemon procrun finished.
[2020-12-16 19:16:36] [info]  [ 1396] Apache Commons Daemon procrun (1.2.3.0 64-bit) started.
[2020-12-16 19:16:36] [info]  [ 1396] Running Service 'Tomcat8'...
[2020-12-16 19:16:36] [info]  [ 3660] Starting service...
[2020-12-16 19:16:37] [info]  [ 3660] Service started in 1267 milliseconds.
[2020-12-16 19:17:53] [info]  [10908] Stopping service...
[2020-12-16 19:17:54] [info]  [10908] Service stop thread completed.
[2020-12-16 19:17:54] [info]  [ 1396] Run service finished.
[2020-12-16 19:17:54] [info]  [ 1396] Apache Commons Daemon procrun finished.
[2020-12-16 19:17:54] [info]  [ 9416] Apache Commons Daemon procrun (1.2.3.0 64-bit) started.
[2020-12-16 19:17:54] [info]  [ 9416] Running Service 'Tomcat8'...
[2020-12-16 19:17:54] [info]  [12984] Starting service...
[2020-12-16 19:17:55] [info]  [12984] Service started in 1293 milliseconds.
[2020-12-16 19:31:06] [info]  [16320] Stopping service...
[2020-12-16 19:31:07] [info]  [16320] Service stop thread completed.
[2020-12-16 19:31:07] [info]  [ 9416] Run service finished.
[2020-12-16 19:31:07] [info]  [ 9416] Apache Commons Daemon procrun finished.
[2020-12-16 19:31:08] [info]  [ 6628] Apache Commons Daemon procrun (1.2.3.0 64-bit) started.
[2020-12-16 19:31:08] [info]  [ 6628] Running Service 'Tomcat8'...
[2020-12-16 19:31:08] [info]  [ 5380] Starting service...
[2020-12-16 19:31:09] [info]  [ 5380] Service started in 1275 milliseconds.
[2020-12-16 19:51:01] [info]  [11212] Stopping service...
[2020-12-16 19:51:03] [info]  [11212] Service stop thread completed.
[2020-12-16 19:51:03] [info]  [ 6628] Run service finished.
[2020-12-16 19:51:03] [info]  [ 6628] Apache Commons Daemon procrun finished.
[2020-12-16 19:51:03] [info]  [ 8892] Apache Commons Daemon procrun (1.2.3.0 64-bit) started.
[2020-12-16 19:51:03] [info]  [ 8892] Running Service 'Tomcat8'...
[2020-12-16 19:51:03] [info]  [10248] Starting service...
[2020-12-16 19:51:04] [info]  [10248] Service started in 1374 milliseconds.
[2020-12-16 19:53:07] [info]  [ 3772] Stopping service...
[2020-12-16 19:53:08] [info]  [ 3772] Service stop thread completed.
[2020-12-16 19:53:08] [info]  [ 8892] Run service finished.
[2020-12-16 19:53:08] [info]  [ 8892] Apache Commons Daemon procrun finished.
[2020-12-16 19:53:08] [info]  [ 2320] Apache Commons Daemon procrun (1.2.3.0 64-bit) started.
[2020-12-16 19:53:09] [info]  [ 2320] Running Service 'Tomcat8'...
[2020-12-16 19:53:09] [info]  [13448] Starting service...
[2020-12-16 19:53:10] [info]  [13448] Service started in 1249 milliseconds.
[2020-12-16 19:53:37] [info]  [10224] Stopping service...
[2020-12-16 19:53:38] [info]  [10224] Service stop thread completed.
[2020-12-16 19:53:38] [info]  [ 2320] Run service finished.
[2020-12-16 19:53:38] [info]  [ 2320] Apache Commons Daemon procrun finished.
[2020-12-16 19:53:38] [info]  [10788] Apache Commons Daemon procrun (1.2.3.0 64-bit) started.
[2020-12-16 19:53:39] [info]  [10788] Running Service 'Tomcat8'...
[2020-12-16 19:53:39] [info]  [ 9356] Starting service...
[2020-12-16 19:53:40] [info]  [ 9356] Service started in 1250 milliseconds.
[2020-12-16 19:55:04] [info]  [12172] Stopping service...
[2020-12-16 19:55:05] [info]  [12172] Service stop thread completed.
[2020-12-16 19:55:05] [info]  [10788] Run service finished.
[2020-12-16 19:55:05] [info]  [10788] Apache Commons Daemon procrun finished.
[2020-12-16 19:55:05] [info]  [14620] Apache Commons Daemon procrun (1.2.3.0 64-bit) started.
[2020-12-16 19:55:05] [info]  [14620] Running Service 'Tomcat8'...
[2020-12-16 19:55:05] [info]  [ 4796] Starting service...
[2020-12-16 19:55:06] [info]  [ 4796] Service started in 1270 milliseconds.
[2020-12-16 20:05:32] [info]  [ 7120] Stopping service...
[2020-12-16 20:05:33] [info]  [ 7120] Service stop thread completed.
[2020-12-16 20:05:33] [info]  [14620] Run service finished.
[2020-12-16 20:05:33] [info]  [14620] Apache Commons Daemon procrun finished.
[2020-12-16 20:05:33] [info]  [15044] Apache Commons Daemon procrun (1.2.3.0 64-bit) started.
[2020-12-16 20:05:33] [info]  [15044] Running Service 'Tomcat8'...
[2020-12-16 20:05:33] [info]  [ 2540] Starting service...
[2020-12-16 20:05:35] [info]  [ 2540] Service started in 1493 milliseconds.
[2020-12-16 20:07:13] [info]  [ 2860] Stopping service...
[2020-12-16 20:07:14] [info]  [ 2860] Service stop thread completed.
[2020-12-16 20:07:14] [info]  [15044] Run service finished.
[2020-12-16 20:07:14] [info]  [15044] Apache Commons Daemon procrun finished.
[2020-12-16 20:07:14] [info]  [ 5500] Apache Commons Daemon procrun (1.2.3.0 64-bit) started.
[2020-12-16 20:07:14] [info]  [ 5500] Running Service 'Tomcat8'...
[2020-12-16 20:07:14] [info]  [ 3428] Starting service...
[2020-12-16 20:07:15] [info]  [ 3428] Service started in 1237 milliseconds.
[2020-12-16 23:02:58] [info]  [12436] Stopping service...
[2020-12-16 23:02:59] [info]  [12436] Service stop thread completed.
[2020-12-16 23:02:59] [info]  [ 5500] Run service finished.
[2020-12-16 23:02:59] [info]  [ 5500] Apache Commons Daemon procrun finished.
[2020-12-16 23:02:59] [info]  [16824] Apache Commons Daemon procrun (1.2.3.0 64-bit) started.
[2020-12-16 23:02:59] [info]  [16824] Running Service 'Tomcat8'...
[2020-12-16 23:02:59] [info]  [ 6444] Starting service...
[2020-12-16 23:03:00] [info]  [ 6444] Service started in 1253 milliseconds.
[2020-12-17 08:23:37] [info]  [11292] Stopping service...
[2020-12-17 08:23:38] [info]  [11292] Service stop thread completed.
[2020-12-17 08:23:38] [info]  [16824] Run service finished.
[2020-12-17 08:23:38] [info]  [16824] Apache Commons Daemon procrun finished.
