[2020-12-18 00:05:45] [info]  [11812] Apache Commons Daemon procrun (1.2.3.0 64-bit) started.
[2020-12-18 00:05:45] [info]  [11812] Running Service 'Tomcat8'...
[2020-12-18 00:05:45] [info]  [17060] Starting service...
[2020-12-18 00:05:46] [info]  [17060] Service started in 1292 milliseconds.
[2020-12-18 00:11:17] [info]  [ 1800] Stopping service...
[2020-12-18 00:11:18] [info]  [ 1800] Service stop thread completed.
[2020-12-18 00:11:18] [info]  [11812] Run service finished.
[2020-12-18 00:11:18] [info]  [11812] Apache Commons Daemon procrun finished.
[2020-12-18 00:11:18] [info]  [12336] Apache Commons Daemon procrun (1.2.3.0 64-bit) started.
[2020-12-18 00:11:19] [info]  [12336] Running Service 'Tomcat8'...
[2020-12-18 00:11:19] [info]  [ 7412] Starting service...
[2020-12-18 00:11:20] [info]  [ 7412] Service started in 1231 milliseconds.
[2020-12-18 00:14:43] [info]  [14324] Stopping service...
[2020-12-18 00:14:44] [info]  [14324] Service stop thread completed.
[2020-12-18 00:14:44] [info]  [12336] Run service finished.
[2020-12-18 00:14:44] [info]  [12336] Apache Commons Daemon procrun finished.
[2020-12-18 00:14:45] [info]  [13680] Apache Commons Daemon procrun (1.2.3.0 64-bit) started.
[2020-12-18 00:14:45] [info]  [13680] Running Service 'Tomcat8'...
[2020-12-18 00:14:45] [info]  [15520] Starting service...
[2020-12-18 00:14:46] [info]  [15520] Service started in 1289 milliseconds.
[2020-12-18 00:22:00] [info]  [ 3640] Stopping service...
[2020-12-18 00:22:01] [info]  [ 3640] Service stop thread completed.
[2020-12-18 00:22:01] [info]  [13680] Run service finished.
[2020-12-18 00:22:01] [info]  [13680] Apache Commons Daemon procrun finished.
[2020-12-18 00:22:01] [info]  [ 7716] Apache Commons Daemon procrun (1.2.3.0 64-bit) started.
[2020-12-18 00:22:01] [info]  [ 7716] Running Service 'Tomcat8'...
[2020-12-18 00:22:01] [info]  [  540] Starting service...
[2020-12-18 00:22:03] [info]  [  540] Service started in 2147 milliseconds.
[2020-12-18 00:28:17] [info]  [16568] Stopping service...
[2020-12-18 00:28:18] [info]  [16568] Service stop thread completed.
[2020-12-18 00:28:18] [info]  [ 7716] Run service finished.
[2020-12-18 00:28:18] [info]  [ 7716] Apache Commons Daemon procrun finished.
[2020-12-18 00:28:19] [info]  [ 9088] Apache Commons Daemon procrun (1.2.3.0 64-bit) started.
[2020-12-18 00:28:19] [info]  [ 9088] Running Service 'Tomcat8'...
[2020-12-18 00:28:19] [info]  [15412] Starting service...
[2020-12-18 00:28:20] [info]  [15412] Service started in 1301 milliseconds.
[2020-12-18 00:43:00] [info]  [10648] Stopping service...
[2020-12-18 00:43:01] [info]  [10648] Service stop thread completed.
[2020-12-18 00:43:01] [info]  [ 9088] Run service finished.
[2020-12-18 00:43:01] [info]  [ 9088] Apache Commons Daemon procrun finished.
[2020-12-18 00:43:03] [info]  [ 5844] Apache Commons Daemon procrun (1.2.3.0 64-bit) started.
[2020-12-18 00:43:03] [info]  [ 5844] Running Service 'Tomcat8'...
[2020-12-18 00:43:03] [info]  [15584] Starting service...
[2020-12-18 00:43:04] [info]  [15584] Service started in 1449 milliseconds.
[2020-12-18 00:49:36] [info]  [11632] Stopping service...
[2020-12-18 00:49:37] [info]  [11632] Service stop thread completed.
[2020-12-18 00:49:37] [info]  [ 5844] Run service finished.
[2020-12-18 00:49:37] [info]  [ 5844] Apache Commons Daemon procrun finished.
[2020-12-18 00:49:37] [info]  [13168] Apache Commons Daemon procrun (1.2.3.0 64-bit) started.
[2020-12-18 00:49:37] [info]  [13168] Running Service 'Tomcat8'...
[2020-12-18 00:49:37] [info]  [  456] Starting service...
[2020-12-18 00:49:39] [info]  [  456] Service started in 1243 milliseconds.
[2020-12-18 00:50:46] [info]  [ 5528] Stopping service...
[2020-12-18 00:50:47] [info]  [ 5528] Service stop thread completed.
[2020-12-18 00:50:47] [info]  [13168] Run service finished.
[2020-12-18 00:50:47] [info]  [13168] Apache Commons Daemon procrun finished.
[2020-12-18 00:50:48] [info]  [13720] Apache Commons Daemon procrun (1.2.3.0 64-bit) started.
[2020-12-18 00:50:48] [info]  [13720] Running Service 'Tomcat8'...
[2020-12-18 00:50:48] [info]  [12440] Starting service...
[2020-12-18 00:50:49] [info]  [12440] Service started in 1280 milliseconds.
[2020-12-18 08:58:25] [info]  [13996] Stopping service...
[2020-12-18 08:58:26] [info]  [13996] Service stop thread completed.
[2020-12-18 08:58:26] [info]  [13720] Run service finished.
[2020-12-18 08:58:26] [info]  [13720] Apache Commons Daemon procrun finished.
[2020-12-18 08:58:26] [info]  [11268] Apache Commons Daemon procrun (1.2.3.0 64-bit) started.
[2020-12-18 08:58:27] [info]  [11268] Running Service 'Tomcat8'...
[2020-12-18 08:58:27] [info]  [ 7580] Starting service...
[2020-12-18 08:58:28] [info]  [ 7580] Service started in 1275 milliseconds.
[2020-12-18 08:59:12] [info]  [12908] Stopping service...
[2020-12-18 08:59:13] [info]  [12908] Service stop thread completed.
[2020-12-18 08:59:13] [info]  [11268] Run service finished.
[2020-12-18 08:59:13] [info]  [11268] Apache Commons Daemon procrun finished.
[2020-12-18 08:59:13] [info]  [10232] Apache Commons Daemon procrun (1.2.3.0 64-bit) started.
[2020-12-18 08:59:13] [info]  [10232] Running Service 'Tomcat8'...
[2020-12-18 08:59:13] [info]  [14924] Starting service...
[2020-12-18 08:59:15] [info]  [14924] Service started in 1273 milliseconds.
[2020-12-18 09:03:26] [info]  [16920] Stopping service...
[2020-12-18 09:03:27] [info]  [16920] Service stop thread completed.
[2020-12-18 09:03:27] [info]  [10232] Run service finished.
[2020-12-18 09:03:27] [info]  [10232] Apache Commons Daemon procrun finished.
[2020-12-18 09:03:28] [info]  [11632] Apache Commons Daemon procrun (1.2.3.0 64-bit) started.
[2020-12-18 09:03:28] [info]  [11632] Running Service 'Tomcat8'...
[2020-12-18 09:03:28] [info]  [ 3480] Starting service...
[2020-12-18 09:03:29] [info]  [ 3480] Service started in 1279 milliseconds.
[2020-12-18 09:05:19] [info]  [13048] Stopping service...
[2020-12-18 09:05:20] [info]  [13048] Service stop thread completed.
[2020-12-18 09:05:20] [info]  [11632] Run service finished.
[2020-12-18 09:05:20] [info]  [11632] Apache Commons Daemon procrun finished.
[2020-12-18 09:05:20] [info]  [13984] Apache Commons Daemon procrun (1.2.3.0 64-bit) started.
[2020-12-18 09:05:20] [info]  [13984] Running Service 'Tomcat8'...
[2020-12-18 09:05:20] [info]  [ 8992] Starting service...
[2020-12-18 09:05:21] [info]  [ 8992] Service started in 1292 milliseconds.
[2020-12-18 09:09:25] [info]  [ 8844] Stopping service...
[2020-12-18 09:09:26] [info]  [ 8844] Service stop thread completed.
[2020-12-18 09:09:26] [info]  [13984] Run service finished.
[2020-12-18 09:09:26] [info]  [13984] Apache Commons Daemon procrun finished.
[2020-12-18 09:09:26] [info]  [ 6892] Apache Commons Daemon procrun (1.2.3.0 64-bit) started.
[2020-12-18 09:09:27] [info]  [ 6892] Running Service 'Tomcat8'...
[2020-12-18 09:09:27] [info]  [16784] Starting service...
[2020-12-18 09:09:28] [info]  [16784] Service started in 1260 milliseconds.
[2020-12-18 09:18:03] [info]  [11876] Stopping service...
[2020-12-18 09:18:04] [info]  [11876] Service stop thread completed.
[2020-12-18 09:18:04] [info]  [ 6892] Run service finished.
[2020-12-18 09:18:04] [info]  [ 6892] Apache Commons Daemon procrun finished.
[2020-12-18 09:18:04] [info]  [16356] Apache Commons Daemon procrun (1.2.3.0 64-bit) started.
[2020-12-18 09:18:04] [info]  [16356] Running Service 'Tomcat8'...
[2020-12-18 09:18:04] [info]  [16324] Starting service...
[2020-12-18 09:18:06] [info]  [16324] Service started in 1273 milliseconds.
[2020-12-18 09:21:30] [info]  [14924] Stopping service...
[2020-12-18 09:21:31] [info]  [14924] Service stop thread completed.
[2020-12-18 09:21:31] [info]  [16356] Run service finished.
[2020-12-18 09:21:31] [info]  [16356] Apache Commons Daemon procrun finished.
[2020-12-18 09:21:32] [info]  [  332] Apache Commons Daemon procrun (1.2.3.0 64-bit) started.
[2020-12-18 09:21:32] [info]  [  332] Running Service 'Tomcat8'...
[2020-12-18 09:21:32] [info]  [16224] Starting service...
[2020-12-18 09:21:33] [info]  [16224] Service started in 1259 milliseconds.
[2020-12-18 09:23:11] [info]  [11880] Stopping service...
[2020-12-18 09:23:12] [info]  [11880] Service stop thread completed.
[2020-12-18 09:23:12] [info]  [  332] Run service finished.
[2020-12-18 09:23:12] [info]  [  332] Apache Commons Daemon procrun finished.
[2020-12-18 09:23:13] [info]  [11612] Apache Commons Daemon procrun (1.2.3.0 64-bit) started.
[2020-12-18 09:23:13] [info]  [11612] Running Service 'Tomcat8'...
[2020-12-18 09:23:13] [info]  [17000] Starting service...
[2020-12-18 09:23:14] [info]  [17000] Service started in 1279 milliseconds.
[2020-12-18 09:25:36] [info]  [14764] Stopping service...
[2020-12-18 09:25:37] [info]  [14764] Service stop thread completed.
[2020-12-18 09:25:37] [info]  [11612] Run service finished.
[2020-12-18 09:25:37] [info]  [11612] Apache Commons Daemon procrun finished.
[2020-12-18 09:25:37] [info]  [10304] Apache Commons Daemon procrun (1.2.3.0 64-bit) started.
[2020-12-18 09:25:37] [info]  [10304] Running Service 'Tomcat8'...
[2020-12-18 09:25:37] [info]  [16172] Starting service...
[2020-12-18 09:25:39] [info]  [16172] Service started in 1321 milliseconds.
[2020-12-18 09:32:30] [info]  [ 6912] Stopping service...
[2020-12-18 09:32:31] [info]  [ 6912] Service stop thread completed.
[2020-12-18 09:32:31] [info]  [10304] Run service finished.
[2020-12-18 09:32:31] [info]  [10304] Apache Commons Daemon procrun finished.
[2020-12-18 09:32:31] [info]  [11524] Apache Commons Daemon procrun (1.2.3.0 64-bit) started.
[2020-12-18 09:32:31] [info]  [11524] Running Service 'Tomcat8'...
[2020-12-18 09:32:31] [info]  [11220] Starting service...
[2020-12-18 09:32:33] [info]  [11220] Service started in 1280 milliseconds.
[2020-12-18 09:52:43] [info]  [ 2848] Stopping service...
[2020-12-18 09:52:44] [info]  [ 2848] Service stop thread completed.
[2020-12-18 09:52:44] [info]  [11524] Run service finished.
[2020-12-18 09:52:44] [info]  [11524] Apache Commons Daemon procrun finished.
[2020-12-18 09:52:45] [info]  [17208] Apache Commons Daemon procrun (1.2.3.0 64-bit) started.
[2020-12-18 09:52:45] [info]  [17208] Running Service 'Tomcat8'...
[2020-12-18 09:52:45] [info]  [12804] Starting service...
[2020-12-18 09:52:46] [info]  [12804] Service started in 1233 milliseconds.
[2020-12-18 10:01:22] [info]  [11392] Stopping service...
[2020-12-18 10:01:23] [info]  [11392] Service stop thread completed.
[2020-12-18 10:01:23] [info]  [17208] Run service finished.
[2020-12-18 10:01:23] [info]  [17208] Apache Commons Daemon procrun finished.
[2020-12-18 10:01:23] [info]  [ 2604] Apache Commons Daemon procrun (1.2.3.0 64-bit) started.
[2020-12-18 10:01:23] [info]  [ 2604] Running Service 'Tomcat8'...
[2020-12-18 10:01:23] [info]  [ 7396] Starting service...
[2020-12-18 10:01:25] [info]  [ 7396] Service started in 1267 milliseconds.
[2020-12-18 10:08:32] [info]  [ 8768] Stopping service...
[2020-12-18 10:08:33] [info]  [ 8768] Service stop thread completed.
[2020-12-18 10:08:33] [info]  [ 2604] Run service finished.
[2020-12-18 10:08:33] [info]  [ 2604] Apache Commons Daemon procrun finished.
[2020-12-18 10:08:33] [info]  [12324] Apache Commons Daemon procrun (1.2.3.0 64-bit) started.
[2020-12-18 10:08:33] [info]  [12324] Running Service 'Tomcat8'...
[2020-12-18 10:08:33] [info]  [ 7544] Starting service...
[2020-12-18 10:08:34] [info]  [ 7544] Service started in 1239 milliseconds.
[2020-12-18 10:20:42] [info]  [ 1336] Stopping service...
[2020-12-18 10:20:43] [info]  [ 1336] Service stop thread completed.
[2020-12-18 10:20:43] [info]  [12324] Run service finished.
[2020-12-18 10:20:43] [info]  [12324] Apache Commons Daemon procrun finished.
[2020-12-18 10:20:44] [info]  [15696] Apache Commons Daemon procrun (1.2.3.0 64-bit) started.
[2020-12-18 10:20:44] [info]  [15696] Running Service 'Tomcat8'...
[2020-12-18 10:20:44] [info]  [ 3396] Starting service...
[2020-12-18 10:20:45] [info]  [ 3396] Service started in 1242 milliseconds.
[2020-12-18 10:23:25] [info]  [ 2824] Stopping service...
[2020-12-18 10:23:26] [info]  [ 2824] Service stop thread completed.
[2020-12-18 10:23:26] [info]  [15696] Run service finished.
[2020-12-18 10:23:26] [info]  [15696] Apache Commons Daemon procrun finished.
[2020-12-18 10:23:26] [info]  [ 9848] Apache Commons Daemon procrun (1.2.3.0 64-bit) started.
[2020-12-18 10:23:26] [info]  [ 9848] Running Service 'Tomcat8'...
[2020-12-18 10:23:26] [info]  [17280] Starting service...
[2020-12-18 10:23:27] [info]  [17280] Service started in 1234 milliseconds.
[2020-12-18 10:29:40] [info]  [17192] Stopping service...
[2020-12-18 10:29:41] [info]  [17192] Service stop thread completed.
[2020-12-18 10:29:41] [info]  [ 9848] Run service finished.
[2020-12-18 10:29:41] [info]  [ 9848] Apache Commons Daemon procrun finished.
[2020-12-18 10:29:41] [info]  [16116] Apache Commons Daemon procrun (1.2.3.0 64-bit) started.
[2020-12-18 10:29:41] [info]  [16116] Running Service 'Tomcat8'...
[2020-12-18 10:29:41] [info]  [  776] Starting service...
[2020-12-18 10:29:42] [info]  [  776] Service started in 1226 milliseconds.
[2020-12-18 10:53:40] [info]  [ 7908] Stopping service...
[2020-12-18 10:53:41] [info]  [ 7908] Service stop thread completed.
[2020-12-18 10:53:41] [info]  [16116] Run service finished.
[2020-12-18 10:53:41] [info]  [16116] Apache Commons Daemon procrun finished.
[2020-12-18 10:53:41] [info]  [12320] Apache Commons Daemon procrun (1.2.3.0 64-bit) started.
[2020-12-18 10:53:41] [info]  [12320] Running Service 'Tomcat8'...
[2020-12-18 10:53:41] [info]  [12836] Starting service...
[2020-12-18 10:53:42] [info]  [12836] Service started in 1225 milliseconds.
[2020-12-18 11:08:19] [info]  [ 2320] Stopping service...
[2020-12-18 11:08:20] [info]  [ 2320] Service stop thread completed.
[2020-12-18 11:08:20] [info]  [12320] Run service finished.
[2020-12-18 11:08:20] [info]  [12320] Apache Commons Daemon procrun finished.
[2020-12-18 11:08:21] [info]  [ 1600] Apache Commons Daemon procrun (1.2.3.0 64-bit) started.
[2020-12-18 11:08:21] [info]  [ 1600] Running Service 'Tomcat8'...
[2020-12-18 11:08:21] [info]  [16600] Starting service...
[2020-12-18 11:08:22] [info]  [16600] Service started in 1224 milliseconds.
[2020-12-18 11:10:43] [info]  [12384] Stopping service...
[2020-12-18 11:10:44] [info]  [12384] Service stop thread completed.
[2020-12-18 11:10:44] [info]  [ 1600] Run service finished.
[2020-12-18 11:10:44] [info]  [ 1600] Apache Commons Daemon procrun finished.
[2020-12-18 11:10:45] [info]  [13576] Apache Commons Daemon procrun (1.2.3.0 64-bit) started.
[2020-12-18 11:10:45] [info]  [13576] Running Service 'Tomcat8'...
[2020-12-18 11:10:45] [info]  [  504] Starting service...
[2020-12-18 11:10:46] [info]  [  504] Service started in 1239 milliseconds.
[2020-12-18 11:11:48] [info]  [11196] Stopping service...
[2020-12-18 11:11:49] [info]  [11196] Service stop thread completed.
[2020-12-18 11:11:49] [info]  [13576] Run service finished.
[2020-12-18 11:11:49] [info]  [13576] Apache Commons Daemon procrun finished.
[2020-12-18 11:11:50] [info]  [13928] Apache Commons Daemon procrun (1.2.3.0 64-bit) started.
[2020-12-18 11:11:50] [info]  [13928] Running Service 'Tomcat8'...
[2020-12-18 11:11:50] [info]  [14576] Starting service...
[2020-12-18 11:11:51] [info]  [14576] Service started in 1227 milliseconds.
[2020-12-18 11:15:23] [info]  [13132] Stopping service...
[2020-12-18 11:15:24] [info]  [13132] Service stop thread completed.
[2020-12-18 11:15:24] [info]  [13928] Run service finished.
[2020-12-18 11:15:24] [info]  [13928] Apache Commons Daemon procrun finished.
[2020-12-18 11:15:24] [info]  [ 1408] Apache Commons Daemon procrun (1.2.3.0 64-bit) started.
[2020-12-18 11:15:24] [info]  [ 1408] Running Service 'Tomcat8'...
[2020-12-18 11:15:24] [info]  [ 7732] Starting service...
[2020-12-18 11:15:26] [info]  [ 7732] Service started in 1310 milliseconds.
[2020-12-18 11:41:56] [info]  [  576] Stopping service...
[2020-12-18 11:41:57] [info]  [  576] Service stop thread completed.
[2020-12-18 11:41:57] [info]  [ 1408] Run service finished.
[2020-12-18 11:41:57] [info]  [ 1408] Apache Commons Daemon procrun finished.
[2020-12-18 11:41:57] [info]  [12548] Apache Commons Daemon procrun (1.2.3.0 64-bit) started.
[2020-12-18 11:41:58] [info]  [12548] Running Service 'Tomcat8'...
[2020-12-18 11:41:58] [info]  [11360] Starting service...
[2020-12-18 11:41:59] [info]  [11360] Service started in 1245 milliseconds.
[2020-12-18 11:45:36] [info]  [ 5560] Stopping service...
[2020-12-18 11:45:37] [info]  [ 5560] Service stop thread completed.
[2020-12-18 11:45:37] [info]  [12548] Run service finished.
[2020-12-18 11:45:37] [info]  [12548] Apache Commons Daemon procrun finished.
[2020-12-18 11:45:37] [info]  [11964] Apache Commons Daemon procrun (1.2.3.0 64-bit) started.
[2020-12-18 11:45:37] [info]  [11964] Running Service 'Tomcat8'...
[2020-12-18 11:45:37] [info]  [11792] Starting service...
[2020-12-18 11:45:38] [info]  [11792] Service started in 1245 milliseconds.
[2020-12-18 11:52:41] [info]  [ 5896] Stopping service...
[2020-12-18 11:52:42] [info]  [ 5896] Service stop thread completed.
[2020-12-18 11:52:42] [info]  [11964] Run service finished.
[2020-12-18 11:52:42] [info]  [11964] Apache Commons Daemon procrun finished.
[2020-12-18 11:52:43] [info]  [13800] Apache Commons Daemon procrun (1.2.3.0 64-bit) started.
[2020-12-18 11:52:43] [info]  [13800] Running Service 'Tomcat8'...
[2020-12-18 11:52:43] [info]  [ 3176] Starting service...
[2020-12-18 11:52:44] [info]  [ 3176] Service started in 1260 milliseconds.
[2020-12-18 12:07:08] [info]  [16520] Stopping service...
[2020-12-18 12:07:09] [info]  [16520] Service stop thread completed.
[2020-12-18 12:07:09] [info]  [13800] Run service finished.
[2020-12-18 12:07:09] [info]  [13800] Apache Commons Daemon procrun finished.
[2020-12-18 12:07:09] [info]  [11252] Apache Commons Daemon procrun (1.2.3.0 64-bit) started.
[2020-12-18 12:07:09] [info]  [11252] Running Service 'Tomcat8'...
[2020-12-18 12:07:09] [info]  [11788] Starting service...
[2020-12-18 12:07:11] [info]  [11788] Service started in 1244 milliseconds.
[2020-12-18 12:12:57] [info]  [13444] Stopping service...
[2020-12-18 12:12:58] [info]  [13444] Service stop thread completed.
[2020-12-18 12:12:58] [info]  [11252] Run service finished.
[2020-12-18 12:12:58] [info]  [11252] Apache Commons Daemon procrun finished.
[2020-12-18 12:12:59] [info]  [14940] Apache Commons Daemon procrun (1.2.3.0 64-bit) started.
[2020-12-18 12:12:59] [info]  [14940] Running Service 'Tomcat8'...
[2020-12-18 12:12:59] [info]  [11828] Starting service...
[2020-12-18 12:13:00] [info]  [11828] Service started in 1274 milliseconds.
[2020-12-18 12:19:55] [info]  [ 8060] Stopping service...
[2020-12-18 12:19:56] [info]  [ 8060] Service stop thread completed.
[2020-12-18 12:19:56] [info]  [14940] Run service finished.
[2020-12-18 12:19:56] [info]  [14940] Apache Commons Daemon procrun finished.
[2020-12-18 12:19:57] [info]  [ 7252] Apache Commons Daemon procrun (1.2.3.0 64-bit) started.
[2020-12-18 12:19:57] [info]  [ 7252] Running Service 'Tomcat8'...
[2020-12-18 12:19:57] [info]  [ 6052] Starting service...
[2020-12-18 12:19:58] [info]  [ 6052] Service started in 1258 milliseconds.
[2020-12-18 12:40:12] [info]  [ 2692] Stopping service...
[2020-12-18 12:40:13] [info]  [ 2692] Service stop thread completed.
[2020-12-18 12:40:13] [info]  [ 7252] Run service finished.
[2020-12-18 12:40:13] [info]  [ 7252] Apache Commons Daemon procrun finished.
[2020-12-18 12:40:14] [info]  [  264] Apache Commons Daemon procrun (1.2.3.0 64-bit) started.
[2020-12-18 12:40:14] [info]  [  264] Running Service 'Tomcat8'...
[2020-12-18 12:40:14] [info]  [ 8720] Starting service...
[2020-12-18 12:40:15] [info]  [ 8720] Service started in 1267 milliseconds.
[2020-12-18 12:40:18] [info]  [  264] Run service finished.
[2020-12-18 12:40:18] [info]  [  264] Apache Commons Daemon procrun finished.
[2020-12-18 12:41:35] [info]  [14768] Apache Commons Daemon procrun (1.2.3.0 64-bit) started.
[2020-12-18 12:41:36] [info]  [14768] Running Service 'Tomcat8'...
[2020-12-18 12:41:36] [info]  [ 9708] Starting service...
[2020-12-18 12:41:37] [info]  [ 9708] Service started in 1229 milliseconds.
[2020-12-18 12:42:11] [info]  [15308] Stopping service...
[2020-12-18 12:42:12] [info]  [15308] Service stop thread completed.
[2020-12-18 12:42:12] [info]  [14768] Run service finished.
[2020-12-18 12:42:12] [info]  [14768] Apache Commons Daemon procrun finished.
[2020-12-18 12:42:12] [info]  [13004] Apache Commons Daemon procrun (1.2.3.0 64-bit) started.
[2020-12-18 12:42:12] [info]  [13004] Running Service 'Tomcat8'...
[2020-12-18 12:42:12] [info]  [13260] Starting service...
[2020-12-18 12:42:14] [info]  [13260] Service started in 1258 milliseconds.
[2020-12-18 12:42:17] [info]  [13004] Run service finished.
[2020-12-18 12:42:17] [info]  [13004] Apache Commons Daemon procrun finished.
[2020-12-18 12:43:15] [info]  [13068] Apache Commons Daemon procrun (1.2.3.0 64-bit) started.
[2020-12-18 12:43:15] [info]  [13068] Running Service 'Tomcat8'...
[2020-12-18 12:43:15] [info]  [ 8604] Starting service...
[2020-12-18 12:43:16] [info]  [ 8604] Service started in 1234 milliseconds.
[2020-12-18 12:44:11] [info]  [ 4428] Stopping service...
[2020-12-18 12:44:12] [info]  [ 4428] Service stop thread completed.
[2020-12-18 12:44:12] [info]  [13068] Run service finished.
[2020-12-18 12:44:12] [info]  [13068] Apache Commons Daemon procrun finished.
[2020-12-18 12:44:13] [info]  [12120] Apache Commons Daemon procrun (1.2.3.0 64-bit) started.
[2020-12-18 12:44:13] [info]  [12120] Running Service 'Tomcat8'...
[2020-12-18 12:44:13] [info]  [17324] Starting service...
[2020-12-18 12:44:14] [info]  [17324] Service started in 1299 milliseconds.
[2020-12-18 12:44:29] [info]  [ 7700] Stopping service...
[2020-12-18 12:44:30] [info]  [ 7700] Service stop thread completed.
[2020-12-18 12:44:30] [info]  [12120] Run service finished.
[2020-12-18 12:44:30] [info]  [12120] Apache Commons Daemon procrun finished.
[2020-12-18 12:44:30] [info]  [16692] Apache Commons Daemon procrun (1.2.3.0 64-bit) started.
[2020-12-18 12:44:30] [info]  [16692] Running Service 'Tomcat8'...
[2020-12-18 12:44:30] [info]  [ 2604] Starting service...
[2020-12-18 12:44:32] [info]  [ 2604] Service started in 1279 milliseconds.
[2020-12-18 12:53:57] [info]  [ 7464] Stopping service...
[2020-12-18 12:53:58] [info]  [ 7464] Service stop thread completed.
[2020-12-18 12:53:58] [info]  [16692] Run service finished.
[2020-12-18 12:53:58] [info]  [16692] Apache Commons Daemon procrun finished.
[2020-12-18 12:53:58] [info]  [  800] Apache Commons Daemon procrun (1.2.3.0 64-bit) started.
[2020-12-18 12:53:58] [info]  [  800] Running Service 'Tomcat8'...
[2020-12-18 12:53:58] [info]  [ 5936] Starting service...
[2020-12-18 12:53:59] [info]  [ 5936] Service started in 1265 milliseconds.
[2020-12-18 12:55:41] [info]  [11012] Stopping service...
[2020-12-18 12:55:42] [info]  [11012] Service stop thread completed.
[2020-12-18 12:55:42] [info]  [  800] Run service finished.
[2020-12-18 12:55:42] [info]  [  800] Apache Commons Daemon procrun finished.
[2020-12-18 12:55:42] [info]  [12940] Apache Commons Daemon procrun (1.2.3.0 64-bit) started.
[2020-12-18 12:55:43] [info]  [12940] Running Service 'Tomcat8'...
[2020-12-18 12:55:43] [info]  [ 3732] Starting service...
[2020-12-18 12:55:44] [info]  [ 3732] Service started in 1267 milliseconds.
[2020-12-18 12:58:43] [info]  [17100] Stopping service...
[2020-12-18 12:58:44] [info]  [17100] Service stop thread completed.
[2020-12-18 12:58:44] [info]  [12940] Run service finished.
[2020-12-18 12:58:44] [info]  [12940] Apache Commons Daemon procrun finished.
[2020-12-18 12:58:45] [info]  [11420] Apache Commons Daemon procrun (1.2.3.0 64-bit) started.
[2020-12-18 12:58:45] [info]  [11420] Running Service 'Tomcat8'...
[2020-12-18 12:58:45] [info]  [10580] Starting service...
[2020-12-18 12:58:46] [info]  [10580] Service started in 1284 milliseconds.
[2020-12-18 13:05:02] [info]  [10556] Stopping service...
[2020-12-18 13:05:03] [info]  [10556] Service stop thread completed.
[2020-12-18 13:05:03] [info]  [11420] Run service finished.
[2020-12-18 13:05:03] [info]  [11420] Apache Commons Daemon procrun finished.
[2020-12-18 13:05:04] [info]  [ 8100] Apache Commons Daemon procrun (1.2.3.0 64-bit) started.
[2020-12-18 13:05:04] [info]  [ 8100] Running Service 'Tomcat8'...
[2020-12-18 13:05:04] [info]  [ 7660] Starting service...
[2020-12-18 13:05:05] [info]  [ 7660] Service started in 1292 milliseconds.
[2020-12-18 13:05:28] [info]  [ 2380] Stopping service...
[2020-12-18 13:05:29] [info]  [ 2380] Service stop thread completed.
[2020-12-18 13:05:29] [info]  [ 8100] Run service finished.
[2020-12-18 13:05:29] [info]  [ 8100] Apache Commons Daemon procrun finished.
[2020-12-18 13:05:30] [info]  [15864] Apache Commons Daemon procrun (1.2.3.0 64-bit) started.
[2020-12-18 13:05:30] [info]  [15864] Running Service 'Tomcat8'...
[2020-12-18 13:05:30] [info]  [ 5912] Starting service...
[2020-12-18 13:05:31] [info]  [ 5912] Service started in 1222 milliseconds.
[2020-12-18 13:09:33] [info]  [ 2364] Stopping service...
[2020-12-18 13:09:34] [info]  [ 2364] Service stop thread completed.
[2020-12-18 13:09:34] [info]  [15864] Run service finished.
[2020-12-18 13:09:34] [info]  [15864] Apache Commons Daemon procrun finished.
[2020-12-18 13:09:34] [info]  [ 5772] Apache Commons Daemon procrun (1.2.3.0 64-bit) started.
[2020-12-18 13:09:34] [info]  [ 5772] Running Service 'Tomcat8'...
[2020-12-18 13:09:34] [info]  [12292] Starting service...
[2020-12-18 13:09:36] [info]  [12292] Service started in 1220 milliseconds.
[2020-12-18 13:32:14] [info]  [ 8360] Stopping service...
[2020-12-18 13:32:15] [info]  [ 8360] Service stop thread completed.
[2020-12-18 13:32:15] [info]  [ 5772] Run service finished.
[2020-12-18 13:32:15] [info]  [ 5772] Apache Commons Daemon procrun finished.
[2020-12-18 13:32:15] [info]  [14416] Apache Commons Daemon procrun (1.2.3.0 64-bit) started.
[2020-12-18 13:32:15] [info]  [14416] Running Service 'Tomcat8'...
[2020-12-18 13:32:15] [info]  [16520] Starting service...
[2020-12-18 13:32:17] [info]  [16520] Service started in 1229 milliseconds.
[2020-12-18 13:34:13] [info]  [11476] Stopping service...
[2020-12-18 13:34:14] [info]  [11476] Service stop thread completed.
[2020-12-18 13:34:14] [info]  [14416] Run service finished.
[2020-12-18 13:34:14] [info]  [14416] Apache Commons Daemon procrun finished.
[2020-12-18 13:34:15] [info]  [ 6188] Apache Commons Daemon procrun (1.2.3.0 64-bit) started.
[2020-12-18 13:34:15] [info]  [ 6188] Running Service 'Tomcat8'...
[2020-12-18 13:34:15] [info]  [ 4708] Starting service...
[2020-12-18 13:34:16] [info]  [ 4708] Service started in 1222 milliseconds.
[2020-12-18 13:35:42] [info]  [12668] Stopping service...
[2020-12-18 13:35:43] [info]  [12668] Service stop thread completed.
[2020-12-18 13:35:43] [info]  [ 6188] Run service finished.
[2020-12-18 13:35:43] [info]  [ 6188] Apache Commons Daemon procrun finished.
[2020-12-18 13:35:43] [info]  [  728] Apache Commons Daemon procrun (1.2.3.0 64-bit) started.
[2020-12-18 13:35:43] [info]  [  728] Running Service 'Tomcat8'...
[2020-12-18 13:35:43] [info]  [ 7088] Starting service...
[2020-12-18 13:35:45] [info]  [ 7088] Service started in 1242 milliseconds.
[2020-12-18 13:37:13] [info]  [17028] Stopping service...
[2020-12-18 13:37:14] [info]  [17028] Service stop thread completed.
[2020-12-18 13:37:14] [info]  [  728] Run service finished.
[2020-12-18 13:37:14] [info]  [  728] Apache Commons Daemon procrun finished.
[2020-12-18 13:37:14] [info]  [11236] Apache Commons Daemon procrun (1.2.3.0 64-bit) started.
[2020-12-18 13:37:14] [info]  [11236] Running Service 'Tomcat8'...
[2020-12-18 13:37:14] [info]  [ 7600] Starting service...
[2020-12-18 13:37:15] [info]  [ 7600] Service started in 1231 milliseconds.
[2020-12-18 13:40:07] [info]  [12716] Stopping service...
[2020-12-18 13:40:08] [info]  [12716] Service stop thread completed.
[2020-12-18 13:40:08] [info]  [11236] Run service finished.
[2020-12-18 13:40:08] [info]  [11236] Apache Commons Daemon procrun finished.
[2020-12-18 13:40:08] [info]  [13624] Apache Commons Daemon procrun (1.2.3.0 64-bit) started.
[2020-12-18 13:40:08] [info]  [13624] Running Service 'Tomcat8'...
[2020-12-18 13:40:08] [info]  [ 1372] Starting service...
[2020-12-18 13:40:09] [info]  [ 1372] Service started in 1227 milliseconds.
