[2020-12-30 00:07:42] [info]  [22308] Apache Commons Daemon procrun (1.2.3.0 64-bit) started.
[2020-12-30 00:07:42] [info]  [22308] Debugging 'Tomcat8' service...
[2020-12-30 00:07:42] [info]  [22308] Starting service...
[2020-12-30 00:07:44] [info]  [22308] Service started in 1280 milliseconds.
[2020-12-30 00:16:59] [info]  [21536] Console CTRL+CLOSE event signaled.
[2020-12-30 00:16:59] [info]  [21536] Stopping service...
[2020-12-30 15:08:53] [info]  [19344] Apache Commons Daemon procrun (1.2.3.0 64-bit) started.
[2020-12-30 15:08:53] [info]  [19344] Debugging 'Tomcat8' service...
[2020-12-30 15:08:53] [info]  [19344] Starting service...
[2020-12-30 15:08:56] [info]  [19344] Service started in 2547 milliseconds.
[2020-12-30 15:09:18] [info]  [ 3076] Console CTRL+CLOSE event signaled.
[2020-12-30 15:09:18] [info]  [ 3076] Stopping service...
[2020-12-30 15:09:19] [info]  [ 3076] Service stop thread completed.
[2020-12-30 15:09:23] [info]  [11016] Apache Commons Daemon procrun (1.2.3.0 64-bit) started.
[2020-12-30 15:09:23] [info]  [11016] Debugging 'Tomcat8' service...
[2020-12-30 15:09:23] [info]  [11016] Starting service...
[2020-12-30 15:09:24] [info]  [11016] Service started in 1175 milliseconds.
[2020-12-30 22:20:31] [info]  [18400] Console CTRL+CLOSE event signaled.
[2020-12-30 22:20:31] [info]  [18400] Stopping service...
[2020-12-30 22:20:32] [info]  [18400] Service stop thread completed.
