
2020-12-16 07:34:47 Apache Commons Daemon procrun stdout initialized.

2020-12-16 07:35:19 Apache Commons Daemon procrun stdout initialized.
Number of Books is 0
java.sql.SQLSyntaxErrorException: You have an error in your SQL syntax; check the manual that corresponds to your MySQL server version for the right syntax to use near 'ownerId='0'' at line 1

2020-12-16 07:37:53 Apache Commons Daemon procrun stdout initialized.

2020-12-16 07:40:04 Apache Commons Daemon procrun stdout initialized.

2020-12-16 07:42:59 Apache Commons Daemon procrun stdout initialized.
Number of Books is 0
java.sql.SQLSyntaxErrorException: You have an error in your SQL syntax; check the manual that corresponds to your MySQL server version for the right syntax to use near 'ownerId='0'' at line 1

2020-12-16 07:45:40 Apache Commons Daemon procrun stdout initialized.
Number of Books is 0
java.sql.SQLSyntaxErrorException: You have an error in your SQL syntax; check the manual that corresponds to your MySQL server version for the right syntax to use near 'ownerId='0'' at line 1

2020-12-16 07:49:05 Apache Commons Daemon procrun stdout initialized.

2020-12-16 07:51:15 Apache Commons Daemon procrun stdout initialized.
Number of Books is 0
java.sql.SQLSyntaxErrorException: You have an error in your SQL syntax; check the manual that corresponds to your MySQL server version for the right syntax to use near 'ownerId='0'' at line 1

2020-12-16 07:52:57 Apache Commons Daemon procrun stdout initialized.
Number of Books is 0
java.sql.SQLSyntaxErrorException: You have an error in your SQL syntax; check the manual that corresponds to your MySQL server version for the right syntax to use near 'ownerId='0'' at line 1
Number of Books is 0
java.sql.SQLSyntaxErrorException: You have an error in your SQL syntax; check the manual that corresponds to your MySQL server version for the right syntax to use near 'ownerId='0'' at line 1
Number of Books is 0
java.sql.SQLSyntaxErrorException: You have an error in your SQL syntax; check the manual that corresponds to your MySQL server version for the right syntax to use near 'ownerId='0'' at line 1
Number of Books is 0
java.sql.SQLSyntaxErrorException: You have an error in your SQL syntax; check the manual that corresponds to your MySQL server version for the right syntax to use near 'ownerId='0'' at line 1
Number of Books is 0
java.sql.SQLSyntaxErrorException: You have an error in your SQL syntax; check the manual that corresponds to your MySQL server version for the right syntax to use near 'ownerId='0'' at line 1
Number of Books is 0
java.sql.SQLSyntaxErrorException: You have an error in your SQL syntax; check the manual that corresponds to your MySQL server version for the right syntax to use near 'ownerId='0'' at line 1
Number of Books is 0
java.sql.SQLSyntaxErrorException: You have an error in your SQL syntax; check the manual that corresponds to your MySQL server version for the right syntax to use near 'ownerId='0'' at line 1
Number of Books is 0
java.sql.SQLSyntaxErrorException: You have an error in your SQL syntax; check the manual that corresponds to your MySQL server version for the right syntax to use near 'ownerId='0'' at line 1
Number of Books is 0
java.sql.SQLSyntaxErrorException: You have an error in your SQL syntax; check the manual that corresponds to your MySQL server version for the right syntax to use near 'ownerId='0'' at line 1

2020-12-16 08:03:55 Apache Commons Daemon procrun stdout initialized.
Number of Books is 0
java.sql.SQLSyntaxErrorException: You have an error in your SQL syntax; check the manual that corresponds to your MySQL server version for the right syntax to use near 'ownerId='0'' at line 1

2020-12-16 08:06:39 Apache Commons Daemon procrun stdout initialized.
Number of Books is 0
java.sql.SQLSyntaxErrorException: You have an error in your SQL syntax; check the manual that corresponds to your MySQL server version for the right syntax to use near 'ownerId='0'' at line 1

2020-12-16 08:07:51 Apache Commons Daemon procrun stdout initialized.
Number of Books is 0
java.sql.SQLSyntaxErrorException: You have an error in your SQL syntax; check the manual that corresponds to your MySQL server version for the right syntax to use near 'ownerId='0'' at line 1

2020-12-16 08:10:17 Apache Commons Daemon procrun stdout initialized.
Number of Books is 0
java.sql.SQLSyntaxErrorException: You have an error in your SQL syntax; check the manual that corresponds to your MySQL server version for the right syntax to use near 'ownerId='0'' at line 1

2020-12-16 09:36:57 Apache Commons Daemon procrun stdout initialized.

2020-12-16 09:37:18 Apache Commons Daemon procrun stdout initialized.

2020-12-16 09:38:04 Apache Commons Daemon procrun stdout initialized.
Number of Books is 0
java.sql.SQLSyntaxErrorException: You have an error in your SQL syntax; check the manual that corresponds to your MySQL server version for the right syntax to use near 'ownerId='0'' at line 1

2020-12-16 09:43:38 Apache Commons Daemon procrun stdout initialized.

2020-12-16 09:45:16 Apache Commons Daemon procrun stdout initialized.

2020-12-16 09:46:22 Apache Commons Daemon procrun stdout initialized.
Number of Books is 0
java.sql.SQLSyntaxErrorException: You have an error in your SQL syntax; check the manual that corresponds to your MySQL server version for the right syntax to use near 'ownerId='0'' at line 1

2020-12-16 09:48:51 Apache Commons Daemon procrun stdout initialized.
Number of Books is 0
java.sql.SQLSyntaxErrorException: You have an error in your SQL syntax; check the manual that corresponds to your MySQL server version for the right syntax to use near 'ownerId='0'' at line 1
Number of Books is 0
java.sql.SQLSyntaxErrorException: You have an error in your SQL syntax; check the manual that corresponds to your MySQL server version for the right syntax to use near 'ownerId='0'' at line 1
Number of Books is 0
java.sql.SQLSyntaxErrorException: You have an error in your SQL syntax; check the manual that corresponds to your MySQL server version for the right syntax to use near 'ownerId='0'' at line 1
Number of Books is 0
java.sql.SQLSyntaxErrorException: You have an error in your SQL syntax; check the manual that corresponds to your MySQL server version for the right syntax to use near 'ownerId='0'' at line 1

2020-12-16 09:53:45 Apache Commons Daemon procrun stdout initialized.

2020-12-16 09:58:55 Apache Commons Daemon procrun stdout initialized.
Number of Books is 0
java.sql.SQLSyntaxErrorException: You have an error in your SQL syntax; check the manual that corresponds to your MySQL server version for the right syntax to use near 'ownerId='0'' at line 1

2020-12-16 10:02:19 Apache Commons Daemon procrun stdout initialized.

2020-12-16 10:04:39 Apache Commons Daemon procrun stdout initialized.
Number of Books is 0
java.sql.SQLSyntaxErrorException: You have an error in your SQL syntax; check the manual that corresponds to your MySQL server version for the right syntax to use near 'ownerId='0'' at line 1

2020-12-16 10:06:26 Apache Commons Daemon procrun stdout initialized.
Number of Books is 6
java.sql.SQLSyntaxErrorException: You have an error in your SQL syntax; check the manual that corresponds to your MySQL server version for the right syntax to use near 'ownerId='1'' at line 1

2020-12-16 10:07:44 Apache Commons Daemon procrun stdout initialized.
Number of Books is 6
java.sql.SQLSyntaxErrorException: You have an error in your SQL syntax; check the manual that corresponds to your MySQL server version for the right syntax to use near 'ownerId='1'' at line 1
Number of Books is 6
java.sql.SQLSyntaxErrorException: You have an error in your SQL syntax; check the manual that corresponds to your MySQL server version for the right syntax to use near 'ownerId='1'' at line 1

2020-12-16 10:14:43 Apache Commons Daemon procrun stdout initialized.

2020-12-16 10:30:50 Apache Commons Daemon procrun stdout initialized.
Number of Books is 6
java.sql.SQLSyntaxErrorException: You have an error in your SQL syntax; check the manual that corresponds to your MySQL server version for the right syntax to use near 'ownerId='1'' at line 1
Number of Books is 6
java.sql.SQLSyntaxErrorException: You have an error in your SQL syntax; check the manual that corresponds to your MySQL server version for the right syntax to use near 'ownerId='1'' at line 1

2020-12-16 10:35:03 Apache Commons Daemon procrun stdout initialized.
Number of Books is 6
java.sql.SQLSyntaxErrorException: You have an error in your SQL syntax; check the manual that corresponds to your MySQL server version for the right syntax to use near 'ownerId='1'' at line 1
Number of Books is 6
java.sql.SQLSyntaxErrorException: You have an error in your SQL syntax; check the manual that corresponds to your MySQL server version for the right syntax to use near 'ownerId='1'' at line 1
Number of Books is 6
java.sql.SQLSyntaxErrorException: You have an error in your SQL syntax; check the manual that corresponds to your MySQL server version for the right syntax to use near 'ownerId='1'' at line 1

2020-12-16 10:37:45 Apache Commons Daemon procrun stdout initialized.
Number of Books is 6
java.sql.SQLSyntaxErrorException: You have an error in your SQL syntax; check the manual that corresponds to your MySQL server version for the right syntax to use near 'ownerId='1'' at line 1
Number of Books is 6
java.sql.SQLSyntaxErrorException: You have an error in your SQL syntax; check the manual that corresponds to your MySQL server version for the right syntax to use near 'ownerId='1'' at line 1
Number of Books is 6
java.sql.SQLSyntaxErrorException: You have an error in your SQL syntax; check the manual that corresponds to your MySQL server version for the right syntax to use near 'ownerId='1'' at line 1

2020-12-16 10:41:12 Apache Commons Daemon procrun stdout initialized.
Number of Books is 6
java.sql.SQLSyntaxErrorException: You have an error in your SQL syntax; check the manual that corresponds to your MySQL server version for the right syntax to use near 'ownerId='1'' at line 1
Number of Books is 6
java.sql.SQLSyntaxErrorException: You have an error in your SQL syntax; check the manual that corresponds to your MySQL server version for the right syntax to use near 'ownerId='1'' at line 1
Number of Books is 6
java.sql.SQLSyntaxErrorException: You have an error in your SQL syntax; check the manual that corresponds to your MySQL server version for the right syntax to use near 'ownerId='1'' at line 1
Number of Books is 1
java.sql.SQLSyntaxErrorException: You have an error in your SQL syntax; check the manual that corresponds to your MySQL server version for the right syntax to use near 'ownerId='2'' at line 1

2020-12-16 10:44:18 Apache Commons Daemon procrun stdout initialized.
Number of Books is 6
java.sql.SQLSyntaxErrorException: You have an error in your SQL syntax; check the manual that corresponds to your MySQL server version for the right syntax to use near 'ownerId='1'' at line 1
Number of Books is 6
java.sql.SQLSyntaxErrorException: You have an error in your SQL syntax; check the manual that corresponds to your MySQL server version for the right syntax to use near 'ownerId='1'' at line 1
Number of Books is 6
java.sql.SQLSyntaxErrorException: You have an error in your SQL syntax; check the manual that corresponds to your MySQL server version for the right syntax to use near 'ownerId='1'' at line 1

2020-12-16 10:47:49 Apache Commons Daemon procrun stdout initialized.
Number of Books is 6
java.sql.SQLSyntaxErrorException: You have an error in your SQL syntax; check the manual that corresponds to your MySQL server version for the right syntax to use near 'ownerId='1'' at line 1
Number of Books is 6
java.sql.SQLSyntaxErrorException: You have an error in your SQL syntax; check the manual that corresponds to your MySQL server version for the right syntax to use near 'ownerId='1'' at line 1

2020-12-16 10:51:19 Apache Commons Daemon procrun stdout initialized.
Number of Books is 6
java.sql.SQLSyntaxErrorException: You have an error in your SQL syntax; check the manual that corresponds to your MySQL server version for the right syntax to use near 'ownerId='1'' at line 1

2020-12-16 10:58:50 Apache Commons Daemon procrun stdout initialized.
Number of Books is 6
java.sql.SQLSyntaxErrorException: You have an error in your SQL syntax; check the manual that corresponds to your MySQL server version for the right syntax to use near 'ownerId='1'' at line 1
Number of Books is 1
java.sql.SQLSyntaxErrorException: You have an error in your SQL syntax; check the manual that corresponds to your MySQL server version for the right syntax to use near 'ownerId='2'' at line 1

2020-12-16 11:00:31 Apache Commons Daemon procrun stdout initialized.
Number of Books is 6
java.sql.SQLSyntaxErrorException: You have an error in your SQL syntax; check the manual that corresponds to your MySQL server version for the right syntax to use near 'ownerId='1'' at line 1

2020-12-16 11:02:35 Apache Commons Daemon procrun stdout initialized.
Number of Books is 6
java.sql.SQLSyntaxErrorException: You have an error in your SQL syntax; check the manual that corresponds to your MySQL server version for the right syntax to use near 'ownerId='1'' at line 1
Number of Books is 6
java.sql.SQLSyntaxErrorException: You have an error in your SQL syntax; check the manual that corresponds to your MySQL server version for the right syntax to use near 'ownerId='1'' at line 1
Number of Books is 6
java.sql.SQLSyntaxErrorException: You have an error in your SQL syntax; check the manual that corresponds to your MySQL server version for the right syntax to use near 'ownerId='1'' at line 1
Number of Books is 6
java.sql.SQLSyntaxErrorException: You have an error in your SQL syntax; check the manual that corresponds to your MySQL server version for the right syntax to use near 'ownerId='1'' at line 1
Number of Books is 1
java.sql.SQLSyntaxErrorException: You have an error in your SQL syntax; check the manual that corresponds to your MySQL server version for the right syntax to use near 'ownerId='2'' at line 1

2020-12-16 11:07:00 Apache Commons Daemon procrun stdout initialized.
Number of Books is 6
java.sql.SQLSyntaxErrorException: You have an error in your SQL syntax; check the manual that corresponds to your MySQL server version for the right syntax to use near 'ownerId='1'' at line 1

2020-12-16 11:08:21 Apache Commons Daemon procrun stdout initialized.
Number of Books is 6
java.sql.SQLSyntaxErrorException: You have an error in your SQL syntax; check the manual that corresponds to your MySQL server version for the right syntax to use near 'ownerId='1'' at line 1

2020-12-16 11:14:54 Apache Commons Daemon procrun stdout initialized.
Number of Books is 6
java.sql.SQLSyntaxErrorException: You have an error in your SQL syntax; check the manual that corresponds to your MySQL server version for the right syntax to use near 'ownerId='1'' at line 1
Number of Books is 1
java.sql.SQLSyntaxErrorException: You have an error in your SQL syntax; check the manual that corresponds to your MySQL server version for the right syntax to use near 'ownerId='2'' at line 1

2020-12-16 11:18:06 Apache Commons Daemon procrun stdout initialized.
Number of Books is 6
java.sql.SQLSyntaxErrorException: You have an error in your SQL syntax; check the manual that corresponds to your MySQL server version for the right syntax to use near 'ownerId='1'' at line 1
Number of Books is 6
java.sql.SQLSyntaxErrorException: You have an error in your SQL syntax; check the manual that corresponds to your MySQL server version for the right syntax to use near 'ownerId='1'' at line 1
Number of Books is 6
java.sql.SQLSyntaxErrorException: You have an error in your SQL syntax; check the manual that corresponds to your MySQL server version for the right syntax to use near 'ownerId='1'' at line 1

2020-12-16 11:21:18 Apache Commons Daemon procrun stdout initialized.
Number of Books is 6
java.sql.SQLSyntaxErrorException: You have an error in your SQL syntax; check the manual that corresponds to your MySQL server version for the right syntax to use near 'ownerId='1'' at line 1

2020-12-16 11:23:33 Apache Commons Daemon procrun stdout initialized.
Number of Books is 6
java.sql.SQLSyntaxErrorException: You have an error in your SQL syntax; check the manual that corresponds to your MySQL server version for the right syntax to use near 'ownerId='1'' at line 1

2020-12-16 11:25:14 Apache Commons Daemon procrun stdout initialized.
Number of Books is 6
java.sql.SQLSyntaxErrorException: You have an error in your SQL syntax; check the manual that corresponds to your MySQL server version for the right syntax to use near 'ownerId='1'' at line 1

2020-12-16 11:29:59 Apache Commons Daemon procrun stdout initialized.

2020-12-16 11:31:09 Apache Commons Daemon procrun stdout initialized.
Number of Books is 6
java.sql.SQLSyntaxErrorException: You have an error in your SQL syntax; check the manual that corresponds to your MySQL server version for the right syntax to use near 'ownerId='1'' at line 1

2020-12-16 11:36:59 Apache Commons Daemon procrun stdout initialized.
Number of Books is 6
java.sql.SQLSyntaxErrorException: You have an error in your SQL syntax; check the manual that corresponds to your MySQL server version for the right syntax to use near 'ownerId='1'' at line 1
Number of Books is 6
java.sql.SQLSyntaxErrorException: You have an error in your SQL syntax; check the manual that corresponds to your MySQL server version for the right syntax to use near 'ownerId='1'' at line 1

2020-12-16 11:40:43 Apache Commons Daemon procrun stdout initialized.
Number of Books is 6
java.sql.SQLSyntaxErrorException: You have an error in your SQL syntax; check the manual that corresponds to your MySQL server version for the right syntax to use near 'ownerId='1'' at line 1

2020-12-16 11:43:23 Apache Commons Daemon procrun stdout initialized.

2020-12-16 11:45:17 Apache Commons Daemon procrun stdout initialized.
Number of Books is 6
java.sql.SQLSyntaxErrorException: You have an error in your SQL syntax; check the manual that corresponds to your MySQL server version for the right syntax to use near 'ownerId='1'' at line 1
Number of Books is 1
java.sql.SQLSyntaxErrorException: You have an error in your SQL syntax; check the manual that corresponds to your MySQL server version for the right syntax to use near 'ownerId='2'' at line 1

2020-12-16 11:50:41 Apache Commons Daemon procrun stdout initialized.

2020-12-16 11:51:53 Apache Commons Daemon procrun stdout initialized.
Number of Books is 6
java.sql.SQLSyntaxErrorException: You have an error in your SQL syntax; check the manual that corresponds to your MySQL server version for the right syntax to use near 'ownerId='1'' at line 1

2020-12-16 11:52:43 Apache Commons Daemon procrun stdout initialized.
Number of Books is 6
java.sql.SQLSyntaxErrorException: You have an error in your SQL syntax; check the manual that corresponds to your MySQL server version for the right syntax to use near 'ownerId='1'' at line 1

2020-12-16 11:53:40 Apache Commons Daemon procrun stdout initialized.

2020-12-16 11:54:26 Apache Commons Daemon procrun stdout initialized.
Number of Books is 6
java.sql.SQLSyntaxErrorException: You have an error in your SQL syntax; check the manual that corresponds to your MySQL server version for the right syntax to use near 'ownerId='1'' at line 1
Number of Books is 1
java.sql.SQLSyntaxErrorException: You have an error in your SQL syntax; check the manual that corresponds to your MySQL server version for the right syntax to use near 'ownerId='2'' at line 1
Number of Books is 1
java.sql.SQLSyntaxErrorException: You have an error in your SQL syntax; check the manual that corresponds to your MySQL server version for the right syntax to use near 'ownerId='3'' at line 1

2020-12-16 11:55:55 Apache Commons Daemon procrun stdout initialized.
Number of Books is 6
java.sql.SQLSyntaxErrorException: You have an error in your SQL syntax; check the manual that corresponds to your MySQL server version for the right syntax to use near 'ownerId='1'' at line 1

2020-12-16 11:58:03 Apache Commons Daemon procrun stdout initialized.

2020-12-16 11:59:34 Apache Commons Daemon procrun stdout initialized.

2020-12-16 12:02:03 Apache Commons Daemon procrun stdout initialized.
Number of Books is 6
java.sql.SQLSyntaxErrorException: You have an error in your SQL syntax; check the manual that corresponds to your MySQL server version for the right syntax to use near 'ownerId='1'' at line 1

2020-12-16 12:03:32 Apache Commons Daemon procrun stdout initialized.
Number of Books is 6
java.sql.SQLSyntaxErrorException: You have an error in your SQL syntax; check the manual that corresponds to your MySQL server version for the right syntax to use near 'ownerId='1'' at line 1
Number of Books is 6
java.sql.SQLSyntaxErrorException: You have an error in your SQL syntax; check the manual that corresponds to your MySQL server version for the right syntax to use near 'ownerId='1'' at line 1
Number of Books is 6
java.sql.SQLSyntaxErrorException: You have an error in your SQL syntax; check the manual that corresponds to your MySQL server version for the right syntax to use near 'ownerId='1'' at line 1
Number of Books is 6
java.sql.SQLSyntaxErrorException: You have an error in your SQL syntax; check the manual that corresponds to your MySQL server version for the right syntax to use near 'ownerId='1'' at line 1
Number of Books is 6
java.sql.SQLSyntaxErrorException: You have an error in your SQL syntax; check the manual that corresponds to your MySQL server version for the right syntax to use near 'ownerId='1'' at line 1
Number of Books is 6
java.sql.SQLSyntaxErrorException: You have an error in your SQL syntax; check the manual that corresponds to your MySQL server version for the right syntax to use near 'ownerId='1'' at line 1
Number of Books is 6
java.sql.SQLSyntaxErrorException: You have an error in your SQL syntax; check the manual that corresponds to your MySQL server version for the right syntax to use near 'ownerId='1'' at line 1
Number of Books is 6
java.sql.SQLSyntaxErrorException: You have an error in your SQL syntax; check the manual that corresponds to your MySQL server version for the right syntax to use near 'ownerId='1'' at line 1
Number of Books is 6
java.sql.SQLSyntaxErrorException: You have an error in your SQL syntax; check the manual that corresponds to your MySQL server version for the right syntax to use near 'ownerId='1'' at line 1

2020-12-16 13:47:51 Apache Commons Daemon procrun stdout initialized.
Number of Books is 6
java.sql.SQLSyntaxErrorException: You have an error in your SQL syntax; check the manual that corresponds to your MySQL server version for the right syntax to use near 'ownerId='1'' at line 1
Number of Books is 6
java.sql.SQLSyntaxErrorException: You have an error in your SQL syntax; check the manual that corresponds to your MySQL server version for the right syntax to use near 'ownerId='1'' at line 1
Number of Books is 6
java.sql.SQLSyntaxErrorException: You have an error in your SQL syntax; check the manual that corresponds to your MySQL server version for the right syntax to use near 'ownerId='1'' at line 1
Number of Books is 6
java.sql.SQLSyntaxErrorException: You have an error in your SQL syntax; check the manual that corresponds to your MySQL server version for the right syntax to use near 'ownerId='1'' at line 1

2020-12-16 14:29:23 Apache Commons Daemon procrun stdout initialized.
Number of Books is 6
java.sql.SQLSyntaxErrorException: You have an error in your SQL syntax; check the manual that corresponds to your MySQL server version for the right syntax to use near 'ownerId='1'' at line 1
Number of Books is 6
java.sql.SQLSyntaxErrorException: You have an error in your SQL syntax; check the manual that corresponds to your MySQL server version for the right syntax to use near 'ownerId='1'' at line 1
Number of Books is 6
java.sql.SQLSyntaxErrorException: You have an error in your SQL syntax; check the manual that corresponds to your MySQL server version for the right syntax to use near 'ownerId='1'' at line 1
Number of Books is 6
java.sql.SQLSyntaxErrorException: You have an error in your SQL syntax; check the manual that corresponds to your MySQL server version for the right syntax to use near 'ownerId='1'' at line 1
Number of Books is 6
java.sql.SQLSyntaxErrorException: You have an error in your SQL syntax; check the manual that corresponds to your MySQL server version for the right syntax to use near 'ownerId='1'' at line 1

2020-12-16 14:38:46 Apache Commons Daemon procrun stdout initialized.
Number of Books is 6
java.sql.SQLSyntaxErrorException: You have an error in your SQL syntax; check the manual that corresponds to your MySQL server version for the right syntax to use near 'ownerId='1'' at line 1

2020-12-16 14:43:05 Apache Commons Daemon procrun stdout initialized.
Number of Books is 6
java.sql.SQLSyntaxErrorException: You have an error in your SQL syntax; check the manual that corresponds to your MySQL server version for the right syntax to use near 'ownerId='1'' at line 1
Number of Books is 6
java.sql.SQLSyntaxErrorException: You have an error in your SQL syntax; check the manual that corresponds to your MySQL server version for the right syntax to use near 'ownerId='1'' at line 1
Number of Books is 6
java.sql.SQLSyntaxErrorException: You have an error in your SQL syntax; check the manual that corresponds to your MySQL server version for the right syntax to use near 'ownerId='1'' at line 1
Number of Books is 6
java.sql.SQLSyntaxErrorException: You have an error in your SQL syntax; check the manual that corresponds to your MySQL server version for the right syntax to use near 'ownerId='1'' at line 1
Number of Books is 6
java.sql.SQLSyntaxErrorException: You have an error in your SQL syntax; check the manual that corresponds to your MySQL server version for the right syntax to use near 'ownerId='1'' at line 1
Number of Books is 6
java.sql.SQLSyntaxErrorException: You have an error in your SQL syntax; check the manual that corresponds to your MySQL server version for the right syntax to use near 'ownerId='1'' at line 1
Number of Books is 6
java.sql.SQLSyntaxErrorException: You have an error in your SQL syntax; check the manual that corresponds to your MySQL server version for the right syntax to use near 'ownerId='1'' at line 1
Number of Books is 6
java.sql.SQLSyntaxErrorException: You have an error in your SQL syntax; check the manual that corresponds to your MySQL server version for the right syntax to use near 'ownerId='1'' at line 1
Number of Books is 1
java.sql.SQLSyntaxErrorException: You have an error in your SQL syntax; check the manual that corresponds to your MySQL server version for the right syntax to use near 'ownerId='2'' at line 1

2020-12-16 15:26:38 Apache Commons Daemon procrun stdout initialized.
Number of Books is 0
java.sql.SQLSyntaxErrorException: You have an error in your SQL syntax; check the manual that corresponds to your MySQL server version for the right syntax to use near 'ownerId='1'' at line 1
Number of Books is 0
java.sql.SQLSyntaxErrorException: You have an error in your SQL syntax; check the manual that corresponds to your MySQL server version for the right syntax to use near 'ownerId='1'' at line 1

2020-12-16 15:38:55 Apache Commons Daemon procrun stdout initialized.
Number of Books is 0
java.sql.SQLSyntaxErrorException: You have an error in your SQL syntax; check the manual that corresponds to your MySQL server version for the right syntax to use near 'ownerId='1'' at line 1
java
Number of Books is 5
java.sql.SQLSyntaxErrorException: You have an error in your SQL syntax; check the manual that corresponds to your MySQL server version for the right syntax to use near 'ownerId='1'' at line 1
Number of Books is 5
java.sql.SQLSyntaxErrorException: You have an error in your SQL syntax; check the manual that corresponds to your MySQL server version for the right syntax to use near 'ownerId='1'' at line 1
l

2020-12-16 15:44:13 Apache Commons Daemon procrun stdout initialized.
Number of Books is 5
java.sql.SQLSyntaxErrorException: You have an error in your SQL syntax; check the manual that corresponds to your MySQL server version for the right syntax to use near 'ownerId='1'' at line 1
l
Number of Books is 6
java.sql.SQLSyntaxErrorException: You have an error in your SQL syntax; check the manual that corresponds to your MySQL server version for the right syntax to use near 'ownerId='1'' at line 1
e

2020-12-16 15:49:11 Apache Commons Daemon procrun stdout initialized.
Number of Books is 7
java.sql.SQLSyntaxErrorException: You have an error in your SQL syntax; check the manual that corresponds to your MySQL server version for the right syntax to use near 'ownerId='1'' at line 1
oops
Number of Books is 8
java.sql.SQLSyntaxErrorException: You have an error in your SQL syntax; check the manual that corresponds to your MySQL server version for the right syntax to use near 'ownerId='1'' at line 1

2020-12-16 15:52:33 Apache Commons Daemon procrun stdout initialized.
Number of Books is 9
java.sql.SQLSyntaxErrorException: You have an error in your SQL syntax; check the manual that corresponds to your MySQL server version for the right syntax to use near 'ownerId='1'' at line 1
Number of Books is 9
java.sql.SQLSyntaxErrorException: You have an error in your SQL syntax; check the manual that corresponds to your MySQL server version for the right syntax to use near 'ownerId='1'' at line 1
Number of Books is 0
java.sql.SQLSyntaxErrorException: You have an error in your SQL syntax; check the manual that corresponds to your MySQL server version for the right syntax to use near 'ownerId='2'' at line 1

2020-12-16 15:58:49 Apache Commons Daemon procrun stdout initialized.
Number of Books is 9
java.sql.SQLSyntaxErrorException: You have an error in your SQL syntax; check the manual that corresponds to your MySQL server version for the right syntax to use near 'ownerId='1'' at line 1
Number of Books is 0
java.sql.SQLSyntaxErrorException: You have an error in your SQL syntax; check the manual that corresponds to your MySQL server version for the right syntax to use near 'ownerId='2'' at line 1
Number of Books is 0
java.sql.SQLSyntaxErrorException: You have an error in your SQL syntax; check the manual that corresponds to your MySQL server version for the right syntax to use near 'ownerId='2'' at line 1
Number of Books is 9
java.sql.SQLSyntaxErrorException: You have an error in your SQL syntax; check the manual that corresponds to your MySQL server version for the right syntax to use near 'ownerId='1'' at line 1

2020-12-16 16:14:05 Apache Commons Daemon procrun stdout initialized.
Number of Books is 9
java.sql.SQLSyntaxErrorException: You have an error in your SQL syntax; check the manual that corresponds to your MySQL server version for the right syntax to use near 'ownerId='1'' at line 1

2020-12-16 16:29:02 Apache Commons Daemon procrun stdout initialized.

2020-12-16 16:30:37 Apache Commons Daemon procrun stdout initialized.

2020-12-16 16:36:19 Apache Commons Daemon procrun stdout initialized.

2020-12-16 16:39:35 Apache Commons Daemon procrun stdout initialized.

2020-12-16 16:45:13 Apache Commons Daemon procrun stdout initialized.
Number of Books is 9
java.sql.SQLSyntaxErrorException: You have an error in your SQL syntax; check the manual that corresponds to your MySQL server version for the right syntax to use near 'ownerId='1'' at line 1
Number of Books is 9
java.sql.SQLSyntaxErrorException: You have an error in your SQL syntax; check the manual that corresponds to your MySQL server version for the right syntax to use near 'ownerId='1'' at line 1

2020-12-16 16:46:27 Apache Commons Daemon procrun stdout initialized.
Number of Books is 9
java.sql.SQLSyntaxErrorException: You have an error in your SQL syntax; check the manual that corresponds to your MySQL server version for the right syntax to use near 'ownerId='1'' at line 1

2020-12-16 16:47:55 Apache Commons Daemon procrun stdout initialized.
Number of Books is 9
java.sql.SQLSyntaxErrorException: You have an error in your SQL syntax; check the manual that corresponds to your MySQL server version for the right syntax to use near 'ownerId='1'' at line 1
Number of Books is 9
java.sql.SQLSyntaxErrorException: You have an error in your SQL syntax; check the manual that corresponds to your MySQL server version for the right syntax to use near 'ownerId='1'' at line 1
Number of Books is 9
java.sql.SQLSyntaxErrorException: You have an error in your SQL syntax; check the manual that corresponds to your MySQL server version for the right syntax to use near 'ownerId='1'' at line 1

2020-12-16 16:48:49 Apache Commons Daemon procrun stdout initialized.
Number of Books is 9
java.sql.SQLSyntaxErrorException: You have an error in your SQL syntax; check the manual that corresponds to your MySQL server version for the right syntax to use near 'ownerId='1'' at line 1

2020-12-16 16:51:09 Apache Commons Daemon procrun stdout initialized.
Number of Books is 9
java.sql.SQLSyntaxErrorException: You have an error in your SQL syntax; check the manual that corresponds to your MySQL server version for the right syntax to use near 'ownerId='1'' at line 1

2020-12-16 16:53:58 Apache Commons Daemon procrun stdout initialized.

2020-12-16 16:58:28 Apache Commons Daemon procrun stdout initialized.

2020-12-16 16:59:28 Apache Commons Daemon procrun stdout initialized.
Number of Books is 9
java.sql.SQLSyntaxErrorException: You have an error in your SQL syntax; check the manual that corresponds to your MySQL server version for the right syntax to use near 'ownerId='1'' at line 1

2020-12-16 17:00:41 Apache Commons Daemon procrun stdout initialized.
Number of Books is 9
java.sql.SQLSyntaxErrorException: You have an error in your SQL syntax; check the manual that corresponds to your MySQL server version for the right syntax to use near 'ownerId='1'' at line 1
Number of Books is 9
java.sql.SQLSyntaxErrorException: You have an error in your SQL syntax; check the manual that corresponds to your MySQL server version for the right syntax to use near 'ownerId='1'' at line 1

2020-12-16 17:04:28 Apache Commons Daemon procrun stdout initialized.

2020-12-16 17:08:55 Apache Commons Daemon procrun stdout initialized.
Number of Books is 9
java.sql.SQLSyntaxErrorException: You have an error in your SQL syntax; check the manual that corresponds to your MySQL server version for the right syntax to use near 'ownerId='1'' at line 1
Number of Books is 9
java.sql.SQLSyntaxErrorException: You have an error in your SQL syntax; check the manual that corresponds to your MySQL server version for the right syntax to use near 'ownerId='1'' at line 1
Number of Books is 9
java.sql.SQLSyntaxErrorException: You have an error in your SQL syntax; check the manual that corresponds to your MySQL server version for the right syntax to use near 'ownerId='1'' at line 1
Number of Books is 9
java.sql.SQLSyntaxErrorException: You have an error in your SQL syntax; check the manual that corresponds to your MySQL server version for the right syntax to use near 'ownerId='1'' at line 1

2020-12-16 17:11:21 Apache Commons Daemon procrun stdout initialized.
Number of Books is 9
java.sql.SQLSyntaxErrorException: You have an error in your SQL syntax; check the manual that corresponds to your MySQL server version for the right syntax to use near 'ownerId='1'' at line 1
Number of Books is 9
java.sql.SQLSyntaxErrorException: You have an error in your SQL syntax; check the manual that corresponds to your MySQL server version for the right syntax to use near 'ownerId='1'' at line 1

2020-12-16 17:17:42 Apache Commons Daemon procrun stdout initialized.
Number of Books is 9

2020-12-16 18:40:36 Apache Commons Daemon procrun stdout initialized.
Number of Books is 9

2020-12-16 18:50:01 Apache Commons Daemon procrun stdout initialized.
Number of Books is 9

2020-12-16 18:53:44 Apache Commons Daemon procrun stdout initialized.
Number of Books is 9

2020-12-16 18:55:33 Apache Commons Daemon procrun stdout initialized.

2020-12-16 18:57:14 Apache Commons Daemon procrun stdout initialized.
Number of Books is 9

2020-12-16 19:00:56 Apache Commons Daemon procrun stdout initialized.

2020-12-16 19:01:37 Apache Commons Daemon procrun stdout initialized.
Number of Books is 9

2020-12-16 19:04:18 Apache Commons Daemon procrun stdout initialized.
Number of Books is 9

2020-12-16 19:05:27 Apache Commons Daemon procrun stdout initialized.
Number of Books is 9

2020-12-16 19:06:44 Apache Commons Daemon procrun stdout initialized.
Number of Books is 9

2020-12-16 19:08:24 Apache Commons Daemon procrun stdout initialized.
Number of Books is 9

2020-12-16 19:09:18 Apache Commons Daemon procrun stdout initialized.
Number of Books is 9

2020-12-16 19:16:36 Apache Commons Daemon procrun stdout initialized.
Number of Books is 9

2020-12-16 19:17:54 Apache Commons Daemon procrun stdout initialized.
Number of Books is 9

2020-12-16 19:31:08 Apache Commons Daemon procrun stdout initialized.
Number of Books is 9

2020-12-16 19:51:03 Apache Commons Daemon procrun stdout initialized.
Number of Books is 9
java.sql.SQLSyntaxErrorException: Unknown column 'groupinfo.userId' in 'on clause'
java.sql.SQLSyntaxErrorException: Unknown column 'groupinfo.userId' in 'on clause'

2020-12-16 19:53:09 Apache Commons Daemon procrun stdout initialized.

2020-12-16 19:53:39 Apache Commons Daemon procrun stdout initialized.
Number of Books is 9
java.sql.SQLSyntaxErrorException: Unknown column 'groupinfo.userId' in 'on clause'
java.sql.SQLSyntaxErrorException: Unknown column 'groupinfo.userId' in 'on clause'

2020-12-16 19:55:05 Apache Commons Daemon procrun stdout initialized.
Number of Books is 9
java.sql.SQLSyntaxErrorException: Unknown column 'groupinfo.userId' in 'on clause'

2020-12-16 20:05:33 Apache Commons Daemon procrun stdout initialized.
Number of Books is 9
java.sql.SQLSyntaxErrorException: Unknown column 'groupinfo.userId' in 'on clause'

2020-12-16 20:07:14 Apache Commons Daemon procrun stdout initialized.
Number of Books is 9
java.sql.SQLSyntaxErrorException: Unknown column 'groupinfo.userId' in 'on clause'
java.sql.SQLSyntaxErrorException: Unknown column 'groupinfo.userId' in 'on clause'
java.sql.SQLSyntaxErrorException: Unknown column 'groupinfo.userId' in 'on clause'
java.sql.SQLSyntaxErrorException: Unknown column 'groupinfo.userId' in 'on clause'
java.sql.SQLSyntaxErrorException: Unknown column 'groupinfo.userId' in 'on clause'

2020-12-16 23:02:59 Apache Commons Daemon procrun stdout initialized.
Number of Books is 9
Number of Books is 9
