
2020-12-15 10:59:13 Apache Commons Daemon procrun stdout initialized.
Number of Books is 6
java.sql.SQLSyntaxErrorException: You have an error in your SQL syntax; check the manual that corresponds to your MySQL server version for the right syntax to use near 'ownerId='1'' at line 1

2020-12-15 11:00:20 Apache Commons Daemon procrun stdout initialized.
Number of Books is 1
java.sql.SQLSyntaxErrorException: You have an error in your SQL syntax; check the manual that corresponds to your MySQL server version for the right syntax to use near 'ownerId='2'' at line 1
Number of Books is 1
java.sql.SQLSyntaxErrorException: You have an error in your SQL syntax; check the manual that corresponds to your MySQL server version for the right syntax to use near 'ownerId='2'' at line 1
Number of Books is 1
java.sql.SQLSyntaxErrorException: You have an error in your SQL syntax; check the manual that corresponds to your MySQL server version for the right syntax to use near 'ownerId='2'' at line 1

2020-12-15 11:01:13 Apache Commons Daemon procrun stdout initialized.

2020-12-15 11:01:57 Apache Commons Daemon procrun stdout initialized.

2020-12-15 11:02:42 Apache Commons Daemon procrun stdout initialized.

2020-12-15 13:12:10 Apache Commons Daemon procrun stdout initialized.

2020-12-15 13:13:13 Apache Commons Daemon procrun stdout initialized.
Number of Books is 0
java.sql.SQLSyntaxErrorException: You have an error in your SQL syntax; check the manual that corresponds to your MySQL server version for the right syntax to use near 'ownerId='0'' at line 1

2020-12-15 13:19:20 Apache Commons Daemon procrun stdout initialized.
Number of Books is 0
java.sql.SQLSyntaxErrorException: You have an error in your SQL syntax; check the manual that corresponds to your MySQL server version for the right syntax to use near 'ownerId='0'' at line 1

2020-12-15 13:27:16 Apache Commons Daemon procrun stdout initialized.
Number of Books is 0
java.sql.SQLSyntaxErrorException: You have an error in your SQL syntax; check the manual that corresponds to your MySQL server version for the right syntax to use near 'ownerId='0'' at line 1

2020-12-15 13:33:51 Apache Commons Daemon procrun stdout initialized.
Number of Books is 0
java.sql.SQLSyntaxErrorException: You have an error in your SQL syntax; check the manual that corresponds to your MySQL server version for the right syntax to use near 'ownerId='0'' at line 1

2020-12-15 13:36:19 Apache Commons Daemon procrun stdout initialized.

2020-12-15 13:36:41 Apache Commons Daemon procrun stdout initialized.
Number of Books is 0
java.sql.SQLSyntaxErrorException: You have an error in your SQL syntax; check the manual that corresponds to your MySQL server version for the right syntax to use near 'ownerId='0'' at line 1

2020-12-15 13:41:45 Apache Commons Daemon procrun stdout initialized.
Number of Books is 0
java.sql.SQLSyntaxErrorException: You have an error in your SQL syntax; check the manual that corresponds to your MySQL server version for the right syntax to use near 'ownerId='0'' at line 1
Number of Books is 0
java.sql.SQLSyntaxErrorException: You have an error in your SQL syntax; check the manual that corresponds to your MySQL server version for the right syntax to use near 'ownerId='0'' at line 1

2020-12-15 13:52:43 Apache Commons Daemon procrun stdout initialized.
Number of Books is 0
java.sql.SQLSyntaxErrorException: You have an error in your SQL syntax; check the manual that corresponds to your MySQL server version for the right syntax to use near 'ownerId='0'' at line 1

2020-12-15 13:55:17 Apache Commons Daemon procrun stdout initialized.
Number of Books is 0
java.sql.SQLSyntaxErrorException: You have an error in your SQL syntax; check the manual that corresponds to your MySQL server version for the right syntax to use near 'ownerId='0'' at line 1

2020-12-15 14:02:48 Apache Commons Daemon procrun stdout initialized.
Number of Books is 0
java.sql.SQLSyntaxErrorException: You have an error in your SQL syntax; check the manual that corresponds to your MySQL server version for the right syntax to use near 'ownerId='0'' at line 1
Number of Books is 0
java.sql.SQLSyntaxErrorException: You have an error in your SQL syntax; check the manual that corresponds to your MySQL server version for the right syntax to use near 'ownerId='0'' at line 1
Number of Books is 0
java.sql.SQLSyntaxErrorException: You have an error in your SQL syntax; check the manual that corresponds to your MySQL server version for the right syntax to use near 'ownerId='0'' at line 1
Number of Books is 0
java.sql.SQLSyntaxErrorException: You have an error in your SQL syntax; check the manual that corresponds to your MySQL server version for the right syntax to use near 'ownerId='0'' at line 1

2020-12-15 14:03:49 Apache Commons Daemon procrun stdout initialized.
Number of Books is 0
java.sql.SQLSyntaxErrorException: You have an error in your SQL syntax; check the manual that corresponds to your MySQL server version for the right syntax to use near 'ownerId='0'' at line 1
Number of Books is 0
java.sql.SQLSyntaxErrorException: You have an error in your SQL syntax; check the manual that corresponds to your MySQL server version for the right syntax to use near 'ownerId='0'' at line 1
Number of Books is 0
java.sql.SQLSyntaxErrorException: You have an error in your SQL syntax; check the manual that corresponds to your MySQL server version for the right syntax to use near 'ownerId='0'' at line 1
Number of Books is 0
java.sql.SQLSyntaxErrorException: You have an error in your SQL syntax; check the manual that corresponds to your MySQL server version for the right syntax to use near 'ownerId='0'' at line 1
Number of Books is 0
java.sql.SQLSyntaxErrorException: You have an error in your SQL syntax; check the manual that corresponds to your MySQL server version for the right syntax to use near 'ownerId='0'' at line 1
Number of Books is 0
java.sql.SQLSyntaxErrorException: You have an error in your SQL syntax; check the manual that corresponds to your MySQL server version for the right syntax to use near 'ownerId='0'' at line 1

2020-12-15 14:05:13 Apache Commons Daemon procrun stdout initialized.
Number of Books is 0
java.sql.SQLSyntaxErrorException: You have an error in your SQL syntax; check the manual that corresponds to your MySQL server version for the right syntax to use near 'ownerId='0'' at line 1

2020-12-15 15:54:43 Apache Commons Daemon procrun stdout initialized.
Number of Books is 0
java.sql.SQLSyntaxErrorException: You have an error in your SQL syntax; check the manual that corresponds to your MySQL server version for the right syntax to use near 'ownerId='0'' at line 1

2020-12-15 15:58:30 Apache Commons Daemon procrun stdout initialized.
Number of Books is 0
java.sql.SQLSyntaxErrorException: You have an error in your SQL syntax; check the manual that corresponds to your MySQL server version for the right syntax to use near 'ownerId='0'' at line 1

2020-12-15 16:00:41 Apache Commons Daemon procrun stdout initialized.
Number of Books is 0
java.sql.SQLSyntaxErrorException: You have an error in your SQL syntax; check the manual that corresponds to your MySQL server version for the right syntax to use near 'ownerId='0'' at line 1
Number of Books is 0
java.sql.SQLSyntaxErrorException: You have an error in your SQL syntax; check the manual that corresponds to your MySQL server version for the right syntax to use near 'ownerId='0'' at line 1
Number of Books is 0
java.sql.SQLSyntaxErrorException: You have an error in your SQL syntax; check the manual that corresponds to your MySQL server version for the right syntax to use near 'ownerId='0'' at line 1

2020-12-15 16:25:25 Apache Commons Daemon procrun stdout initialized.
Number of Books is 0
java.sql.SQLSyntaxErrorException: You have an error in your SQL syntax; check the manual that corresponds to your MySQL server version for the right syntax to use near 'ownerId='0'' at line 1

2020-12-15 16:37:36 Apache Commons Daemon procrun stdout initialized.
Number of Books is 0
java.sql.SQLSyntaxErrorException: You have an error in your SQL syntax; check the manual that corresponds to your MySQL server version for the right syntax to use near 'ownerId='0'' at line 1

2020-12-15 16:39:18 Apache Commons Daemon procrun stdout initialized.

2020-12-15 16:39:34 Apache Commons Daemon procrun stdout initialized.
Number of Books is 0
java.sql.SQLSyntaxErrorException: You have an error in your SQL syntax; check the manual that corresponds to your MySQL server version for the right syntax to use near 'ownerId='0'' at line 1
Number of Books is 0
java.sql.SQLSyntaxErrorException: You have an error in your SQL syntax; check the manual that corresponds to your MySQL server version for the right syntax to use near 'ownerId='0'' at line 1

2020-12-15 16:42:43 Apache Commons Daemon procrun stdout initialized.
Number of Books is 0
java.sql.SQLSyntaxErrorException: You have an error in your SQL syntax; check the manual that corresponds to your MySQL server version for the right syntax to use near 'ownerId='0'' at line 1

2020-12-15 16:51:24 Apache Commons Daemon procrun stdout initialized.
Number of Books is 0
java.sql.SQLSyntaxErrorException: You have an error in your SQL syntax; check the manual that corresponds to your MySQL server version for the right syntax to use near 'ownerId='0'' at line 1

2020-12-15 16:54:44 Apache Commons Daemon procrun stdout initialized.
Number of Books is 0
java.sql.SQLSyntaxErrorException: You have an error in your SQL syntax; check the manual that corresponds to your MySQL server version for the right syntax to use near 'ownerId='0'' at line 1

2020-12-15 16:57:25 Apache Commons Daemon procrun stdout initialized.
Number of Books is 0
java.sql.SQLSyntaxErrorException: You have an error in your SQL syntax; check the manual that corresponds to your MySQL server version for the right syntax to use near 'ownerId='0'' at line 1

2020-12-15 17:10:01 Apache Commons Daemon procrun stdout initialized.
Number of Books is 0
java.sql.SQLSyntaxErrorException: You have an error in your SQL syntax; check the manual that corresponds to your MySQL server version for the right syntax to use near 'ownerId='0'' at line 1
Number of Books is 0
java.sql.SQLSyntaxErrorException: You have an error in your SQL syntax; check the manual that corresponds to your MySQL server version for the right syntax to use near 'ownerId='0'' at line 1
Number of Books is 0
java.sql.SQLSyntaxErrorException: You have an error in your SQL syntax; check the manual that corresponds to your MySQL server version for the right syntax to use near 'ownerId='0'' at line 1
Number of Books is 0
java.sql.SQLSyntaxErrorException: You have an error in your SQL syntax; check the manual that corresponds to your MySQL server version for the right syntax to use near 'ownerId='0'' at line 1
Number of Books is 0
java.sql.SQLSyntaxErrorException: You have an error in your SQL syntax; check the manual that corresponds to your MySQL server version for the right syntax to use near 'ownerId='0'' at line 1
Number of Books is 0
java.sql.SQLSyntaxErrorException: You have an error in your SQL syntax; check the manual that corresponds to your MySQL server version for the right syntax to use near 'ownerId='0'' at line 1

2020-12-15 17:35:53 Apache Commons Daemon procrun stdout initialized.

2020-12-15 17:41:18 Apache Commons Daemon procrun stdout initialized.

2020-12-15 17:45:10 Apache Commons Daemon procrun stdout initialized.
Number of Books is 0
java.sql.SQLSyntaxErrorException: You have an error in your SQL syntax; check the manual that corresponds to your MySQL server version for the right syntax to use near 'ownerId='0'' at line 1

2020-12-15 17:50:06 Apache Commons Daemon procrun stdout initialized.

2020-12-15 17:51:44 Apache Commons Daemon procrun stdout initialized.

2020-12-15 17:53:28 Apache Commons Daemon procrun stdout initialized.

2020-12-15 17:55:42 Apache Commons Daemon procrun stdout initialized.
Number of Books is 0
java.sql.SQLSyntaxErrorException: You have an error in your SQL syntax; check the manual that corresponds to your MySQL server version for the right syntax to use near 'ownerId='0'' at line 1
java
Number of Books is 0
java.sql.SQLSyntaxErrorException: You have an error in your SQL syntax; check the manual that corresponds to your MySQL server version for the right syntax to use near 'ownerId='0'' at line 1
Number of Books is 0
java.sql.SQLSyntaxErrorException: You have an error in your SQL syntax; check the manual that corresponds to your MySQL server version for the right syntax to use near 'ownerId='0'' at line 1

2020-12-15 18:00:35 Apache Commons Daemon procrun stdout initialized.

2020-12-15 18:03:36 Apache Commons Daemon procrun stdout initialized.

2020-12-15 18:06:08 Apache Commons Daemon procrun stdout initialized.

2020-12-15 18:07:32 Apache Commons Daemon procrun stdout initialized.
Number of Books is 0
java.sql.SQLSyntaxErrorException: You have an error in your SQL syntax; check the manual that corresponds to your MySQL server version for the right syntax to use near 'ownerId='0'' at line 1

2020-12-15 18:10:41 Apache Commons Daemon procrun stdout initialized.
Number of Books is 0
java.sql.SQLSyntaxErrorException: You have an error in your SQL syntax; check the manual that corresponds to your MySQL server version for the right syntax to use near 'ownerId='0'' at line 1
Number of Books is 0
java.sql.SQLSyntaxErrorException: You have an error in your SQL syntax; check the manual that corresponds to your MySQL server version for the right syntax to use near 'ownerId='0'' at line 1

2020-12-15 18:14:24 Apache Commons Daemon procrun stdout initialized.
Number of Books is 0
java.sql.SQLSyntaxErrorException: You have an error in your SQL syntax; check the manual that corresponds to your MySQL server version for the right syntax to use near 'ownerId='0'' at line 1

2020-12-15 18:21:28 Apache Commons Daemon procrun stdout initialized.

2020-12-15 18:23:23 Apache Commons Daemon procrun stdout initialized.

2020-12-15 18:24:36 Apache Commons Daemon procrun stdout initialized.
Number of Books is 0
java.sql.SQLSyntaxErrorException: You have an error in your SQL syntax; check the manual that corresponds to your MySQL server version for the right syntax to use near 'ownerId='0'' at line 1

2020-12-15 18:30:12 Apache Commons Daemon procrun stdout initialized.
Number of Books is 0
java.sql.SQLSyntaxErrorException: You have an error in your SQL syntax; check the manual that corresponds to your MySQL server version for the right syntax to use near 'ownerId='0'' at line 1
Number of Books is 0
java.sql.SQLSyntaxErrorException: You have an error in your SQL syntax; check the manual that corresponds to your MySQL server version for the right syntax to use near 'ownerId='0'' at line 1
Number of Books is 0
java.sql.SQLSyntaxErrorException: You have an error in your SQL syntax; check the manual that corresponds to your MySQL server version for the right syntax to use near 'ownerId='0'' at line 1

2020-12-15 18:31:01 Apache Commons Daemon procrun stdout initialized.
Number of Books is 0
java.sql.SQLSyntaxErrorException: You have an error in your SQL syntax; check the manual that corresponds to your MySQL server version for the right syntax to use near 'ownerId='0'' at line 1

2020-12-15 21:05:51 Apache Commons Daemon procrun stdout initialized.
Number of Books is 0
java.sql.SQLSyntaxErrorException: You have an error in your SQL syntax; check the manual that corresponds to your MySQL server version for the right syntax to use near 'ownerId='0'' at line 1
Number of Books is 0
java.sql.SQLSyntaxErrorException: You have an error in your SQL syntax; check the manual that corresponds to your MySQL server version for the right syntax to use near 'ownerId='0'' at line 1

2020-12-15 21:08:45 Apache Commons Daemon procrun stdout initialized.
Number of Books is 0
java.sql.SQLSyntaxErrorException: You have an error in your SQL syntax; check the manual that corresponds to your MySQL server version for the right syntax to use near 'ownerId='0'' at line 1

2020-12-15 21:10:07 Apache Commons Daemon procrun stdout initialized.
Number of Books is 0
java.sql.SQLSyntaxErrorException: You have an error in your SQL syntax; check the manual that corresponds to your MySQL server version for the right syntax to use near 'ownerId='0'' at line 1

2020-12-15 21:15:49 Apache Commons Daemon procrun stdout initialized.
Number of Books is 0
java.sql.SQLSyntaxErrorException: You have an error in your SQL syntax; check the manual that corresponds to your MySQL server version for the right syntax to use near 'ownerId='0'' at line 1

2020-12-15 21:17:48 Apache Commons Daemon procrun stdout initialized.

2020-12-15 21:19:12 Apache Commons Daemon procrun stdout initialized.

2020-12-15 21:20:12 Apache Commons Daemon procrun stdout initialized.

2020-12-15 21:21:13 Apache Commons Daemon procrun stdout initialized.
Number of Books is 0
java.sql.SQLSyntaxErrorException: You have an error in your SQL syntax; check the manual that corresponds to your MySQL server version for the right syntax to use near 'ownerId='0'' at line 1

2020-12-15 21:22:08 Apache Commons Daemon procrun stdout initialized.
Number of Books is 0
java.sql.SQLSyntaxErrorException: You have an error in your SQL syntax; check the manual that corresponds to your MySQL server version for the right syntax to use near 'ownerId='0'' at line 1
a

2020-12-15 21:25:05 Apache Commons Daemon procrun stdout initialized.

2020-12-15 21:28:57 Apache Commons Daemon procrun stdout initialized.

2020-12-15 21:29:23 Apache Commons Daemon procrun stdout initialized.

2020-12-15 21:30:31 Apache Commons Daemon procrun stdout initialized.

2020-12-15 21:30:51 Apache Commons Daemon procrun stdout initialized.

2020-12-15 21:31:40 Apache Commons Daemon procrun stdout initialized.
Number of Books is 0
java.sql.SQLSyntaxErrorException: You have an error in your SQL syntax; check the manual that corresponds to your MySQL server version for the right syntax to use near 'ownerId='0'' at line 1

2020-12-15 21:34:01 Apache Commons Daemon procrun stdout initialized.
Number of Books is 0
java.sql.SQLSyntaxErrorException: You have an error in your SQL syntax; check the manual that corresponds to your MySQL server version for the right syntax to use near 'ownerId='0'' at line 1

2020-12-15 21:36:00 Apache Commons Daemon procrun stdout initialized.
Number of Books is 0
java.sql.SQLSyntaxErrorException: You have an error in your SQL syntax; check the manual that corresponds to your MySQL server version for the right syntax to use near 'ownerId='0'' at line 1

2020-12-15 21:36:55 Apache Commons Daemon procrun stdout initialized.
Number of Books is 0
java.sql.SQLSyntaxErrorException: You have an error in your SQL syntax; check the manual that corresponds to your MySQL server version for the right syntax to use near 'ownerId='0'' at line 1

2020-12-15 21:49:42 Apache Commons Daemon procrun stdout initialized.
Number of Books is 0
java.sql.SQLSyntaxErrorException: You have an error in your SQL syntax; check the manual that corresponds to your MySQL server version for the right syntax to use near 'ownerId='0'' at line 1
Number of Books is 0
java.sql.SQLSyntaxErrorException: You have an error in your SQL syntax; check the manual that corresponds to your MySQL server version for the right syntax to use near 'ownerId='0'' at line 1

2020-12-15 21:51:37 Apache Commons Daemon procrun stdout initialized.
Number of Books is 0
java.sql.SQLSyntaxErrorException: You have an error in your SQL syntax; check the manual that corresponds to your MySQL server version for the right syntax to use near 'ownerId='0'' at line 1

2020-12-15 21:55:56 Apache Commons Daemon procrun stdout initialized.
Number of Books is 0
java.sql.SQLSyntaxErrorException: You have an error in your SQL syntax; check the manual that corresponds to your MySQL server version for the right syntax to use near 'ownerId='0'' at line 1

2020-12-15 22:02:19 Apache Commons Daemon procrun stdout initialized.
Number of Books is 0
java.sql.SQLSyntaxErrorException: You have an error in your SQL syntax; check the manual that corresponds to your MySQL server version for the right syntax to use near 'ownerId='0'' at line 1

2020-12-15 22:04:03 Apache Commons Daemon procrun stdout initialized.
Number of Books is 0
java.sql.SQLSyntaxErrorException: You have an error in your SQL syntax; check the manual that corresponds to your MySQL server version for the right syntax to use near 'ownerId='0'' at line 1

2020-12-15 22:07:45 Apache Commons Daemon procrun stdout initialized.

2020-12-15 22:08:42 Apache Commons Daemon procrun stdout initialized.
